2022-07-04 09:22:34,586 DEBUG    root            Running [gcloud] with arguments: [-h: "None"]
2022-07-04 09:22:34,587 DEBUG    root            Loaded Command Group: ['gcloud', 'datastream']
2022-07-04 09:22:34,592 DEBUG    root            No implementation for release track [GA] for element: [/opt/google-cloud-sdk/lib/surface/datapipelines]
2022-07-04 09:22:34,593 DEBUG    root            No implementation for release track [GA] for element: [/opt/google-cloud-sdk/lib/surface/bq]
2022-07-04 09:22:34,594 DEBUG    root            Loaded Command Group: ['gcloud', 'kms']
2022-07-04 09:22:34,597 DEBUG    root            Loaded Command Group: ['gcloud', 'deploy']
2022-07-04 09:22:34,601 DEBUG    root            Loaded Command Group: ['gcloud', 'healthcare']
2022-07-04 09:22:34,605 DEBUG    root            Loaded Command Group: ['gcloud', 'secrets']
2022-07-04 09:22:34,609 DEBUG    root            Loaded Command Group: ['gcloud', 'metastore']
2022-07-04 09:22:34,612 DEBUG    root            Loaded Command Group: ['gcloud', 'eventarc']
2022-07-04 09:22:34,616 DEBUG    root            Loaded Command Group: ['gcloud', 'transcoder']
2022-07-04 09:22:34,825 DEBUG    root            No implementation for release track [GA] for element: [/opt/google-cloud-sdk/lib/surface/interactive]
2022-07-04 09:22:34,862 DEBUG    root            Loaded Command Group: ['gcloud', 'ai_platform']
2022-07-04 09:22:34,866 DEBUG    root            Loaded Command Group: ['gcloud', 'ml']
2022-07-04 09:22:34,869 DEBUG    root            Loaded Command Group: ['gcloud', 'data_catalog']
2022-07-04 09:22:34,872 DEBUG    root            Loaded Command Group: ['gcloud', 'anthos']
2022-07-04 09:22:34,875 DEBUG    root            Loaded Command Group: ['gcloud', 'emulators']
2022-07-04 09:22:34,878 DEBUG    root            Loaded Command Group: ['gcloud', 'access_approval']
2022-07-04 09:22:34,880 DEBUG    root            Loaded Command Group: ['gcloud', 'ai']
2022-07-04 09:22:34,885 DEBUG    root            Loaded Command Group: ['gcloud', 'spanner']
2022-07-04 09:22:34,888 DEBUG    root            Loaded Command Group: ['gcloud', 'artifacts']
2022-07-04 09:22:34,893 DEBUG    root            Loaded Command Group: ['gcloud', 'network_management']
2022-07-04 09:22:34,894 DEBUG    root            No implementation for release track [GA] for element: [/opt/google-cloud-sdk/lib/surface/dialogflow]
2022-07-04 09:22:34,895 DEBUG    root            Loaded Command Group: ['gcloud', 'memcache']
2022-07-04 09:22:34,897 DEBUG    root            No implementation for release track [GA] for element: [/opt/google-cloud-sdk/lib/surface/alloydb]
2022-07-04 09:22:34,903 DEBUG    root            Loaded Command Group: ['gcloud', 'help']
2022-07-04 09:22:34,905 DEBUG    root            No implementation for release track [GA] for element: [/opt/google-cloud-sdk/lib/surface/kuberun]
2022-07-04 09:22:34,906 DEBUG    root            No implementation for release track [GA] for element: [/opt/google-cloud-sdk/lib/surface/lifesciences]
2022-07-04 09:22:34,908 DEBUG    root            No implementation for release track [GA] for element: [/opt/google-cloud-sdk/lib/surface/runtime_config]
2022-07-04 09:22:34,909 DEBUG    root            Loaded Command Group: ['gcloud', 'version']
2022-07-04 09:22:34,911 DEBUG    root            Loaded Command Group: ['gcloud', 'sql']
2022-07-04 09:22:34,915 DEBUG    root            Loaded Command Group: ['gcloud', 'topic']
2022-07-04 09:22:34,918 DEBUG    root            Loaded Command Group: ['gcloud', 'recaptcha']
2022-07-04 09:22:34,920 DEBUG    root            Loaded Command Group: ['gcloud', 'firebase']
2022-07-04 09:22:34,924 DEBUG    root            Loaded Command Group: ['gcloud', 'builds']
2022-07-04 09:22:34,927 DEBUG    root            No implementation for release track [GA] for element: [/opt/google-cloud-sdk/lib/surface/genomics]
2022-07-04 09:22:34,928 DEBUG    root            No implementation for release track [GA] for element: [/opt/google-cloud-sdk/lib/surface/workstations]
2022-07-04 09:22:34,929 DEBUG    root            Loaded Command Group: ['gcloud', 'network_security']
2022-07-04 09:22:34,931 DEBUG    root            No implementation for release track [GA] for element: [/opt/google-cloud-sdk/lib/surface/immersive_stream]
2022-07-04 09:22:34,932 DEBUG    root            Loaded Command Group: ['gcloud', 'organizations']
2022-07-04 09:22:34,933 DEBUG    root            No implementation for release track [GA] for element: [/opt/google-cloud-sdk/lib/surface/batch]
2022-07-04 09:22:34,933 DEBUG    root            Loaded Command Group: ['gcloud', 'essential_contacts']
2022-07-04 09:22:34,935 DEBUG    root            No implementation for release track [GA] for element: [/opt/google-cloud-sdk/lib/surface/media]
2022-07-04 09:22:34,935 DEBUG    root            Loaded Command Group: ['gcloud', 'dataflow']
2022-07-04 09:22:34,938 DEBUG    root            No implementation for release track [GA] for element: [/opt/google-cloud-sdk/lib/surface/vmware]
2022-07-04 09:22:34,939 DEBUG    root            Loaded Command Group: ['gcloud', 'policy_troubleshoot']
2022-07-04 09:22:34,940 DEBUG    root            Loaded Command Group: ['gcloud', 'scc']
2022-07-04 09:22:34,944 DEBUG    root            No implementation for release track [GA] for element: [/opt/google-cloud-sdk/lib/surface/web_security_scanner]
2022-07-04 09:22:34,944 DEBUG    root            Loaded Command Group: ['gcloud', 'ml_engine']
2022-07-04 09:22:34,945 DEBUG    root            Loaded Command Group: ['gcloud', 'components']
2022-07-04 09:22:34,954 DEBUG    root            Loaded Command Group: ['gcloud', 'feedback']
2022-07-04 09:22:34,960 DEBUG    root            No implementation for release track [GA] for element: [/opt/google-cloud-sdk/lib/surface/code]
2022-07-04 09:22:35,030 DEBUG    root            Loaded Command Group: ['gcloud', 'compute']
2022-07-04 09:22:35,033 DEBUG    root            Loaded Command Group: ['gcloud', 'workflows']
2022-07-04 09:22:35,069 DEBUG    root            Loaded Command Group: ['gcloud', 'init']
2022-07-04 09:22:35,070 DEBUG    root            No implementation for release track [GA] for element: [/opt/google-cloud-sdk/lib/surface/error_reporting]
2022-07-04 09:22:35,072 DEBUG    root            Loaded Command Group: ['gcloud', 'info']
2022-07-04 09:22:35,074 DEBUG    root            Loaded Command Group: ['gcloud', 'privateca']
2022-07-04 09:22:35,078 DEBUG    root            Loaded Command Group: ['gcloud', 'app']
2022-07-04 09:22:35,084 DEBUG    root            No implementation for release track [GA] for element: [/opt/google-cloud-sdk/lib/surface/certificate_manager]
2022-07-04 09:22:35,091 DEBUG    root            Loaded Command Group: ['gcloud', 'survey']
2022-07-04 09:22:35,092 DEBUG    root            No implementation for release track [GA] for element: [/opt/google-cloud-sdk/lib/surface/data_fusion]
2022-07-04 09:22:35,093 DEBUG    root            Loaded Command Group: ['gcloud', 'dataplex']
2022-07-04 09:22:35,096 DEBUG    root            No implementation for release track [GA] for element: [/opt/google-cloud-sdk/lib/surface/storage]
2022-07-04 09:22:35,097 DEBUG    root            Loaded Command Group: ['gcloud', 'workspace_add_ons']
2022-07-04 09:22:35,099 DEBUG    root            Loaded Command Group: ['gcloud', 'database_migration']
2022-07-04 09:22:35,101 DEBUG    root            Loaded Command Group: ['gcloud', 'auth']
2022-07-04 09:22:35,103 DEBUG    root            No implementation for release track [GA] for element: [/opt/google-cloud-sdk/lib/surface/resource_config]
2022-07-04 09:22:35,103 DEBUG    root            Loaded Command Group: ['gcloud', 'org_policies']
2022-07-04 09:22:35,105 DEBUG    root            Loaded Command Group: ['gcloud', 'cloud_shell']
2022-07-04 09:22:35,107 DEBUG    root            Loaded Command Group: ['gcloud', 'identity']
2022-07-04 09:22:35,109 DEBUG    root            Loaded Command Group: ['gcloud', 'dns']
2022-07-04 09:22:35,113 DEBUG    root            Loaded Command Group: ['gcloud', 'asset']
2022-07-04 09:22:35,115 DEBUG    root            Loaded Command Group: ['gcloud', 'config']
2022-07-04 09:22:35,117 DEBUG    root            Loaded Command Group: ['gcloud', 'edge_cloud']
2022-07-04 09:22:35,119 DEBUG    root            Loaded Command Group: ['gcloud', 'composer']
2022-07-04 09:22:35,121 DEBUG    root            No implementation for release track [GA] for element: [/opt/google-cloud-sdk/lib/surface/remote_build_execution]
2022-07-04 09:22:35,122 DEBUG    root            Loaded Command Group: ['gcloud', 'iap']
2022-07-04 09:22:35,126 DEBUG    root            Loaded Command Group: ['gcloud', 'run']
2022-07-04 09:22:35,130 DEBUG    root            Loaded Command Group: ['gcloud', 'meta']
2022-07-04 09:22:35,134 DEBUG    root            Loaded Command Group: ['gcloud', 'notebooks']
2022-07-04 09:22:35,136 DEBUG    root            No implementation for release track [GA] for element: [/opt/google-cloud-sdk/lib/surface/publicca]
2022-07-04 09:22:35,137 DEBUG    root            Loaded Command Group: ['gcloud', 'resource_settings']
2022-07-04 09:22:35,138 DEBUG    root            Loaded Command Group: ['gcloud', 'game']
2022-07-04 09:22:35,141 DEBUG    root            No implementation for release track [GA] for element: [/opt/google-cloud-sdk/lib/surface/terraform]
2022-07-04 09:22:35,142 DEBUG    root            Loaded Command Group: ['gcloud', 'edge_cache']
2022-07-04 09:22:35,145 DEBUG    root            Loaded Command Group: ['gcloud', 'domains']
2022-07-04 09:22:35,146 DEBUG    root            Loaded Command Group: ['gcloud', 'redis']
2022-07-04 09:22:35,150 DEBUG    root            Loaded Command Group: ['gcloud', 'projects']
2022-07-04 09:22:35,151 DEBUG    root            Loaded Command Group: ['gcloud', 'assured']
2022-07-04 09:22:35,153 DEBUG    root            Loaded Command Group: ['gcloud', 'scheduler']
2022-07-04 09:22:35,155 DEBUG    root            Loaded Command Group: ['gcloud', 'dataproc']
2022-07-04 09:22:35,160 DEBUG    root            Loaded Command Group: ['gcloud', 'source']
2022-07-04 09:22:35,162 DEBUG    root            Loaded Command Group: ['gcloud', 'service_directory']
2022-07-04 09:22:35,164 DEBUG    root            Loaded Command Group: ['gcloud', 'endpoints']
2022-07-04 09:22:35,225 DEBUG    root            No implementation for release track [GA] for element: [/opt/google-cloud-sdk/lib/surface/events]
2022-07-04 09:22:35,226 DEBUG    root            Loaded Command Group: ['gcloud', 'access_context_manager']
2022-07-04 09:22:35,231 DEBUG    root            Loaded Command Group: ['gcloud', 'debug']
2022-07-04 09:22:35,234 DEBUG    root            Loaded Command Group: ['gcloud', 'iot']
2022-07-04 09:22:35,236 DEBUG    root            Loaded Command Group: ['gcloud', 'cheat_sheet']
2022-07-04 09:22:35,238 DEBUG    root            Loaded Command Group: ['gcloud', 'deployment_manager']
2022-07-04 09:22:35,242 DEBUG    root            Loaded Command Group: ['gcloud', 'firestore']
2022-07-04 09:22:35,245 DEBUG    root            Loaded Command Group: ['gcloud', 'api_gateway']
2022-07-04 09:22:35,248 DEBUG    root            Loaded Command Group: ['gcloud', 'network_services']
2022-07-04 09:22:35,257 DEBUG    root            Loaded Command Group: ['gcloud', 'docker']
2022-07-04 09:22:35,259 DEBUG    root            Loaded Command Group: ['gcloud', 'resource_manager']
2022-07-04 09:22:35,262 DEBUG    root            Loaded Command Group: ['gcloud', 'network_connectivity']
2022-07-04 09:22:35,266 DEBUG    root            Loaded Command Group: ['gcloud', 'apigee']
2022-07-04 09:22:35,270 DEBUG    root            Loaded Command Group: ['gcloud', 'datastore']
2022-07-04 09:22:35,273 DEBUG    root            Loaded Command Group: ['gcloud', 'transfer']
2022-07-04 09:22:35,276 DEBUG    root            No implementation for release track [GA] for element: [/opt/google-cloud-sdk/lib/surface/commerce_procurement]
2022-07-04 09:22:35,277 DEBUG    root            No implementation for release track [GA] for element: [/opt/google-cloud-sdk/lib/surface/trace]
2022-07-04 09:22:35,278 DEBUG    root            No implementation for release track [GA] for element: [/opt/google-cloud-sdk/lib/surface/dlp]
2022-07-04 09:22:35,279 DEBUG    root            No implementation for release track [GA] for element: [/opt/google-cloud-sdk/lib/surface/beyondcorp]
2022-07-04 09:22:35,280 DEBUG    root            Loaded Command Group: ['gcloud', 'monitoring']
2022-07-04 09:22:35,283 DEBUG    root            Loaded Command Group: ['gcloud', 'iam']
2022-07-04 09:22:35,287 DEBUG    root            Loaded Command Group: ['gcloud', 'active_directory']
2022-07-04 09:22:35,290 DEBUG    root            Loaded Command Group: ['gcloud', 'logging']
2022-07-04 09:22:35,295 DEBUG    root            No implementation for release track [GA] for element: [/opt/google-cloud-sdk/lib/surface/blueprints]
2022-07-04 09:22:35,296 DEBUG    root            Loaded Command Group: ['gcloud', 'filestore']
2022-07-04 09:22:35,300 DEBUG    root            Loaded Command Group: ['gcloud', 'policy_intelligence']
2022-07-04 09:22:35,302 DEBUG    root            Loaded Command Group: ['gcloud', 'billing']
2022-07-04 09:22:35,304 DEBUG    root            Loaded Command Group: ['gcloud', 'ids']
2022-07-04 09:22:35,309 DEBUG    root            Loaded Command Group: ['gcloud', 'functions']
2022-07-04 09:22:35,312 DEBUG    root            Loaded Command Group: ['gcloud', 'bms']
2022-07-04 09:22:35,316 DEBUG    root            Loaded Command Group: ['gcloud', 'tasks']
2022-07-04 09:22:35,318 DEBUG    root            Loaded Command Group: ['gcloud', 'pubsub']
2022-07-04 09:22:35,322 DEBUG    root            Loaded Command Group: ['gcloud', 'recommender']
2022-07-04 09:22:35,326 DEBUG    root            Loaded Command Group: ['gcloud', 'bigtable']
2022-07-04 09:22:35,329 DEBUG    root            Loaded Command Group: ['gcloud', 'services']
2022-07-04 09:22:35,333 INFO     ___FILE_ONLY___ Usage: gcloud [optional flags] <group | command>
  group may be           access-approval | access-context-manager |
                         active-directory | ai | ai-platform | alpha | anthos |
                         api-gateway | apigee | app | artifacts | asset |
                         assured | auth | beta | bigtable | billing | bms |
                         builds | cloud-shell | components | composer |
                         compute | config | container | data-catalog |
                         database-migration | dataflow | dataplex | dataproc |
                         datastore | datastream | debug | deploy |
                         deployment-manager | dns | domains | edge-cloud |
                         emulators | endpoints | essential-contacts | eventarc |
                         filestore | firebase | firestore | functions | game |
                         healthcare | iam | iap | identity | ids | iot | kms |
                         logging | memcache | metastore | ml | ml-engine |
                         monitoring | network-connectivity |
                         network-management | network-security |
                         network-services | notebooks | org-policies |
                         organizations | policy-intelligence |
                         policy-troubleshoot | privateca | projects | pubsub |
                         recaptcha | recommender | redis | resource-manager |
                         resource-settings | run | scc | scheduler | secrets |
                         service-directory | services | source | spanner | sql |
                         tasks | topic | transcoder | transfer | workflows |
                         workspace-add-ons
  command may be         cheat-sheet | docker | feedback | help | info | init |
                         survey | version

For detailed information on this command and its flags, run:
  gcloud --help

