2022-07-04 10:37:54,480 DEBUG    root            Loaded Command Group: ['gcloud', 'config']
2022-07-04 10:37:54,482 DEBUG    root            Loaded Command Group: ['gcloud', 'config', 'config_helper']
2022-07-04 10:37:54,484 DEBUG    root            Running [gcloud.config.config-helper] with arguments: [--format: "json"]
2022-07-04 10:37:54,491 INFO     root            Display format: "default json"
2022-07-04 10:37:54,491 INFO     ___FILE_ONLY___ {
  "configuration": {
    "active_configuration": "default",
    "properties": {
      "core": {
        "account": "fredrik.larsson@tradera.com",
        "disable_usage_reporting": "True"
      }
    }
  },
  "credential": {
    "access_token": "ya29.a0ARrdaM_SLZIuS05j24qktYfqbUdojmsZ3-fa4aATrsrTokXE7ua8rZhL_0pjAgtn3c3tS-4sNp2wJDdjXRorX1ZGIOk3UiFoL_mlMefedRzzZx2Zo30Moa4XZZjx99Rb0cJ2IvdKBA-hPQ0ndki51KK972DdXaeTbohH3w",
    "id_token": "eyJhbGciOiJSUzI1NiIsImtpZCI6IjI2NTBhMmNlNDdiMWFiM2JhNDA5OTc5N2Y4YzA2ZWJjM2RlOTI4YWMiLCJ0eXAiOiJKV1QifQ.eyJpc3MiOiJodHRwczovL2FjY291bnRzLmdvb2dsZS5jb20iLCJhenAiOiIzMjU1NTk0MDU1OS5hcHBzLmdvb2dsZXVzZXJjb250ZW50LmNvbSIsImF1ZCI6IjMyNTU1OTQwNTU5LmFwcHMuZ29vZ2xldXNlcmNvbnRlbnQuY29tIiwic3ViIjoiMTA5NjgxNjk0MjU0NDkyNTA0ODk1IiwiaGQiOiJ0cmFkZXJhLmNvbSIsImVtYWlsIjoiZnJlZHJpay5sYXJzc29uQHRyYWRlcmEuY29tIiwiZW1haWxfdmVyaWZpZWQiOnRydWUsImF0X2hhc2giOiJMc2FxZDBycEY1Q1FtdE1zMUdORjdRIiwiaWF0IjoxNjU2OTIzODcyLCJleHAiOjE2NTY5Mjc0NzJ9.vrkbmDIdVvx-Am77OjH-nDFR4UbPe1G8EDbwDypQ2BXlN-BBMRW9WevpYaZFdP6l8zBWifJJdv-cV9eU846r-lO9GBtsgimMkwB_76iD0d6fXmEAKNry1qQiR0OIiJefwtFPf4cIp48BYcCihP27e3DacrZNqIP8Dhr2Nyi5XtG6FFDFmpxUfhxylJHOkhZRiU9fdhW7OYb4URo0ZPv75cT5Io5XN1GPepQ41xrsYM55KwLm_2qF9iadPvTxtTZ1ByCvnaJty19zQuM5zb76RCvzwUijukMGrxUlWoc6SNDzvMqtmsXvEz0grOcxD0tXNNEA4mchpDcrl5MKzobxZQ",
    "token_expiry": "2022-07-04T09:37:51Z"
  },
  "sentinels": {
    "config_sentinel": "/home/dev/.config/gcloud/config_sentinel"
  }
}
2022-07-04 10:37:54,491 INFO     ___FILE_ONLY___ 

2022-07-04 10:37:54,491 DEBUG    root            SDK update checks are disabled.
