2022-07-04 15:55:41,226 DEBUG    root            Loaded Command Group: ['gcloud', 'config']
2022-07-04 15:55:41,228 DEBUG    root            Loaded Command Group: ['gcloud', 'config', 'config_helper']
2022-07-04 15:55:41,230 DEBUG    root            Running [gcloud.config.config-helper] with arguments: [--format: "json"]
2022-07-04 15:55:55,893 DEBUG    google.auth.transport.requests Making request: POST https://oauth2.googleapis.com/token
2022-07-04 15:55:55,895 DEBUG    urllib3.connectionpool Starting new HTTPS connection (1): oauth2.googleapis.com:443
2022-07-04 15:55:58,685 DEBUG    urllib3.connectionpool https://oauth2.googleapis.com:443 "POST /token HTTP/1.1" 200 None
2022-07-04 15:55:58,705 INFO     root            Display format: "default json"
2022-07-04 15:55:58,706 INFO     ___FILE_ONLY___ {
  "configuration": {
    "active_configuration": "default",
    "properties": {
      "core": {
        "account": "fredrik.larsson@tradera.com",
        "disable_usage_reporting": "True"
      }
    }
  },
  "credential": {
    "access_token": "ya29.a0ARrdaM-lDepcPL_U5ItIsoVGNRJx2pPSf-gKz-35dQSRw92ljiA0k36fywuAefnhgB7R4hMxKKEqVQ1FUmYLeqcE7h8hdYECyCKYcwOseZivSLCGecI7oyP17Y4_byl4yQeE9zc8KcFfbTp6wthlFvIhbRSxo5MSuWVwSw",
    "id_token": "eyJhbGciOiJSUzI1NiIsImtpZCI6IjI2NTBhMmNlNDdiMWFiM2JhNDA5OTc5N2Y4YzA2ZWJjM2RlOTI4YWMiLCJ0eXAiOiJKV1QifQ.eyJpc3MiOiJodHRwczovL2FjY291bnRzLmdvb2dsZS5jb20iLCJhenAiOiIzMjU1NTk0MDU1OS5hcHBzLmdvb2dsZXVzZXJjb250ZW50LmNvbSIsImF1ZCI6IjMyNTU1OTQwNTU5LmFwcHMuZ29vZ2xldXNlcmNvbnRlbnQuY29tIiwic3ViIjoiMTA5NjgxNjk0MjU0NDkyNTA0ODk1IiwiaGQiOiJ0cmFkZXJhLmNvbSIsImVtYWlsIjoiZnJlZHJpay5sYXJzc29uQHRyYWRlcmEuY29tIiwiZW1haWxfdmVyaWZpZWQiOnRydWUsImF0X2hhc2giOiI2NmQ0UC1CdmJTWmxiLUNFeGZXaTFBIiwiaWF0IjoxNjU2OTQyOTU4LCJleHAiOjE2NTY5NDY1NTh9.P6rMDJBCmlKcouOEwuZS_WB76yKw9dcgepql69-BHOXZiDqbdUja8GIHQzsoiJ0zE6g63bzBwFXPPE2kMZl-Ud5CsA8fR98KIEbY9YHxFbTdONLd9_p_8ecw6au3ZqZt429Nh-er_ioWYhoMwO6UUN2mWOq2crQQ7iwSWDskL7-_eT1lvtRSx0wGFiwIH1MITxAEmMmFiv4OwcD7VbuQ9e978bVlnljR2tQw1GCeivkOG4g2k7TjZl4sq_Igi57srYKrJP7Ooe6vMrt433nGpTAbtIOhxhfD8DOMyve6ZztXxXoDP8zQP-4VZimrzMBln1d2pNOWsP6BUH2dTTPeuA",
    "token_expiry": "2022-07-04T14:55:57Z"
  },
  "sentinels": {
    "config_sentinel": "/home/dev/.config/gcloud/config_sentinel"
  }
}
2022-07-04 15:55:58,706 INFO     ___FILE_ONLY___ 

2022-07-04 15:55:58,706 DEBUG    root            SDK update checks are disabled.
