2022-07-04 17:05:19,688 DEBUG    root            Loaded Command Group: ['gcloud', 'config']
2022-07-04 17:05:19,690 DEBUG    root            Loaded Command Group: ['gcloud', 'config', 'config_helper']
2022-07-04 17:05:19,692 DEBUG    root            Running [gcloud.config.config-helper] with arguments: [--format: "json"]
2022-07-04 17:05:31,933 DEBUG    google.auth.transport.requests Making request: POST https://oauth2.googleapis.com/token
2022-07-04 17:05:31,934 DEBUG    urllib3.connectionpool Starting new HTTPS connection (1): oauth2.googleapis.com:443
2022-07-04 17:05:32,158 DEBUG    urllib3.connectionpool https://oauth2.googleapis.com:443 "POST /token HTTP/1.1" 200 None
2022-07-04 17:05:32,189 INFO     root            Display format: "default json"
2022-07-04 17:05:32,190 INFO     ___FILE_ONLY___ {
  "configuration": {
    "active_configuration": "default",
    "properties": {
      "core": {
        "account": "fredrik.larsson@tradera.com",
        "disable_usage_reporting": "True"
      }
    }
  },
  "credential": {
    "access_token": "ya29.a0ARrdaM_JrIH73tT50w0jvGsiIspmjH3Jt_J5Hy1jlugHflIwUDN0x81TTntzQg252bezA8tgnSP4a9nB1ppPfkV4OzxmpSvcT55mcUFAOuIg3TMY47ntTQEdJcCu6OUZjw2NSpYBRSqswZKMbjrKZj3cSQAC9VyNc0GkdQ",
    "id_token": "eyJhbGciOiJSUzI1NiIsImtpZCI6IjI2NTBhMmNlNDdiMWFiM2JhNDA5OTc5N2Y4YzA2ZWJjM2RlOTI4YWMiLCJ0eXAiOiJKV1QifQ.eyJpc3MiOiJodHRwczovL2FjY291bnRzLmdvb2dsZS5jb20iLCJhenAiOiIzMjU1NTk0MDU1OS5hcHBzLmdvb2dsZXVzZXJjb250ZW50LmNvbSIsImF1ZCI6IjMyNTU1OTQwNTU5LmFwcHMuZ29vZ2xldXNlcmNvbnRlbnQuY29tIiwic3ViIjoiMTA5NjgxNjk0MjU0NDkyNTA0ODk1IiwiaGQiOiJ0cmFkZXJhLmNvbSIsImVtYWlsIjoiZnJlZHJpay5sYXJzc29uQHRyYWRlcmEuY29tIiwiZW1haWxfdmVyaWZpZWQiOnRydWUsImF0X2hhc2giOiJFZW1aMmxsbklpZWpQb1pzWTRiLV9BIiwiaWF0IjoxNjU2OTQ3MTMyLCJleHAiOjE2NTY5NTA3MzJ9.i7BafwSfDwjUyNlLA9mWBCO9Fe_lOMJquGj_Cb8BoenMlPWFSUkElgxjUjZfklCGCLj4Kthd9Ixnx3FxA1WaPx092meAad_fM8XpGjDFOk6UFzG0cFyxenQkEf7q9H8LYCPqoK0jsoK5TvWLpG-KSwbqiV0NFm4RE1cz4dC0lkw-Ks3t4v7M6zxaSTWtGV35Z1ltff6-72AK9U9B5IuUNAw9L6qz3SrYZxDuw5zRmzZnwMaF0tRpnomSU8hf0z0YnFvyReT4ug0os6kynYRDo6DGtyTVKnZWddaboQ9khnFp_9Pixo9zay6R72uc8ry8G3I7jDt9RPMoB5X1MALRRg",
    "token_expiry": "2022-07-04T16:05:31Z"
  },
  "sentinels": {
    "config_sentinel": "/home/dev/.config/gcloud/config_sentinel"
  }
}
2022-07-04 17:05:32,191 INFO     ___FILE_ONLY___ 

2022-07-04 17:05:32,191 DEBUG    root            SDK update checks are disabled.
