2022-07-07 12:26:50,498 DEBUG    root            Loaded Command Group: ['gcloud', 'auth']
2022-07-07 12:26:50,626 DEBUG    root            Loaded Command Group: ['gcloud', 'auth', 'login']
2022-07-07 12:26:50,628 DEBUG    root            Running [gcloud.auth.login] with arguments: []
2022-07-07 12:26:51,821 DEBUG    requests_oauthlib.oauth2_session Generated new state IwXZmMQTdQWGJFYB06S40BugUc01Zy.
2022-07-07 12:26:51,821 INFO     ___FILE_ONLY___ You are authorizing gcloud CLI without access to a web browser. Please run the following command on a machine with a web browser and copy its output back here. Make sure the installed gcloud version is 372.0.0 or newer.

gcloud auth login --remote-bootstrap="https://accounts.google.com/o/oauth2/auth?response_type=code&client_id=32555940559.apps.googleusercontent.com&scope=openid+https%3A%2F%2Fwww.googleapis.com%2Fauth%2Fuserinfo.email+https%3A%2F%2Fwww.googleapis.com%2Fauth%2Fcloud-platform+https%3A%2F%2Fwww.googleapis.com%2Fauth%2Fappengine.admin+https%3A%2F%2Fwww.googleapis.com%2Fauth%2Fsqlservice.login+https%3A%2F%2Fwww.googleapis.com%2Fauth%2Fcompute+https%3A%2F%2Fwww.googleapis.com%2Fauth%2Faccounts.reauth&state=IwXZmMQTdQWGJFYB06S40BugUc01Zy&access_type=offline&code_challenge=4hmx-JCA1g26j-_6jYaQnNX9VTUKaQBbuG1PSAaUIx4&code_challenge_method=S256&token_usage=remote"

2022-07-07 12:26:51,822 INFO     ___FILE_ONLY___ 


2022-07-07 12:27:50,022 DEBUG    requests_oauthlib.oauth2_session Requesting url https://oauth2.googleapis.com/token using method POST.
2022-07-07 12:27:50,022 DEBUG    requests_oauthlib.oauth2_session Supplying headers {b'Accept': b'application/json', b'Content-Type': b'application/x-www-form-urlencoded;charset=UTF-8', b'user-agent': b'google-cloud-sdk gcloud/392.0.0 command/gcloud.auth.login invocation-id/a6c92b64d6e94912b8536d0c01705fbb environment/None environment-version/None interactive/True from-script/False python/3.10.5 term/xterm-256color (Linux 5.10.102.1-microsoft-standard-WSL2)'} and data {'grant_type': 'authorization_code', 'client_id': '32555940559.apps.googleusercontent.com', 'client_secret': 'ZmssLNjJy2998hD4CTg2ejr2', 'code': '4/0AdQt8qhusaY5HVHzQrwB1eJi0rgvRoFT-QEyrxRv3tEQBiMsP1X-_6ITmFhCsRddGVMU2w', 'redirect_uri': 'http://localhost:8085/', 'code_verifier': 'CvLi8_~jGap3Fg-thYB3yfoc8YbF4-Yz~lkuQcAQumZAbz40pE0E9ErRa4jiPu.9Szg5lq3w4Torvfr5y-cv5MmTx~ndlgMamCwQ~mSsooAPqWXcmVU.i6jxKKR0jfZ2'}
2022-07-07 12:27:50,022 DEBUG    requests_oauthlib.oauth2_session Passing through key word arguments {'json': None, 'timeout': None, 'auth': None, 'verify': None, 'proxies': None}.
2022-07-07 12:27:50,023 DEBUG    urllib3.connectionpool Starting new HTTPS connection (1): oauth2.googleapis.com:443
2022-07-07 12:27:50,215 DEBUG    urllib3.connectionpool https://oauth2.googleapis.com:443 "POST /token HTTP/1.1" 200 None
2022-07-07 12:27:50,217 DEBUG    requests_oauthlib.oauth2_session Prepared fetch token request body grant_type=authorization_code&client_id=32555940559.apps.googleusercontent.com&client_secret=ZmssLNjJy2998hD4CTg2ejr2&code=4%2F0AdQt8qhusaY5HVHzQrwB1eJi0rgvRoFT-QEyrxRv3tEQBiMsP1X-_6ITmFhCsRddGVMU2w&redirect_uri=http%3A%2F%2Flocalhost%3A8085%2F&code_verifier=CvLi8_~jGap3Fg-thYB3yfoc8YbF4-Yz~lkuQcAQumZAbz40pE0E9ErRa4jiPu.9Szg5lq3w4Torvfr5y-cv5MmTx~ndlgMamCwQ~mSsooAPqWXcmVU.i6jxKKR0jfZ2
2022-07-07 12:27:50,217 DEBUG    requests_oauthlib.oauth2_session Request to fetch token completed with status 200.
2022-07-07 12:27:50,218 DEBUG    requests_oauthlib.oauth2_session Request headers were {'user-agent': b'google-cloud-sdk gcloud/392.0.0 command/gcloud.auth.login invocation-id/a6c92b64d6e94912b8536d0c01705fbb environment/None environment-version/None interactive/True from-script/False python/3.10.5 term/xterm-256color (Linux 5.10.102.1-microsoft-standard-WSL2)', 'Accept-Encoding': 'gzip, deflate', 'Accept': b'application/json', 'Connection': 'keep-alive', 'Content-Type': b'application/x-www-form-urlencoded;charset=UTF-8', 'Content-Length': '387'}
2022-07-07 12:27:50,218 DEBUG    requests_oauthlib.oauth2_session Request body was grant_type=authorization_code&client_id=32555940559.apps.googleusercontent.com&client_secret=ZmssLNjJy2998hD4CTg2ejr2&code=4%2F0AdQt8qhusaY5HVHzQrwB1eJi0rgvRoFT-QEyrxRv3tEQBiMsP1X-_6ITmFhCsRddGVMU2w&redirect_uri=http%3A%2F%2Flocalhost%3A8085%2F&code_verifier=CvLi8_~jGap3Fg-thYB3yfoc8YbF4-Yz~lkuQcAQumZAbz40pE0E9ErRa4jiPu.9Szg5lq3w4Torvfr5y-cv5MmTx~ndlgMamCwQ~mSsooAPqWXcmVU.i6jxKKR0jfZ2
2022-07-07 12:27:50,218 DEBUG    requests_oauthlib.oauth2_session Response headers were {'Pragma': 'no-cache', 'Date': 'Thu, 07 Jul 2022 10:27:50 GMT', 'Cache-Control': 'no-cache, no-store, max-age=0, must-revalidate', 'Expires': 'Mon, 01 Jan 1990 00:00:00 GMT', 'Content-Type': 'application/json; charset=utf-8', 'Vary': 'Origin, X-Origin, Referer', 'Content-Encoding': 'gzip', 'Server': 'scaffolding on HTTPServer2', 'X-XSS-Protection': '0', 'X-Frame-Options': 'SAMEORIGIN', 'X-Content-Type-Options': 'nosniff', 'Alt-Svc': 'h3=":443"; ma=2592000,h3-29=":443"; ma=2592000,h3-Q050=":443"; ma=2592000,h3-Q046=":443"; ma=2592000,h3-Q043=":443"; ma=2592000,quic=":443"; ma=2592000; v="46,43"', 'Transfer-Encoding': 'chunked'} and content {
  "access_token": "ya29.a0AVA9y1vh6AUmRE6fXO4SPs610U3aHfJkBxrhifhwTiLeSSC0TOEtBk2h6L1WJQBjF1sGmDufd4yQOtYTy2-rJviNAWulBrg9HPDjm4rQ7KAlBkQRe4C6DVDgKxaL0EOAwushwF8IL9STmdTKCg4igKBleE_Un5jDhWkJ",
  "expires_in": 3599,
  "refresh_token": "1//036tycI8DUXARCgYIARAAGAMSNwF-L9Irw3JiHFETvMB0gNuizq5sY_10FvMqkQdNF-F-fv4Ol50Z7DVgUwC1IVquv8IvOr97CDE",
  "scope": "https://www.googleapis.com/auth/appengine.admin https://www.googleapis.com/auth/userinfo.email openid https://www.googleapis.com/auth/sqlservice.login https://www.googleapis.com/auth/compute https://www.googleapis.com/auth/accounts.reauth https://www.googleapis.com/auth/cloud-platform",
  "token_type": "Bearer",
  "id_token": "eyJhbGciOiJSUzI1NiIsImtpZCI6IjFiZDY4NWY1ZThmYzYyZDc1ODcwNWMxZWIwZThhNzUyNGM0NzU5NzUiLCJ0eXAiOiJKV1QifQ.eyJpc3MiOiJodHRwczovL2FjY291bnRzLmdvb2dsZS5jb20iLCJhenAiOiIzMjU1NTk0MDU1OS5hcHBzLmdvb2dsZXVzZXJjb250ZW50LmNvbSIsImF1ZCI6IjMyNTU1OTQwNTU5LmFwcHMuZ29vZ2xldXNlcmNvbnRlbnQuY29tIiwic3ViIjoiMTA5NjgxNjk0MjU0NDkyNTA0ODk1IiwiaGQiOiJ0cmFkZXJhLmNvbSIsImVtYWlsIjoiZnJlZHJpay5sYXJzc29uQHRyYWRlcmEuY29tIiwiZW1haWxfdmVyaWZpZWQiOnRydWUsImF0X2hhc2giOiJCSTBxa0Vhd1c4TzB1TllwZE1KOERBIiwiaWF0IjoxNjU3MTg5NjcwLCJleHAiOjE2NTcxOTMyNzB9.a1I-0N9xtKQ3hpDMwBkDpNfAu_ffaZRI0NJ3Oabq11NIHvTt9UMbpxCJhmGGAPeZymLInRMfecrzhYC244vWsrfR7rDRy2CjD3pAZDqIsHoBOXqrNg7ES5L_C8LM4hDhEXPGBGcmItBYK5iLe_DOPv8_CvepvkpM6KlU0ZVwAYv94w9W2FxZFyUw7I2cLOrK3AQvx6-p_4wWo-pei-KN_QGRQUtdq1ecrKNJH5vazjmuQAF0IHUwaFNF7UCd94dB7Qi2pRUVdjZ-6a_1udpO2ZwafQ2ZG4_v2USitp_9CCTDzAqJCmDyN10fu4ZnLmGL79t356Qe5uVsh9wnKfwvQA"
}.
2022-07-07 12:27:50,219 DEBUG    requests_oauthlib.oauth2_session Invoking 0 token response hooks.
2022-07-07 12:27:50,219 DEBUG    requests_oauthlib.oauth2_session Obtained token {'access_token': 'ya29.a0AVA9y1vh6AUmRE6fXO4SPs610U3aHfJkBxrhifhwTiLeSSC0TOEtBk2h6L1WJQBjF1sGmDufd4yQOtYTy2-rJviNAWulBrg9HPDjm4rQ7KAlBkQRe4C6DVDgKxaL0EOAwushwF8IL9STmdTKCg4igKBleE_Un5jDhWkJ', 'expires_in': 3599, 'refresh_token': '1//036tycI8DUXARCgYIARAAGAMSNwF-L9Irw3JiHFETvMB0gNuizq5sY_10FvMqkQdNF-F-fv4Ol50Z7DVgUwC1IVquv8IvOr97CDE', 'scope': ['https://www.googleapis.com/auth/appengine.admin', 'https://www.googleapis.com/auth/userinfo.email', 'openid', 'https://www.googleapis.com/auth/sqlservice.login', 'https://www.googleapis.com/auth/compute', 'https://www.googleapis.com/auth/accounts.reauth', 'https://www.googleapis.com/auth/cloud-platform'], 'token_type': 'Bearer', 'id_token': 'eyJhbGciOiJSUzI1NiIsImtpZCI6IjFiZDY4NWY1ZThmYzYyZDc1ODcwNWMxZWIwZThhNzUyNGM0NzU5NzUiLCJ0eXAiOiJKV1QifQ.eyJpc3MiOiJodHRwczovL2FjY291bnRzLmdvb2dsZS5jb20iLCJhenAiOiIzMjU1NTk0MDU1OS5hcHBzLmdvb2dsZXVzZXJjb250ZW50LmNvbSIsImF1ZCI6IjMyNTU1OTQwNTU5LmFwcHMuZ29vZ2xldXNlcmNvbnRlbnQuY29tIiwic3ViIjoiMTA5NjgxNjk0MjU0NDkyNTA0ODk1IiwiaGQiOiJ0cmFkZXJhLmNvbSIsImVtYWlsIjoiZnJlZHJpay5sYXJzc29uQHRyYWRlcmEuY29tIiwiZW1haWxfdmVyaWZpZWQiOnRydWUsImF0X2hhc2giOiJCSTBxa0Vhd1c4TzB1TllwZE1KOERBIiwiaWF0IjoxNjU3MTg5NjcwLCJleHAiOjE2NTcxOTMyNzB9.a1I-0N9xtKQ3hpDMwBkDpNfAu_ffaZRI0NJ3Oabq11NIHvTt9UMbpxCJhmGGAPeZymLInRMfecrzhYC244vWsrfR7rDRy2CjD3pAZDqIsHoBOXqrNg7ES5L_C8LM4hDhEXPGBGcmItBYK5iLe_DOPv8_CvepvkpM6KlU0ZVwAYv94w9W2FxZFyUw7I2cLOrK3AQvx6-p_4wWo-pei-KN_QGRQUtdq1ecrKNJH5vazjmuQAF0IHUwaFNF7UCd94dB7Qi2pRUVdjZ-6a_1udpO2ZwafQ2ZG4_v2USitp_9CCTDzAqJCmDyN10fu4ZnLmGL79t356Qe5uVsh9wnKfwvQA', 'expires_at': 1657193269.2193851}.
2022-07-07 12:27:50,247 INFO     ___FILE_ONLY___ 
You are now logged in as [fredrik.larsson@tradera.com].
Your current project is [None].  You can change this setting by running:
  $ gcloud config set project PROJECT_ID

2022-07-07 12:27:50,248 INFO     root            Display format: "none"
2022-07-07 12:27:50,248 DEBUG    root            SDK update checks are disabled.
