2022-07-07 12:21:06,632 DEBUG    root            Loaded Command Group: ['gcloud', 'config']
2022-07-07 12:21:06,633 DEBUG    root            Loaded Command Group: ['gcloud', 'config', 'config_helper']
2022-07-07 12:21:06,636 DEBUG    root            Running [gcloud.config.config-helper] with arguments: [--format: "json"]
2022-07-07 12:21:06,642 INFO     root            Display format: "default json"
2022-07-07 12:21:06,642 INFO     ___FILE_ONLY___ {
  "configuration": {
    "active_configuration": "default",
    "properties": {
      "core": {
        "account": "fredrik.larsson@tradera.com",
        "disable_usage_reporting": "True"
      }
    }
  },
  "credential": {
    "access_token": "ya29.a0AVA9y1v6HODRW5f0LLrIU9EUs28vNDaxhs9pJ4cybVo8p1tV-idvvFUz8au8VRQCOJw_ubCNqB0EQXVGAitPOQ1oT8dk8JvY5YyHZ91EW7U0jtxOKwsdcrYyEocYkpdldmIJq2d0QBk_FEuKGvE2onbaqdQyHMqQvtj3FQ",
    "id_token": "eyJhbGciOiJSUzI1NiIsImtpZCI6IjFiZDY4NWY1ZThmYzYyZDc1ODcwNWMxZWIwZThhNzUyNGM0NzU5NzUiLCJ0eXAiOiJKV1QifQ.eyJpc3MiOiJodHRwczovL2FjY291bnRzLmdvb2dsZS5jb20iLCJhenAiOiIzMjU1NTk0MDU1OS5hcHBzLmdvb2dsZXVzZXJjb250ZW50LmNvbSIsImF1ZCI6IjMyNTU1OTQwNTU5LmFwcHMuZ29vZ2xldXNlcmNvbnRlbnQuY29tIiwic3ViIjoiMTA5NjgxNjk0MjU0NDkyNTA0ODk1IiwiaGQiOiJ0cmFkZXJhLmNvbSIsImVtYWlsIjoiZnJlZHJpay5sYXJzc29uQHRyYWRlcmEuY29tIiwiZW1haWxfdmVyaWZpZWQiOnRydWUsImF0X2hhc2giOiJRUERFQUtFNnI5WkxweU96VWNZVnBBIiwiaWF0IjoxNjU3MTg3NTA2LCJleHAiOjE2NTcxOTExMDZ9.jMMqldaj3ma1X7pOV8wST9cDPnkWJxFMABCXZJI007AaQu7As_xKaTb5X-6zOdP569Hi1SpdWoAn7OK3SxRlqWafwmho3WBOw8vhYvRhld6IPbfkBjIoiCrYN8RIMP74eYxmLLtAMnv1XW77A7yC9w1NzzoxqAJxkLVqxEKMRYOCwJ4yQzt4JNK0FTtaRsqq9RKHOA-cAoafcosC8LoofW4GDKju0KGzOPSjkUngu4oNxZozXAWDYU_wecyyoynQaRQ5FuRCb3kpvfQROxWVaukJJNu6n6q6OzEkRy0HmK65J8-8SRTnmkocrYVgh3lnfHZ30QCG80JhZhliE_bRNA",
    "token_expiry": "2022-07-07T10:51:45Z"
  },
  "sentinels": {
    "config_sentinel": "/home/dev/.config/gcloud/config_sentinel"
  }
}
2022-07-07 12:21:06,643 INFO     ___FILE_ONLY___ 

2022-07-07 12:21:06,643 DEBUG    root            SDK update checks are disabled.
