2022-07-07 12:51:39,719 DEBUG    root            Loaded Command Group: ['gcloud', 'config']
2022-07-07 12:51:39,721 DEBUG    root            Loaded Command Group: ['gcloud', 'config', 'config_helper']
2022-07-07 12:51:39,723 DEBUG    root            Running [gcloud.config.config-helper] with arguments: [--format: "json"]
2022-07-07 12:51:51,951 INFO     root            Display format: "default json"
2022-07-07 12:51:51,952 INFO     ___FILE_ONLY___ {
  "configuration": {
    "active_configuration": "default",
    "properties": {
      "core": {
        "account": "fredrik.larsson@tradera.com",
        "disable_usage_reporting": "True"
      }
    }
  },
  "credential": {
    "access_token": "ya29.a0AVA9y1vh6AUmRE6fXO4SPs610U3aHfJkBxrhifhwTiLeSSC0TOEtBk2h6L1WJQBjF1sGmDufd4yQOtYTy2-rJviNAWulBrg9HPDjm4rQ7KAlBkQRe4C6DVDgKxaL0EOAwushwF8IL9STmdTKCg4igKBleE_Un5jDhWkJ",
    "id_token": "eyJhbGciOiJSUzI1NiIsImtpZCI6IjFiZDY4NWY1ZThmYzYyZDc1ODcwNWMxZWIwZThhNzUyNGM0NzU5NzUiLCJ0eXAiOiJKV1QifQ.eyJpc3MiOiJodHRwczovL2FjY291bnRzLmdvb2dsZS5jb20iLCJhenAiOiIzMjU1NTk0MDU1OS5hcHBzLmdvb2dsZXVzZXJjb250ZW50LmNvbSIsImF1ZCI6IjMyNTU1OTQwNTU5LmFwcHMuZ29vZ2xldXNlcmNvbnRlbnQuY29tIiwic3ViIjoiMTA5NjgxNjk0MjU0NDkyNTA0ODk1IiwiaGQiOiJ0cmFkZXJhLmNvbSIsImVtYWlsIjoiZnJlZHJpay5sYXJzc29uQHRyYWRlcmEuY29tIiwiZW1haWxfdmVyaWZpZWQiOnRydWUsImF0X2hhc2giOiJCSTBxa0Vhd1c4TzB1TllwZE1KOERBIiwiaWF0IjoxNjU3MTg5NjcwLCJleHAiOjE2NTcxOTMyNzB9.a1I-0N9xtKQ3hpDMwBkDpNfAu_ffaZRI0NJ3Oabq11NIHvTt9UMbpxCJhmGGAPeZymLInRMfecrzhYC244vWsrfR7rDRy2CjD3pAZDqIsHoBOXqrNg7ES5L_C8LM4hDhEXPGBGcmItBYK5iLe_DOPv8_CvepvkpM6KlU0ZVwAYv94w9W2FxZFyUw7I2cLOrK3AQvx6-p_4wWo-pei-KN_QGRQUtdq1ecrKNJH5vazjmuQAF0IHUwaFNF7UCd94dB7Qi2pRUVdjZ-6a_1udpO2ZwafQ2ZG4_v2USitp_9CCTDzAqJCmDyN10fu4ZnLmGL79t356Qe5uVsh9wnKfwvQA",
    "token_expiry": "2022-07-07T11:27:49Z"
  },
  "sentinels": {
    "config_sentinel": "/home/dev/.config/gcloud/config_sentinel"
  }
}
2022-07-07 12:51:51,952 INFO     ___FILE_ONLY___ 

2022-07-07 12:51:51,952 DEBUG    root            SDK update checks are disabled.
