2022-07-07 13:27:41,650 DEBUG    root            Loaded Command Group: ['gcloud', 'config']
2022-07-07 13:27:41,652 DEBUG    root            Loaded Command Group: ['gcloud', 'config', 'config_helper']
2022-07-07 13:27:41,654 DEBUG    root            Running [gcloud.config.config-helper] with arguments: [--format: "json"]
2022-07-07 13:27:53,875 INFO     root            Display format: "default json"
2022-07-07 13:27:53,875 INFO     ___FILE_ONLY___ {
  "configuration": {
    "active_configuration": "default",
    "properties": {
      "core": {
        "account": "fredrik.larsson@tradera.com",
        "disable_usage_reporting": "True"
      }
    }
  },
  "credential": {
    "access_token": "ya29.a0AVA9y1vGIQMI3Jl0RyRrMG3iI2o3SwqRq0SPMDmoYOVk01BfEqDLgRcgf6WTtvjFkWtSt12X4euBGqw2ePQwjNmjPn44pKKZwqTdcuVWISXdtWv4UHvmmNDwJBODl6OWVQ75HpH6vbtWqMT8Lnl6a8jyc1oGCD24r6II",
    "id_token": "eyJhbGciOiJSUzI1NiIsImtpZCI6IjFiZDY4NWY1ZThmYzYyZDc1ODcwNWMxZWIwZThhNzUyNGM0NzU5NzUiLCJ0eXAiOiJKV1QifQ.eyJpc3MiOiJodHRwczovL2FjY291bnRzLmdvb2dsZS5jb20iLCJhenAiOiIzMjU1NTk0MDU1OS5hcHBzLmdvb2dsZXVzZXJjb250ZW50LmNvbSIsImF1ZCI6IjMyNTU1OTQwNTU5LmFwcHMuZ29vZ2xldXNlcmNvbnRlbnQuY29tIiwic3ViIjoiMTA5NjgxNjk0MjU0NDkyNTA0ODk1IiwiaGQiOiJ0cmFkZXJhLmNvbSIsImVtYWlsIjoiZnJlZHJpay5sYXJzc29uQHRyYWRlcmEuY29tIiwiZW1haWxfdmVyaWZpZWQiOnRydWUsImF0X2hhc2giOiJzVFNhZjk5elAwbi1BQVptRHR6RW9RIiwiaWF0IjoxNjU3MTkzMjcyLCJleHAiOjE2NTcxOTY4NzJ9.VWyo4YeV3HP3JHUGB6uMgFCZ7GZ-atKPDljrdkOYCg7FqPDX58kgVvBkYH7ZOdErbpWxH0lzAXW7ksErJsgEtELCNlrSqAW4eoB8qaYbyLgeKLMycOhvaMnYLJEHPnPczmlO8M9vS9lZ1MHhfLugOGiB0EOGfu8xRvQoTJMOc6vOwtC_ZktqL5y14td8DZatXjQnz4QYMpdLP__PJz6dAT31EfImXGzXXoFFQ0q1V2g-8XYqe0-jSs0z30wk6c-ui3rNvPaeT6iPTUnUN-50Merb1hiecPfW9UVzt71s6nZFl42nPNIabLlxwckOgnuhiHvKdjs4j-zashhxKshz-g",
    "token_expiry": "2022-07-07T12:27:51Z"
  },
  "sentinels": {
    "config_sentinel": "/home/dev/.config/gcloud/config_sentinel"
  }
}
2022-07-07 13:27:53,875 INFO     ___FILE_ONLY___ 

2022-07-07 13:27:53,875 DEBUG    root            SDK update checks are disabled.
