2022-07-07 14:27:47,067 DEBUG    root            Loaded Command Group: ['gcloud', 'config']
2022-07-07 14:27:47,069 DEBUG    root            Loaded Command Group: ['gcloud', 'config', 'config_helper']
2022-07-07 14:27:47,071 DEBUG    root            Running [gcloud.config.config-helper] with arguments: [--format: "json"]
2022-07-07 14:27:59,324 INFO     root            Display format: "default json"
2022-07-07 14:27:59,325 INFO     ___FILE_ONLY___ {
  "configuration": {
    "active_configuration": "default",
    "properties": {
      "core": {
        "account": "fredrik.larsson@tradera.com",
        "disable_usage_reporting": "True"
      }
    }
  },
  "credential": {
    "access_token": "ya29.A0AVA9y1sw_ErTcN1KgwqRM0xJTlo4hZ1IjHM5MYFNVCqvpy8C3wnuNW-lpdijat0AcXyxXYZjtEbRFoScV8weGisPb7hnEjbKdEM2zl92mdIKv8UKx8j33mWhXMOlyPAO-eqwHC_iDjyEY0AH8Jhoz3o_KUiA4qZVmdMVYUNnWUtBVEFTQVRBU0ZRRl91NjFWTjZyamVIOFBxdDlvaG1VcE1rWFB1QQ0171",
    "id_token": "eyJhbGciOiJSUzI1NiIsImtpZCI6IjFiZDY4NWY1ZThmYzYyZDc1ODcwNWMxZWIwZThhNzUyNGM0NzU5NzUiLCJ0eXAiOiJKV1QifQ.eyJpc3MiOiJodHRwczovL2FjY291bnRzLmdvb2dsZS5jb20iLCJhenAiOiIzMjU1NTk0MDU1OS5hcHBzLmdvb2dsZXVzZXJjb250ZW50LmNvbSIsImF1ZCI6IjMyNTU1OTQwNTU5LmFwcHMuZ29vZ2xldXNlcmNvbnRlbnQuY29tIiwic3ViIjoiMTA5NjgxNjk0MjU0NDkyNTA0ODk1IiwiaGQiOiJ0cmFkZXJhLmNvbSIsImVtYWlsIjoiZnJlZHJpay5sYXJzc29uQHRyYWRlcmEuY29tIiwiZW1haWxfdmVyaWZpZWQiOnRydWUsImF0X2hhc2giOiJlR0tiamlqUFlZS0M3ZTcyNzhwb0xnIiwiaWF0IjoxNjU3MTk2ODc1LCJleHAiOjE2NTcyMDA0NzV9.AY82a8XKLM_EMug9xKDrRTgb8H2Jeubpv7ZqTtPq4Ncno7qWsfkahNtWoDzmC736NFpuMPEd4nHMllAYihzTMW890OaYrarDTfeaPpxoJpguUV3ZHztaVZkjv3EpQQMDP51vZiPMWZAP6NEgfNRys91x6tei5jjBof9TXJM2ob5LLBH1SSSzMxYl0v4zZDiF7l-G8GPcgOubJTTVO5UyLJE4EzkkJRULRUCfcHwG2RXMovpbeMlfMKVKEhZyvXMbqCeZZ2HF9hOvxH1pnsNjZEgXND4hSJsp4FoCHtfk-rJXtwepa_AJbs7iD7fC_rjKT1KIoE0gIFCT7BdhsEJQqA",
    "token_expiry": "2022-07-07T13:27:54Z"
  },
  "sentinels": {
    "config_sentinel": "/home/dev/.config/gcloud/config_sentinel"
  }
}
2022-07-07 14:27:59,325 INFO     ___FILE_ONLY___ 

2022-07-07 14:27:59,325 DEBUG    root            SDK update checks are disabled.
