2022-07-07 15:27:50,681 DEBUG    root            Loaded Command Group: ['gcloud', 'config']
2022-07-07 15:27:50,685 DEBUG    root            Loaded Command Group: ['gcloud', 'config', 'config_helper']
2022-07-07 15:27:50,687 DEBUG    root            Running [gcloud.config.config-helper] with arguments: [--format: "json"]
2022-07-07 15:28:03,276 DEBUG    google.auth.transport.requests Making request: POST https://oauth2.googleapis.com/token
2022-07-07 15:28:03,278 DEBUG    urllib3.connectionpool Starting new HTTPS connection (1): oauth2.googleapis.com:443
2022-07-07 15:28:03,784 DEBUG    urllib3.connectionpool https://oauth2.googleapis.com:443 "POST /token HTTP/1.1" 200 None
2022-07-07 15:28:03,800 INFO     root            Display format: "default json"
2022-07-07 15:28:03,801 INFO     ___FILE_ONLY___ {
  "configuration": {
    "active_configuration": "default",
    "properties": {
      "core": {
        "account": "fredrik.larsson@tradera.com",
        "disable_usage_reporting": "True"
      }
    }
  },
  "credential": {
    "access_token": "ya29.A0AVA9y1unezvIeCpViaT068NBsyaxKRcn-_8DqqeurJX13kdncuyhmMa_fx3r5Smg5jPVjFfuF_wwt7G-UsGeTPFJ9rYXryCQjLnz2IXMCq2RC_cAik5PwcaOckepgfaqEmCc4ELkfrTI5I5WArArZ_ffwwRW450k6AdyYUNnWUtBVEFTQVRBU0ZRRl91NjFWWGNuTkxpcm92LU1oZll4Y2hnekduQQ0171",
    "id_token": "eyJhbGciOiJSUzI1NiIsImtpZCI6IjFiZDY4NWY1ZThmYzYyZDc1ODcwNWMxZWIwZThhNzUyNGM0NzU5NzUiLCJ0eXAiOiJKV1QifQ.eyJpc3MiOiJodHRwczovL2FjY291bnRzLmdvb2dsZS5jb20iLCJhenAiOiIzMjU1NTk0MDU1OS5hcHBzLmdvb2dsZXVzZXJjb250ZW50LmNvbSIsImF1ZCI6IjMyNTU1OTQwNTU5LmFwcHMuZ29vZ2xldXNlcmNvbnRlbnQuY29tIiwic3ViIjoiMTA5NjgxNjk0MjU0NDkyNTA0ODk1IiwiaGQiOiJ0cmFkZXJhLmNvbSIsImVtYWlsIjoiZnJlZHJpay5sYXJzc29uQHRyYWRlcmEuY29tIiwiZW1haWxfdmVyaWZpZWQiOnRydWUsImF0X2hhc2giOiJ4d2xMN2hxMU95dy1sM18ybFVMQXdBIiwiaWF0IjoxNjU3MjAwNDgzLCJleHAiOjE2NTcyMDQwODN9.Hw7swzTpw3OcbglQZZih5CAIBqlPBng09WLuByrxsuos-9zUaOKIIZvhiAdJANXTGwMCFquzg2D-VJsD3gr_jpwaESu0qaq5KAyiZTS3altyJECaE1YX8vffbqAWm5nWNSP_sjd_GRqOv-52jVYbLYvWO5T40iqLR8yyHvVjjwj2qOW_-lkWeRJU-LYX6GS5jkuLOKnoOrPWr7GLmlLozKxJkAl6LmKFKXq9_4EgmZ-X57Af9ZZrNeo7Wdczi0s_WlzOey0SELZIn8vZuNOOTsDr0-n0UC1MG-nnviW0OHdCbBWNKxJWaqpoZM95GsR71q5LuyJRD4YmZbexhldZKw",
    "token_expiry": "2022-07-07T14:28:02Z"
  },
  "sentinels": {
    "config_sentinel": "/home/dev/.config/gcloud/config_sentinel"
  }
}
2022-07-07 15:28:03,801 INFO     ___FILE_ONLY___ 

2022-07-07 15:28:03,801 DEBUG    root            SDK update checks are disabled.
