2022-07-18 09:30:53,627 DEBUG    root            Loaded Command Group: ['gcloud', 'config']
2022-07-18 09:30:53,629 DEBUG    root            Loaded Command Group: ['gcloud', 'config', 'config_helper']
2022-07-18 09:30:53,630 DEBUG    root            Running [gcloud.config.config-helper] with arguments: [--format: "json"]
2022-07-18 09:30:53,637 INFO     root            Display format: "default json"
2022-07-18 09:30:53,637 INFO     ___FILE_ONLY___ {
  "configuration": {
    "active_configuration": "default",
    "properties": {
      "core": {
        "account": "fredrik.larsson@tradera.com",
        "disable_usage_reporting": "True",
        "project": "tradera-development"
      }
    }
  },
  "credential": {
    "access_token": "ya29.A0AVA9y1sFVpj6BPmmzuecDxvN_tYgC18ULll7afbRCUwcCWXy84z2RMD279_g5DK30eH4Ac089rL5xDNFlDgoQ9npmYbDr7lRwMtI0tD2AYPTa0wAljmUnpY8iWnvqJ4clNeq1VSTq2iDSvHQXlPRjRwaxBrUmQfmMg2tbAYUNnWUtBVEFTQVRBU0ZRRTY1ZHI4VFRHLURYRFV2ODd5X3NrSk1PbXJxZw0173",
    "id_token": "eyJhbGciOiJSUzI1NiIsImtpZCI6IjYzMWZhZTliNTk0MGEyZDFmYmZmYjAwNDAzZDRjZjgwYTIxYmUwNGUiLCJ0eXAiOiJKV1QifQ.eyJpc3MiOiJodHRwczovL2FjY291bnRzLmdvb2dsZS5jb20iLCJhenAiOiIzMjU1NTk0MDU1OS5hcHBzLmdvb2dsZXVzZXJjb250ZW50LmNvbSIsImF1ZCI6IjMyNTU1OTQwNTU5LmFwcHMuZ29vZ2xldXNlcmNvbnRlbnQuY29tIiwic3ViIjoiMTA5NjgxNjk0MjU0NDkyNTA0ODk1IiwiaGQiOiJ0cmFkZXJhLmNvbSIsImVtYWlsIjoiZnJlZHJpay5sYXJzc29uQHRyYWRlcmEuY29tIiwiZW1haWxfdmVyaWZpZWQiOnRydWUsImF0X2hhc2giOiJtNmFwc252M3hhSEJXN0UzVWQ3WkdBIiwiaWF0IjoxNjU4MTI5MjY5LCJleHAiOjE2NTgxMzI4Njl9.DfDzgMDb8rlgyIYRofX0ybY50v5kuvany_TTchcJmFFqtvMsFv5aav0a-PY9lKBF3J0WP2MhAIFzGRg0tEV6Xkqaa-BYMV02yeRxOyRn2NBuH2fNnPZcT2pxtARUj94ab72x3qmRppMqytvBq1H9otBteivfm-WPycnQRhwLb-gEtEScKsV1zDUnEcKV_qOCRDIfQwbEPUTCZRExcdUFa-dvVrCsL4Hd5fBecmhncwJhSg_-kJ6tSVsxwn21_b_XVlL6WGSCpRPNO5_yGxyLO7djtIDMCwNyJKBwG15bU-5_XeVGZdRV_edGi46Z0CftWp8KCPfPzrtmIkC9n2JvnQ",
    "token_expiry": "2022-07-18T08:27:53Z"
  },
  "sentinels": {
    "config_sentinel": "/home/dev/.config/gcloud/config_sentinel"
  }
}
2022-07-18 09:30:53,637 INFO     ___FILE_ONLY___ 

2022-07-18 09:30:53,638 DEBUG    root            SDK update checks are disabled.
