2022-07-06 09:30:40,455 DEBUG    root            Loaded Command Group: ['gcloud', 'config']
2022-07-06 09:30:40,457 DEBUG    root            Loaded Command Group: ['gcloud', 'config', 'config_helper']
2022-07-06 09:30:40,459 DEBUG    root            Running [gcloud.config.config-helper] with arguments: [--format: "json"]
2022-07-06 09:31:18,378 DEBUG    google.auth.transport.requests Making request: POST https://oauth2.googleapis.com/token
2022-07-06 09:31:18,379 DEBUG    urllib3.connectionpool Starting new HTTPS connection (1): oauth2.googleapis.com:443
2022-07-06 09:31:18,724 DEBUG    urllib3.connectionpool https://oauth2.googleapis.com:443 "POST /token HTTP/1.1" 200 None
2022-07-06 09:31:18,742 INFO     root            Display format: "default json"
2022-07-06 09:31:18,742 INFO     ___FILE_ONLY___ {
  "configuration": {
    "active_configuration": "default",
    "properties": {
      "core": {
        "account": "fredrik.larsson@tradera.com",
        "disable_usage_reporting": "True"
      }
    }
  },
  "credential": {
    "access_token": "ya29.A0AVA9y1vq4TVR1R9dOkmRf0OA2AHt_R8837F1ujqgm6td2rP8AM0hKXp-sduOx0LkdHJJc3lTD6Zvpa2omqS7yp1YoHz-e2cifwG-rOHOIzUcQvhg0XP934odRxA2QED1njWtcnSqqF2N9QVuQgSE-4FBiRWMctLHd-3zWwYUNnWUtBVEFTQVRBU0ZRRl91NjFWRnlMNzJQR09wVlJaTHFOZXJ5cDdudw0173",
    "id_token": "eyJhbGciOiJSUzI1NiIsImtpZCI6IjI2NTBhMmNlNDdiMWFiM2JhNDA5OTc5N2Y4YzA2ZWJjM2RlOTI4YWMiLCJ0eXAiOiJKV1QifQ.eyJpc3MiOiJodHRwczovL2FjY291bnRzLmdvb2dsZS5jb20iLCJhenAiOiIzMjU1NTk0MDU1OS5hcHBzLmdvb2dsZXVzZXJjb250ZW50LmNvbSIsImF1ZCI6IjMyNTU1OTQwNTU5LmFwcHMuZ29vZ2xldXNlcmNvbnRlbnQuY29tIiwic3ViIjoiMTA5NjgxNjk0MjU0NDkyNTA0ODk1IiwiaGQiOiJ0cmFkZXJhLmNvbSIsImVtYWlsIjoiZnJlZHJpay5sYXJzc29uQHRyYWRlcmEuY29tIiwiZW1haWxfdmVyaWZpZWQiOnRydWUsImF0X2hhc2giOiJUT0tVcmJUdUhKcS1ieVlNSjhGWGp3IiwiaWF0IjoxNjU3MDkyNjc3LCJleHAiOjE2NTcwOTYyNzd9.CG1nvNtsyNnf7zajTU_FTb2N-RB1llhXL_Eb69fJWiJGVmwhBztURjNn4_NG_MG_QvHiixtmXDBzOGFalaS1Rzgx7bfo_KMz5Me5SchPSdpwniDR8B9ppygLQrpmtiI-UGgsA4dviUwYkLmMobPNOKP8DCkSzXhkTIIASuoyOPxy5CSWl1tLJQwfOjkGL9ULGCjF0dMf49PGb6ds5a9oMnxOstwMJxYIldRR9w3cE2cAnzMEhWBzxWolnp4jxZcctAqWJbcr2WJyg9Cw7dbmKI7856e7xD7f9z4987DQbQuvknkArkx0y4Z3DkwoAQ3Ikrb9W9RTuvunWg47WWaw2Q",
    "token_expiry": "2022-07-06T08:31:17Z"
  },
  "sentinels": {
    "config_sentinel": "/home/dev/.config/gcloud/config_sentinel"
  }
}
2022-07-06 09:31:18,743 INFO     ___FILE_ONLY___ 

2022-07-06 09:31:18,743 DEBUG    root            SDK update checks are disabled.
