2022-07-06 10:31:12,729 DEBUG    root            Loaded Command Group: ['gcloud', 'config']
2022-07-06 10:31:12,731 DEBUG    root            Loaded Command Group: ['gcloud', 'config', 'config_helper']
2022-07-06 10:31:12,732 DEBUG    root            Running [gcloud.config.config-helper] with arguments: [--format: "json"]
2022-07-06 10:31:24,945 DEBUG    google.auth.transport.requests Making request: POST https://oauth2.googleapis.com/token
2022-07-06 10:31:24,946 DEBUG    urllib3.connectionpool Starting new HTTPS connection (1): oauth2.googleapis.com:443
2022-07-06 10:31:25,195 DEBUG    urllib3.connectionpool https://oauth2.googleapis.com:443 "POST /token HTTP/1.1" 200 None
2022-07-06 10:31:25,224 INFO     root            Display format: "default json"
2022-07-06 10:31:25,226 INFO     ___FILE_ONLY___ {
  "configuration": {
    "active_configuration": "default",
    "properties": {
      "core": {
        "account": "fredrik.larsson@tradera.com",
        "disable_usage_reporting": "True"
      }
    }
  },
  "credential": {
    "access_token": "ya29.a0AVA9y1tsA-VrgVQijpodEhY_682Ez112ChdA5pbC2e3rXHC_gdtMLcfZgakir5n-4qyWXNBNOJyBNg7YVVEWEdDUt4OILzZGn1-pF4S53yiq0DCkcV4B8WHGu_PlhLZ70Xae3KoC4Lb3NXlhPdEE-N6lVC_WOLjXYzImeA",
    "id_token": "eyJhbGciOiJSUzI1NiIsImtpZCI6IjI2NTBhMmNlNDdiMWFiM2JhNDA5OTc5N2Y4YzA2ZWJjM2RlOTI4YWMiLCJ0eXAiOiJKV1QifQ.eyJpc3MiOiJodHRwczovL2FjY291bnRzLmdvb2dsZS5jb20iLCJhenAiOiIzMjU1NTk0MDU1OS5hcHBzLmdvb2dsZXVzZXJjb250ZW50LmNvbSIsImF1ZCI6IjMyNTU1OTQwNTU5LmFwcHMuZ29vZ2xldXNlcmNvbnRlbnQuY29tIiwic3ViIjoiMTA5NjgxNjk0MjU0NDkyNTA0ODk1IiwiaGQiOiJ0cmFkZXJhLmNvbSIsImVtYWlsIjoiZnJlZHJpay5sYXJzc29uQHRyYWRlcmEuY29tIiwiZW1haWxfdmVyaWZpZWQiOnRydWUsImF0X2hhc2giOiI4MHdjaUpJTWNRaUZVUVg0bEpILTRBIiwiaWF0IjoxNjU3MDk2MjgzLCJleHAiOjE2NTcwOTk4ODN9.sF91tPgfBAq45mLzdJFh5fC-tPm16XIZkmHqy36KYB6GnxH27dsMXm_J_job1CwqUSISvuc1aXj2sMmn7DKcbDl6fG-oZUdkOndQCfCvRYofpkwpZT5YkHUmz2exn043RVFR6qh0SJSWQt--SbdtlO4EELHpThhZqyjZIy_e1Ug2Rea3-7aWa0o0RI4x2wvSh3UXcBoyi22tt0BG-Ym9k3fllLYkKPPndG1QcXVlBkhvr9bsfeByXDHf1cesS1cu5yZJYSBfyxSiWzB5pRHV_5auvSXGIt49n9rLZ6PzcHl145dugKY3idGOj9njg5zWZI2MwqkZU0STrLdAHXdxyQ",
    "token_expiry": "2022-07-06T09:31:24Z"
  },
  "sentinels": {
    "config_sentinel": "/home/dev/.config/gcloud/config_sentinel"
  }
}
2022-07-06 10:31:25,226 INFO     ___FILE_ONLY___ 

2022-07-06 10:31:25,227 DEBUG    root            SDK update checks are disabled.
