2022-07-06 11:53:14,618 DEBUG    root            Loaded Command Group: ['gcloud', 'config']
2022-07-06 11:53:14,620 DEBUG    root            Loaded Command Group: ['gcloud', 'config', 'config_helper']
2022-07-06 11:53:14,621 DEBUG    root            Running [gcloud.config.config-helper] with arguments: [--format: "json"]
2022-07-06 12:19:01,648 DEBUG    google.auth.transport.requests Making request: POST https://oauth2.googleapis.com/token
2022-07-06 12:19:01,649 DEBUG    urllib3.connectionpool Starting new HTTPS connection (1): oauth2.googleapis.com:443
2022-07-06 12:19:01,884 DEBUG    urllib3.connectionpool https://oauth2.googleapis.com:443 "POST /token HTTP/1.1" 200 None
2022-07-06 12:19:01,906 INFO     root            Display format: "default json"
2022-07-06 12:19:01,906 INFO     ___FILE_ONLY___ {
  "configuration": {
    "active_configuration": "default",
    "properties": {
      "core": {
        "account": "fredrik.larsson@tradera.com",
        "disable_usage_reporting": "True"
      }
    }
  },
  "credential": {
    "access_token": "ya29.a0AVA9y1uBgB6HYu9nBAfZa8UoS24iHjKPpniOYe6QpbsQ5emefBAZ1B_CnAIdNrkv90StqTSVyVAaBK4RHXie2y8EukalPFZ8hME4c0SPaTSu3oR0Nqb00YjIvIbcWDGxnRlK4x1RKmfMu66y5CJYW_LF7ecBUiy3i1jivw",
    "id_token": "eyJhbGciOiJSUzI1NiIsImtpZCI6IjI2NTBhMmNlNDdiMWFiM2JhNDA5OTc5N2Y4YzA2ZWJjM2RlOTI4YWMiLCJ0eXAiOiJKV1QifQ.eyJpc3MiOiJodHRwczovL2FjY291bnRzLmdvb2dsZS5jb20iLCJhenAiOiIzMjU1NTk0MDU1OS5hcHBzLmdvb2dsZXVzZXJjb250ZW50LmNvbSIsImF1ZCI6IjMyNTU1OTQwNTU5LmFwcHMuZ29vZ2xldXNlcmNvbnRlbnQuY29tIiwic3ViIjoiMTA5NjgxNjk0MjU0NDkyNTA0ODk1IiwiaGQiOiJ0cmFkZXJhLmNvbSIsImVtYWlsIjoiZnJlZHJpay5sYXJzc29uQHRyYWRlcmEuY29tIiwiZW1haWxfdmVyaWZpZWQiOnRydWUsImF0X2hhc2giOiI3Zl9NS2R0SXVyQ2RxWGQxcnZkRkhBIiwiaWF0IjoxNjU3MTAyNzQyLCJleHAiOjE2NTcxMDYzNDJ9.iDjddtF3DYwejbZwFRwkdJUVrd9JLZCmfcyg6VlxoVHoacIg7zAIgmaSjFhngTWzu-9RsolLC4o0k_HgODTOmK0zXGvGI2NKRWq39UKD0Ddln1qRlnMMDqOwUBGjGLMjbeLT_0tLu2sQte3P9xojV4ww23_UDb5xehzT-50RFQJVNimcWfYOda4uYUUsUl1oKwg8SEJdQWjHilOAJHVI2A1pbBvgZdDej9nDdUZcw36vM2vYE_k45QiTwSOAzxXuep0JRGUjgUJ4lEjSmLP3rWOn8eHf1TbS1xL-ZVCJNA1hBmUkTWDKnuC1g9ruKZGdjvcTwq5Fl6a6btt_Uj2i6w",
    "token_expiry": "2022-07-06T11:19:00Z"
  },
  "sentinels": {
    "config_sentinel": "/home/dev/.config/gcloud/config_sentinel"
  }
}
2022-07-06 12:19:01,906 INFO     ___FILE_ONLY___ 

2022-07-06 12:19:01,907 DEBUG    root            SDK update checks are disabled.
