2022-07-06 13:38:14,921 DEBUG    root            Loaded Command Group: ['gcloud', 'config']
2022-07-06 13:38:14,923 DEBUG    root            Loaded Command Group: ['gcloud', 'config', 'config_helper']
2022-07-06 13:38:14,927 DEBUG    root            Running [gcloud.config.config-helper] with arguments: [--format: "json"]
2022-07-06 13:38:27,165 DEBUG    google.auth.transport.requests Making request: POST https://oauth2.googleapis.com/token
2022-07-06 13:38:27,166 DEBUG    urllib3.connectionpool Starting new HTTPS connection (1): oauth2.googleapis.com:443
2022-07-06 13:38:27,394 DEBUG    urllib3.connectionpool https://oauth2.googleapis.com:443 "POST /token HTTP/1.1" 200 None
2022-07-06 13:38:27,424 INFO     root            Display format: "default json"
2022-07-06 13:38:27,425 INFO     ___FILE_ONLY___ {
  "configuration": {
    "active_configuration": "default",
    "properties": {
      "core": {
        "account": "fredrik.larsson@tradera.com",
        "disable_usage_reporting": "True"
      }
    }
  },
  "credential": {
    "access_token": "ya29.A0ARrdaM9D0w8JylTLFkFyAdhnvC3fG8xnmIJKgiVuFwStn2G-6jpnXZQJnIqU6BPjJ6Lhes3D0iY4iKrPbPw_GEMe5jmJtc0VuV8VOa-dfjQxs9EEbhSCk5O5liaG6xwnneF6UziAC2_VY65dopendr6VYbIlwRvIviLfUQYUNnWUtBVEFTQVRBU0ZRRl91NjFWd3FZMUNvV3o4a2RobHltU01Xb3Z3UQ0173",
    "id_token": "eyJhbGciOiJSUzI1NiIsImtpZCI6IjI2NTBhMmNlNDdiMWFiM2JhNDA5OTc5N2Y4YzA2ZWJjM2RlOTI4YWMiLCJ0eXAiOiJKV1QifQ.eyJpc3MiOiJodHRwczovL2FjY291bnRzLmdvb2dsZS5jb20iLCJhenAiOiIzMjU1NTk0MDU1OS5hcHBzLmdvb2dsZXVzZXJjb250ZW50LmNvbSIsImF1ZCI6IjMyNTU1OTQwNTU5LmFwcHMuZ29vZ2xldXNlcmNvbnRlbnQuY29tIiwic3ViIjoiMTA5NjgxNjk0MjU0NDkyNTA0ODk1IiwiaGQiOiJ0cmFkZXJhLmNvbSIsImVtYWlsIjoiZnJlZHJpay5sYXJzc29uQHRyYWRlcmEuY29tIiwiZW1haWxfdmVyaWZpZWQiOnRydWUsImF0X2hhc2giOiJ1ME5PYUdGcl93QUVHUWVjcVJfMkJRIiwiaWF0IjoxNjU3MTA3NTA3LCJleHAiOjE2NTcxMTExMDd9.P6V5N5sBZk0lVKSl5Rj61hAyLhjua7akcOm-k0woreFI7_S8tl7OMTXt1tAdw8GNG_ojcWDHSSBUxktCc_0dfDzIrz_6Wuom3aNE076FipBahMJSwkhA1TblBPnPkr_v101WpTZ7ZEf3yXGlJtsT1kJGPv-zpytB8cQUGNhdlEi47mOB_GaKTkEUMzUvt8inw7nUrp7s2wPM4yoljuytGd3WgLLa2VE1Jn59rjoXOo97Q6eDTtWqigFlHgDRmwW1PJrpUgJ1X48JD-xy_yoEgFaEd6UdgBwKTSi9Vh8rU-aEi2ZFptlk_8iXd8BW56mVD6Hcc-3ffC_vxr64bxpHOw",
    "token_expiry": "2022-07-06T12:38:26Z"
  },
  "sentinels": {
    "config_sentinel": "/home/dev/.config/gcloud/config_sentinel"
  }
}
2022-07-06 13:38:27,425 INFO     ___FILE_ONLY___ 

2022-07-06 13:38:27,425 DEBUG    root            SDK update checks are disabled.
