2022-07-06 14:56:02,635 DEBUG    root            Loaded Command Group: ['gcloud', 'config']
2022-07-06 14:56:02,637 DEBUG    root            Loaded Command Group: ['gcloud', 'config', 'config_helper']
2022-07-06 14:56:02,639 DEBUG    root            Running [gcloud.config.config-helper] with arguments: [--format: "json"]
2022-07-06 14:56:14,879 INFO     root            Display format: "default json"
2022-07-06 14:56:14,880 INFO     ___FILE_ONLY___ {
  "configuration": {
    "active_configuration": "default",
    "properties": {
      "core": {
        "account": "fredrik.larsson@tradera.com",
        "disable_usage_reporting": "True"
      }
    }
  },
  "credential": {
    "access_token": "ya29.a0AVA9y1vF-PQFDszcALTH87u2vUq21McSlRYz7Lc0vDHlmMru4gki3mMGLNrn2zg96PDmbT4IQcZzDmwMLGCiy_zJiAiXIqZw7GEX1ubxcMqii5AaRpO8YOS8MuQYtkOdK8jXJokq-lPNSgXhQXXY8fVB_7e-lPySBq7Vpg",
    "id_token": "eyJhbGciOiJSUzI1NiIsImtpZCI6IjI2NTBhMmNlNDdiMWFiM2JhNDA5OTc5N2Y4YzA2ZWJjM2RlOTI4YWMiLCJ0eXAiOiJKV1QifQ.eyJpc3MiOiJodHRwczovL2FjY291bnRzLmdvb2dsZS5jb20iLCJhenAiOiIzMjU1NTk0MDU1OS5hcHBzLmdvb2dsZXVzZXJjb250ZW50LmNvbSIsImF1ZCI6IjMyNTU1OTQwNTU5LmFwcHMuZ29vZ2xldXNlcmNvbnRlbnQuY29tIiwic3ViIjoiMTA5NjgxNjk0MjU0NDkyNTA0ODk1IiwiaGQiOiJ0cmFkZXJhLmNvbSIsImVtYWlsIjoiZnJlZHJpay5sYXJzc29uQHRyYWRlcmEuY29tIiwiZW1haWxfdmVyaWZpZWQiOnRydWUsImF0X2hhc2giOiJibHlXQ2FjN3dmWkFJS1JfRlBHbDVnIiwiaWF0IjoxNjU3MTExMDc2LCJleHAiOjE2NTcxMTQ2NzZ9.cshJ3QA8HBwO15DHoyfMSUXwGE-jzP9ctp9AxARsGM82qixYdYAp9eDzcJsNXSS20BhsNVqDuRYFx8bFa4KUUtTJD1TmVoav7uPpCpdKHGLZrMcF1XNN8IzlL3bmuXto2wFujRCQNeWB5c5QXetzkX5i1m5bluqlT6elH_KZzYLBMo9eXw6RscQvlZznj8UOTwfP3yeGMSOyrm7fPhKMdPGvomT_a2gUOfUIGjZcbiKCwJAr2uPgc_AqPmrycjyVbsXoVEAQewe5VHCGLSQKN_Pzp_QocG8HUqrsMiinux4WCFzBomNg0Qj9Pt3aZM3VbPKsKwwGAnMYXFgSqYKvGg",
    "token_expiry": "2022-07-06T13:37:55Z"
  },
  "sentinels": {
    "config_sentinel": "/home/dev/.config/gcloud/config_sentinel"
  }
}
2022-07-06 14:56:14,880 INFO     ___FILE_ONLY___ 

2022-07-06 14:56:14,880 DEBUG    root            SDK update checks are disabled.
