2022-07-06 15:37:47,156 DEBUG    root            Loaded Command Group: ['gcloud', 'config']
2022-07-06 15:37:47,158 DEBUG    root            Loaded Command Group: ['gcloud', 'config', 'config_helper']
2022-07-06 15:37:47,160 DEBUG    root            Running [gcloud.config.config-helper] with arguments: [--format: "json"]
2022-07-06 15:37:59,387 DEBUG    google.auth.transport.requests Making request: POST https://oauth2.googleapis.com/token
2022-07-06 15:37:59,389 DEBUG    urllib3.connectionpool Starting new HTTPS connection (1): oauth2.googleapis.com:443
2022-07-06 15:37:59,668 DEBUG    urllib3.connectionpool https://oauth2.googleapis.com:443 "POST /token HTTP/1.1" 200 None
2022-07-06 15:37:59,690 INFO     root            Display format: "default json"
2022-07-06 15:37:59,691 INFO     ___FILE_ONLY___ {
  "configuration": {
    "active_configuration": "default",
    "properties": {
      "core": {
        "account": "fredrik.larsson@tradera.com",
        "disable_usage_reporting": "True"
      }
    }
  },
  "credential": {
    "access_token": "ya29.a0AVA9y1v7sOOTpO5SQYBWZo_hLEaoLh1rw-YspC_9QgxTXQv-tg_Sz8Ni2uzy2ZUwvAsl8RGa5ZHW29ELOs20ChJEf4utavtlGEyZCBd4UsgvcKU84sVFPtaouis-_HWn25XKLYeoW7PxCKZBvFfw4IzwPsVNFKjEIryAcA",
    "id_token": "eyJhbGciOiJSUzI1NiIsImtpZCI6IjI2NTBhMmNlNDdiMWFiM2JhNDA5OTc5N2Y4YzA2ZWJjM2RlOTI4YWMiLCJ0eXAiOiJKV1QifQ.eyJpc3MiOiJodHRwczovL2FjY291bnRzLmdvb2dsZS5jb20iLCJhenAiOiIzMjU1NTk0MDU1OS5hcHBzLmdvb2dsZXVzZXJjb250ZW50LmNvbSIsImF1ZCI6IjMyNTU1OTQwNTU5LmFwcHMuZ29vZ2xldXNlcmNvbnRlbnQuY29tIiwic3ViIjoiMTA5NjgxNjk0MjU0NDkyNTA0ODk1IiwiaGQiOiJ0cmFkZXJhLmNvbSIsImVtYWlsIjoiZnJlZHJpay5sYXJzc29uQHRyYWRlcmEuY29tIiwiZW1haWxfdmVyaWZpZWQiOnRydWUsImF0X2hhc2giOiJuSmNWUGdFejRhNVItSGVPZVljbGpBIiwiaWF0IjoxNjU3MTE0NjgwLCJleHAiOjE2NTcxMTgyODB9.C7E_38lFjRId5Lz5k5k3QaPZDOD8wp-8HFREIMOkMDnxC6C_8GdpWGfVECW6vdhVU9sHZW7iJkhxM9ZUkRVbQ0W525pYRobPb6BkLEwmu6h7kdDIYxkTqEO67BNKvomVr4LWl2LAl5sIIOaC2FmKjRsYEcbD0-shTerN9iZXjhl9MkxYE8ZPb_F9ImMDumj_S15ZuxoG4a0PfJu8boGxw8pkVpl7v9QwkE3o0vROGrs-tsuFSXlvf6LpX8bss9hYsYQUamHt12ZcOH12Mmj7TL1bDpCJc8U_Mhq7Fkogxdu4WlOI8FGH-vI8U8W1tfWCtqJajSHYNU9VNxD9qVD2nw",
    "token_expiry": "2022-07-06T14:37:58Z"
  },
  "sentinels": {
    "config_sentinel": "/home/dev/.config/gcloud/config_sentinel"
  }
}
2022-07-06 15:37:59,691 INFO     ___FILE_ONLY___ 

2022-07-06 15:37:59,692 DEBUG    root            SDK update checks are disabled.
