2022-07-06 16:41:41,281 DEBUG    root            Loaded Command Group: ['gcloud', 'config']
2022-07-06 16:41:41,283 DEBUG    root            Loaded Command Group: ['gcloud', 'config', 'config_helper']
2022-07-06 16:41:41,284 DEBUG    root            Running [gcloud.config.config-helper] with arguments: [--format: "json"]
2022-07-06 16:41:41,291 INFO     root            Display format: "default json"
2022-07-06 16:41:41,291 INFO     ___FILE_ONLY___ {
  "configuration": {
    "active_configuration": "default",
    "properties": {
      "core": {
        "account": "fredrik.larsson@tradera.com",
        "disable_usage_reporting": "True"
      }
    }
  },
  "credential": {
    "access_token": "ya29.a0AVA9y1uAAdll-tdNUmjw5jBRdQd8E1oOXaEzVYoTV73UvtYvP021xfzs1l-iSj6U-zVhIlPeKOXYBdHe75387oTXydiUU6DvT92hNw5550e6P2Gg5SVoz5t4evUvlv83kX4PLWIS7F0vSpCZMfJJxVaVZWg_qz6cpptacw",
    "id_token": "eyJhbGciOiJSUzI1NiIsImtpZCI6IjI2NTBhMmNlNDdiMWFiM2JhNDA5OTc5N2Y4YzA2ZWJjM2RlOTI4YWMiLCJ0eXAiOiJKV1QifQ.eyJpc3MiOiJodHRwczovL2FjY291bnRzLmdvb2dsZS5jb20iLCJhenAiOiIzMjU1NTk0MDU1OS5hcHBzLmdvb2dsZXVzZXJjb250ZW50LmNvbSIsImF1ZCI6IjMyNTU1OTQwNTU5LmFwcHMuZ29vZ2xldXNlcmNvbnRlbnQuY29tIiwic3ViIjoiMTA5NjgxNjk0MjU0NDkyNTA0ODk1IiwiaGQiOiJ0cmFkZXJhLmNvbSIsImVtYWlsIjoiZnJlZHJpay5sYXJzc29uQHRyYWRlcmEuY29tIiwiZW1haWxfdmVyaWZpZWQiOnRydWUsImF0X2hhc2giOiJhQXZ5QmhkcGdpbUZERTZqZnNJU1hRIiwiaWF0IjoxNjU3MTE4MjgyLCJleHAiOjE2NTcxMjE4ODJ9.BxrShunFs4VuhYWCQreJP2XkZAxzLRos-Pd2eQWaeDdJ1ldV45D1lq4Wq67OVRPoq5tbjhtlry3hnXdQ8Hcunfo3s0rRCNVVspKKjMK4_xSu10ukdpfzzJZmhUdKNIrFFIQprjvYFvRuflerANfHcU5UY_fEOEk6GUFeljAMQEGtvUuscffqxkPxXzIB-Zg_4D_57a1Dd5YxHM060uD-UnY4UxPUxdAlBzgqBu0LIOHflwIXcVLrX0sGUVHx4Uxg0ivK98ibIUbR1KVGcSiavMQRDarnpXH17cxNzqC_O-H2VkTLi-VERqwm79ZLMI42N68g8LSUvuJFrO0-LMh3QQ",
    "token_expiry": "2022-07-06T15:38:00Z"
  },
  "sentinels": {
    "config_sentinel": "/home/dev/.config/gcloud/config_sentinel"
  }
}
2022-07-06 16:41:41,291 INFO     ___FILE_ONLY___ 

2022-07-06 16:41:41,291 DEBUG    root            SDK update checks are disabled.
