2022-07-13 09:00:24,624 DEBUG    root            Loaded Command Group: ['gcloud', 'config']
2022-07-13 09:00:24,626 DEBUG    root            Loaded Command Group: ['gcloud', 'config', 'config_helper']
2022-07-13 09:00:24,627 DEBUG    root            Running [gcloud.config.config-helper] with arguments: [--format: "json"]
2022-07-13 09:00:36,839 DEBUG    google.auth.transport.requests Making request: POST https://oauth2.googleapis.com/token
2022-07-13 09:00:36,841 DEBUG    urllib3.connectionpool Starting new HTTPS connection (1): oauth2.googleapis.com:443
2022-07-13 09:00:37,071 DEBUG    urllib3.connectionpool https://oauth2.googleapis.com:443 "POST /token HTTP/1.1" 200 None
2022-07-13 09:00:37,095 INFO     root            Display format: "default json"
2022-07-13 09:00:37,095 INFO     ___FILE_ONLY___ {
  "configuration": {
    "active_configuration": "default",
    "properties": {
      "core": {
        "account": "fredrik.larsson@tradera.com",
        "disable_usage_reporting": "True",
        "project": "tradera-development"
      }
    }
  },
  "credential": {
    "access_token": "ya29.A0AVA9y1uvffwifjYHoKfQKm4PhK4_q5LcK4YdA_OskCKEZoN8HV30KJRhuHg1tNHdl9PIxT_HCKtH13_nknyiG3mlPjWRBQuHTUNvoXcNx9esu2hE_Fy6IeCyHg5K2vaybBKQsyj21WUHpc4ebO4JV1tVLHIc_DIB1Mbq5wYUNnWUtBVEFTQVRBU0ZRRTY1ZHI4M01nemYxNUpJVVN5Nlo5WEVWOGVvUQ0173",
    "id_token": "eyJhbGciOiJSUzI1NiIsImtpZCI6IjFiZDY4NWY1ZThmYzYyZDc1ODcwNWMxZWIwZThhNzUyNGM0NzU5NzUiLCJ0eXAiOiJKV1QifQ.eyJpc3MiOiJodHRwczovL2FjY291bnRzLmdvb2dsZS5jb20iLCJhenAiOiIzMjU1NTk0MDU1OS5hcHBzLmdvb2dsZXVzZXJjb250ZW50LmNvbSIsImF1ZCI6IjMyNTU1OTQwNTU5LmFwcHMuZ29vZ2xldXNlcmNvbnRlbnQuY29tIiwic3ViIjoiMTA5NjgxNjk0MjU0NDkyNTA0ODk1IiwiaGQiOiJ0cmFkZXJhLmNvbSIsImVtYWlsIjoiZnJlZHJpay5sYXJzc29uQHRyYWRlcmEuY29tIiwiZW1haWxfdmVyaWZpZWQiOnRydWUsImF0X2hhc2giOiJidFlVZWRSR0RVZXdTZ0VodVMtRmNBIiwiaWF0IjoxNjU3Njk1NjM0LCJleHAiOjE2NTc2OTkyMzR9.TeGnJMoaHVmjFrmn4jUYKkIDLcl6VFZkHXXdbAtH3Sv9hDVBaPRJYnZqaFUhTuwaQMWXOV5-6jzSCnQdIsH1FDoMXDLjhI7JInzmVrSCnRQQcgPzgsDEM7VSfgzbG3gnZXus-sitEo4-w-OXnK1CiNmgWZok0RIUEhnUr_A2FhzoF15WvHkGGvRgALoTitXv5V2SLu-O9Wi4y0rbQoBR9F1OPMQNSJMFlgPwI6nwmlBw8wdzSt2Sw9E8l1hUZE_V2NCkWL0WFTC1Jr_NTeVQBsghV0ndaM5dbNrWF9iAh3KUdxlveSK8QuSPzTwxdZ1H7VBjJL7_MFW7UZGZDF7JCQ",
    "token_expiry": "2022-07-13T08:00:36Z"
  },
  "sentinels": {
    "config_sentinel": "/home/dev/.config/gcloud/config_sentinel"
  }
}
2022-07-13 09:00:37,095 INFO     ___FILE_ONLY___ 

2022-07-13 09:00:37,095 DEBUG    root            SDK update checks are disabled.
