2022-07-08 08:21:33,099 DEBUG    root            Loaded Command Group: ['gcloud', 'config']
2022-07-08 08:21:33,100 DEBUG    root            Loaded Command Group: ['gcloud', 'config', 'config_helper']
2022-07-08 08:21:33,102 DEBUG    root            Running [gcloud.config.config-helper] with arguments: [--format: "json"]
2022-07-08 08:21:45,381 DEBUG    google.auth.transport.requests Making request: POST https://oauth2.googleapis.com/token
2022-07-08 08:21:45,383 DEBUG    urllib3.connectionpool Starting new HTTPS connection (1): oauth2.googleapis.com:443
2022-07-08 08:21:45,614 DEBUG    urllib3.connectionpool https://oauth2.googleapis.com:443 "POST /token HTTP/1.1" 200 None
2022-07-08 08:21:45,627 INFO     root            Display format: "default json"
2022-07-08 08:21:45,628 INFO     ___FILE_ONLY___ {
  "configuration": {
    "active_configuration": "default",
    "properties": {
      "core": {
        "account": "fredrik.larsson@tradera.com",
        "disable_usage_reporting": "True"
      }
    }
  },
  "credential": {
    "access_token": "ya29.a0AVA9y1uqzZBfl8vsnOJ5IN69A_dNVZXYY22oRQCnsg6Fho6zyyHWqFYP3lqisX9PtHDW-CeuAASNHK0wzzUDfKW3ewOGF-a0va5N9TTTgHlHWJCkqM6xPOeH-o-gyw4yCa4vngXQs_jRlCZjSGkYmv8xxtADyzO2rFAQ0w",
    "id_token": "eyJhbGciOiJSUzI1NiIsImtpZCI6IjFiZDY4NWY1ZThmYzYyZDc1ODcwNWMxZWIwZThhNzUyNGM0NzU5NzUiLCJ0eXAiOiJKV1QifQ.eyJpc3MiOiJodHRwczovL2FjY291bnRzLmdvb2dsZS5jb20iLCJhenAiOiIzMjU1NTk0MDU1OS5hcHBzLmdvb2dsZXVzZXJjb250ZW50LmNvbSIsImF1ZCI6IjMyNTU1OTQwNTU5LmFwcHMuZ29vZ2xldXNlcmNvbnRlbnQuY29tIiwic3ViIjoiMTA5NjgxNjk0MjU0NDkyNTA0ODk1IiwiaGQiOiJ0cmFkZXJhLmNvbSIsImVtYWlsIjoiZnJlZHJpay5sYXJzc29uQHRyYWRlcmEuY29tIiwiZW1haWxfdmVyaWZpZWQiOnRydWUsImF0X2hhc2giOiJrMDUzYWwyTFpaVXIwY3ZZYzJ2bUNRIiwiaWF0IjoxNjU3MjYxMzA0LCJleHAiOjE2NTcyNjQ5MDR9.OtNc7sNyquQVVlY86aPLAs_jnzXVtR8jB0zDpxX3_2_TXcveY_Zc71m_y-IwGa52T5pYccfQWtQvcQQJz-4QKkLyiXT2T3Poum41hq7Sw69fxNjqD6u6XQXoG1Tuj2IftmO0Hobi8gKWDlRjAc0ZlUNozAeOMJnElm_Ki7BJNrAIQ-XNhFSUY0QvGSRfeaX6pYtt2a1RmBNuApIe-KwvyJ8EqkZnNzXhnCS1B3WPEL9F6PXs6eRpqaLnPshjpopHcYvKIF3yjS0J-zuj8B8MhAZDQGN52BjsT3TkRIpqPUNPC7idsEnJ9Hv61jD0gmOwpLWOJkIYBIihjDe0AhX3Bw",
    "token_expiry": "2022-07-08T07:21:44Z"
  },
  "sentinels": {
    "config_sentinel": "/home/dev/.config/gcloud/config_sentinel"
  }
}
2022-07-08 08:21:45,628 INFO     ___FILE_ONLY___ 

2022-07-08 08:21:45,628 DEBUG    root            SDK update checks are disabled.
