2022-07-08 09:35:49,714 DEBUG    root            Loaded Command Group: ['gcloud', 'config']
2022-07-08 09:35:49,716 DEBUG    root            Loaded Command Group: ['gcloud', 'config', 'config_helper']
2022-07-08 09:35:49,718 DEBUG    root            Running [gcloud.config.config-helper] with arguments: [--format: "json"]
2022-07-08 09:36:01,949 DEBUG    google.auth.transport.requests Making request: POST https://oauth2.googleapis.com/token
2022-07-08 09:36:01,950 DEBUG    urllib3.connectionpool Starting new HTTPS connection (1): oauth2.googleapis.com:443
2022-07-08 09:36:02,190 DEBUG    urllib3.connectionpool https://oauth2.googleapis.com:443 "POST /token HTTP/1.1" 200 None
2022-07-08 09:36:02,223 INFO     root            Display format: "default json"
2022-07-08 09:36:02,224 INFO     ___FILE_ONLY___ {
  "configuration": {
    "active_configuration": "default",
    "properties": {
      "core": {
        "account": "fredrik.larsson@tradera.com",
        "disable_usage_reporting": "True"
      }
    }
  },
  "credential": {
    "access_token": "ya29.A0AVA9y1uPj1Owi5FSedUfX8SSq6pEo0IWhzlJn3iOgFB_zyqO9zXScWHViEp5snQvLastZEiQdq4zlHwgMX0NuIxXsuAqOGUYLMKqQKDbyv0SQX-GvCS80MdEqw_vH_FxIsEvfzHvuTM0oX5tbFDRdJdHaw9PH2t7es_owwYUNnWUtBVEFTQVRBU0ZRRl91NjFWRzZWVThyRUlEczA0ZVNHX1VESU9GQQ0173",
    "id_token": "eyJhbGciOiJSUzI1NiIsImtpZCI6IjFiZDY4NWY1ZThmYzYyZDc1ODcwNWMxZWIwZThhNzUyNGM0NzU5NzUiLCJ0eXAiOiJKV1QifQ.eyJpc3MiOiJodHRwczovL2FjY291bnRzLmdvb2dsZS5jb20iLCJhenAiOiIzMjU1NTk0MDU1OS5hcHBzLmdvb2dsZXVzZXJjb250ZW50LmNvbSIsImF1ZCI6IjMyNTU1OTQwNTU5LmFwcHMuZ29vZ2xldXNlcmNvbnRlbnQuY29tIiwic3ViIjoiMTA5NjgxNjk0MjU0NDkyNTA0ODk1IiwiaGQiOiJ0cmFkZXJhLmNvbSIsImVtYWlsIjoiZnJlZHJpay5sYXJzc29uQHRyYWRlcmEuY29tIiwiZW1haWxfdmVyaWZpZWQiOnRydWUsImF0X2hhc2giOiJobUZxTVBwYjFWQ0h0RzhDdmtkY3NnIiwiaWF0IjoxNjU3MjY1NzYxLCJleHAiOjE2NTcyNjkzNjF9.Xa42MX3b_pYkLzgZCapurndtiuSnVtCuYjs5SqJj2UJtMHDd5Jd1_MawGSDK86X_TgAG8IpWkTyOuF-w0VfC1o6e_DwN6gGsnDbaE1lzCqKbY6BRO4nJzeM0qVum9NKIK2bZMF9QsHomLvevUbvTVDdhMoxzzf5Hq2npBuN1t9V-pnFHpJmV8L2_zBjTkcplSiAXas5evVFyueTQ_fw1wScoPhpfaWeHuOdTZ5UK5f42rAJTqsgryjk_int8hyEfzfCqtM1lFzON2PDlz4Ya11lNkJ7ZSNB_fpODP_xkfO6I5BFwlQjVaWHW8F3pvhJKUKYolXIzfrFKq5AxvtJrUg",
    "token_expiry": "2022-07-08T08:36:01Z"
  },
  "sentinels": {
    "config_sentinel": "/home/dev/.config/gcloud/config_sentinel"
  }
}
2022-07-08 09:36:02,224 INFO     ___FILE_ONLY___ 

2022-07-08 09:36:02,225 DEBUG    root            SDK update checks are disabled.
