2022-07-08 10:34:20,536 DEBUG    root            Running [gcloud] with arguments: [-h: "None"]
2022-07-08 10:34:20,537 DEBUG    root            Loaded Command Group: ['gcloud', 'access_context_manager']
2022-07-08 10:34:20,543 DEBUG    root            Loaded Command Group: ['gcloud', 'dataplex']
2022-07-08 10:34:20,553 DEBUG    root            Loaded Command Group: ['gcloud', 'debug']
2022-07-08 10:34:20,557 DEBUG    root            Loaded Command Group: ['gcloud', 'app']
2022-07-08 10:34:20,563 DEBUG    root            Loaded Command Group: ['gcloud', 'cloud_shell']
2022-07-08 10:34:20,564 DEBUG    root            Loaded Command Group: ['gcloud', 'logging']
2022-07-08 10:34:20,569 DEBUG    root            No implementation for release track [GA] for element: [/opt/google-cloud-sdk/lib/surface/error_reporting]
2022-07-08 10:34:20,655 DEBUG    root            Loaded Command Group: ['gcloud', 'compute']
2022-07-08 10:34:20,674 DEBUG    root            Loaded Command Group: ['gcloud', 'recaptcha']
2022-07-08 10:34:20,685 DEBUG    root            Loaded Command Group: ['gcloud', 'info']
2022-07-08 10:34:20,687 DEBUG    root            No implementation for release track [GA] for element: [/opt/google-cloud-sdk/lib/surface/blueprints]
2022-07-08 10:34:20,688 DEBUG    root            Loaded Command Group: ['gcloud', 'secrets']
2022-07-08 10:34:20,691 DEBUG    root            Loaded Command Group: ['gcloud', 'resource_manager']
2022-07-08 10:34:20,695 DEBUG    root            No implementation for release track [GA] for element: [/opt/google-cloud-sdk/lib/surface/commerce_procurement]
2022-07-08 10:34:20,696 DEBUG    root            Loaded Command Group: ['gcloud', 'certificate_manager']
2022-07-08 10:34:20,701 DEBUG    root            No implementation for release track [GA] for element: [/opt/google-cloud-sdk/lib/surface/data_fusion]
2022-07-08 10:34:20,702 DEBUG    root            No implementation for release track [GA] for element: [/opt/google-cloud-sdk/lib/surface/workstations]
2022-07-08 10:34:20,703 DEBUG    root            No implementation for release track [GA] for element: [/opt/google-cloud-sdk/lib/surface/web_security_scanner]
2022-07-08 10:34:20,704 DEBUG    root            Loaded Command Group: ['gcloud', 'tasks']
2022-07-08 10:34:20,706 DEBUG    root            Loaded Command Group: ['gcloud', 'topic']
2022-07-08 10:34:20,708 DEBUG    root            No implementation for release track [GA] for element: [/opt/google-cloud-sdk/lib/surface/publicca]
2022-07-08 10:34:20,709 DEBUG    root            No implementation for release track [GA] for element: [/opt/google-cloud-sdk/lib/surface/genomics]
2022-07-08 10:34:20,713 DEBUG    root            Loaded Command Group: ['gcloud', 'docker']
2022-07-08 10:34:20,715 DEBUG    root            Loaded Command Group: ['gcloud', 'ml']
2022-07-08 10:34:20,776 DEBUG    root            No implementation for release track [GA] for element: [/opt/google-cloud-sdk/lib/surface/events]
2022-07-08 10:34:20,777 DEBUG    root            Loaded Command Group: ['gcloud', 'privateca']
2022-07-08 10:34:20,781 DEBUG    root            Loaded Command Group: ['gcloud', 'firestore']
2022-07-08 10:34:20,784 DEBUG    root            Loaded Command Group: ['gcloud', 'policy_troubleshoot']
2022-07-08 10:34:20,794 DEBUG    root            Loaded Command Group: ['gcloud', 'help']
2022-07-08 10:34:20,796 DEBUG    root            Loaded Command Group: ['gcloud', 'resource_settings']
2022-07-08 10:34:20,797 DEBUG    root            No implementation for release track [GA] for element: [/opt/google-cloud-sdk/lib/surface/resource_config]
2022-07-08 10:34:20,798 DEBUG    root            No implementation for release track [GA] for element: [/opt/google-cloud-sdk/lib/surface/storage]
2022-07-08 10:34:20,799 DEBUG    root            Loaded Command Group: ['gcloud', 'dns']
2022-07-08 10:34:20,976 DEBUG    root            No implementation for release track [GA] for element: [/opt/google-cloud-sdk/lib/surface/interactive]
2022-07-08 10:34:20,977 DEBUG    root            Loaded Command Group: ['gcloud', 'datastore']
2022-07-08 10:34:20,979 DEBUG    root            Loaded Command Group: ['gcloud', 'filestore']
2022-07-08 10:34:20,983 DEBUG    root            Loaded Command Group: ['gcloud', 'scheduler']
2022-07-08 10:34:20,985 DEBUG    root            Loaded Command Group: ['gcloud', 'config']
2022-07-08 10:34:20,986 DEBUG    root            Loaded Command Group: ['gcloud', 'monitoring']
2022-07-08 10:34:20,989 DEBUG    root            Loaded Command Group: ['gcloud', 'ids']
2022-07-08 10:34:20,990 DEBUG    root            Loaded Command Group: ['gcloud', 'billing']
2022-07-08 10:34:20,992 DEBUG    root            Loaded Command Group: ['gcloud', 'network_services']
2022-07-08 10:34:20,996 DEBUG    root            Loaded Command Group: ['gcloud', 'anthos']
2022-07-08 10:34:20,998 DEBUG    root            Loaded Command Group: ['gcloud', 'transcoder']
2022-07-08 10:34:21,000 DEBUG    root            Loaded Command Group: ['gcloud', 'deployment_manager']
2022-07-08 10:34:21,003 DEBUG    root            Loaded Command Group: ['gcloud', 'version']
2022-07-08 10:34:21,005 DEBUG    root            Loaded Command Group: ['gcloud', 'components']
2022-07-08 10:34:21,006 DEBUG    root            Loaded Command Group: ['gcloud', 'pubsub']
2022-07-08 10:34:21,010 DEBUG    root            Loaded Command Group: ['gcloud', 'deploy']
2022-07-08 10:34:21,012 DEBUG    root            Loaded Command Group: ['gcloud', 'essential_contacts']
2022-07-08 10:34:21,013 DEBUG    root            Loaded Command Group: ['gcloud', 'source']
2022-07-08 10:34:21,035 DEBUG    root            Loaded Command Group: ['gcloud', 'bms']
2022-07-08 10:34:21,043 DEBUG    root            Loaded Command Group: ['gcloud', 'init']
2022-07-08 10:34:21,044 DEBUG    root            Loaded Command Group: ['gcloud', 'network_management']
2022-07-08 10:34:21,046 DEBUG    root            Loaded Command Group: ['gcloud', 'spanner']
2022-07-08 10:34:21,049 DEBUG    root            Loaded Command Group: ['gcloud', 'assured']
2022-07-08 10:34:21,051 DEBUG    root            Loaded Command Group: ['gcloud', 'cheat_sheet']
2022-07-08 10:34:21,053 DEBUG    root            Loaded Command Group: ['gcloud', 'auth']
2022-07-08 10:34:21,056 DEBUG    root            No implementation for release track [GA] for element: [/opt/google-cloud-sdk/lib/surface/code]
2022-07-08 10:34:21,057 DEBUG    root            Loaded Command Group: ['gcloud', 'healthcare']
2022-07-08 10:34:21,061 DEBUG    root            Loaded Command Group: ['gcloud', 'workspace_add_ons']
2022-07-08 10:34:21,062 DEBUG    root            No implementation for release track [GA] for element: [/opt/google-cloud-sdk/lib/surface/immersive_stream]
2022-07-08 10:34:21,062 DEBUG    root            Loaded Command Group: ['gcloud', 'organizations']
2022-07-08 10:34:21,064 DEBUG    root            No implementation for release track [GA] for element: [/opt/google-cloud-sdk/lib/surface/lifesciences]
2022-07-08 10:34:21,095 DEBUG    root            Loaded Command Group: ['gcloud', 'api_gateway']
2022-07-08 10:34:21,098 DEBUG    root            Loaded Command Group: ['gcloud', 'edge_cache']
2022-07-08 10:34:21,101 DEBUG    root            No implementation for release track [GA] for element: [/opt/google-cloud-sdk/lib/surface/alloydb]
2022-07-08 10:34:21,103 DEBUG    root            No implementation for release track [GA] for element: [/opt/google-cloud-sdk/lib/surface/runtime_config]
2022-07-08 10:34:21,104 DEBUG    root            Loaded Command Group: ['gcloud', 'builds']
2022-07-08 10:34:21,108 DEBUG    root            Loaded Command Group: ['gcloud', 'iam']
2022-07-08 10:34:21,112 DEBUG    root            Loaded Command Group: ['gcloud', 'functions']
2022-07-08 10:34:21,115 DEBUG    root            Loaded Command Group: ['gcloud', 'eventarc']
2022-07-08 10:34:21,119 DEBUG    root            Loaded Command Group: ['gcloud', 'run']
2022-07-08 10:34:21,123 DEBUG    root            Loaded Command Group: ['gcloud', 'metastore']
2022-07-08 10:34:21,125 DEBUG    root            Loaded Command Group: ['gcloud', 'game']
2022-07-08 10:34:21,127 DEBUG    root            Loaded Command Group: ['gcloud', 'service_directory']
2022-07-08 10:34:21,130 DEBUG    root            Loaded Command Group: ['gcloud', 'endpoints']
2022-07-08 10:34:21,132 DEBUG    root            No implementation for release track [GA] for element: [/opt/google-cloud-sdk/lib/surface/datapipelines]
2022-07-08 10:34:21,132 DEBUG    root            Loaded Command Group: ['gcloud', 'redis']
2022-07-08 10:34:21,135 DEBUG    root            Loaded Command Group: ['gcloud', 'emulators']
2022-07-08 10:34:21,137 DEBUG    root            No implementation for release track [GA] for element: [/opt/google-cloud-sdk/lib/surface/terraform]
2022-07-08 10:34:21,138 DEBUG    root            No implementation for release track [GA] for element: [/opt/google-cloud-sdk/lib/surface/kuberun]
2022-07-08 10:34:21,138 DEBUG    root            No implementation for release track [GA] for element: [/opt/google-cloud-sdk/lib/surface/media]
2022-07-08 10:34:21,139 DEBUG    root            Loaded Command Group: ['gcloud', 'meta']
2022-07-08 10:34:21,141 DEBUG    root            Loaded Command Group: ['gcloud', 'services']
2022-07-08 10:34:21,144 DEBUG    root            No implementation for release track [GA] for element: [/opt/google-cloud-sdk/lib/surface/trace]
2022-07-08 10:34:21,144 DEBUG    root            Loaded Command Group: ['gcloud', 'workflows']
2022-07-08 10:34:21,145 DEBUG    root            Loaded Command Group: ['gcloud', 'recommender']
2022-07-08 10:34:21,148 DEBUG    root            Loaded Command Group: ['gcloud', 'transfer']
2022-07-08 10:34:21,150 DEBUG    root            Loaded Command Group: ['gcloud', 'active_directory']
2022-07-08 10:34:21,152 DEBUG    root            Loaded Command Group: ['gcloud', 'bigtable']
2022-07-08 10:34:21,155 DEBUG    root            Loaded Command Group: ['gcloud', 'access_approval']
2022-07-08 10:34:21,156 DEBUG    root            Loaded Command Group: ['gcloud', 'policy_intelligence']
2022-07-08 10:34:21,158 DEBUG    root            Loaded Command Group: ['gcloud', 'iap']
2022-07-08 10:34:21,162 DEBUG    root            Loaded Command Group: ['gcloud', 'feedback']
2022-07-08 10:34:21,163 DEBUG    root            Loaded Command Group: ['gcloud', 'data_catalog']
2022-07-08 10:34:21,166 DEBUG    root            Loaded Command Group: ['gcloud', 'asset']
2022-07-08 10:34:21,168 DEBUG    root            Loaded Command Group: ['gcloud', 'kms']
2022-07-08 10:34:21,171 DEBUG    root            No implementation for release track [GA] for element: [/opt/google-cloud-sdk/lib/surface/vmware]
2022-07-08 10:34:21,171 DEBUG    root            No implementation for release track [GA] for element: [/opt/google-cloud-sdk/lib/surface/dlp]
2022-07-08 10:34:21,172 DEBUG    root            Loaded Command Group: ['gcloud', 'sql']
2022-07-08 10:34:21,176 DEBUG    root            Loaded Command Group: ['gcloud', 'database_migration']
2022-07-08 10:34:21,178 DEBUG    root            No implementation for release track [GA] for element: [/opt/google-cloud-sdk/lib/surface/batch]
2022-07-08 10:34:21,178 DEBUG    root            Loaded Command Group: ['gcloud', 'iot']
2022-07-08 10:34:21,185 DEBUG    root            Loaded Command Group: ['gcloud', 'survey']
2022-07-08 10:34:21,187 DEBUG    root            Loaded Command Group: ['gcloud', 'composer']
2022-07-08 10:34:21,188 DEBUG    root            Loaded Command Group: ['gcloud', 'ai']
2022-07-08 10:34:21,193 DEBUG    root            Loaded Command Group: ['gcloud', 'network_security']
2022-07-08 10:34:21,195 DEBUG    root            No implementation for release track [GA] for element: [/opt/google-cloud-sdk/lib/surface/bq]
2022-07-08 10:34:21,196 DEBUG    root            Loaded Command Group: ['gcloud', 'ai_platform']
2022-07-08 10:34:21,198 DEBUG    root            Loaded Command Group: ['gcloud', 'ml_engine']
2022-07-08 10:34:21,199 DEBUG    root            No implementation for release track [GA] for element: [/opt/google-cloud-sdk/lib/surface/beyondcorp]
2022-07-08 10:34:21,200 DEBUG    root            Loaded Command Group: ['gcloud', 'firebase']
2022-07-08 10:34:21,201 DEBUG    root            Loaded Command Group: ['gcloud', 'network_connectivity']
2022-07-08 10:34:21,204 DEBUG    root            Loaded Command Group: ['gcloud', 'dataproc']
2022-07-08 10:34:21,207 DEBUG    root            Loaded Command Group: ['gcloud', 'dataflow']
2022-07-08 10:34:21,209 DEBUG    root            No implementation for release track [GA] for element: [/opt/google-cloud-sdk/lib/surface/dialogflow]
2022-07-08 10:34:21,210 DEBUG    root            Loaded Command Group: ['gcloud', 'datastream']
2022-07-08 10:34:21,212 DEBUG    root            Loaded Command Group: ['gcloud', 'domains']
2022-07-08 10:34:21,213 DEBUG    root            No implementation for release track [GA] for element: [/opt/google-cloud-sdk/lib/surface/remote_build_execution]
2022-07-08 10:34:21,214 DEBUG    root            Loaded Command Group: ['gcloud', 'artifacts']
2022-07-08 10:34:21,218 DEBUG    root            Loaded Command Group: ['gcloud', 'scc']
2022-07-08 10:34:21,221 DEBUG    root            Loaded Command Group: ['gcloud', 'edge_cloud']
2022-07-08 10:34:21,223 DEBUG    root            Loaded Command Group: ['gcloud', 'identity']
2022-07-08 10:34:21,224 DEBUG    root            Loaded Command Group: ['gcloud', 'projects']
2022-07-08 10:34:21,225 DEBUG    root            Loaded Command Group: ['gcloud', 'notebooks']
2022-07-08 10:34:21,227 DEBUG    root            Loaded Command Group: ['gcloud', 'org_policies']
2022-07-08 10:34:21,228 DEBUG    root            Loaded Command Group: ['gcloud', 'apigee']
2022-07-08 10:34:21,231 DEBUG    root            Loaded Command Group: ['gcloud', 'memcache']
2022-07-08 10:34:21,233 INFO     ___FILE_ONLY___ Usage: gcloud [optional flags] <group | command>
  group may be           access-approval | access-context-manager |
                         active-directory | ai | ai-platform | alpha | anthos |
                         api-gateway | apigee | app | artifacts | asset |
                         assured | auth | beta | bigtable | billing | bms |
                         builds | certificate-manager | cloud-shell |
                         components | composer | compute | config | container |
                         data-catalog | database-migration | dataflow |
                         dataplex | dataproc | datastore | datastream | debug |
                         deploy | deployment-manager | dns | domains |
                         edge-cloud | emulators | endpoints |
                         essential-contacts | eventarc | filestore | firebase |
                         firestore | functions | game | healthcare | iam | iap |
                         identity | ids | iot | kms | logging | memcache |
                         metastore | ml | ml-engine | monitoring |
                         network-connectivity | network-management |
                         network-security | network-services | notebooks |
                         org-policies | organizations | policy-intelligence |
                         policy-troubleshoot | privateca | projects | pubsub |
                         recaptcha | recommender | redis | resource-manager |
                         resource-settings | run | scc | scheduler | secrets |
                         service-directory | services | source | spanner | sql |
                         tasks | topic | transcoder | transfer | workflows |
                         workspace-add-ons
  command may be         cheat-sheet | docker | feedback | help | info | init |
                         survey | version

For detailed information on this command and its flags, run:
  gcloud --help

