2022-07-08 10:38:52,310 DEBUG    root            Loaded Command Group: ['gcloud', 'iam']
2022-07-08 10:38:52,311 DEBUG    root            Loaded Command Group: ['gcloud', 'iam', 'service_accounts']
2022-07-08 10:38:52,316 DEBUG    root            Loaded Command Group: ['gcloud', 'iam', 'service-accounts', 'list']
2022-07-08 10:38:52,318 DEBUG    root            Running [gcloud.iam.service-accounts.list] with arguments: []
2022-07-08 10:38:52,318 INFO     root            Display format: "table(displayName:label="DISPLAY NAME", email, disabled)"
2022-07-08 10:38:52,318 DEBUG    root            (gcloud.iam.service-accounts.list) The required property [project] is not currently set.
It can be set on a per-command basis by re-running your command with the [--project] flag.

You may set it for your current workspace by running:

  $ gcloud config set project VALUE

or it can be set temporarily by the environment variable [CLOUDSDK_CORE_PROJECT]
Traceback (most recent call last):
  File "/opt/google-cloud-sdk/lib/googlecloudsdk/calliope/cli.py", line 987, in Execute
    resources = calliope_command.Run(cli=self, args=args)
  File "/opt/google-cloud-sdk/lib/googlecloudsdk/calliope/backend.py", line 811, in Run
    display_info=self.ai.display_info).Display()
  File "/opt/google-cloud-sdk/lib/googlecloudsdk/calliope/display.py", line 483, in Display
    self._printer.Print(self._resources)
  File "/opt/google-cloud-sdk/lib/googlecloudsdk/core/resource/resource_printer_base.py", line 298, in Print
    for resource in resources:
  File "/opt/google-cloud-sdk/lib/surface/iam/service_accounts/list.py", line 57, in Run
    project = properties.VALUES.core.project.Get(required=True)
  File "/opt/google-cloud-sdk/lib/googlecloudsdk/core/properties.py", line 3389, in Get
    property_value = self.GetPropertyValue(required, validate)
  File "/opt/google-cloud-sdk/lib/googlecloudsdk/core/properties.py", line 3408, in GetPropertyValue
    property_value = _GetProperty(self,
  File "/opt/google-cloud-sdk/lib/googlecloudsdk/core/properties.py", line 3741, in _GetProperty
    raise RequiredPropertyError(prop, flag=flag_to_use)
googlecloudsdk.core.properties.RequiredPropertyError: The required property [project] is not currently set.
It can be set on a per-command basis by re-running your command with the [--project] flag.

You may set it for your current workspace by running:

  $ gcloud config set project VALUE

or it can be set temporarily by the environment variable [CLOUDSDK_CORE_PROJECT]
2022-07-08 10:38:52,319 ERROR    root            (gcloud.iam.service-accounts.list) The required property [project] is not currently set.
It can be set on a per-command basis by re-running your command with the [--project] flag.

You may set it for your current workspace by running:

  $ gcloud config set project VALUE

or it can be set temporarily by the environment variable [CLOUDSDK_CORE_PROJECT]
