2022-07-08 10:36:54,759 DEBUG    root            Loaded Command Group: ['gcloud', 'config']
2022-07-08 10:36:54,760 DEBUG    root            Loaded Command Group: ['gcloud', 'config', 'config_helper']
2022-07-08 10:36:54,762 DEBUG    root            Running [gcloud.config.config-helper] with arguments: [--format: "json"]
2022-07-08 10:36:54,768 INFO     root            Display format: "default json"
2022-07-08 10:36:54,768 INFO     ___FILE_ONLY___ {
  "configuration": {
    "active_configuration": "default",
    "properties": {
      "core": {
        "account": "fredrik.larsson@tradera.com",
        "disable_usage_reporting": "True"
      }
    }
  },
  "credential": {
    "access_token": "ya29.a0AVA9y1tNcuG7alZ0wDz8ez0EBRk3KHfxkImhDl7GMQs9SYEGBgwn2UOOB4qYAL6juUEcvdfZpkbyEZCtQffHNF_LvbTVAkyIT8PXnNrWy0KgnqErpbL-KzJp9v-Aq_ZOeoLm7wFxROhgSKPc8RU3XQABd0lMie-zfpxb4w",
    "id_token": "eyJhbGciOiJSUzI1NiIsImtpZCI6IjFiZDY4NWY1ZThmYzYyZDc1ODcwNWMxZWIwZThhNzUyNGM0NzU5NzUiLCJ0eXAiOiJKV1QifQ.eyJpc3MiOiJodHRwczovL2FjY291bnRzLmdvb2dsZS5jb20iLCJhenAiOiIzMjU1NTk0MDU1OS5hcHBzLmdvb2dsZXVzZXJjb250ZW50LmNvbSIsImF1ZCI6IjMyNTU1OTQwNTU5LmFwcHMuZ29vZ2xldXNlcmNvbnRlbnQuY29tIiwic3ViIjoiMTA5NjgxNjk0MjU0NDkyNTA0ODk1IiwiaGQiOiJ0cmFkZXJhLmNvbSIsImVtYWlsIjoiZnJlZHJpay5sYXJzc29uQHRyYWRlcmEuY29tIiwiZW1haWxfdmVyaWZpZWQiOnRydWUsImF0X2hhc2giOiJFOWpheWtwUXQ4QnVoTU5zWDh1bUtBIiwiaWF0IjoxNjU3MjY5MjIzLCJleHAiOjE2NTcyNzI4MjN9.g0LaUErEWSb90Ka_I2Ryg0j_ITr_JJS3mGhjwySLVjQt6Kpi1az4rVswtCOMC_lHOocYmjU6s_b6_XIWjT3Wtb-SIss24_VETKD20J29_JnJwhA_6gBlpvYzP2MEtrztaYn9FZIRFoIMJWTt38VyspYD5cQTyoPj-eiFsXgYU8kuNJVEWrW8hpKdCQa1wod6J4TI2b63vVPu6lr047tyPUQV1T5bn2jBC5PwaWcyfVv7pDaLdjHF3l5UTHIftR4Bl9n0DJApo7URtpy5utEUSlsYeU10fPm3n5GZ62PardcpQQ1sa-AG6DQRylu4tFBmyzA_QmjEiHYY3dbrp36zYg",
    "token_expiry": "2022-07-08T09:33:43Z"
  },
  "sentinels": {
    "config_sentinel": "/home/dev/.config/gcloud/config_sentinel"
  }
}
2022-07-08 10:36:54,768 INFO     ___FILE_ONLY___ 

2022-07-08 10:36:54,768 DEBUG    root            SDK update checks are disabled.
