2022-07-08 10:35:06,524 DEBUG    root            Loaded Command Group: ['gcloud', 'eventarc']
2022-07-08 10:35:06,525 DEBUG    root            No implementation for release track [GA] for element: [/opt/google-cloud-sdk/lib/surface/kuberun]
2022-07-08 10:35:06,525 DEBUG    root            Loaded Command Group: ['gcloud', 'iap']
2022-07-08 10:35:06,526 DEBUG    root            No implementation for release track [GA] for element: [/opt/google-cloud-sdk/lib/surface/blueprints]
2022-07-08 10:35:06,527 DEBUG    root            Loaded Command Group: ['gcloud', 'debug']
2022-07-08 10:35:06,528 DEBUG    root            No implementation for release track [GA] for element: [/opt/google-cloud-sdk/lib/surface/lifesciences]
2022-07-08 10:35:06,528 DEBUG    root            Loaded Command Group: ['gcloud', 'network_security']
2022-07-08 10:35:06,529 DEBUG    root            Loaded Command Group: ['gcloud', 'workflows']
2022-07-08 10:35:06,535 DEBUG    root            Loaded Command Group: ['gcloud', 'info']
2022-07-08 10:35:06,536 DEBUG    root            No implementation for release track [GA] for element: [/opt/google-cloud-sdk/lib/surface/terraform]
2022-07-08 10:35:06,536 DEBUG    root            Loaded Command Group: ['gcloud', 'dataflow']
2022-07-08 10:35:06,537 DEBUG    root            Loaded Command Group: ['gcloud', 'ids']
2022-07-08 10:35:06,537 DEBUG    root            Loaded Command Group: ['gcloud', 'firestore']
2022-07-08 10:35:06,538 DEBUG    root            Loaded Command Group: ['gcloud', 'projects']
2022-07-08 10:35:06,539 DEBUG    root            Loaded Command Group: ['gcloud', 'transfer']
2022-07-08 10:35:06,540 DEBUG    root            Loaded Command Group: ['gcloud', 'auth']
2022-07-08 10:35:06,541 DEBUG    root            No implementation for release track [GA] for element: [/opt/google-cloud-sdk/lib/surface/batch]
2022-07-08 10:35:06,541 DEBUG    root            No implementation for release track [GA] for element: [/opt/google-cloud-sdk/lib/surface/vmware]
2022-07-08 10:35:06,541 DEBUG    root            Loaded Command Group: ['gcloud', 'dataproc']
2022-07-08 10:35:06,542 DEBUG    root            Loaded Command Group: ['gcloud', 'recaptcha']
2022-07-08 10:35:06,546 DEBUG    root            Loaded Command Group: ['gcloud', 'survey']
2022-07-08 10:35:06,546 DEBUG    root            Loaded Command Group: ['gcloud', 'access_approval']
2022-07-08 10:35:06,547 DEBUG    root            Loaded Command Group: ['gcloud', 'iot']
2022-07-08 10:35:06,548 DEBUG    root            No implementation for release track [GA] for element: [/opt/google-cloud-sdk/lib/surface/workstations]
2022-07-08 10:35:06,548 DEBUG    root            No implementation for release track [GA] for element: [/opt/google-cloud-sdk/lib/surface/immersive_stream]
2022-07-08 10:35:06,548 DEBUG    root            No implementation for release track [GA] for element: [/opt/google-cloud-sdk/lib/surface/media]
2022-07-08 10:35:06,549 DEBUG    root            No implementation for release track [GA] for element: [/opt/google-cloud-sdk/lib/surface/remote_build_execution]
2022-07-08 10:35:06,549 DEBUG    root            No implementation for release track [GA] for element: [/opt/google-cloud-sdk/lib/surface/runtime_config]
2022-07-08 10:35:06,549 DEBUG    root            No implementation for release track [GA] for element: [/opt/google-cloud-sdk/lib/surface/bq]
2022-07-08 10:35:06,550 DEBUG    root            Loaded Command Group: ['gcloud', 'bigtable']
2022-07-08 10:35:06,550 DEBUG    root            Loaded Command Group: ['gcloud', 'app']
2022-07-08 10:35:06,552 DEBUG    root            Loaded Command Group: ['gcloud', 'dns']
2022-07-08 10:35:06,662 DEBUG    root            No implementation for release track [GA] for element: [/opt/google-cloud-sdk/lib/surface/interactive]
2022-07-08 10:35:06,662 DEBUG    root            Loaded Command Group: ['gcloud', 'recommender']
2022-07-08 10:35:06,663 DEBUG    root            Loaded Command Group: ['gcloud', 'pubsub']
2022-07-08 10:35:06,664 DEBUG    root            Loaded Command Group: ['gcloud', 'kms']
2022-07-08 10:35:06,665 DEBUG    root            Loaded Command Group: ['gcloud', 'certificate_manager']
2022-07-08 10:35:06,666 DEBUG    root            Loaded Command Group: ['gcloud', 'essential_contacts']
2022-07-08 10:35:06,667 DEBUG    root            Loaded Command Group: ['gcloud', 'scc']
2022-07-08 10:35:06,668 DEBUG    root            Loaded Command Group: ['gcloud', 'policy_troubleshoot']
2022-07-08 10:35:06,669 DEBUG    root            Loaded Command Group: ['gcloud', 'artifacts']
2022-07-08 10:35:06,670 DEBUG    root            No implementation for release track [GA] for element: [/opt/google-cloud-sdk/lib/surface/publicca]
2022-07-08 10:35:06,670 DEBUG    root            Loaded Command Group: ['gcloud', 'notebooks']
2022-07-08 10:35:06,671 DEBUG    root            Loaded Command Group: ['gcloud', 'secrets']
2022-07-08 10:35:06,672 DEBUG    root            Loaded Command Group: ['gcloud', 'healthcare']
2022-07-08 10:35:06,672 DEBUG    root            Loaded Command Group: ['gcloud', 'organizations']
2022-07-08 10:35:06,673 DEBUG    root            Loaded Command Group: ['gcloud', 'ml']
2022-07-08 10:35:06,674 DEBUG    root            Loaded Command Group: ['gcloud', 'transcoder']
2022-07-08 10:35:06,675 DEBUG    root            Loaded Command Group: ['gcloud', 'org_policies']
2022-07-08 10:35:06,676 DEBUG    root            No implementation for release track [GA] for element: [/opt/google-cloud-sdk/lib/surface/resource_config]
2022-07-08 10:35:06,677 DEBUG    root            Loaded Command Group: ['gcloud', 'meta']
2022-07-08 10:35:06,678 DEBUG    root            Loaded Command Group: ['gcloud', 'run']
2022-07-08 10:35:06,679 DEBUG    root            Loaded Command Group: ['gcloud', 'bms']
2022-07-08 10:35:06,680 DEBUG    root            Loaded Command Group: ['gcloud', 'iam']
2022-07-08 10:35:06,681 DEBUG    root            Loaded Command Group: ['gcloud', 'tasks']
2022-07-08 10:35:06,682 DEBUG    root            No implementation for release track [GA] for element: [/opt/google-cloud-sdk/lib/surface/datapipelines]
2022-07-08 10:35:06,685 DEBUG    root            No implementation for release track [GA] for element: [/opt/google-cloud-sdk/lib/surface/code]
2022-07-08 10:35:06,685 DEBUG    root            Loaded Command Group: ['gcloud', 'game']
2022-07-08 10:35:06,686 DEBUG    root            No implementation for release track [GA] for element: [/opt/google-cloud-sdk/lib/surface/web_security_scanner]
2022-07-08 10:35:06,686 DEBUG    root            Loaded Command Group: ['gcloud', 'deploy']
2022-07-08 10:35:06,687 DEBUG    root            Loaded Command Group: ['gcloud', 'filestore']
2022-07-08 10:35:06,688 DEBUG    root            Loaded Command Group: ['gcloud', 'dataplex']
2022-07-08 10:35:06,689 DEBUG    root            Loaded Command Group: ['gcloud', 'network_connectivity']
2022-07-08 10:35:06,692 DEBUG    root            Loaded Command Group: ['gcloud', 'functions']
2022-07-08 10:35:06,693 DEBUG    root            Loaded Command Group: ['gcloud', 'ai']
2022-07-08 10:35:06,694 DEBUG    root            Loaded Command Group: ['gcloud', 'logging']
2022-07-08 10:35:06,695 DEBUG    root            Loaded Command Group: ['gcloud', 'sql']
2022-07-08 10:35:06,695 DEBUG    root            Loaded Command Group: ['gcloud', 'edge_cloud']
2022-07-08 10:35:06,696 DEBUG    root            Loaded Command Group: ['gcloud', 'anthos']
2022-07-08 10:35:06,697 DEBUG    root            Loaded Command Group: ['gcloud', 'data_catalog']
2022-07-08 10:35:06,698 DEBUG    root            Loaded Command Group: ['gcloud', 'domains']
2022-07-08 10:35:06,698 DEBUG    root            No implementation for release track [GA] for element: [/opt/google-cloud-sdk/lib/surface/dlp]
2022-07-08 10:35:06,699 DEBUG    root            Loaded Command Group: ['gcloud', 'policy_intelligence']
2022-07-08 10:35:06,700 DEBUG    root            Loaded Command Group: ['gcloud', 'source']
2022-07-08 10:35:06,700 DEBUG    root            No implementation for release track [GA] for element: [/opt/google-cloud-sdk/lib/surface/alloydb]
2022-07-08 10:35:06,701 DEBUG    root            Loaded Command Group: ['gcloud', 'cheat_sheet']
2022-07-08 10:35:06,702 DEBUG    root            Loaded Command Group: ['gcloud', 'network_services']
2022-07-08 10:35:06,703 DEBUG    root            No implementation for release track [GA] for element: [/opt/google-cloud-sdk/lib/surface/storage]
2022-07-08 10:35:06,703 DEBUG    root            Loaded Command Group: ['gcloud', 'scheduler']
2022-07-08 10:35:06,704 DEBUG    root            Loaded Command Group: ['gcloud', 'edge_cache']
2022-07-08 10:35:06,704 DEBUG    root            Loaded Command Group: ['gcloud', 'billing']
2022-07-08 10:35:06,708 DEBUG    root            Loaded Command Group: ['gcloud', 'docker']
2022-07-08 10:35:06,709 DEBUG    root            No implementation for release track [GA] for element: [/opt/google-cloud-sdk/lib/surface/data_fusion]
2022-07-08 10:35:06,711 DEBUG    root            Loaded Command Group: ['gcloud', 'feedback']
2022-07-08 10:35:06,736 DEBUG    root            Loaded Command Group: ['gcloud', 'ai_platform']
2022-07-08 10:35:06,737 DEBUG    root            Loaded Command Group: ['gcloud', 'resource_manager']
2022-07-08 10:35:06,739 DEBUG    root            No implementation for release track [GA] for element: [/opt/google-cloud-sdk/lib/surface/commerce_procurement]
2022-07-08 10:35:06,739 DEBUG    root            No implementation for release track [GA] for element: [/opt/google-cloud-sdk/lib/surface/beyondcorp]
2022-07-08 10:35:06,818 DEBUG    root            Loaded Command Group: ['gcloud', 'compute']
2022-07-08 10:35:06,820 DEBUG    root            Loaded Command Group: ['gcloud', 'deployment_manager']
2022-07-08 10:35:06,820 DEBUG    root            Loaded Command Group: ['gcloud', 'resource_settings']
2022-07-08 10:35:06,821 DEBUG    root            Loaded Command Group: ['gcloud', 'firebase']
2022-07-08 10:35:06,823 DEBUG    root            Loaded Command Group: ['gcloud', 'builds']
2022-07-08 10:35:06,824 DEBUG    root            Loaded Command Group: ['gcloud', 'metastore']
2022-07-08 10:35:06,824 DEBUG    root            Loaded Command Group: ['gcloud', 'datastream']
2022-07-08 10:35:06,825 DEBUG    root            Loaded Command Group: ['gcloud', 'asset']
2022-07-08 10:35:06,826 DEBUG    root            Loaded Command Group: ['gcloud', 'active_directory']
2022-07-08 10:35:06,827 DEBUG    root            Loaded Command Group: ['gcloud', 'identity']
2022-07-08 10:35:06,828 DEBUG    root            Loaded Command Group: ['gcloud', 'assured']
2022-07-08 10:35:06,829 DEBUG    root            Loaded Command Group: ['gcloud', 'monitoring']
2022-07-08 10:35:06,830 DEBUG    root            Loaded Command Group: ['gcloud', 'database_migration']
2022-07-08 10:35:06,831 DEBUG    root            Loaded Command Group: ['gcloud', 'version']
2022-07-08 10:35:06,832 DEBUG    root            No implementation for release track [GA] for element: [/opt/google-cloud-sdk/lib/surface/genomics]
2022-07-08 10:35:06,836 DEBUG    root            Loaded Command Group: ['gcloud', 'init']
2022-07-08 10:35:06,836 DEBUG    root            Loaded Command Group: ['gcloud', 'access_context_manager']
2022-07-08 10:35:06,837 DEBUG    root            No implementation for release track [GA] for element: [/opt/google-cloud-sdk/lib/surface/trace]
2022-07-08 10:35:06,838 DEBUG    root            Loaded Command Group: ['gcloud', 'components']
2022-07-08 10:35:06,839 DEBUG    root            Loaded Command Group: ['gcloud', 'emulators']
2022-07-08 10:35:06,840 DEBUG    root            Loaded Command Group: ['gcloud', 'composer']
2022-07-08 10:35:06,840 DEBUG    root            Loaded Command Group: ['gcloud', 'topic']
2022-07-08 10:35:06,841 DEBUG    root            Loaded Command Group: ['gcloud', 'spanner']
2022-07-08 10:35:06,842 DEBUG    root            Loaded Command Group: ['gcloud', 'privateca']
2022-07-08 10:35:06,875 DEBUG    root            No implementation for release track [GA] for element: [/opt/google-cloud-sdk/lib/surface/events]
2022-07-08 10:35:06,876 DEBUG    root            Loaded Command Group: ['gcloud', 'api_gateway']
2022-07-08 10:35:06,877 DEBUG    root            No implementation for release track [GA] for element: [/opt/google-cloud-sdk/lib/surface/error_reporting]
2022-07-08 10:35:06,877 DEBUG    root            Loaded Command Group: ['gcloud', 'service_directory']
2022-07-08 10:35:06,878 DEBUG    root            Loaded Command Group: ['gcloud', 'network_management']
2022-07-08 10:35:06,878 DEBUG    root            Loaded Command Group: ['gcloud', 'redis']
2022-07-08 10:35:06,879 DEBUG    root            Loaded Command Group: ['gcloud', 'datastore']
2022-07-08 10:35:06,880 DEBUG    root            Loaded Command Group: ['gcloud', 'apigee']
2022-07-08 10:35:06,881 DEBUG    root            Loaded Command Group: ['gcloud', 'memcache']
2022-07-08 10:35:06,885 DEBUG    root            Loaded Command Group: ['gcloud', 'help']
2022-07-08 10:35:06,887 DEBUG    root            Loaded Command Group: ['gcloud', 'config']
2022-07-08 10:35:06,887 DEBUG    root            No implementation for release track [GA] for element: [/opt/google-cloud-sdk/lib/surface/dialogflow]
2022-07-08 10:35:06,888 DEBUG    root            Loaded Command Group: ['gcloud', 'ml_engine']
2022-07-08 10:35:06,889 DEBUG    root            Loaded Command Group: ['gcloud', 'cloud_shell']
2022-07-08 10:35:06,889 DEBUG    root            Loaded Command Group: ['gcloud', 'workspace_add_ons']
2022-07-08 10:35:06,890 DEBUG    root            Loaded Command Group: ['gcloud', 'services']
2022-07-08 10:35:06,891 DEBUG    root            Loaded Command Group: ['gcloud', 'endpoints']
2022-07-08 10:35:06,892 ERROR    root            (gcloud) Invalid choice: 'get'.
