2022-07-08 10:39:10,810 DEBUG    root            Loaded Command Group: ['gcloud', 'iam']
2022-07-08 10:39:10,811 DEBUG    root            Loaded Command Group: ['gcloud', 'iam', 'service_accounts']
2022-07-08 10:39:10,813 DEBUG    root            Loaded Command Group: ['gcloud', 'iam', 'service-accounts', 'list']
2022-07-08 10:39:10,814 DEBUG    root            Running [gcloud.iam.service-accounts.list] with arguments: []
2022-07-08 10:39:10,815 INFO     root            Display format: "table(displayName:label="DISPLAY NAME", email, disabled)"
2022-07-08 10:39:10,831 DEBUG    urllib3.connectionpool Starting new HTTPS connection (1): iam.googleapis.com:443
2022-07-08 10:39:11,567 DEBUG    urllib3.connectionpool https://iam.googleapis.com:443 "GET /v1/projects/tradera-development/serviceAccounts?alt=json&pageSize=100 HTTP/1.1" 200 None
2022-07-08 10:39:11,583 INFO     ___FILE_ONLY___ DISPLAY NAME
2022-07-08 10:39:11,583 INFO     ___FILE_ONLY___                             
2022-07-08 10:39:11,583 INFO     ___FILE_ONLY___ EMAIL
2022-07-08 10:39:11,583 INFO     ___FILE_ONLY___                                                                     
2022-07-08 10:39:11,583 INFO     ___FILE_ONLY___ DISABLED
2022-07-08 10:39:11,583 INFO     ___FILE_ONLY___ 

2022-07-08 10:39:11,583 INFO     ___FILE_ONLY___ app-tracing-only
2022-07-08 10:39:11,583 INFO     ___FILE_ONLY___                         
2022-07-08 10:39:11,583 INFO     ___FILE_ONLY___ app-tracing-only@tradera-development.iam.gserviceaccount.com
2022-07-08 10:39:11,583 INFO     ___FILE_ONLY___              
2022-07-08 10:39:11,583 INFO     ___FILE_ONLY___ False
2022-07-08 10:39:11,583 INFO     ___FILE_ONLY___ 

2022-07-08 10:39:11,583 INFO     ___FILE_ONLY___ app-case-management
2022-07-08 10:39:11,584 INFO     ___FILE_ONLY___                      
2022-07-08 10:39:11,584 INFO     ___FILE_ONLY___ app-case-management@tradera-development.iam.gserviceaccount.com
2022-07-08 10:39:11,584 INFO     ___FILE_ONLY___           
2022-07-08 10:39:11,584 INFO     ___FILE_ONLY___ False
2022-07-08 10:39:11,584 INFO     ___FILE_ONLY___ 

2022-07-08 10:39:11,584 INFO     ___FILE_ONLY___ airflow-bucket
2022-07-08 10:39:11,584 INFO     ___FILE_ONLY___                           
2022-07-08 10:39:11,584 INFO     ___FILE_ONLY___ airflow-bucket@tradera-development.iam.gserviceaccount.com
2022-07-08 10:39:11,584 INFO     ___FILE_ONLY___                
2022-07-08 10:39:11,584 INFO     ___FILE_ONLY___ False
2022-07-08 10:39:11,584 INFO     ___FILE_ONLY___ 

2022-07-08 10:39:11,584 INFO     ___FILE_ONLY___ teamcity-01
2022-07-08 10:39:11,584 INFO     ___FILE_ONLY___                              
2022-07-08 10:39:11,584 INFO     ___FILE_ONLY___ teamcity-01@tradera-development.iam.gserviceaccount.com
2022-07-08 10:39:11,584 INFO     ___FILE_ONLY___                   
2022-07-08 10:39:11,584 INFO     ___FILE_ONLY___ False
2022-07-08 10:39:11,584 INFO     ___FILE_ONLY___ 

2022-07-08 10:39:11,585 INFO     ___FILE_ONLY___ app-translation-on-demand
2022-07-08 10:39:11,585 INFO     ___FILE_ONLY___                
2022-07-08 10:39:11,585 INFO     ___FILE_ONLY___ app-translation-on-demand@tradera-development.iam.gserviceaccount.com
2022-07-08 10:39:11,585 INFO     ___FILE_ONLY___     
2022-07-08 10:39:11,585 INFO     ___FILE_ONLY___ False
2022-07-08 10:39:11,585 INFO     ___FILE_ONLY___ 

2022-07-08 10:39:11,585 INFO     ___FILE_ONLY___ gitlab-object-storage
2022-07-08 10:39:11,585 INFO     ___FILE_ONLY___                    
2022-07-08 10:39:11,585 INFO     ___FILE_ONLY___ gitlab-object-storage@tradera-development.iam.gserviceaccount.com
2022-07-08 10:39:11,585 INFO     ___FILE_ONLY___         
2022-07-08 10:39:11,585 INFO     ___FILE_ONLY___ False
2022-07-08 10:39:11,585 INFO     ___FILE_ONLY___ 

2022-07-08 10:39:11,585 INFO     ___FILE_ONLY___ sitespeed-grafana
2022-07-08 10:39:11,585 INFO     ___FILE_ONLY___                        
2022-07-08 10:39:11,585 INFO     ___FILE_ONLY___ sitespeed-grafana@tradera-development.iam.gserviceaccount.com
2022-07-08 10:39:11,585 INFO     ___FILE_ONLY___             
2022-07-08 10:39:11,585 INFO     ___FILE_ONLY___ False
2022-07-08 10:39:11,585 INFO     ___FILE_ONLY___ 

2022-07-08 10:39:11,586 INFO     ___FILE_ONLY___ gitlab-storage
2022-07-08 10:39:11,586 INFO     ___FILE_ONLY___                           
2022-07-08 10:39:11,586 INFO     ___FILE_ONLY___ gitlab-storage@tradera-development.iam.gserviceaccount.com
2022-07-08 10:39:11,586 INFO     ___FILE_ONLY___                
2022-07-08 10:39:11,586 INFO     ___FILE_ONLY___ False
2022-07-08 10:39:11,586 INFO     ___FILE_ONLY___ 

2022-07-08 10:39:11,586 INFO     ___FILE_ONLY___ external-dns-dev
2022-07-08 10:39:11,586 INFO     ___FILE_ONLY___                         
2022-07-08 10:39:11,586 INFO     ___FILE_ONLY___ external-dns-dev@tradera-development.iam.gserviceaccount.com
2022-07-08 10:39:11,586 INFO     ___FILE_ONLY___              
2022-07-08 10:39:11,586 INFO     ___FILE_ONLY___ False
2022-07-08 10:39:11,586 INFO     ___FILE_ONLY___ 

2022-07-08 10:39:11,586 INFO     ___FILE_ONLY___ NPM Registry Publisher
2022-07-08 10:39:11,586 INFO     ___FILE_ONLY___                   
2022-07-08 10:39:11,586 INFO     ___FILE_ONLY___ npm-registry-publisher@tradera-development.iam.gserviceaccount.com
2022-07-08 10:39:11,586 INFO     ___FILE_ONLY___        
2022-07-08 10:39:11,586 INFO     ___FILE_ONLY___ False
2022-07-08 10:39:11,587 INFO     ___FILE_ONLY___ 

2022-07-08 10:39:11,587 INFO     ___FILE_ONLY___ App Engine default service account
2022-07-08 10:39:11,587 INFO     ___FILE_ONLY___       
2022-07-08 10:39:11,587 INFO     ___FILE_ONLY___ tradera-development@appspot.gserviceaccount.com
2022-07-08 10:39:11,587 INFO     ___FILE_ONLY___                           
2022-07-08 10:39:11,587 INFO     ___FILE_ONLY___ False
2022-07-08 10:39:11,587 INFO     ___FILE_ONLY___ 

2022-07-08 10:39:11,587 INFO     ___FILE_ONLY___ app-listing
2022-07-08 10:39:11,587 INFO     ___FILE_ONLY___                              
2022-07-08 10:39:11,587 INFO     ___FILE_ONLY___ app-listing@tradera-development.iam.gserviceaccount.com
2022-07-08 10:39:11,587 INFO     ___FILE_ONLY___                   
2022-07-08 10:39:11,587 INFO     ___FILE_ONLY___ False
2022-07-08 10:39:11,587 INFO     ___FILE_ONLY___ 

2022-07-08 10:39:11,587 INFO     ___FILE_ONLY___ Compute Engine default service account
2022-07-08 10:39:11,587 INFO     ___FILE_ONLY___   
2022-07-08 10:39:11,587 INFO     ___FILE_ONLY___ 255305809508-compute@developer.gserviceaccount.com
2022-07-08 10:39:11,587 INFO     ___FILE_ONLY___                        
2022-07-08 10:39:11,587 INFO     ___FILE_ONLY___ False
2022-07-08 10:39:11,587 INFO     ___FILE_ONLY___ 

2022-07-08 10:39:11,588 INFO     ___FILE_ONLY___ app-touchweb-translations
2022-07-08 10:39:11,588 INFO     ___FILE_ONLY___                
2022-07-08 10:39:11,588 INFO     ___FILE_ONLY___ app-touchweb-translations@tradera-development.iam.gserviceaccount.com
2022-07-08 10:39:11,588 INFO     ___FILE_ONLY___     
2022-07-08 10:39:11,588 INFO     ___FILE_ONLY___ False
2022-07-08 10:39:11,588 INFO     ___FILE_ONLY___ 

2022-07-08 10:39:11,588 INFO     ___FILE_ONLY___ jenkins
2022-07-08 10:39:11,588 INFO     ___FILE_ONLY___                                  
2022-07-08 10:39:11,588 INFO     ___FILE_ONLY___ jenkins@tradera-development.iam.gserviceaccount.com
2022-07-08 10:39:11,588 INFO     ___FILE_ONLY___                       
2022-07-08 10:39:11,589 INFO     ___FILE_ONLY___ False
2022-07-08 10:39:11,589 INFO     ___FILE_ONLY___ 

2022-07-08 10:39:11,589 INFO     ___FILE_ONLY___ sourcegraph
2022-07-08 10:39:11,589 INFO     ___FILE_ONLY___                              
2022-07-08 10:39:11,589 INFO     ___FILE_ONLY___ sourcegraph@tradera-development.iam.gserviceaccount.com
2022-07-08 10:39:11,589 INFO     ___FILE_ONLY___                   
2022-07-08 10:39:11,589 INFO     ___FILE_ONLY___ False
2022-07-08 10:39:11,589 INFO     ___FILE_ONLY___ 

2022-07-08 10:39:11,589 INFO     ___FILE_ONLY___ app-heroimages
2022-07-08 10:39:11,589 INFO     ___FILE_ONLY___                           
2022-07-08 10:39:11,589 INFO     ___FILE_ONLY___ app-heroimages@tradera-development.iam.gserviceaccount.com
2022-07-08 10:39:11,589 INFO     ___FILE_ONLY___                
2022-07-08 10:39:11,589 INFO     ___FILE_ONLY___ False
2022-07-08 10:39:11,589 INFO     ___FILE_ONLY___ 

2022-07-08 10:39:11,589 INFO     ___FILE_ONLY___ nuget-01
2022-07-08 10:39:11,589 INFO     ___FILE_ONLY___                                 
2022-07-08 10:39:11,589 INFO     ___FILE_ONLY___ nuget-01@tradera-development.iam.gserviceaccount.com
2022-07-08 10:39:11,589 INFO     ___FILE_ONLY___                      
2022-07-08 10:39:11,589 INFO     ___FILE_ONLY___ False
2022-07-08 10:39:11,590 INFO     ___FILE_ONLY___ 

2022-07-08 10:39:11,590 INFO     ___FILE_ONLY___ app-translation-sync
2022-07-08 10:39:11,590 INFO     ___FILE_ONLY___                     
2022-07-08 10:39:11,590 INFO     ___FILE_ONLY___ app-translation-sync@tradera-development.iam.gserviceaccount.com
2022-07-08 10:39:11,590 INFO     ___FILE_ONLY___          
2022-07-08 10:39:11,590 INFO     ___FILE_ONLY___ False
2022-07-08 10:39:11,590 INFO     ___FILE_ONLY___ 

2022-07-08 10:39:11,590 INFO     ___FILE_ONLY___ app-shipping-export
2022-07-08 10:39:11,590 INFO     ___FILE_ONLY___                      
2022-07-08 10:39:11,590 INFO     ___FILE_ONLY___ app-shipping-export@tradera-development.iam.gserviceaccount.com
2022-07-08 10:39:11,590 INFO     ___FILE_ONLY___           
2022-07-08 10:39:11,590 INFO     ___FILE_ONLY___ False
2022-07-08 10:39:11,590 INFO     ___FILE_ONLY___ 

2022-07-08 10:39:11,590 INFO     ___FILE_ONLY___ argocd-repo-server
2022-07-08 10:39:11,590 INFO     ___FILE_ONLY___                       
2022-07-08 10:39:11,590 INFO     ___FILE_ONLY___ argocd-repo-server@tradera-development.iam.gserviceaccount.com
2022-07-08 10:39:11,591 INFO     ___FILE_ONLY___            
2022-07-08 10:39:11,591 INFO     ___FILE_ONLY___ False
2022-07-08 10:39:11,591 INFO     ___FILE_ONLY___ 

2022-07-08 10:39:11,591 INFO     ___FILE_ONLY___ windows-kubernetes
2022-07-08 10:39:11,591 INFO     ___FILE_ONLY___                       
2022-07-08 10:39:11,591 INFO     ___FILE_ONLY___ windows-kubernetes@tradera-development.iam.gserviceaccount.com
2022-07-08 10:39:11,591 INFO     ___FILE_ONLY___            
2022-07-08 10:39:11,591 INFO     ___FILE_ONLY___ False
2022-07-08 10:39:11,591 INFO     ___FILE_ONLY___ 

2022-07-08 10:39:11,591 INFO     ___FILE_ONLY___ prometheus-to-sd
2022-07-08 10:39:11,591 INFO     ___FILE_ONLY___                         
2022-07-08 10:39:11,591 INFO     ___FILE_ONLY___ prometheus-to-sd@tradera-development.iam.gserviceaccount.com
2022-07-08 10:39:11,591 INFO     ___FILE_ONLY___              
2022-07-08 10:39:11,591 INFO     ___FILE_ONLY___ False
2022-07-08 10:39:11,591 INFO     ___FILE_ONLY___ 

2022-07-08 10:39:11,591 INFO     ___FILE_ONLY___ tracing-pdahlman
2022-07-08 10:39:11,592 INFO     ___FILE_ONLY___                         
2022-07-08 10:39:11,592 INFO     ___FILE_ONLY___ tracing-pdahlman@tradera-development.iam.gserviceaccount.com
2022-07-08 10:39:11,592 INFO     ___FILE_ONLY___              
2022-07-08 10:39:11,592 INFO     ___FILE_ONLY___ False
2022-07-08 10:39:11,592 INFO     ___FILE_ONLY___ 

2022-07-08 10:39:11,592 INFO     ___FILE_ONLY___ gitlab-ci-deployment
2022-07-08 10:39:11,592 INFO     ___FILE_ONLY___                     
2022-07-08 10:39:11,592 INFO     ___FILE_ONLY___ gitlab-ci-deployment@tradera-development.iam.gserviceaccount.com
2022-07-08 10:39:11,592 INFO     ___FILE_ONLY___          
2022-07-08 10:39:11,592 INFO     ___FILE_ONLY___ False
2022-07-08 10:39:11,592 INFO     ___FILE_ONLY___ 

2022-07-08 10:39:11,592 INFO     ___FILE_ONLY___ app-image-search
2022-07-08 10:39:11,592 INFO     ___FILE_ONLY___                         
2022-07-08 10:39:11,592 INFO     ___FILE_ONLY___ app-image-search@tradera-development.iam.gserviceaccount.com
2022-07-08 10:39:11,593 INFO     ___FILE_ONLY___              
2022-07-08 10:39:11,593 INFO     ___FILE_ONLY___ False
2022-07-08 10:39:11,593 INFO     ___FILE_ONLY___ 

2022-07-08 10:39:11,593 INFO     ___FILE_ONLY___                                         
2022-07-08 10:39:11,593 INFO     ___FILE_ONLY___ jenkins-gce@tradera-development.iam.gserviceaccount.com
2022-07-08 10:39:11,593 INFO     ___FILE_ONLY___                   
2022-07-08 10:39:11,593 INFO     ___FILE_ONLY___ False
2022-07-08 10:39:11,593 INFO     ___FILE_ONLY___ 

2022-07-08 10:39:11,593 INFO     ___FILE_ONLY___ wireguard
2022-07-08 10:39:11,593 INFO     ___FILE_ONLY___                                
2022-07-08 10:39:11,593 INFO     ___FILE_ONLY___ wireguard@tradera-development.iam.gserviceaccount.com
2022-07-08 10:39:11,593 INFO     ___FILE_ONLY___                     
2022-07-08 10:39:11,593 INFO     ___FILE_ONLY___ False
2022-07-08 10:39:11,593 INFO     ___FILE_ONLY___ 

2022-07-08 10:39:11,593 INFO     ___FILE_ONLY___ Packer Service Account
2022-07-08 10:39:11,593 INFO     ___FILE_ONLY___                   
2022-07-08 10:39:11,594 INFO     ___FILE_ONLY___ packer@tradera-development.iam.gserviceaccount.com
2022-07-08 10:39:11,594 INFO     ___FILE_ONLY___                        
2022-07-08 10:39:11,594 INFO     ___FILE_ONLY___ False
2022-07-08 10:39:11,594 INFO     ___FILE_ONLY___ 

2022-07-08 10:39:11,594 INFO     ___FILE_ONLY___ app-header2attributes-api
2022-07-08 10:39:11,594 INFO     ___FILE_ONLY___                
2022-07-08 10:39:11,594 INFO     ___FILE_ONLY___ app-header2attributes-api@tradera-development.iam.gserviceaccount.com
2022-07-08 10:39:11,594 INFO     ___FILE_ONLY___     
2022-07-08 10:39:11,594 INFO     ___FILE_ONLY___ False
2022-07-08 10:39:11,594 INFO     ___FILE_ONLY___ 

2022-07-08 10:39:11,594 INFO     ___FILE_ONLY___ test05-sql-backup
2022-07-08 10:39:11,594 INFO     ___FILE_ONLY___                        
2022-07-08 10:39:11,594 INFO     ___FILE_ONLY___ test05-sql-backup@tradera-development.iam.gserviceaccount.com
2022-07-08 10:39:11,594 INFO     ___FILE_ONLY___             
2022-07-08 10:39:11,594 INFO     ___FILE_ONLY___ False
2022-07-08 10:39:11,594 INFO     ___FILE_ONLY___ 

2022-07-08 10:39:11,594 INFO     ___FILE_ONLY___ traefik-gce-provider
2022-07-08 10:39:11,595 INFO     ___FILE_ONLY___                     
2022-07-08 10:39:11,595 INFO     ___FILE_ONLY___ traefik-gce-provider@tradera-development.iam.gserviceaccount.com
2022-07-08 10:39:11,595 INFO     ___FILE_ONLY___          
2022-07-08 10:39:11,595 INFO     ___FILE_ONLY___ False
2022-07-08 10:39:11,595 INFO     ___FILE_ONLY___ 

2022-07-08 10:39:11,595 INFO     ___FILE_ONLY___ passcore
2022-07-08 10:39:11,595 INFO     ___FILE_ONLY___                                 
2022-07-08 10:39:11,595 INFO     ___FILE_ONLY___ passcore@tradera-development.iam.gserviceaccount.com
2022-07-08 10:39:11,595 INFO     ___FILE_ONLY___                      
2022-07-08 10:39:11,595 INFO     ___FILE_ONLY___ False
2022-07-08 10:39:11,595 INFO     ___FILE_ONLY___ 

2022-07-08 10:39:11,595 INFO     ___FILE_ONLY___ gitlab-runner
2022-07-08 10:39:11,595 INFO     ___FILE_ONLY___                            
2022-07-08 10:39:11,595 INFO     ___FILE_ONLY___ gitlab-runner@tradera-development.iam.gserviceaccount.com
2022-07-08 10:39:11,595 INFO     ___FILE_ONLY___                 
2022-07-08 10:39:11,595 INFO     ___FILE_ONLY___ False
2022-07-08 10:39:11,595 INFO     ___FILE_ONLY___ 

2022-07-08 10:39:11,596 INFO     ___FILE_ONLY___ wsus
2022-07-08 10:39:11,596 INFO     ___FILE_ONLY___                                     
2022-07-08 10:39:11,596 INFO     ___FILE_ONLY___ wsus-01@tradera-development.iam.gserviceaccount.com
2022-07-08 10:39:11,596 INFO     ___FILE_ONLY___                       
2022-07-08 10:39:11,596 INFO     ___FILE_ONLY___ False
2022-07-08 10:39:11,596 INFO     ___FILE_ONLY___ 

2022-07-08 10:39:11,596 INFO     ___FILE_ONLY___ external-dns-service
2022-07-08 10:39:11,596 INFO     ___FILE_ONLY___                     
2022-07-08 10:39:11,596 INFO     ___FILE_ONLY___ external-dns-service@tradera-development.iam.gserviceaccount.com
2022-07-08 10:39:11,596 INFO     ___FILE_ONLY___          
2022-07-08 10:39:11,596 INFO     ___FILE_ONLY___ False
2022-07-08 10:39:11,596 INFO     ___FILE_ONLY___ 

2022-07-08 10:39:11,596 INFO     ___FILE_ONLY___ app-member-notifications
2022-07-08 10:39:11,596 INFO     ___FILE_ONLY___                 
2022-07-08 10:39:11,596 INFO     ___FILE_ONLY___ app-member-notifications@tradera-development.iam.gserviceaccount.com
2022-07-08 10:39:11,597 INFO     ___FILE_ONLY___      
2022-07-08 10:39:11,597 INFO     ___FILE_ONLY___ False
2022-07-08 10:39:11,597 INFO     ___FILE_ONLY___ 

2022-07-08 10:39:11,597 INFO     ___FILE_ONLY___ app-draft
2022-07-08 10:39:11,597 INFO     ___FILE_ONLY___                                
2022-07-08 10:39:11,597 INFO     ___FILE_ONLY___ app-draft@tradera-development.iam.gserviceaccount.com
2022-07-08 10:39:11,597 INFO     ___FILE_ONLY___                     
2022-07-08 10:39:11,597 INFO     ___FILE_ONLY___ False
2022-07-08 10:39:11,597 INFO     ___FILE_ONLY___ 

2022-07-08 10:39:11,597 INFO     ___FILE_ONLY___ prometheus
2022-07-08 10:39:11,597 INFO     ___FILE_ONLY___                               
2022-07-08 10:39:11,597 INFO     ___FILE_ONLY___ prometheus@tradera-development.iam.gserviceaccount.com
2022-07-08 10:39:11,597 INFO     ___FILE_ONLY___                    
2022-07-08 10:39:11,597 INFO     ___FILE_ONLY___ False
2022-07-08 10:39:11,597 INFO     ___FILE_ONLY___ 

2022-07-08 10:39:11,597 INFO     ___FILE_ONLY___ service-accounts-dev
2022-07-08 10:39:11,598 INFO     ___FILE_ONLY___                     
2022-07-08 10:39:11,598 INFO     ___FILE_ONLY___ service-accounts-dev@tradera-development.iam.gserviceaccount.com
2022-07-08 10:39:11,598 INFO     ___FILE_ONLY___          
2022-07-08 10:39:11,598 INFO     ___FILE_ONLY___ False
2022-07-08 10:39:11,598 INFO     ___FILE_ONLY___ 

2022-07-08 10:39:11,598 INFO     ___FILE_ONLY___ app-instagram
2022-07-08 10:39:11,598 INFO     ___FILE_ONLY___                            
2022-07-08 10:39:11,598 INFO     ___FILE_ONLY___ app-instagram@tradera-development.iam.gserviceaccount.com
2022-07-08 10:39:11,598 INFO     ___FILE_ONLY___                 
2022-07-08 10:39:11,598 INFO     ___FILE_ONLY___ False
2022-07-08 10:39:11,598 INFO     ___FILE_ONLY___ 

2022-07-08 10:39:11,598 INFO     ___FILE_ONLY___ app-bigquery-event-exporter
2022-07-08 10:39:11,598 INFO     ___FILE_ONLY___              
2022-07-08 10:39:11,598 INFO     ___FILE_ONLY___ app-bigquery-event-exporter@tradera-development.iam.gserviceaccount.com
2022-07-08 10:39:11,598 INFO     ___FILE_ONLY___   
2022-07-08 10:39:11,598 INFO     ___FILE_ONLY___ False
2022-07-08 10:39:11,598 INFO     ___FILE_ONLY___ 

2022-07-08 10:39:11,599 INFO     ___FILE_ONLY___ grafana
2022-07-08 10:39:11,599 INFO     ___FILE_ONLY___                                  
2022-07-08 10:39:11,599 INFO     ___FILE_ONLY___ grafana@tradera-development.iam.gserviceaccount.com
2022-07-08 10:39:11,599 INFO     ___FILE_ONLY___                       
2022-07-08 10:39:11,599 INFO     ___FILE_ONLY___ False
2022-07-08 10:39:11,599 INFO     ___FILE_ONLY___ 

2022-07-08 10:39:11,599 INFO     ___FILE_ONLY___ test05-mongo-backup
2022-07-08 10:39:11,599 INFO     ___FILE_ONLY___                      
2022-07-08 10:39:11,599 INFO     ___FILE_ONLY___ test05-mongo-backup@tradera-development.iam.gserviceaccount.com
2022-07-08 10:39:11,599 INFO     ___FILE_ONLY___           
2022-07-08 10:39:11,599 INFO     ___FILE_ONLY___ False
2022-07-08 10:39:11,599 INFO     ___FILE_ONLY___ 

2022-07-08 10:39:11,599 INFO     ___FILE_ONLY___ app-payment
2022-07-08 10:39:11,599 INFO     ___FILE_ONLY___                              
2022-07-08 10:39:11,599 INFO     ___FILE_ONLY___ app-payment@tradera-development.iam.gserviceaccount.com
2022-07-08 10:39:11,600 INFO     ___FILE_ONLY___                   
2022-07-08 10:39:11,600 INFO     ___FILE_ONLY___ False
2022-07-08 10:39:11,600 INFO     ___FILE_ONLY___ 

2022-07-08 10:39:11,600 INFO     ___FILE_ONLY___ app-prolister
2022-07-08 10:39:11,600 INFO     ___FILE_ONLY___                            
2022-07-08 10:39:11,600 INFO     ___FILE_ONLY___ app-prolister@tradera-development.iam.gserviceaccount.com
2022-07-08 10:39:11,600 INFO     ___FILE_ONLY___                 
2022-07-08 10:39:11,600 INFO     ___FILE_ONLY___ False
2022-07-08 10:39:11,600 INFO     ___FILE_ONLY___ 

2022-07-08 10:39:11,600 INFO     ___FILE_ONLY___ app-tradera-web
2022-07-08 10:39:11,600 INFO     ___FILE_ONLY___                          
2022-07-08 10:39:11,600 INFO     ___FILE_ONLY___ app-tradera-web@tradera-development.iam.gserviceaccount.com
2022-07-08 10:39:11,600 INFO     ___FILE_ONLY___               
2022-07-08 10:39:11,600 INFO     ___FILE_ONLY___ False
2022-07-08 10:39:11,600 INFO     ___FILE_ONLY___ 

2022-07-08 10:39:11,601 INFO     ___FILE_ONLY___ service-accounts-dc
2022-07-08 10:39:11,601 INFO     ___FILE_ONLY___                      
2022-07-08 10:39:11,601 INFO     ___FILE_ONLY___ service-accounts-dc@tradera-development.iam.gserviceaccount.com
2022-07-08 10:39:11,601 INFO     ___FILE_ONLY___           
2022-07-08 10:39:11,601 INFO     ___FILE_ONLY___ False
2022-07-08 10:39:11,601 INFO     ___FILE_ONLY___ 

2022-07-08 10:39:11,601 INFO     ___FILE_ONLY___ app-datawarehouse-archive
2022-07-08 10:39:11,601 INFO     ___FILE_ONLY___                
2022-07-08 10:39:11,601 INFO     ___FILE_ONLY___ app-datawarehouse-archive@tradera-development.iam.gserviceaccount.com
2022-07-08 10:39:11,601 INFO     ___FILE_ONLY___     
2022-07-08 10:39:11,601 INFO     ___FILE_ONLY___ False
2022-07-08 10:39:11,601 INFO     ___FILE_ONLY___ 

2022-07-08 10:39:11,601 INFO     ___FILE_ONLY___ privacyscanner-bq
2022-07-08 10:39:11,602 INFO     ___FILE_ONLY___                        
2022-07-08 10:39:11,602 INFO     ___FILE_ONLY___ privacyscanner-bq@tradera-development.iam.gserviceaccount.com
2022-07-08 10:39:11,602 INFO     ___FILE_ONLY___             
2022-07-08 10:39:11,602 INFO     ___FILE_ONLY___ False
2022-07-08 10:39:11,602 INFO     ___FILE_ONLY___ 

2022-07-08 10:39:11,602 INFO     ___FILE_ONLY___ service-accounts-dev-linux
2022-07-08 10:39:11,602 INFO     ___FILE_ONLY___               
2022-07-08 10:39:11,602 INFO     ___FILE_ONLY___ service-accounts-dev-linux@tradera-development.iam.gserviceaccount.com
2022-07-08 10:39:11,602 INFO     ___FILE_ONLY___    
2022-07-08 10:39:11,602 INFO     ___FILE_ONLY___ False
2022-07-08 10:39:11,602 INFO     ___FILE_ONLY___ 

2022-07-08 10:39:11,602 INFO     ___FILE_ONLY___ gitlab-storage-nextweb
2022-07-08 10:39:11,602 INFO     ___FILE_ONLY___                   
2022-07-08 10:39:11,602 INFO     ___FILE_ONLY___ gitlab-storage-nextweb@tradera-development.iam.gserviceaccount.com
2022-07-08 10:39:11,602 INFO     ___FILE_ONLY___        
2022-07-08 10:39:11,602 INFO     ___FILE_ONLY___ False
2022-07-08 10:39:11,602 INFO     ___FILE_ONLY___ 

2022-07-08 10:39:11,603 INFO     ___FILE_ONLY___ se0-prometheus-01
2022-07-08 10:39:11,603 INFO     ___FILE_ONLY___                        
2022-07-08 10:39:11,603 INFO     ___FILE_ONLY___ se0-prometheus-01@tradera-development.iam.gserviceaccount.com
2022-07-08 10:39:11,603 INFO     ___FILE_ONLY___             
2022-07-08 10:39:11,603 INFO     ___FILE_ONLY___ False
2022-07-08 10:39:11,603 INFO     ___FILE_ONLY___ 

2022-07-08 10:39:11,603 INFO     ___FILE_ONLY___ office-test-servers-asimov
2022-07-08 10:39:11,603 INFO     ___FILE_ONLY___               
2022-07-08 10:39:11,603 INFO     ___FILE_ONLY___ office-test-servers-asimov@tradera-development.iam.gserviceaccount.com
2022-07-08 10:39:11,603 INFO     ___FILE_ONLY___    
2022-07-08 10:39:11,603 INFO     ___FILE_ONLY___ False
2022-07-08 10:39:11,603 INFO     ___FILE_ONLY___ 

2022-07-08 10:39:11,603 INFO     ___FILE_ONLY___ app-datawarehouse-api
2022-07-08 10:39:11,603 INFO     ___FILE_ONLY___                    
2022-07-08 10:39:11,603 INFO     ___FILE_ONLY___ app-datawarehouse-api@tradera-development.iam.gserviceaccount.com
2022-07-08 10:39:11,603 INFO     ___FILE_ONLY___         
2022-07-08 10:39:11,604 INFO     ___FILE_ONLY___ False
2022-07-08 10:39:11,604 INFO     ___FILE_ONLY___ 

2022-07-08 10:39:11,604 DEBUG    root            SDK update checks are disabled.
