2022-07-08 10:35:28,062 DEBUG    root            Loaded Command Group: ['gcloud', 'projects']
2022-07-08 10:35:28,066 DEBUG    root            Loaded Command Group: ['gcloud', 'projects', 'list']
2022-07-08 10:35:28,068 DEBUG    root            Running [gcloud.projects.list] with arguments: []
2022-07-08 10:35:28,068 INFO     root            client_filter="None" server_filter="None"
2022-07-08 10:35:28,089 INFO     root            Display format: "
    table(
      projectId:sort=1,
      name,
      projectNumber
    )
"
2022-07-08 10:35:28,091 DEBUG    urllib3.connectionpool Starting new HTTPS connection (1): cloudresourcemanager.googleapis.com:443
2022-07-08 10:35:29,071 DEBUG    urllib3.connectionpool https://cloudresourcemanager.googleapis.com:443 "GET /v1/projects?alt=json&filter=lifecycleState%3AACTIVE&pageSize=500 HTTP/1.1" 200 None
2022-07-08 10:35:29,093 INFO     ___FILE_ONLY___ PROJECT_ID
2022-07-08 10:35:29,093 INFO     ___FILE_ONLY___                       
2022-07-08 10:35:29,093 INFO     ___FILE_ONLY___ NAME
2022-07-08 10:35:29,093 INFO     ___FILE_ONLY___                             
2022-07-08 10:35:29,093 INFO     ___FILE_ONLY___ PROJECT_NUMBER
2022-07-08 10:35:29,093 INFO     ___FILE_ONLY___ 

2022-07-08 10:35:29,093 INFO     ___FILE_ONLY___ adsense-email-handler
2022-07-08 10:35:29,093 INFO     ___FILE_ONLY___            
2022-07-08 10:35:29,093 INFO     ___FILE_ONLY___ Adsense Email Handler
2022-07-08 10:35:29,094 INFO     ___FILE_ONLY___            
2022-07-08 10:35:29,094 INFO     ___FILE_ONLY___ 654416422206
2022-07-08 10:35:29,094 INFO     ___FILE_ONLY___ 

2022-07-08 10:35:29,094 INFO     ___FILE_ONLY___ ak-test-mjtk
2022-07-08 10:35:29,094 INFO     ___FILE_ONLY___                     
2022-07-08 10:35:29,094 INFO     ___FILE_ONLY___ ak-test-mjtk
2022-07-08 10:35:29,094 INFO     ___FILE_ONLY___                     
2022-07-08 10:35:29,094 INFO     ___FILE_ONLY___ 1043770736350
2022-07-08 10:35:29,094 INFO     ___FILE_ONLY___ 

2022-07-08 10:35:29,094 INFO     ___FILE_ONLY___ alarm-qqlq
2022-07-08 10:35:29,094 INFO     ___FILE_ONLY___                       
2022-07-08 10:35:29,094 INFO     ___FILE_ONLY___ alarm-qqlq
2022-07-08 10:35:29,094 INFO     ___FILE_ONLY___                       
2022-07-08 10:35:29,094 INFO     ___FILE_ONLY___ 414739432738
2022-07-08 10:35:29,094 INFO     ___FILE_ONLY___ 

2022-07-08 10:35:29,094 INFO     ___FILE_ONLY___ api-5670978454983951307-561362
2022-07-08 10:35:29,094 INFO     ___FILE_ONLY___   
2022-07-08 10:35:29,094 INFO     ___FILE_ONLY___ Google Play Android Developer
2022-07-08 10:35:29,094 INFO     ___FILE_ONLY___    
2022-07-08 10:35:29,094 INFO     ___FILE_ONLY___ 506777049901
2022-07-08 10:35:29,095 INFO     ___FILE_ONLY___ 

2022-07-08 10:35:29,095 INFO     ___FILE_ONLY___ cristian-test-234506
2022-07-08 10:35:29,095 INFO     ___FILE_ONLY___             
2022-07-08 10:35:29,095 INFO     ___FILE_ONLY___ cristian-test
2022-07-08 10:35:29,095 INFO     ___FILE_ONLY___                    
2022-07-08 10:35:29,095 INFO     ___FILE_ONLY___ 508671426045
2022-07-08 10:35:29,095 INFO     ___FILE_ONLY___ 

2022-07-08 10:35:29,095 INFO     ___FILE_ONLY___ cybernetic-zoo-293006
2022-07-08 10:35:29,095 INFO     ___FILE_ONLY___            
2022-07-08 10:35:29,095 INFO     ___FILE_ONLY___ My First Project
2022-07-08 10:35:29,095 INFO     ___FILE_ONLY___                 
2022-07-08 10:35:29,095 INFO     ___FILE_ONLY___ 559816722403
2022-07-08 10:35:29,095 INFO     ___FILE_ONLY___ 

2022-07-08 10:35:29,095 INFO     ___FILE_ONLY___ demoagent-wnkd
2022-07-08 10:35:29,095 INFO     ___FILE_ONLY___                   
2022-07-08 10:35:29,095 INFO     ___FILE_ONLY___ demoagent-wnkd
2022-07-08 10:35:29,095 INFO     ___FILE_ONLY___                   
2022-07-08 10:35:29,095 INFO     ___FILE_ONLY___ 755474570380
2022-07-08 10:35:29,095 INFO     ___FILE_ONLY___ 

2022-07-08 10:35:29,095 INFO     ___FILE_ONLY___ demoagent-wsop
2022-07-08 10:35:29,096 INFO     ___FILE_ONLY___                   
2022-07-08 10:35:29,096 INFO     ___FILE_ONLY___ demoagent-wsop
2022-07-08 10:35:29,096 INFO     ___FILE_ONLY___                   
2022-07-08 10:35:29,096 INFO     ___FILE_ONLY___ 596955440163
2022-07-08 10:35:29,096 INFO     ___FILE_ONLY___ 

2022-07-08 10:35:29,096 INFO     ___FILE_ONLY___ innovation-week-dialogflow
2022-07-08 10:35:29,096 INFO     ___FILE_ONLY___       
2022-07-08 10:35:29,096 INFO     ___FILE_ONLY___ innovation-week-dialogflow
2022-07-08 10:35:29,096 INFO     ___FILE_ONLY___       
2022-07-08 10:35:29,096 INFO     ___FILE_ONLY___ 818291291266
2022-07-08 10:35:29,096 INFO     ___FILE_ONLY___ 

2022-07-08 10:35:29,096 INFO     ___FILE_ONLY___ logary-ci
2022-07-08 10:35:29,096 INFO     ___FILE_ONLY___                        
2022-07-08 10:35:29,096 INFO     ___FILE_ONLY___ Logary-CI
2022-07-08 10:35:29,096 INFO     ___FILE_ONLY___                        
2022-07-08 10:35:29,096 INFO     ___FILE_ONLY___ 1060889649743
2022-07-08 10:35:29,096 INFO     ___FILE_ONLY___ 

2022-07-08 10:35:29,096 INFO     ___FILE_ONLY___ lucky-kayak-318515
2022-07-08 10:35:29,096 INFO     ___FILE_ONLY___               
2022-07-08 10:35:29,097 INFO     ___FILE_ONLY___ My First Project
2022-07-08 10:35:29,097 INFO     ___FILE_ONLY___                 
2022-07-08 10:35:29,097 INFO     ___FILE_ONLY___ 508413186855
2022-07-08 10:35:29,097 INFO     ___FILE_ONLY___ 

2022-07-08 10:35:29,097 INFO     ___FILE_ONLY___ optimum-legacy-830
2022-07-08 10:35:29,097 INFO     ___FILE_ONLY___               
2022-07-08 10:35:29,097 INFO     ___FILE_ONLY___ API Project Tradera Big Query
2022-07-08 10:35:29,097 INFO     ___FILE_ONLY___    
2022-07-08 10:35:29,097 INFO     ___FILE_ONLY___ 84429989896
2022-07-08 10:35:29,097 INFO     ___FILE_ONLY___ 

2022-07-08 10:35:29,097 INFO     ___FILE_ONLY___ patrik-test-205315
2022-07-08 10:35:29,097 INFO     ___FILE_ONLY___               
2022-07-08 10:35:29,097 INFO     ___FILE_ONLY___ patrik-test
2022-07-08 10:35:29,097 INFO     ___FILE_ONLY___                      
2022-07-08 10:35:29,097 INFO     ___FILE_ONLY___ 617908699133
2022-07-08 10:35:29,097 INFO     ___FILE_ONLY___ 

2022-07-08 10:35:29,097 INFO     ___FILE_ONLY___ prolisterenvirontmentkey
2022-07-08 10:35:29,098 INFO     ___FILE_ONLY___         
2022-07-08 10:35:29,098 INFO     ___FILE_ONLY___ ProlisterEnvirontmentKey
2022-07-08 10:35:29,098 INFO     ___FILE_ONLY___         
2022-07-08 10:35:29,098 INFO     ___FILE_ONLY___ 905245225868
2022-07-08 10:35:29,098 INFO     ___FILE_ONLY___ 

2022-07-08 10:35:29,098 INFO     ___FILE_ONLY___ rmacfie-lab
2022-07-08 10:35:29,098 INFO     ___FILE_ONLY___                      
2022-07-08 10:35:29,098 INFO     ___FILE_ONLY___ rmacfie-lab
2022-07-08 10:35:29,098 INFO     ___FILE_ONLY___                      
2022-07-08 10:35:29,098 INFO     ___FILE_ONLY___ 189026099310
2022-07-08 10:35:29,098 INFO     ___FILE_ONLY___ 

2022-07-08 10:35:29,098 INFO     ___FILE_ONLY___ robtest-199308
2022-07-08 10:35:29,098 INFO     ___FILE_ONLY___                   
2022-07-08 10:35:29,098 INFO     ___FILE_ONLY___ robtest
2022-07-08 10:35:29,098 INFO     ___FILE_ONLY___                          
2022-07-08 10:35:29,098 INFO     ___FILE_ONLY___ 164285376667
2022-07-08 10:35:29,098 INFO     ___FILE_ONLY___ 

2022-07-08 10:35:29,098 INFO     ___FILE_ONLY___ smooth-aura-328119
2022-07-08 10:35:29,099 INFO     ___FILE_ONLY___               
2022-07-08 10:35:29,099 INFO     ___FILE_ONLY___ PayPal-Migration
2022-07-08 10:35:29,099 INFO     ___FILE_ONLY___                 
2022-07-08 10:35:29,099 INFO     ___FILE_ONLY___ 721235078146
2022-07-08 10:35:29,099 INFO     ___FILE_ONLY___ 

2022-07-08 10:35:29,099 INFO     ___FILE_ONLY___ sys-12959043154741737594944879
2022-07-08 10:35:29,099 INFO     ___FILE_ONLY___   
2022-07-08 10:35:29,099 INFO     ___FILE_ONLY___ Inspelade makron  Erays test -
2022-07-08 10:35:29,099 INFO     ___FILE_ONLY___   
2022-07-08 10:35:29,099 INFO     ___FILE_ONLY___ 802262872347
2022-07-08 10:35:29,099 INFO     ___FILE_ONLY___ 

2022-07-08 10:35:29,099 INFO     ___FILE_ONLY___ sys-32370916166466674571878129
2022-07-08 10:35:29,099 INFO     ___FILE_ONLY___   
2022-07-08 10:35:29,099 INFO     ___FILE_ONLY___ Recorded macros  Disk Usage by
2022-07-08 10:35:29,099 INFO     ___FILE_ONLY___   
2022-07-08 10:35:29,099 INFO     ___FILE_ONLY___ 507713430908
2022-07-08 10:35:29,099 INFO     ___FILE_ONLY___ 

2022-07-08 10:35:29,099 INFO     ___FILE_ONLY___ testagent-wfja
2022-07-08 10:35:29,100 INFO     ___FILE_ONLY___                   
2022-07-08 10:35:29,100 INFO     ___FILE_ONLY___ testagent-wfja
2022-07-08 10:35:29,100 INFO     ___FILE_ONLY___                   
2022-07-08 10:35:29,100 INFO     ___FILE_ONLY___ 507142900528
2022-07-08 10:35:29,100 INFO     ___FILE_ONLY___ 

2022-07-08 10:35:29,100 INFO     ___FILE_ONLY___ testtestsson-wvkp
2022-07-08 10:35:29,100 INFO     ___FILE_ONLY___                
2022-07-08 10:35:29,100 INFO     ___FILE_ONLY___ testtestsson-wvkp
2022-07-08 10:35:29,100 INFO     ___FILE_ONLY___                
2022-07-08 10:35:29,100 INFO     ___FILE_ONLY___ 905041737761
2022-07-08 10:35:29,100 INFO     ___FILE_ONLY___ 

2022-07-08 10:35:29,100 INFO     ___FILE_ONLY___ tradera-backup
2022-07-08 10:35:29,100 INFO     ___FILE_ONLY___                   
2022-07-08 10:35:29,100 INFO     ___FILE_ONLY___ Tradera Backup
2022-07-08 10:35:29,100 INFO     ___FILE_ONLY___                   
2022-07-08 10:35:29,100 INFO     ___FILE_ONLY___ 500303425165
2022-07-08 10:35:29,100 INFO     ___FILE_ONLY___ 

2022-07-08 10:35:29,100 INFO     ___FILE_ONLY___ tradera-beta-982f5
2022-07-08 10:35:29,101 INFO     ___FILE_ONLY___               
2022-07-08 10:35:29,101 INFO     ___FILE_ONLY___ Tradera Beta
2022-07-08 10:35:29,101 INFO     ___FILE_ONLY___                     
2022-07-08 10:35:29,101 INFO     ___FILE_ONLY___ 465252086537
2022-07-08 10:35:29,101 INFO     ___FILE_ONLY___ 

2022-07-08 10:35:29,101 INFO     ___FILE_ONLY___ tradera-beta-gcm
2022-07-08 10:35:29,101 INFO     ___FILE_ONLY___                 
2022-07-08 10:35:29,101 INFO     ___FILE_ONLY___ Tradera Beta Gcm
2022-07-08 10:35:29,101 INFO     ___FILE_ONLY___                 
2022-07-08 10:35:29,101 INFO     ___FILE_ONLY___ 296945662015
2022-07-08 10:35:29,101 INFO     ___FILE_ONLY___ 

2022-07-08 10:35:29,101 INFO     ___FILE_ONLY___ tradera-billing-export
2022-07-08 10:35:29,101 INFO     ___FILE_ONLY___           
2022-07-08 10:35:29,101 INFO     ___FILE_ONLY___ Tradera Billing Export
2022-07-08 10:35:29,101 INFO     ___FILE_ONLY___           
2022-07-08 10:35:29,101 INFO     ___FILE_ONLY___ 257178253019
2022-07-08 10:35:29,101 INFO     ___FILE_ONLY___ 

2022-07-08 10:35:29,102 INFO     ___FILE_ONLY___ tradera-blueprint
2022-07-08 10:35:29,102 INFO     ___FILE_ONLY___                
2022-07-08 10:35:29,102 INFO     ___FILE_ONLY___ Tradera Blueprint
2022-07-08 10:35:29,102 INFO     ___FILE_ONLY___                
2022-07-08 10:35:29,102 INFO     ___FILE_ONLY___ 46094747183
2022-07-08 10:35:29,102 INFO     ___FILE_ONLY___ 

2022-07-08 10:35:29,102 INFO     ___FILE_ONLY___ tradera-bq-analysis
2022-07-08 10:35:29,102 INFO     ___FILE_ONLY___              
2022-07-08 10:35:29,102 INFO     ___FILE_ONLY___ Tradera BQ Analysis
2022-07-08 10:35:29,102 INFO     ___FILE_ONLY___              
2022-07-08 10:35:29,102 INFO     ___FILE_ONLY___ 1070946980324
2022-07-08 10:35:29,103 INFO     ___FILE_ONLY___ 

2022-07-08 10:35:29,103 INFO     ___FILE_ONLY___ tradera-datascience
2022-07-08 10:35:29,103 INFO     ___FILE_ONLY___              
2022-07-08 10:35:29,103 INFO     ___FILE_ONLY___ Tradera Datascience
2022-07-08 10:35:29,103 INFO     ___FILE_ONLY___              
2022-07-08 10:35:29,103 INFO     ___FILE_ONLY___ 760044078052
2022-07-08 10:35:29,103 INFO     ___FILE_ONLY___ 

2022-07-08 10:35:29,103 INFO     ___FILE_ONLY___ tradera-deploy
2022-07-08 10:35:29,103 INFO     ___FILE_ONLY___                   
2022-07-08 10:35:29,103 INFO     ___FILE_ONLY___ Tradera Deploy
2022-07-08 10:35:29,103 INFO     ___FILE_ONLY___                   
2022-07-08 10:35:29,103 INFO     ___FILE_ONLY___ 915422851201
2022-07-08 10:35:29,103 INFO     ___FILE_ONLY___ 

2022-07-08 10:35:29,103 INFO     ___FILE_ONLY___ tradera-dev-keys
2022-07-08 10:35:29,103 INFO     ___FILE_ONLY___                 
2022-07-08 10:35:29,103 INFO     ___FILE_ONLY___ Tradera Dev Keys
2022-07-08 10:35:29,104 INFO     ___FILE_ONLY___                 
2022-07-08 10:35:29,104 INFO     ___FILE_ONLY___ 318070235172
2022-07-08 10:35:29,104 INFO     ___FILE_ONLY___ 

2022-07-08 10:35:29,104 INFO     ___FILE_ONLY___ tradera-dev-login
2022-07-08 10:35:29,104 INFO     ___FILE_ONLY___                
2022-07-08 10:35:29,104 INFO     ___FILE_ONLY___ Tradera Development Login
2022-07-08 10:35:29,104 INFO     ___FILE_ONLY___        
2022-07-08 10:35:29,104 INFO     ___FILE_ONLY___ 1020466245675
2022-07-08 10:35:29,104 INFO     ___FILE_ONLY___ 

2022-07-08 10:35:29,104 INFO     ___FILE_ONLY___ tradera-development
2022-07-08 10:35:29,104 INFO     ___FILE_ONLY___              
2022-07-08 10:35:29,104 INFO     ___FILE_ONLY___ Tradera Development
2022-07-08 10:35:29,104 INFO     ___FILE_ONLY___              
2022-07-08 10:35:29,104 INFO     ___FILE_ONLY___ 255305809508
2022-07-08 10:35:29,104 INFO     ___FILE_ONLY___ 

2022-07-08 10:35:29,104 INFO     ___FILE_ONLY___ tradera-development-messaging
2022-07-08 10:35:29,104 INFO     ___FILE_ONLY___    
2022-07-08 10:35:29,105 INFO     ___FILE_ONLY___ Tradera Development Messaging
2022-07-08 10:35:29,105 INFO     ___FILE_ONLY___    
2022-07-08 10:35:29,105 INFO     ___FILE_ONLY___ 680576288922
2022-07-08 10:35:29,105 INFO     ___FILE_ONLY___ 

2022-07-08 10:35:29,105 INFO     ___FILE_ONLY___ tradera-devops-test
2022-07-08 10:35:29,105 INFO     ___FILE_ONLY___              
2022-07-08 10:35:29,105 INFO     ___FILE_ONLY___ tradera-devops-test
2022-07-08 10:35:29,105 INFO     ___FILE_ONLY___              
2022-07-08 10:35:29,105 INFO     ___FILE_ONLY___ 750419385138
2022-07-08 10:35:29,105 INFO     ___FILE_ONLY___ 

2022-07-08 10:35:29,105 INFO     ___FILE_ONLY___ tradera-dns
2022-07-08 10:35:29,105 INFO     ___FILE_ONLY___                      
2022-07-08 10:35:29,105 INFO     ___FILE_ONLY___ Tradera DNS
2022-07-08 10:35:29,105 INFO     ___FILE_ONLY___                      
2022-07-08 10:35:29,105 INFO     ___FILE_ONLY___ 1044121619410
2022-07-08 10:35:29,105 INFO     ___FILE_ONLY___ 

2022-07-08 10:35:29,106 INFO     ___FILE_ONLY___ tradera-dw
2022-07-08 10:35:29,106 INFO     ___FILE_ONLY___                       
2022-07-08 10:35:29,106 INFO     ___FILE_ONLY___ Tradera DW
2022-07-08 10:35:29,106 INFO     ___FILE_ONLY___                       
2022-07-08 10:35:29,106 INFO     ___FILE_ONLY___ 44229275381
2022-07-08 10:35:29,106 INFO     ___FILE_ONLY___ 

2022-07-08 10:35:29,106 INFO     ___FILE_ONLY___ tradera-dw-development
2022-07-08 10:35:29,106 INFO     ___FILE_ONLY___           
2022-07-08 10:35:29,106 INFO     ___FILE_ONLY___ Tradera DW Development
2022-07-08 10:35:29,106 INFO     ___FILE_ONLY___           
2022-07-08 10:35:29,106 INFO     ___FILE_ONLY___ 166172414376
2022-07-08 10:35:29,106 INFO     ___FILE_ONLY___ 

2022-07-08 10:35:29,106 INFO     ___FILE_ONLY___ tradera-elt
2022-07-08 10:35:29,106 INFO     ___FILE_ONLY___                      
2022-07-08 10:35:29,106 INFO     ___FILE_ONLY___ Tradera ELT
2022-07-08 10:35:29,106 INFO     ___FILE_ONLY___                      
2022-07-08 10:35:29,106 INFO     ___FILE_ONLY___ 462478578832
2022-07-08 10:35:29,107 INFO     ___FILE_ONLY___ 

2022-07-08 10:35:29,107 INFO     ___FILE_ONLY___ tradera-finance-storage
2022-07-08 10:35:29,107 INFO     ___FILE_ONLY___          
2022-07-08 10:35:29,107 INFO     ___FILE_ONLY___ Tradera Finance Storage
2022-07-08 10:35:29,107 INFO     ___FILE_ONLY___          
2022-07-08 10:35:29,107 INFO     ___FILE_ONLY___ 431175819668
2022-07-08 10:35:29,107 INFO     ___FILE_ONLY___ 

2022-07-08 10:35:29,107 INFO     ___FILE_ONLY___ tradera-funnel-io
2022-07-08 10:35:29,107 INFO     ___FILE_ONLY___                
2022-07-08 10:35:29,107 INFO     ___FILE_ONLY___ tradera-funnel-io
2022-07-08 10:35:29,107 INFO     ___FILE_ONLY___                
2022-07-08 10:35:29,107 INFO     ___FILE_ONLY___ 118951619328
2022-07-08 10:35:29,107 INFO     ___FILE_ONLY___ 

2022-07-08 10:35:29,107 INFO     ___FILE_ONLY___ tradera-gam-export
2022-07-08 10:35:29,107 INFO     ___FILE_ONLY___               
2022-07-08 10:35:29,107 INFO     ___FILE_ONLY___ tradera-gam-export
2022-07-08 10:35:29,108 INFO     ___FILE_ONLY___               
2022-07-08 10:35:29,108 INFO     ___FILE_ONLY___ 4156024448
2022-07-08 10:35:29,108 INFO     ___FILE_ONLY___ 

2022-07-08 10:35:29,108 INFO     ___FILE_ONLY___ tradera-it-secrets
2022-07-08 10:35:29,108 INFO     ___FILE_ONLY___               
2022-07-08 10:35:29,108 INFO     ___FILE_ONLY___ Tradera IT Secrets
2022-07-08 10:35:29,108 INFO     ___FILE_ONLY___               
2022-07-08 10:35:29,108 INFO     ___FILE_ONLY___ 371183367591
2022-07-08 10:35:29,108 INFO     ___FILE_ONLY___ 

2022-07-08 10:35:29,108 INFO     ___FILE_ONLY___ tradera-lab
2022-07-08 10:35:29,108 INFO     ___FILE_ONLY___                      
2022-07-08 10:35:29,108 INFO     ___FILE_ONLY___ Tradera Lab
2022-07-08 10:35:29,108 INFO     ___FILE_ONLY___                      
2022-07-08 10:35:29,108 INFO     ___FILE_ONLY___ 448395028257
2022-07-08 10:35:29,108 INFO     ___FILE_ONLY___ 

2022-07-08 10:35:29,108 INFO     ___FILE_ONLY___ tradera-lab-image-search
2022-07-08 10:35:29,108 INFO     ___FILE_ONLY___         
2022-07-08 10:35:29,109 INFO     ___FILE_ONLY___ Tradera Lab Image Search
2022-07-08 10:35:29,109 INFO     ___FILE_ONLY___         
2022-07-08 10:35:29,109 INFO     ___FILE_ONLY___ 538563721281
2022-07-08 10:35:29,109 INFO     ___FILE_ONLY___ 

2022-07-08 10:35:29,109 INFO     ___FILE_ONLY___ tradera-loadtest-locust
2022-07-08 10:35:29,109 INFO     ___FILE_ONLY___          
2022-07-08 10:35:29,109 INFO     ___FILE_ONLY___ Tradera-loadtest-locust
2022-07-08 10:35:29,109 INFO     ___FILE_ONLY___          
2022-07-08 10:35:29,109 INFO     ___FILE_ONLY___ 498682945973
2022-07-08 10:35:29,109 INFO     ___FILE_ONLY___ 

2022-07-08 10:35:29,109 INFO     ___FILE_ONLY___ tradera-login
2022-07-08 10:35:29,109 INFO     ___FILE_ONLY___                    
2022-07-08 10:35:29,109 INFO     ___FILE_ONLY___ Tradera Login
2022-07-08 10:35:29,109 INFO     ___FILE_ONLY___                    
2022-07-08 10:35:29,109 INFO     ___FILE_ONLY___ 736264527175
2022-07-08 10:35:29,109 INFO     ___FILE_ONLY___ 

2022-07-08 10:35:29,110 INFO     ___FILE_ONLY___ tradera-messaging-test
2022-07-08 10:35:29,110 INFO     ___FILE_ONLY___           
2022-07-08 10:35:29,110 INFO     ___FILE_ONLY___ Tradera Messaging Test
2022-07-08 10:35:29,110 INFO     ___FILE_ONLY___           
2022-07-08 10:35:29,110 INFO     ___FILE_ONLY___ 495001302396
2022-07-08 10:35:29,110 INFO     ___FILE_ONLY___ 

2022-07-08 10:35:29,110 INFO     ___FILE_ONLY___ tradera-office-security
2022-07-08 10:35:29,110 INFO     ___FILE_ONLY___          
2022-07-08 10:35:29,110 INFO     ___FILE_ONLY___ Tradera Office Security
2022-07-08 10:35:29,110 INFO     ___FILE_ONLY___          
2022-07-08 10:35:29,110 INFO     ___FILE_ONLY___ 646339971934
2022-07-08 10:35:29,110 INFO     ___FILE_ONLY___ 

2022-07-08 10:35:29,110 INFO     ___FILE_ONLY___ tradera-pagos
2022-07-08 10:35:29,110 INFO     ___FILE_ONLY___                    
2022-07-08 10:35:29,111 INFO     ___FILE_ONLY___ Tradera Pagos
2022-07-08 10:35:29,111 INFO     ___FILE_ONLY___                    
2022-07-08 10:35:29,111 INFO     ___FILE_ONLY___ 111426335295
2022-07-08 10:35:29,111 INFO     ___FILE_ONLY___ 

2022-07-08 10:35:29,111 INFO     ___FILE_ONLY___ tradera-payppal-securityscan
2022-07-08 10:35:29,111 INFO     ___FILE_ONLY___     
2022-07-08 10:35:29,111 INFO     ___FILE_ONLY___ Tradera PayPal SecurityScan
2022-07-08 10:35:29,111 INFO     ___FILE_ONLY___      
2022-07-08 10:35:29,111 INFO     ___FILE_ONLY___ 999055192349
2022-07-08 10:35:29,111 INFO     ___FILE_ONLY___ 

2022-07-08 10:35:29,111 INFO     ___FILE_ONLY___ tradera-pp-securityscan
2022-07-08 10:35:29,111 INFO     ___FILE_ONLY___          
2022-07-08 10:35:29,111 INFO     ___FILE_ONLY___ Tradera PayPal SecurityScan
2022-07-08 10:35:29,111 INFO     ___FILE_ONLY___      
2022-07-08 10:35:29,111 INFO     ___FILE_ONLY___ 56089487904
2022-07-08 10:35:29,111 INFO     ___FILE_ONLY___ 

2022-07-08 10:35:29,112 INFO     ___FILE_ONLY___ tradera-prod
2022-07-08 10:35:29,112 INFO     ___FILE_ONLY___                     
2022-07-08 10:35:29,112 INFO     ___FILE_ONLY___ Tradera Prod Storage
2022-07-08 10:35:29,112 INFO     ___FILE_ONLY___             
2022-07-08 10:35:29,112 INFO     ___FILE_ONLY___ 72093909567
2022-07-08 10:35:29,112 INFO     ___FILE_ONLY___ 

2022-07-08 10:35:29,112 INFO     ___FILE_ONLY___ tradera-prod-android
2022-07-08 10:35:29,112 INFO     ___FILE_ONLY___             
2022-07-08 10:35:29,112 INFO     ___FILE_ONLY___ Tradera Prod Android
2022-07-08 10:35:29,112 INFO     ___FILE_ONLY___             
2022-07-08 10:35:29,112 INFO     ___FILE_ONLY___ 351043975386
2022-07-08 10:35:29,112 INFO     ___FILE_ONLY___ 

2022-07-08 10:35:29,112 INFO     ___FILE_ONLY___ tradera-prod-backoffice
2022-07-08 10:35:29,112 INFO     ___FILE_ONLY___          
2022-07-08 10:35:29,112 INFO     ___FILE_ONLY___ Tradera Prod Backoffice
2022-07-08 10:35:29,112 INFO     ___FILE_ONLY___          
2022-07-08 10:35:29,113 INFO     ___FILE_ONLY___ 393715426529
2022-07-08 10:35:29,113 INFO     ___FILE_ONLY___ 

2022-07-08 10:35:29,113 INFO     ___FILE_ONLY___ tradera-prod-billing
2022-07-08 10:35:29,113 INFO     ___FILE_ONLY___             
2022-07-08 10:35:29,113 INFO     ___FILE_ONLY___ Tradera Prod Billing
2022-07-08 10:35:29,113 INFO     ___FILE_ONLY___             
2022-07-08 10:35:29,113 INFO     ___FILE_ONLY___ 238379793857
2022-07-08 10:35:29,113 INFO     ___FILE_ONLY___ 

2022-07-08 10:35:29,113 INFO     ___FILE_ONLY___ tradera-prod-billing-compute
2022-07-08 10:35:29,113 INFO     ___FILE_ONLY___     
2022-07-08 10:35:29,113 INFO     ___FILE_ONLY___ Tradera Prod Billing Compute
2022-07-08 10:35:29,113 INFO     ___FILE_ONLY___     
2022-07-08 10:35:29,113 INFO     ___FILE_ONLY___ 495047613554
2022-07-08 10:35:29,113 INFO     ___FILE_ONLY___ 

2022-07-08 10:35:29,113 INFO     ___FILE_ONLY___ tradera-prod-compute
2022-07-08 10:35:29,113 INFO     ___FILE_ONLY___             
2022-07-08 10:35:29,113 INFO     ___FILE_ONLY___ Tradera Prod Compute
2022-07-08 10:35:29,114 INFO     ___FILE_ONLY___             
2022-07-08 10:35:29,114 INFO     ___FILE_ONLY___ 205102806658
2022-07-08 10:35:29,114 INFO     ___FILE_ONLY___ 

2022-07-08 10:35:29,114 INFO     ___FILE_ONLY___ tradera-prod-cs
2022-07-08 10:35:29,114 INFO     ___FILE_ONLY___                  
2022-07-08 10:35:29,114 INFO     ___FILE_ONLY___ Tradera Prod CS
2022-07-08 10:35:29,114 INFO     ___FILE_ONLY___                  
2022-07-08 10:35:29,114 INFO     ___FILE_ONLY___ 940600093611
2022-07-08 10:35:29,114 INFO     ___FILE_ONLY___ 

2022-07-08 10:35:29,114 INFO     ___FILE_ONLY___ tradera-prod-dns
2022-07-08 10:35:29,114 INFO     ___FILE_ONLY___                 
2022-07-08 10:35:29,114 INFO     ___FILE_ONLY___ Tradera Prod DNS
2022-07-08 10:35:29,114 INFO     ___FILE_ONLY___                 
2022-07-08 10:35:29,114 INFO     ___FILE_ONLY___ 274766919034
2022-07-08 10:35:29,114 INFO     ___FILE_ONLY___ 

2022-07-08 10:35:29,114 INFO     ___FILE_ONLY___ tradera-prod-eventexport
2022-07-08 10:35:29,114 INFO     ___FILE_ONLY___         
2022-07-08 10:35:29,115 INFO     ___FILE_ONLY___ tradera-prod-eventexport
2022-07-08 10:35:29,115 INFO     ___FILE_ONLY___         
2022-07-08 10:35:29,115 INFO     ___FILE_ONLY___ 863803992146
2022-07-08 10:35:29,115 INFO     ___FILE_ONLY___ 

2022-07-08 10:35:29,115 INFO     ___FILE_ONLY___ tradera-prod-ios
2022-07-08 10:35:29,115 INFO     ___FILE_ONLY___                 
2022-07-08 10:35:29,115 INFO     ___FILE_ONLY___ Tradera Prod iOS
2022-07-08 10:35:29,115 INFO     ___FILE_ONLY___                 
2022-07-08 10:35:29,115 INFO     ___FILE_ONLY___ 930439640180
2022-07-08 10:35:29,115 INFO     ___FILE_ONLY___ 

2022-07-08 10:35:29,115 INFO     ___FILE_ONLY___ tradera-prod-keys
2022-07-08 10:35:29,115 INFO     ___FILE_ONLY___                
2022-07-08 10:35:29,115 INFO     ___FILE_ONLY___ Tradera Prod Keys
2022-07-08 10:35:29,115 INFO     ___FILE_ONLY___                
2022-07-08 10:35:29,115 INFO     ___FILE_ONLY___ 420467208848
2022-07-08 10:35:29,115 INFO     ___FILE_ONLY___ 

2022-07-08 10:35:29,115 INFO     ___FILE_ONLY___ tradera-prod-messaging
2022-07-08 10:35:29,116 INFO     ___FILE_ONLY___           
2022-07-08 10:35:29,116 INFO     ___FILE_ONLY___ Tradera Prod Messaging
2022-07-08 10:35:29,116 INFO     ___FILE_ONLY___           
2022-07-08 10:35:29,116 INFO     ___FILE_ONLY___ 347694432616
2022-07-08 10:35:29,116 INFO     ___FILE_ONLY___ 

2022-07-08 10:35:29,116 INFO     ___FILE_ONLY___ tradera-prod-native-apps
2022-07-08 10:35:29,116 INFO     ___FILE_ONLY___         
2022-07-08 10:35:29,116 INFO     ___FILE_ONLY___ Tradera Prod Native Apps
2022-07-08 10:35:29,116 INFO     ___FILE_ONLY___         
2022-07-08 10:35:29,116 INFO     ___FILE_ONLY___ 114263176803
2022-07-08 10:35:29,116 INFO     ___FILE_ONLY___ 

2022-07-08 10:35:29,116 INFO     ___FILE_ONLY___ tradera-production
2022-07-08 10:35:29,116 INFO     ___FILE_ONLY___               
2022-07-08 10:35:29,116 INFO     ___FILE_ONLY___ Tradera Production
2022-07-08 10:35:29,116 INFO     ___FILE_ONLY___               
2022-07-08 10:35:29,116 INFO     ___FILE_ONLY___ 664921016128
2022-07-08 10:35:29,116 INFO     ___FILE_ONLY___ 

2022-07-08 10:35:29,117 INFO     ___FILE_ONLY___ tradera-pwc-reports
2022-07-08 10:35:29,117 INFO     ___FILE_ONLY___              
2022-07-08 10:35:29,117 INFO     ___FILE_ONLY___ Tradera PWC Reports
2022-07-08 10:35:29,117 INFO     ___FILE_ONLY___              
2022-07-08 10:35:29,117 INFO     ___FILE_ONLY___ 663789219001
2022-07-08 10:35:29,117 INFO     ___FILE_ONLY___ 

2022-07-08 10:35:29,117 INFO     ___FILE_ONLY___ tradera-recruitment
2022-07-08 10:35:29,117 INFO     ___FILE_ONLY___              
2022-07-08 10:35:29,117 INFO     ___FILE_ONLY___ Tradera Recruitment
2022-07-08 10:35:29,117 INFO     ___FILE_ONLY___              
2022-07-08 10:35:29,117 INFO     ___FILE_ONLY___ 174250830722
2022-07-08 10:35:29,117 INFO     ___FILE_ONLY___ 

2022-07-08 10:35:29,117 INFO     ___FILE_ONLY___ tradera-rpc-loadtest
2022-07-08 10:35:29,117 INFO     ___FILE_ONLY___             
2022-07-08 10:35:29,117 INFO     ___FILE_ONLY___ tradera-rpc-loadtest
2022-07-08 10:35:29,117 INFO     ___FILE_ONLY___             
2022-07-08 10:35:29,117 INFO     ___FILE_ONLY___ 683612089010
2022-07-08 10:35:29,118 INFO     ___FILE_ONLY___ 

2022-07-08 10:35:29,118 INFO     ___FILE_ONLY___ tradera-secrets
2022-07-08 10:35:29,118 INFO     ___FILE_ONLY___                  
2022-07-08 10:35:29,118 INFO     ___FILE_ONLY___ Tradera Secrets
2022-07-08 10:35:29,118 INFO     ___FILE_ONLY___                  
2022-07-08 10:35:29,118 INFO     ___FILE_ONLY___ 923265484420
2022-07-08 10:35:29,118 INFO     ___FILE_ONLY___ 

2022-07-08 10:35:29,118 INFO     ___FILE_ONLY___ tradera-sso
2022-07-08 10:35:29,118 INFO     ___FILE_ONLY___                      
2022-07-08 10:35:29,118 INFO     ___FILE_ONLY___ Tradera SSO
2022-07-08 10:35:29,118 INFO     ___FILE_ONLY___                      
2022-07-08 10:35:29,118 INFO     ___FILE_ONLY___ 535724888420
2022-07-08 10:35:29,118 INFO     ___FILE_ONLY___ 

2022-07-08 10:35:29,118 INFO     ___FILE_ONLY___ tradera-staging-messaging
2022-07-08 10:35:29,118 INFO     ___FILE_ONLY___        
2022-07-08 10:35:29,118 INFO     ___FILE_ONLY___ Tradera Staging Messaging
2022-07-08 10:35:29,119 INFO     ___FILE_ONLY___        
2022-07-08 10:35:29,119 INFO     ___FILE_ONLY___ 172686356583
2022-07-08 10:35:29,119 INFO     ___FILE_ONLY___ 

2022-07-08 10:35:29,119 INFO     ___FILE_ONLY___ tradera-storybook
2022-07-08 10:35:29,119 INFO     ___FILE_ONLY___                
2022-07-08 10:35:29,119 INFO     ___FILE_ONLY___ tradera-storybook
2022-07-08 10:35:29,119 INFO     ___FILE_ONLY___                
2022-07-08 10:35:29,119 INFO     ___FILE_ONLY___ 528261283815
2022-07-08 10:35:29,119 INFO     ___FILE_ONLY___ 

2022-07-08 10:35:29,119 INFO     ___FILE_ONLY___ tradera-test-restore-firestore
2022-07-08 10:35:29,119 INFO     ___FILE_ONLY___   
2022-07-08 10:35:29,120 INFO     ___FILE_ONLY___ tradera-test-restore-firestore
2022-07-08 10:35:29,120 INFO     ___FILE_ONLY___   
2022-07-08 10:35:29,120 INFO     ___FILE_ONLY___ 476385593982
2022-07-08 10:35:29,120 INFO     ___FILE_ONLY___ 

2022-07-08 10:35:29,120 INFO     ___FILE_ONLY___ tradera-white
2022-07-08 10:35:29,120 INFO     ___FILE_ONLY___                    
2022-07-08 10:35:29,120 INFO     ___FILE_ONLY___ Tradera White
2022-07-08 10:35:29,120 INFO     ___FILE_ONLY___                    
2022-07-08 10:35:29,120 INFO     ___FILE_ONLY___ 558111340473
2022-07-08 10:35:29,120 INFO     ___FILE_ONLY___ 

2022-07-08 10:35:29,120 INFO     ___FILE_ONLY___ user-name-sbmh
2022-07-08 10:35:29,120 INFO     ___FILE_ONLY___                   
2022-07-08 10:35:29,120 INFO     ___FILE_ONLY___ user-name-sbmh
2022-07-08 10:35:29,120 INFO     ___FILE_ONLY___                   
2022-07-08 10:35:29,120 INFO     ___FILE_ONLY___ 783049200805
2022-07-08 10:35:29,120 INFO     ___FILE_ONLY___ 

2022-07-08 10:35:29,121 DEBUG    root            SDK update checks are disabled.
