2022-07-08 10:34:29,726 DEBUG    root            Loaded Command Group: ['gcloud', 'iam']
2022-07-08 10:34:29,727 DEBUG    root            Loaded Command Group: ['gcloud', 'iam', 'service_accounts']
2022-07-08 10:34:29,729 DEBUG    root            Loaded Command Group: ['gcloud', 'iam', 'service-accounts', 'get_iam_policy']
2022-07-08 10:34:29,729 DEBUG    root            Running [gcloud.iam.service-accounts.get-iam-policy] with arguments: [--help: "None", SERVICE_ACCOUNT: "app-translation-on-demand@tradera-development.iam.gserviceaccount.com"]
2022-07-08 10:34:29,730 DEBUG    root            Loaded Command Group: ['gcloud', 'alpha', 'iam']
2022-07-08 10:34:29,731 DEBUG    root            Loaded Command Group: ['gcloud', 'alpha', 'iam', 'service_accounts']
2022-07-08 10:34:29,732 DEBUG    root            Loaded Command Group: ['gcloud', 'alpha', 'iam', 'service-accounts', 'get_iam_policy']
2022-07-08 10:34:29,733 DEBUG    root            Loaded Command Group: ['gcloud', 'beta', 'iam']
2022-07-08 10:34:29,734 DEBUG    root            Loaded Command Group: ['gcloud', 'beta', 'iam', 'service_accounts']
2022-07-08 10:34:29,735 DEBUG    root            Loaded Command Group: ['gcloud', 'beta', 'iam', 'service-accounts', 'get_iam_policy']
2022-07-08 10:34:29,738 DEBUG    root            Loaded Command Group: ['gcloud', 'iam', 'service-accounts', 'set_iam_policy']
2022-07-08 10:34:29,739 DEBUG    root            Loaded Command Group: ['gcloud', 'projects']
2022-07-08 10:34:29,740 DEBUG    root            Loaded Command Group: ['gcloud', 'topic']
2022-07-08 10:34:29,745 DEBUG    root            Loaded Command Group: ['gcloud', 'topic', 'filters']
2022-07-08 10:34:29,752 DEBUG    root            Loaded Command Group: ['gcloud', 'help']
2022-07-08 10:34:29,758 INFO     ___FILE_ONLY___ [m[1mNAME[m
    gcloud iam service-accounts get-iam-policy - get the IAM policy for a
        service account

[m[1mSYNOPSIS[m
    [1mgcloud iam service-accounts get-iam-policy[m [4mSERVICE_ACCOUNT[m
        [[1m--filter[m=[4mEXPRESSION[m] [[1m--limit[m=[4mLIMIT[m] [[1m--page-size[m=[4mPAGE_SIZE[m]
        [[1m--sort-by[m=[[4mFIELD[m,...]] [[4mGCLOUD_WIDE_FLAG ...[m]

[m[1mDESCRIPTION[m
    This command gets the IAM policy for a service account. If formatted as
    JSON, the output can be edited and used as a policy file for
    set-iam-policy. The output includes an "etag" field identifying the version
    emitted and allowing detection of concurrent policy updates; see $ gcloud
    iam service-accounts set-iam-policy for additional details.

    If the service account does not exist, this command returns a
    [1mPERMISSION_DENIED[m error.

    When managing IAM roles, you can treat a service account either as a
    resource or as an identity. This command is to get the iam policy of a
    service account resource. There are other gcloud commands to manage IAM
    policies for other types of resources. For example, to manage IAM policies
    on a project, use the [1m$ gcloud projects[m commands.

[m[1mEXAMPLES[m
    To print the IAM policy for a given service account, run:

        $ gcloud iam service-accounts get-iam-policy \
            my-iam-account@my-project.iam.gserviceaccount.com

[m[1mPOSITIONAL ARGUMENTS[m
     [4mSERVICE_ACCOUNT[m
        The service account whose policy to get. The account should be
        formatted either as a numeric service account ID or as an email, like
        this: 123456789876543212345 or my-iam-account@somedomain.com.

[m[1mLIST COMMAND FLAGS[m
     [1m--filter[m=[4mEXPRESSION[m
        Apply a Boolean filter [4mEXPRESSION[m to each resource item to be listed.
        If the expression evaluates [1mTrue[m, then that item is listed. For more
        details and examples of filter expressions, run $ gcloud topic filters.
        This flag interacts with other flags that are applied in this order:
        [1m--flatten[m, [1m--sort-by[m, [1m--filter[m, [1m--limit[m.

     [1m--limit[m=[4mLIMIT[m
        Maximum number of resources to list. The default is [1munlimited[m. This
        flag interacts with other flags that are applied in this order:
        [1m--flatten[m, [1m--sort-by[m, [1m--filter[m, [1m--limit[m.

     [1m--page-size[m=[4mPAGE_SIZE[m
        Some services group resource list output into pages. This flag
        specifies the maximum number of resources per page. The default is
        determined by the service if it supports paging, otherwise it is
        [1munlimited[m (no paging). Paging may be applied before or after [1m--filter[m
        and [1m--limit[m depending on the service.

     [1m--sort-by[m=[[4mFIELD[m,...]
        Comma-separated list of resource field key names to sort by. The
        default order is ascending. Prefix a field with ``~'' for descending
        order on that field. This flag interacts with other flags that are
        applied in this order: [1m--flatten[m, [1m--sort-by[m, [1m--filter[m, [1m--limit[m.

[m[1mGCLOUD WIDE FLAGS[m
    These flags are available to all commands: --access-token-file, --account,
    --billing-project, --configuration, --flags-file, --flatten, --format,
    --help, --impersonate-service-account, --log-http, --project, --quiet,
    --trace-token, --user-output-enabled, --verbosity.

    Run [1m$ gcloud help[m for details.

[m[1mNOTES[m
    These variants are also available:

        $ gcloud alpha iam service-accounts get-iam-policy

        $ gcloud beta iam service-accounts get-iam-policy

[m
