2022-07-08 10:41:26,785 DEBUG    root            Loaded Command Group: ['gcloud', 'iam']
2022-07-08 10:41:26,785 DEBUG    root            Loaded Command Group: ['gcloud', 'iam', 'service_accounts']
2022-07-08 10:41:26,829 DEBUG    root            Loaded Command Group: ['gcloud', 'iam', 'service-accounts', 'remove_iam_policy_binding']
2022-07-08 10:41:26,838 DEBUG    root            Loaded Command Group: ['gcloud', 'iam', 'service-accounts', 'add_iam_policy_binding']
2022-07-08 10:41:26,841 DEBUG    root            No implementation for release track [GA] for element: [/opt/google-cloud-sdk/lib/surface/iam/service_accounts/config]
2022-07-08 10:41:26,843 DEBUG    root            Loaded Command Group: ['gcloud', 'iam', 'service-accounts', 'get_iam_policy']
2022-07-08 10:41:26,844 DEBUG    root            Loaded Command Group: ['gcloud', 'iam', 'service-accounts', 'create']
2022-07-08 10:41:26,846 DEBUG    root            Loaded Command Group: ['gcloud', 'iam', 'service-accounts', 'list']
2022-07-08 10:41:26,847 DEBUG    root            Loaded Command Group: ['gcloud', 'iam', 'service-accounts', 'sign_blob']
2022-07-08 10:41:26,854 DEBUG    root            Loaded Command Group: ['gcloud', 'iam', 'service-accounts', 'undelete']
2022-07-08 10:41:26,860 DEBUG    root            Loaded Command Group: ['gcloud', 'iam', 'service-accounts', 'disable']
2022-07-08 10:41:26,867 DEBUG    root            Loaded Command Group: ['gcloud', 'iam', 'service-accounts', 'enable']
2022-07-08 10:41:26,870 DEBUG    root            No implementation for release track [GA] for element: [/opt/google-cloud-sdk/lib/surface/iam/service_accounts/identity_bindings]
2022-07-08 10:41:26,871 DEBUG    root            Loaded Command Group: ['gcloud', 'iam', 'service-accounts', 'describe']
2022-07-08 10:41:26,872 DEBUG    root            Loaded Command Group: ['gcloud', 'iam', 'service-accounts', 'set_iam_policy']
2022-07-08 10:41:26,873 DEBUG    root            Loaded Command Group: ['gcloud', 'iam', 'service-accounts', 'delete']
2022-07-08 10:41:26,874 DEBUG    root            Loaded Command Group: ['gcloud', 'iam', 'service-accounts', 'sign_jwt']
2022-07-08 10:41:26,882 DEBUG    root            Loaded Command Group: ['gcloud', 'iam', 'service-accounts', 'update']
2022-07-08 10:41:26,886 DEBUG    root            Loaded Command Group: ['gcloud', 'iam', 'service-accounts', 'keys']
2022-07-08 10:41:26,887 DEBUG    root            Loaded Command Group: ['gcloud', 'alpha', 'iam']
2022-07-08 10:41:26,888 DEBUG    root            Loaded Command Group: ['gcloud', 'alpha', 'iam', 'service_accounts']
2022-07-08 10:41:26,889 DEBUG    root            Loaded Command Group: ['gcloud', 'beta', 'iam']
2022-07-08 10:41:26,890 DEBUG    root            Loaded Command Group: ['gcloud', 'beta', 'iam', 'service_accounts']
2022-07-08 10:41:26,891 ERROR    root            (gcloud.iam.service-accounts) Invalid choice: 'get-iam-policapp-member-notifications@tradera-development.iam.gserviceaccount.com'.
