2022-07-08 11:42:06,259 DEBUG    root            Loaded Command Group: ['gcloud', 'projects']
2022-07-08 11:42:06,270 DEBUG    root            Loaded Command Group: ['gcloud', 'projects', 'get_iam_policy']
2022-07-08 11:42:06,271 DEBUG    root            Running [gcloud.projects.get-iam-policy] with arguments: [PROJECT_ID_OR_NUMBER: "tradera-development"]
2022-07-08 11:42:18,490 DEBUG    google.auth.transport.requests Making request: POST https://oauth2.googleapis.com/token
2022-07-08 11:42:18,491 DEBUG    urllib3.connectionpool Starting new HTTPS connection (1): oauth2.googleapis.com:443
2022-07-08 11:42:18,731 DEBUG    urllib3.connectionpool https://oauth2.googleapis.com:443 "POST /token HTTP/1.1" 200 None
2022-07-08 11:42:18,788 DEBUG    urllib3.connectionpool Starting new HTTPS connection (1): cloudresourcemanager.googleapis.com:443
2022-07-08 11:42:19,641 DEBUG    urllib3.connectionpool https://cloudresourcemanager.googleapis.com:443 "POST /v1/projects/tradera-development:getIamPolicy?alt=json HTTP/1.1" 200 None
2022-07-08 11:42:19,658 INFO     root            Display format: "default"
2022-07-08 11:42:19,667 INFO     ___FILE_ONLY___ bindings
2022-07-08 11:42:19,668 INFO     ___FILE_ONLY___ :
2022-07-08 11:42:19,668 INFO     ___FILE_ONLY___ 

2022-07-08 11:42:19,668 INFO     ___FILE_ONLY___ -
2022-07-08 11:42:19,668 INFO     ___FILE_ONLY___  
2022-07-08 11:42:19,668 INFO     ___FILE_ONLY___ members
2022-07-08 11:42:19,668 INFO     ___FILE_ONLY___ :
2022-07-08 11:42:19,669 INFO     ___FILE_ONLY___ 

2022-07-08 11:42:19,669 INFO     ___FILE_ONLY___   
2022-07-08 11:42:19,669 INFO     ___FILE_ONLY___ -
2022-07-08 11:42:19,669 INFO     ___FILE_ONLY___  
2022-07-08 11:42:19,669 INFO     ___FILE_ONLY___ serviceAccount:service-255305809508@gcp-sa-automl.iam.gserviceaccount.com
2022-07-08 11:42:19,670 INFO     ___FILE_ONLY___ 

2022-07-08 11:42:19,670 INFO     ___FILE_ONLY___   
2022-07-08 11:42:19,670 INFO     ___FILE_ONLY___ role
2022-07-08 11:42:19,670 INFO     ___FILE_ONLY___ :
2022-07-08 11:42:19,670 INFO     ___FILE_ONLY___  
2022-07-08 11:42:19,670 INFO     ___FILE_ONLY___ roles/automl.serviceAgent
2022-07-08 11:42:19,670 INFO     ___FILE_ONLY___ 

2022-07-08 11:42:19,671 INFO     ___FILE_ONLY___ -
2022-07-08 11:42:19,671 INFO     ___FILE_ONLY___  
2022-07-08 11:42:19,671 INFO     ___FILE_ONLY___ members
2022-07-08 11:42:19,671 INFO     ___FILE_ONLY___ :
2022-07-08 11:42:19,671 INFO     ___FILE_ONLY___ 

2022-07-08 11:42:19,671 INFO     ___FILE_ONLY___   
2022-07-08 11:42:19,671 INFO     ___FILE_ONLY___ -
2022-07-08 11:42:19,671 INFO     ___FILE_ONLY___  
2022-07-08 11:42:19,671 INFO     ___FILE_ONLY___ serviceAccount:service-255305809508@gcp-sa-recommendationengine.iam.gserviceaccount.com
2022-07-08 11:42:19,672 INFO     ___FILE_ONLY___ 

2022-07-08 11:42:19,672 INFO     ___FILE_ONLY___   
2022-07-08 11:42:19,672 INFO     ___FILE_ONLY___ role
2022-07-08 11:42:19,672 INFO     ___FILE_ONLY___ :
2022-07-08 11:42:19,672 INFO     ___FILE_ONLY___  
2022-07-08 11:42:19,672 INFO     ___FILE_ONLY___ roles/automlrecommendations.serviceAgent
2022-07-08 11:42:19,672 INFO     ___FILE_ONLY___ 

2022-07-08 11:42:19,672 INFO     ___FILE_ONLY___ -
2022-07-08 11:42:19,672 INFO     ___FILE_ONLY___  
2022-07-08 11:42:19,673 INFO     ___FILE_ONLY___ members
2022-07-08 11:42:19,673 INFO     ___FILE_ONLY___ :
2022-07-08 11:42:19,673 INFO     ___FILE_ONLY___ 

2022-07-08 11:42:19,673 INFO     ___FILE_ONLY___   
2022-07-08 11:42:19,673 INFO     ___FILE_ONLY___ -
2022-07-08 11:42:19,673 INFO     ___FILE_ONLY___  
2022-07-08 11:42:19,673 INFO     ___FILE_ONLY___ serviceAccount:privacyscanner-bq@tradera-development.iam.gserviceaccount.com
2022-07-08 11:42:19,673 INFO     ___FILE_ONLY___ 

2022-07-08 11:42:19,673 INFO     ___FILE_ONLY___   
2022-07-08 11:42:19,674 INFO     ___FILE_ONLY___ role
2022-07-08 11:42:19,674 INFO     ___FILE_ONLY___ :
2022-07-08 11:42:19,674 INFO     ___FILE_ONLY___  
2022-07-08 11:42:19,674 INFO     ___FILE_ONLY___ roles/bigquery.dataViewer
2022-07-08 11:42:19,674 INFO     ___FILE_ONLY___ 

2022-07-08 11:42:19,674 INFO     ___FILE_ONLY___ -
2022-07-08 11:42:19,674 INFO     ___FILE_ONLY___  
2022-07-08 11:42:19,674 INFO     ___FILE_ONLY___ members
2022-07-08 11:42:19,674 INFO     ___FILE_ONLY___ :
2022-07-08 11:42:19,675 INFO     ___FILE_ONLY___ 

2022-07-08 11:42:19,675 INFO     ___FILE_ONLY___   
2022-07-08 11:42:19,675 INFO     ___FILE_ONLY___ -
2022-07-08 11:42:19,675 INFO     ___FILE_ONLY___  
2022-07-08 11:42:19,675 INFO     ___FILE_ONLY___ serviceAccount:app-bigquery-event-exporter@tradera-development.iam.gserviceaccount.com
2022-07-08 11:42:19,675 INFO     ___FILE_ONLY___ 

2022-07-08 11:42:19,675 INFO     ___FILE_ONLY___   
2022-07-08 11:42:19,675 INFO     ___FILE_ONLY___ -
2022-07-08 11:42:19,675 INFO     ___FILE_ONLY___  
2022-07-08 11:42:19,676 INFO     ___FILE_ONLY___ serviceAccount:app-datawarehouse-api@tradera-development.iam.gserviceaccount.com
2022-07-08 11:42:19,676 INFO     ___FILE_ONLY___ 

2022-07-08 11:42:19,676 INFO     ___FILE_ONLY___   
2022-07-08 11:42:19,676 INFO     ___FILE_ONLY___ -
2022-07-08 11:42:19,676 INFO     ___FILE_ONLY___  
2022-07-08 11:42:19,676 INFO     ___FILE_ONLY___ serviceAccount:app-datawarehouse-archive@tradera-development.iam.gserviceaccount.com
2022-07-08 11:42:19,676 INFO     ___FILE_ONLY___ 

2022-07-08 11:42:19,676 INFO     ___FILE_ONLY___   
2022-07-08 11:42:19,676 INFO     ___FILE_ONLY___ role
2022-07-08 11:42:19,676 INFO     ___FILE_ONLY___ :
2022-07-08 11:42:19,677 INFO     ___FILE_ONLY___  
2022-07-08 11:42:19,677 INFO     ___FILE_ONLY___ roles/bigquery.jobUser
2022-07-08 11:42:19,677 INFO     ___FILE_ONLY___ 

2022-07-08 11:42:19,677 INFO     ___FILE_ONLY___ -
2022-07-08 11:42:19,677 INFO     ___FILE_ONLY___  
2022-07-08 11:42:19,677 INFO     ___FILE_ONLY___ members
2022-07-08 11:42:19,677 INFO     ___FILE_ONLY___ :
2022-07-08 11:42:19,677 INFO     ___FILE_ONLY___ 

2022-07-08 11:42:19,677 INFO     ___FILE_ONLY___   
2022-07-08 11:42:19,677 INFO     ___FILE_ONLY___ -
2022-07-08 11:42:19,678 INFO     ___FILE_ONLY___  
2022-07-08 11:42:19,678 INFO     ___FILE_ONLY___ serviceAccount:grafana@tradera-development.iam.gserviceaccount.com
2022-07-08 11:42:19,678 INFO     ___FILE_ONLY___ 

2022-07-08 11:42:19,678 INFO     ___FILE_ONLY___   
2022-07-08 11:42:19,678 INFO     ___FILE_ONLY___ role
2022-07-08 11:42:19,678 INFO     ___FILE_ONLY___ :
2022-07-08 11:42:19,678 INFO     ___FILE_ONLY___  
2022-07-08 11:42:19,678 INFO     ___FILE_ONLY___ roles/bigquery.user
2022-07-08 11:42:19,678 INFO     ___FILE_ONLY___ 

2022-07-08 11:42:19,678 INFO     ___FILE_ONLY___ -
2022-07-08 11:42:19,678 INFO     ___FILE_ONLY___  
2022-07-08 11:42:19,679 INFO     ___FILE_ONLY___ members
2022-07-08 11:42:19,679 INFO     ___FILE_ONLY___ :
2022-07-08 11:42:19,679 INFO     ___FILE_ONLY___ 

2022-07-08 11:42:19,679 INFO     ___FILE_ONLY___   
2022-07-08 11:42:19,679 INFO     ___FILE_ONLY___ -
2022-07-08 11:42:19,679 INFO     ___FILE_ONLY___  
2022-07-08 11:42:19,679 INFO     ___FILE_ONLY___ serviceAccount:255305809508@cloudbuild.gserviceaccount.com
2022-07-08 11:42:19,679 INFO     ___FILE_ONLY___ 

2022-07-08 11:42:19,679 INFO     ___FILE_ONLY___   
2022-07-08 11:42:19,679 INFO     ___FILE_ONLY___ role
2022-07-08 11:42:19,679 INFO     ___FILE_ONLY___ :
2022-07-08 11:42:19,680 INFO     ___FILE_ONLY___  
2022-07-08 11:42:19,680 INFO     ___FILE_ONLY___ roles/cloudbuild.builds.builder
2022-07-08 11:42:19,680 INFO     ___FILE_ONLY___ 

2022-07-08 11:42:19,680 INFO     ___FILE_ONLY___ -
2022-07-08 11:42:19,680 INFO     ___FILE_ONLY___  
2022-07-08 11:42:19,680 INFO     ___FILE_ONLY___ members
2022-07-08 11:42:19,680 INFO     ___FILE_ONLY___ :
2022-07-08 11:42:19,680 INFO     ___FILE_ONLY___ 

2022-07-08 11:42:19,680 INFO     ___FILE_ONLY___   
2022-07-08 11:42:19,680 INFO     ___FILE_ONLY___ -
2022-07-08 11:42:19,681 INFO     ___FILE_ONLY___  
2022-07-08 11:42:19,681 INFO     ___FILE_ONLY___ serviceAccount:service-255305809508@gcp-sa-cloudbuild.iam.gserviceaccount.com
2022-07-08 11:42:19,681 INFO     ___FILE_ONLY___ 

2022-07-08 11:42:19,681 INFO     ___FILE_ONLY___   
2022-07-08 11:42:19,681 INFO     ___FILE_ONLY___ role
2022-07-08 11:42:19,681 INFO     ___FILE_ONLY___ :
2022-07-08 11:42:19,681 INFO     ___FILE_ONLY___  
2022-07-08 11:42:19,681 INFO     ___FILE_ONLY___ roles/cloudbuild.serviceAgent
2022-07-08 11:42:19,681 INFO     ___FILE_ONLY___ 

2022-07-08 11:42:19,681 INFO     ___FILE_ONLY___ -
2022-07-08 11:42:19,681 INFO     ___FILE_ONLY___  
2022-07-08 11:42:19,681 INFO     ___FILE_ONLY___ members
2022-07-08 11:42:19,682 INFO     ___FILE_ONLY___ :
2022-07-08 11:42:19,682 INFO     ___FILE_ONLY___ 

2022-07-08 11:42:19,682 INFO     ___FILE_ONLY___   
2022-07-08 11:42:19,682 INFO     ___FILE_ONLY___ -
2022-07-08 11:42:19,682 INFO     ___FILE_ONLY___  
2022-07-08 11:42:19,682 INFO     ___FILE_ONLY___ serviceAccount:service-255305809508@gcf-admin-robot.iam.gserviceaccount.com
2022-07-08 11:42:19,682 INFO     ___FILE_ONLY___ 

2022-07-08 11:42:19,682 INFO     ___FILE_ONLY___   
2022-07-08 11:42:19,682 INFO     ___FILE_ONLY___ role
2022-07-08 11:42:19,682 INFO     ___FILE_ONLY___ :
2022-07-08 11:42:19,682 INFO     ___FILE_ONLY___  
2022-07-08 11:42:19,682 INFO     ___FILE_ONLY___ roles/cloudfunctions.serviceAgent
2022-07-08 11:42:19,683 INFO     ___FILE_ONLY___ 

2022-07-08 11:42:19,683 INFO     ___FILE_ONLY___ -
2022-07-08 11:42:19,683 INFO     ___FILE_ONLY___  
2022-07-08 11:42:19,683 INFO     ___FILE_ONLY___ members
2022-07-08 11:42:19,683 INFO     ___FILE_ONLY___ :
2022-07-08 11:42:19,683 INFO     ___FILE_ONLY___ 

2022-07-08 11:42:19,683 INFO     ___FILE_ONLY___   
2022-07-08 11:42:19,683 INFO     ___FILE_ONLY___ -
2022-07-08 11:42:19,683 INFO     ___FILE_ONLY___  
2022-07-08 11:42:19,683 INFO     ___FILE_ONLY___ serviceAccount:passcore@tradera-development.iam.gserviceaccount.com
2022-07-08 11:42:19,683 INFO     ___FILE_ONLY___ 

2022-07-08 11:42:19,683 INFO     ___FILE_ONLY___   
2022-07-08 11:42:19,683 INFO     ___FILE_ONLY___ -
2022-07-08 11:42:19,684 INFO     ___FILE_ONLY___  
2022-07-08 11:42:19,684 INFO     ___FILE_ONLY___ serviceAccount:service-accounts-dc@tradera-development.iam.gserviceaccount.com
2022-07-08 11:42:19,684 INFO     ___FILE_ONLY___ 

2022-07-08 11:42:19,684 INFO     ___FILE_ONLY___   
2022-07-08 11:42:19,684 INFO     ___FILE_ONLY___ -
2022-07-08 11:42:19,684 INFO     ___FILE_ONLY___  
2022-07-08 11:42:19,684 INFO     ___FILE_ONLY___ serviceAccount:service-accounts-dev@tradera-development.iam.gserviceaccount.com
2022-07-08 11:42:19,684 INFO     ___FILE_ONLY___ 

2022-07-08 11:42:19,684 INFO     ___FILE_ONLY___   
2022-07-08 11:42:19,684 INFO     ___FILE_ONLY___ -
2022-07-08 11:42:19,684 INFO     ___FILE_ONLY___  
2022-07-08 11:42:19,684 INFO     ___FILE_ONLY___ serviceAccount:teamcity-01@tradera-development.iam.gserviceaccount.com
2022-07-08 11:42:19,685 INFO     ___FILE_ONLY___ 

2022-07-08 11:42:19,685 INFO     ___FILE_ONLY___   
2022-07-08 11:42:19,685 INFO     ___FILE_ONLY___ -
2022-07-08 11:42:19,685 INFO     ___FILE_ONLY___  
2022-07-08 11:42:19,685 INFO     ___FILE_ONLY___ serviceAccount:wsus-01@tradera-development.iam.gserviceaccount.com
2022-07-08 11:42:19,685 INFO     ___FILE_ONLY___ 

2022-07-08 11:42:19,685 INFO     ___FILE_ONLY___   
2022-07-08 11:42:19,686 INFO     ___FILE_ONLY___ role
2022-07-08 11:42:19,686 INFO     ___FILE_ONLY___ :
2022-07-08 11:42:19,686 INFO     ___FILE_ONLY___  
2022-07-08 11:42:19,686 INFO     ___FILE_ONLY___ roles/cloudkms.cryptoKeyDecrypter
2022-07-08 11:42:19,686 INFO     ___FILE_ONLY___ 

2022-07-08 11:42:19,686 INFO     ___FILE_ONLY___ -
2022-07-08 11:42:19,686 INFO     ___FILE_ONLY___  
2022-07-08 11:42:19,686 INFO     ___FILE_ONLY___ members
2022-07-08 11:42:19,686 INFO     ___FILE_ONLY___ :
2022-07-08 11:42:19,686 INFO     ___FILE_ONLY___ 

2022-07-08 11:42:19,686 INFO     ___FILE_ONLY___   
2022-07-08 11:42:19,686 INFO     ___FILE_ONLY___ -
2022-07-08 11:42:19,686 INFO     ___FILE_ONLY___  
2022-07-08 11:42:19,686 INFO     ___FILE_ONLY___ serviceAccount:jenkins@tradera-lab.iam.gserviceaccount.com
2022-07-08 11:42:19,687 INFO     ___FILE_ONLY___ 

2022-07-08 11:42:19,687 INFO     ___FILE_ONLY___   
2022-07-08 11:42:19,687 INFO     ___FILE_ONLY___ role
2022-07-08 11:42:19,687 INFO     ___FILE_ONLY___ :
2022-07-08 11:42:19,687 INFO     ___FILE_ONLY___  
2022-07-08 11:42:19,687 INFO     ___FILE_ONLY___ roles/cloudkms.cryptoKeyEncrypterDecrypter
2022-07-08 11:42:19,687 INFO     ___FILE_ONLY___ 

2022-07-08 11:42:19,687 INFO     ___FILE_ONLY___ -
2022-07-08 11:42:19,687 INFO     ___FILE_ONLY___  
2022-07-08 11:42:19,687 INFO     ___FILE_ONLY___ members
2022-07-08 11:42:19,687 INFO     ___FILE_ONLY___ :
2022-07-08 11:42:19,687 INFO     ___FILE_ONLY___ 

2022-07-08 11:42:19,687 INFO     ___FILE_ONLY___   
2022-07-08 11:42:19,688 INFO     ___FILE_ONLY___ -
2022-07-08 11:42:19,688 INFO     ___FILE_ONLY___  
2022-07-08 11:42:19,688 INFO     ___FILE_ONLY___ serviceAccount:service-255305809508@gcp-sa-cloudscheduler.iam.gserviceaccount.com
2022-07-08 11:42:19,688 INFO     ___FILE_ONLY___ 

2022-07-08 11:42:19,688 INFO     ___FILE_ONLY___   
2022-07-08 11:42:19,688 INFO     ___FILE_ONLY___ role
2022-07-08 11:42:19,688 INFO     ___FILE_ONLY___ :
2022-07-08 11:42:19,688 INFO     ___FILE_ONLY___  
2022-07-08 11:42:19,688 INFO     ___FILE_ONLY___ roles/cloudscheduler.serviceAgent
2022-07-08 11:42:19,688 INFO     ___FILE_ONLY___ 

2022-07-08 11:42:19,688 INFO     ___FILE_ONLY___ -
2022-07-08 11:42:19,688 INFO     ___FILE_ONLY___  
2022-07-08 11:42:19,688 INFO     ___FILE_ONLY___ members
2022-07-08 11:42:19,688 INFO     ___FILE_ONLY___ :
2022-07-08 11:42:19,689 INFO     ___FILE_ONLY___ 

2022-07-08 11:42:19,689 INFO     ___FILE_ONLY___   
2022-07-08 11:42:19,689 INFO     ___FILE_ONLY___ -
2022-07-08 11:42:19,689 INFO     ___FILE_ONLY___  
2022-07-08 11:42:19,689 INFO     ___FILE_ONLY___ serviceAccount:app-listing@tradera-development.iam.gserviceaccount.com
2022-07-08 11:42:19,689 INFO     ___FILE_ONLY___ 

2022-07-08 11:42:19,689 INFO     ___FILE_ONLY___   
2022-07-08 11:42:19,689 INFO     ___FILE_ONLY___ -
2022-07-08 11:42:19,689 INFO     ___FILE_ONLY___  
2022-07-08 11:42:19,689 INFO     ___FILE_ONLY___ serviceAccount:app-tracing-only@tradera-development.iam.gserviceaccount.com
2022-07-08 11:42:19,689 INFO     ___FILE_ONLY___ 

2022-07-08 11:42:19,689 INFO     ___FILE_ONLY___   
2022-07-08 11:42:19,689 INFO     ___FILE_ONLY___ -
2022-07-08 11:42:19,689 INFO     ___FILE_ONLY___  
2022-07-08 11:42:19,690 INFO     ___FILE_ONLY___ serviceAccount:passcore@tradera-development.iam.gserviceaccount.com
2022-07-08 11:42:19,690 INFO     ___FILE_ONLY___ 

2022-07-08 11:42:19,690 INFO     ___FILE_ONLY___   
2022-07-08 11:42:19,690 INFO     ___FILE_ONLY___ -
2022-07-08 11:42:19,690 INFO     ___FILE_ONLY___  
2022-07-08 11:42:19,690 INFO     ___FILE_ONLY___ serviceAccount:service-accounts-dc@tradera-development.iam.gserviceaccount.com
2022-07-08 11:42:19,690 INFO     ___FILE_ONLY___ 

2022-07-08 11:42:19,690 INFO     ___FILE_ONLY___   
2022-07-08 11:42:19,690 INFO     ___FILE_ONLY___ -
2022-07-08 11:42:19,690 INFO     ___FILE_ONLY___  
2022-07-08 11:42:19,690 INFO     ___FILE_ONLY___ serviceAccount:service-accounts-dev@tradera-development.iam.gserviceaccount.com
2022-07-08 11:42:19,690 INFO     ___FILE_ONLY___ 

2022-07-08 11:42:19,690 INFO     ___FILE_ONLY___   
2022-07-08 11:42:19,690 INFO     ___FILE_ONLY___ -
2022-07-08 11:42:19,691 INFO     ___FILE_ONLY___  
2022-07-08 11:42:19,691 INFO     ___FILE_ONLY___ serviceAccount:service-accounts-webfront@tradera-lab.iam.gserviceaccount.com
2022-07-08 11:42:19,691 INFO     ___FILE_ONLY___ 

2022-07-08 11:42:19,691 INFO     ___FILE_ONLY___   
2022-07-08 11:42:19,691 INFO     ___FILE_ONLY___ -
2022-07-08 11:42:19,691 INFO     ___FILE_ONLY___  
2022-07-08 11:42:19,691 INFO     ___FILE_ONLY___ serviceAccount:teamcity-01@tradera-development.iam.gserviceaccount.com
2022-07-08 11:42:19,691 INFO     ___FILE_ONLY___ 

2022-07-08 11:42:19,691 INFO     ___FILE_ONLY___   
2022-07-08 11:42:19,691 INFO     ___FILE_ONLY___ -
2022-07-08 11:42:19,691 INFO     ___FILE_ONLY___  
2022-07-08 11:42:19,691 INFO     ___FILE_ONLY___ serviceAccount:tracing-pdahlman@tradera-development.iam.gserviceaccount.com
2022-07-08 11:42:19,691 INFO     ___FILE_ONLY___ 

2022-07-08 11:42:19,691 INFO     ___FILE_ONLY___   
2022-07-08 11:42:19,691 INFO     ___FILE_ONLY___ -
2022-07-08 11:42:19,692 INFO     ___FILE_ONLY___  
2022-07-08 11:42:19,692 INFO     ___FILE_ONLY___ serviceAccount:tracing-pdahlman@tradera-lab.iam.gserviceaccount.com
2022-07-08 11:42:19,692 INFO     ___FILE_ONLY___ 

2022-07-08 11:42:19,692 INFO     ___FILE_ONLY___   
2022-07-08 11:42:19,692 INFO     ___FILE_ONLY___ -
2022-07-08 11:42:19,692 INFO     ___FILE_ONLY___  
2022-07-08 11:42:19,692 INFO     ___FILE_ONLY___ serviceAccount:windows-kubernetes@tradera-development.iam.gserviceaccount.com
2022-07-08 11:42:19,692 INFO     ___FILE_ONLY___ 

2022-07-08 11:42:19,692 INFO     ___FILE_ONLY___   
2022-07-08 11:42:19,692 INFO     ___FILE_ONLY___ -
2022-07-08 11:42:19,692 INFO     ___FILE_ONLY___  
2022-07-08 11:42:19,692 INFO     ___FILE_ONLY___ serviceAccount:wsus-01@tradera-development.iam.gserviceaccount.com
2022-07-08 11:42:19,693 INFO     ___FILE_ONLY___ 

2022-07-08 11:42:19,693 INFO     ___FILE_ONLY___   
2022-07-08 11:42:19,693 INFO     ___FILE_ONLY___ role
2022-07-08 11:42:19,693 INFO     ___FILE_ONLY___ :
2022-07-08 11:42:19,693 INFO     ___FILE_ONLY___  
2022-07-08 11:42:19,693 INFO     ___FILE_ONLY___ roles/cloudtrace.agent
2022-07-08 11:42:19,693 INFO     ___FILE_ONLY___ 

2022-07-08 11:42:19,693 INFO     ___FILE_ONLY___ -
2022-07-08 11:42:19,693 INFO     ___FILE_ONLY___  
2022-07-08 11:42:19,693 INFO     ___FILE_ONLY___ members
2022-07-08 11:42:19,693 INFO     ___FILE_ONLY___ :
2022-07-08 11:42:19,693 INFO     ___FILE_ONLY___ 

2022-07-08 11:42:19,693 INFO     ___FILE_ONLY___   
2022-07-08 11:42:19,693 INFO     ___FILE_ONLY___ -
2022-07-08 11:42:19,694 INFO     ___FILE_ONLY___  
2022-07-08 11:42:19,694 INFO     ___FILE_ONLY___ serviceAccount:app-translation-on-demand@tradera-development.iam.gserviceaccount.com
2022-07-08 11:42:19,694 INFO     ___FILE_ONLY___ 

2022-07-08 11:42:19,694 INFO     ___FILE_ONLY___   
2022-07-08 11:42:19,694 INFO     ___FILE_ONLY___ -
2022-07-08 11:42:19,694 INFO     ___FILE_ONLY___  
2022-07-08 11:42:19,694 INFO     ___FILE_ONLY___ serviceAccount:app-translation-sync@tradera-development.iam.gserviceaccount.com
2022-07-08 11:42:19,694 INFO     ___FILE_ONLY___ 

2022-07-08 11:42:19,694 INFO     ___FILE_ONLY___   
2022-07-08 11:42:19,694 INFO     ___FILE_ONLY___ role
2022-07-08 11:42:19,694 INFO     ___FILE_ONLY___ :
2022-07-08 11:42:19,694 INFO     ___FILE_ONLY___  
2022-07-08 11:42:19,694 INFO     ___FILE_ONLY___ roles/cloudtranslate.editor
2022-07-08 11:42:19,694 INFO     ___FILE_ONLY___ 

2022-07-08 11:42:19,695 INFO     ___FILE_ONLY___ -
2022-07-08 11:42:19,695 INFO     ___FILE_ONLY___  
2022-07-08 11:42:19,695 INFO     ___FILE_ONLY___ members
2022-07-08 11:42:19,695 INFO     ___FILE_ONLY___ :
2022-07-08 11:42:19,695 INFO     ___FILE_ONLY___ 

2022-07-08 11:42:19,695 INFO     ___FILE_ONLY___   
2022-07-08 11:42:19,695 INFO     ___FILE_ONLY___ -
2022-07-08 11:42:19,695 INFO     ___FILE_ONLY___  
2022-07-08 11:42:19,695 INFO     ___FILE_ONLY___ serviceAccount:app-translation-on-demand@tradera-development.iam.gserviceaccount.com
2022-07-08 11:42:19,695 INFO     ___FILE_ONLY___ 

2022-07-08 11:42:19,695 INFO     ___FILE_ONLY___   
2022-07-08 11:42:19,695 INFO     ___FILE_ONLY___ -
2022-07-08 11:42:19,695 INFO     ___FILE_ONLY___  
2022-07-08 11:42:19,695 INFO     ___FILE_ONLY___ serviceAccount:app-translation-sync@tradera-development.iam.gserviceaccount.com
2022-07-08 11:42:19,695 INFO     ___FILE_ONLY___ 

2022-07-08 11:42:19,695 INFO     ___FILE_ONLY___   
2022-07-08 11:42:19,696 INFO     ___FILE_ONLY___ role
2022-07-08 11:42:19,696 INFO     ___FILE_ONLY___ :
2022-07-08 11:42:19,696 INFO     ___FILE_ONLY___  
2022-07-08 11:42:19,696 INFO     ___FILE_ONLY___ roles/cloudtranslate.user
2022-07-08 11:42:19,696 INFO     ___FILE_ONLY___ 

2022-07-08 11:42:19,696 INFO     ___FILE_ONLY___ -
2022-07-08 11:42:19,696 INFO     ___FILE_ONLY___  
2022-07-08 11:42:19,696 INFO     ___FILE_ONLY___ members
2022-07-08 11:42:19,696 INFO     ___FILE_ONLY___ :
2022-07-08 11:42:19,696 INFO     ___FILE_ONLY___ 

2022-07-08 11:42:19,696 INFO     ___FILE_ONLY___   
2022-07-08 11:42:19,696 INFO     ___FILE_ONLY___ -
2022-07-08 11:42:19,697 INFO     ___FILE_ONLY___  
2022-07-08 11:42:19,697 INFO     ___FILE_ONLY___ serviceAccount:service-255305809508@cloudcomposer-accounts.iam.gserviceaccount.com
2022-07-08 11:42:19,697 INFO     ___FILE_ONLY___ 

2022-07-08 11:42:19,697 INFO     ___FILE_ONLY___   
2022-07-08 11:42:19,697 INFO     ___FILE_ONLY___ role
2022-07-08 11:42:19,697 INFO     ___FILE_ONLY___ :
2022-07-08 11:42:19,697 INFO     ___FILE_ONLY___  
2022-07-08 11:42:19,697 INFO     ___FILE_ONLY___ roles/composer.serviceAgent
2022-07-08 11:42:19,697 INFO     ___FILE_ONLY___ 

2022-07-08 11:42:19,697 INFO     ___FILE_ONLY___ -
2022-07-08 11:42:19,697 INFO     ___FILE_ONLY___  
2022-07-08 11:42:19,697 INFO     ___FILE_ONLY___ members
2022-07-08 11:42:19,698 INFO     ___FILE_ONLY___ :
2022-07-08 11:42:19,698 INFO     ___FILE_ONLY___ 

2022-07-08 11:42:19,698 INFO     ___FILE_ONLY___   
2022-07-08 11:42:19,698 INFO     ___FILE_ONLY___ -
2022-07-08 11:42:19,698 INFO     ___FILE_ONLY___  
2022-07-08 11:42:19,698 INFO     ___FILE_ONLY___ serviceAccount:gitlab-runner@tradera-development.iam.gserviceaccount.com
2022-07-08 11:42:19,698 INFO     ___FILE_ONLY___ 

2022-07-08 11:42:19,698 INFO     ___FILE_ONLY___   
2022-07-08 11:42:19,698 INFO     ___FILE_ONLY___ -
2022-07-08 11:42:19,698 INFO     ___FILE_ONLY___  
2022-07-08 11:42:19,698 INFO     ___FILE_ONLY___ serviceAccount:jenkins@tradera-lab.iam.gserviceaccount.com
2022-07-08 11:42:19,698 INFO     ___FILE_ONLY___ 

2022-07-08 11:42:19,699 INFO     ___FILE_ONLY___   
2022-07-08 11:42:19,699 INFO     ___FILE_ONLY___ role
2022-07-08 11:42:19,699 INFO     ___FILE_ONLY___ :
2022-07-08 11:42:19,699 INFO     ___FILE_ONLY___  
2022-07-08 11:42:19,699 INFO     ___FILE_ONLY___ roles/compute.admin
2022-07-08 11:42:19,699 INFO     ___FILE_ONLY___ 

2022-07-08 11:42:19,699 INFO     ___FILE_ONLY___ -
2022-07-08 11:42:19,699 INFO     ___FILE_ONLY___  
2022-07-08 11:42:19,699 INFO     ___FILE_ONLY___ members
2022-07-08 11:42:19,699 INFO     ___FILE_ONLY___ :
2022-07-08 11:42:19,699 INFO     ___FILE_ONLY___ 

2022-07-08 11:42:19,699 INFO     ___FILE_ONLY___   
2022-07-08 11:42:19,699 INFO     ___FILE_ONLY___ -
2022-07-08 11:42:19,700 INFO     ___FILE_ONLY___  
2022-07-08 11:42:19,700 INFO     ___FILE_ONLY___ serviceAccount:jenkins@tradera-lab.iam.gserviceaccount.com
2022-07-08 11:42:19,700 INFO     ___FILE_ONLY___ 

2022-07-08 11:42:19,700 INFO     ___FILE_ONLY___   
2022-07-08 11:42:19,700 INFO     ___FILE_ONLY___ role
2022-07-08 11:42:19,700 INFO     ___FILE_ONLY___ :
2022-07-08 11:42:19,700 INFO     ___FILE_ONLY___  
2022-07-08 11:42:19,700 INFO     ___FILE_ONLY___ roles/compute.imageUser
2022-07-08 11:42:19,700 INFO     ___FILE_ONLY___ 

2022-07-08 11:42:19,700 INFO     ___FILE_ONLY___ -
2022-07-08 11:42:19,700 INFO     ___FILE_ONLY___  
2022-07-08 11:42:19,700 INFO     ___FILE_ONLY___ members
2022-07-08 11:42:19,700 INFO     ___FILE_ONLY___ :
2022-07-08 11:42:19,701 INFO     ___FILE_ONLY___ 

2022-07-08 11:42:19,701 INFO     ___FILE_ONLY___   
2022-07-08 11:42:19,701 INFO     ___FILE_ONLY___ -
2022-07-08 11:42:19,701 INFO     ___FILE_ONLY___  
2022-07-08 11:42:19,701 INFO     ___FILE_ONLY___ serviceAccount:jenkins-gce@tradera-development.iam.gserviceaccount.com
2022-07-08 11:42:19,701 INFO     ___FILE_ONLY___ 

2022-07-08 11:42:19,701 INFO     ___FILE_ONLY___   
2022-07-08 11:42:19,701 INFO     ___FILE_ONLY___ role
2022-07-08 11:42:19,701 INFO     ___FILE_ONLY___ :
2022-07-08 11:42:19,701 INFO     ___FILE_ONLY___  
2022-07-08 11:42:19,701 INFO     ___FILE_ONLY___ roles/compute.instanceAdmin
2022-07-08 11:42:19,701 INFO     ___FILE_ONLY___ 

2022-07-08 11:42:19,701 INFO     ___FILE_ONLY___ -
2022-07-08 11:42:19,701 INFO     ___FILE_ONLY___  
2022-07-08 11:42:19,701 INFO     ___FILE_ONLY___ members
2022-07-08 11:42:19,702 INFO     ___FILE_ONLY___ :
2022-07-08 11:42:19,702 INFO     ___FILE_ONLY___ 

2022-07-08 11:42:19,702 INFO     ___FILE_ONLY___   
2022-07-08 11:42:19,702 INFO     ___FILE_ONLY___ -
2022-07-08 11:42:19,702 INFO     ___FILE_ONLY___  
2022-07-08 11:42:19,702 INFO     ___FILE_ONLY___ serviceAccount:jenkins@tradera-lab.iam.gserviceaccount.com
2022-07-08 11:42:19,702 INFO     ___FILE_ONLY___ 

2022-07-08 11:42:19,702 INFO     ___FILE_ONLY___   
2022-07-08 11:42:19,702 INFO     ___FILE_ONLY___ -
2022-07-08 11:42:19,702 INFO     ___FILE_ONLY___  
2022-07-08 11:42:19,703 INFO     ___FILE_ONLY___ serviceAccount:packer@tradera-development.iam.gserviceaccount.com
2022-07-08 11:42:19,703 INFO     ___FILE_ONLY___ 

2022-07-08 11:42:19,703 INFO     ___FILE_ONLY___   
2022-07-08 11:42:19,703 INFO     ___FILE_ONLY___ role
2022-07-08 11:42:19,703 INFO     ___FILE_ONLY___ :
2022-07-08 11:42:19,703 INFO     ___FILE_ONLY___  
2022-07-08 11:42:19,703 INFO     ___FILE_ONLY___ roles/compute.instanceAdmin.v1
2022-07-08 11:42:19,703 INFO     ___FILE_ONLY___ 

2022-07-08 11:42:19,703 INFO     ___FILE_ONLY___ -
2022-07-08 11:42:19,703 INFO     ___FILE_ONLY___  
2022-07-08 11:42:19,703 INFO     ___FILE_ONLY___ members
2022-07-08 11:42:19,703 INFO     ___FILE_ONLY___ :
2022-07-08 11:42:19,703 INFO     ___FILE_ONLY___ 

2022-07-08 11:42:19,703 INFO     ___FILE_ONLY___   
2022-07-08 11:42:19,703 INFO     ___FILE_ONLY___ -
2022-07-08 11:42:19,704 INFO     ___FILE_ONLY___  
2022-07-08 11:42:19,704 INFO     ___FILE_ONLY___ serviceAccount:jenkins-gce@tradera-development.iam.gserviceaccount.com
2022-07-08 11:42:19,704 INFO     ___FILE_ONLY___ 

2022-07-08 11:42:19,704 INFO     ___FILE_ONLY___   
2022-07-08 11:42:19,704 INFO     ___FILE_ONLY___ role
2022-07-08 11:42:19,704 INFO     ___FILE_ONLY___ :
2022-07-08 11:42:19,704 INFO     ___FILE_ONLY___  
2022-07-08 11:42:19,704 INFO     ___FILE_ONLY___ roles/compute.networkAdmin
2022-07-08 11:42:19,704 INFO     ___FILE_ONLY___ 

2022-07-08 11:42:19,704 INFO     ___FILE_ONLY___ -
2022-07-08 11:42:19,704 INFO     ___FILE_ONLY___  
2022-07-08 11:42:19,704 INFO     ___FILE_ONLY___ members
2022-07-08 11:42:19,704 INFO     ___FILE_ONLY___ :
2022-07-08 11:42:19,704 INFO     ___FILE_ONLY___ 

2022-07-08 11:42:19,704 INFO     ___FILE_ONLY___   
2022-07-08 11:42:19,704 INFO     ___FILE_ONLY___ -
2022-07-08 11:42:19,705 INFO     ___FILE_ONLY___  
2022-07-08 11:42:19,705 INFO     ___FILE_ONLY___ serviceAccount:service-255305809508@compute-system.iam.gserviceaccount.com
2022-07-08 11:42:19,705 INFO     ___FILE_ONLY___ 

2022-07-08 11:42:19,705 INFO     ___FILE_ONLY___   
2022-07-08 11:42:19,705 INFO     ___FILE_ONLY___ role
2022-07-08 11:42:19,705 INFO     ___FILE_ONLY___ :
2022-07-08 11:42:19,705 INFO     ___FILE_ONLY___  
2022-07-08 11:42:19,705 INFO     ___FILE_ONLY___ roles/compute.serviceAgent
2022-07-08 11:42:19,705 INFO     ___FILE_ONLY___ 

2022-07-08 11:42:19,705 INFO     ___FILE_ONLY___ -
2022-07-08 11:42:19,705 INFO     ___FILE_ONLY___  
2022-07-08 11:42:19,705 INFO     ___FILE_ONLY___ members
2022-07-08 11:42:19,705 INFO     ___FILE_ONLY___ :
2022-07-08 11:42:19,705 INFO     ___FILE_ONLY___ 

2022-07-08 11:42:19,705 INFO     ___FILE_ONLY___   
2022-07-08 11:42:19,705 INFO     ___FILE_ONLY___ -
2022-07-08 11:42:19,706 INFO     ___FILE_ONLY___  
2022-07-08 11:42:19,706 INFO     ___FILE_ONLY___ serviceAccount:gitlab-ci-deployment@tradera-development.iam.gserviceaccount.com
2022-07-08 11:42:19,706 INFO     ___FILE_ONLY___ 

2022-07-08 11:42:19,706 INFO     ___FILE_ONLY___   
2022-07-08 11:42:19,706 INFO     ___FILE_ONLY___ -
2022-07-08 11:42:19,706 INFO     ___FILE_ONLY___  
2022-07-08 11:42:19,706 INFO     ___FILE_ONLY___ serviceAccount:prometheus@tradera-development.iam.gserviceaccount.com
2022-07-08 11:42:19,706 INFO     ___FILE_ONLY___ 

2022-07-08 11:42:19,706 INFO     ___FILE_ONLY___   
2022-07-08 11:42:19,706 INFO     ___FILE_ONLY___ -
2022-07-08 11:42:19,706 INFO     ___FILE_ONLY___  
2022-07-08 11:42:19,706 INFO     ___FILE_ONLY___ serviceAccount:se0-prometheus-01@tradera-development.iam.gserviceaccount.com
2022-07-08 11:42:19,706 INFO     ___FILE_ONLY___ 

2022-07-08 11:42:19,706 INFO     ___FILE_ONLY___   
2022-07-08 11:42:19,706 INFO     ___FILE_ONLY___ -
2022-07-08 11:42:19,707 INFO     ___FILE_ONLY___  
2022-07-08 11:42:19,707 INFO     ___FILE_ONLY___ serviceAccount:tenableio@tradera-prod-compute.iam.gserviceaccount.com
2022-07-08 11:42:19,707 INFO     ___FILE_ONLY___ 

2022-07-08 11:42:19,707 INFO     ___FILE_ONLY___   
2022-07-08 11:42:19,707 INFO     ___FILE_ONLY___ -
2022-07-08 11:42:19,707 INFO     ___FILE_ONLY___  
2022-07-08 11:42:19,707 INFO     ___FILE_ONLY___ serviceAccount:traefik-gce-provider@tradera-development.iam.gserviceaccount.com
2022-07-08 11:42:19,707 INFO     ___FILE_ONLY___ 

2022-07-08 11:42:19,707 INFO     ___FILE_ONLY___   
2022-07-08 11:42:19,707 INFO     ___FILE_ONLY___ role
2022-07-08 11:42:19,707 INFO     ___FILE_ONLY___ :
2022-07-08 11:42:19,707 INFO     ___FILE_ONLY___  
2022-07-08 11:42:19,707 INFO     ___FILE_ONLY___ roles/compute.viewer
2022-07-08 11:42:19,707 INFO     ___FILE_ONLY___ 

2022-07-08 11:42:19,707 INFO     ___FILE_ONLY___ -
2022-07-08 11:42:19,708 INFO     ___FILE_ONLY___  
2022-07-08 11:42:19,708 INFO     ___FILE_ONLY___ members
2022-07-08 11:42:19,708 INFO     ___FILE_ONLY___ :
2022-07-08 11:42:19,708 INFO     ___FILE_ONLY___ 

2022-07-08 11:42:19,708 INFO     ___FILE_ONLY___   
2022-07-08 11:42:19,708 INFO     ___FILE_ONLY___ -
2022-07-08 11:42:19,708 INFO     ___FILE_ONLY___  
2022-07-08 11:42:19,708 INFO     ___FILE_ONLY___ serviceAccount:jenkins@tradera-lab.iam.gserviceaccount.com
2022-07-08 11:42:19,708 INFO     ___FILE_ONLY___ 

2022-07-08 11:42:19,708 INFO     ___FILE_ONLY___   
2022-07-08 11:42:19,708 INFO     ___FILE_ONLY___ role
2022-07-08 11:42:19,708 INFO     ___FILE_ONLY___ :
2022-07-08 11:42:19,708 INFO     ___FILE_ONLY___  
2022-07-08 11:42:19,709 INFO     ___FILE_ONLY___ roles/container.admin
2022-07-08 11:42:19,709 INFO     ___FILE_ONLY___ 

2022-07-08 11:42:19,709 INFO     ___FILE_ONLY___ -
2022-07-08 11:42:19,709 INFO     ___FILE_ONLY___  
2022-07-08 11:42:19,709 INFO     ___FILE_ONLY___ members
2022-07-08 11:42:19,709 INFO     ___FILE_ONLY___ :
2022-07-08 11:42:19,709 INFO     ___FILE_ONLY___ 

2022-07-08 11:42:19,709 INFO     ___FILE_ONLY___   
2022-07-08 11:42:19,709 INFO     ___FILE_ONLY___ -
2022-07-08 11:42:19,709 INFO     ___FILE_ONLY___  
2022-07-08 11:42:19,709 INFO     ___FILE_ONLY___ serviceAccount:gitlab-runner@tradera-development.iam.gserviceaccount.com
2022-07-08 11:42:19,710 INFO     ___FILE_ONLY___ 

2022-07-08 11:42:19,710 INFO     ___FILE_ONLY___   
2022-07-08 11:42:19,710 INFO     ___FILE_ONLY___ role
2022-07-08 11:42:19,710 INFO     ___FILE_ONLY___ :
2022-07-08 11:42:19,710 INFO     ___FILE_ONLY___  
2022-07-08 11:42:19,710 INFO     ___FILE_ONLY___ roles/container.clusterViewer
2022-07-08 11:42:19,710 INFO     ___FILE_ONLY___ 

2022-07-08 11:42:19,710 INFO     ___FILE_ONLY___ -
2022-07-08 11:42:19,710 INFO     ___FILE_ONLY___  
2022-07-08 11:42:19,710 INFO     ___FILE_ONLY___ members
2022-07-08 11:42:19,710 INFO     ___FILE_ONLY___ :
2022-07-08 11:42:19,710 INFO     ___FILE_ONLY___ 

2022-07-08 11:42:19,710 INFO     ___FILE_ONLY___   
2022-07-08 11:42:19,711 INFO     ___FILE_ONLY___ -
2022-07-08 11:42:19,711 INFO     ___FILE_ONLY___  
2022-07-08 11:42:19,711 INFO     ___FILE_ONLY___ serviceAccount:gitlab-runner@tradera-development.iam.gserviceaccount.com
2022-07-08 11:42:19,711 INFO     ___FILE_ONLY___ 

2022-07-08 11:42:19,711 INFO     ___FILE_ONLY___   
2022-07-08 11:42:19,711 INFO     ___FILE_ONLY___ role
2022-07-08 11:42:19,711 INFO     ___FILE_ONLY___ :
2022-07-08 11:42:19,711 INFO     ___FILE_ONLY___  
2022-07-08 11:42:19,711 INFO     ___FILE_ONLY___ roles/container.developer
2022-07-08 11:42:19,711 INFO     ___FILE_ONLY___ 

2022-07-08 11:42:19,711 INFO     ___FILE_ONLY___ -
2022-07-08 11:42:19,711 INFO     ___FILE_ONLY___  
2022-07-08 11:42:19,711 INFO     ___FILE_ONLY___ members
2022-07-08 11:42:19,711 INFO     ___FILE_ONLY___ :
2022-07-08 11:42:19,712 INFO     ___FILE_ONLY___ 

2022-07-08 11:42:19,712 INFO     ___FILE_ONLY___   
2022-07-08 11:42:19,712 INFO     ___FILE_ONLY___ -
2022-07-08 11:42:19,712 INFO     ___FILE_ONLY___  
2022-07-08 11:42:19,712 INFO     ___FILE_ONLY___ serviceAccount:service-255305809508@gcp-sa-gkenode.iam.gserviceaccount.com
2022-07-08 11:42:19,712 INFO     ___FILE_ONLY___ 

2022-07-08 11:42:19,712 INFO     ___FILE_ONLY___   
2022-07-08 11:42:19,712 INFO     ___FILE_ONLY___ role
2022-07-08 11:42:19,712 INFO     ___FILE_ONLY___ :
2022-07-08 11:42:19,712 INFO     ___FILE_ONLY___  
2022-07-08 11:42:19,712 INFO     ___FILE_ONLY___ roles/container.nodeServiceAgent
2022-07-08 11:42:19,712 INFO     ___FILE_ONLY___ 

2022-07-08 11:42:19,712 INFO     ___FILE_ONLY___ -
2022-07-08 11:42:19,712 INFO     ___FILE_ONLY___  
2022-07-08 11:42:19,712 INFO     ___FILE_ONLY___ members
2022-07-08 11:42:19,713 INFO     ___FILE_ONLY___ :
2022-07-08 11:42:19,713 INFO     ___FILE_ONLY___ 

2022-07-08 11:42:19,713 INFO     ___FILE_ONLY___   
2022-07-08 11:42:19,713 INFO     ___FILE_ONLY___ -
2022-07-08 11:42:19,713 INFO     ___FILE_ONLY___  
2022-07-08 11:42:19,713 INFO     ___FILE_ONLY___ serviceAccount:service-255305809508@container-engine-robot.iam.gserviceaccount.com
2022-07-08 11:42:19,713 INFO     ___FILE_ONLY___ 

2022-07-08 11:42:19,713 INFO     ___FILE_ONLY___   
2022-07-08 11:42:19,713 INFO     ___FILE_ONLY___ role
2022-07-08 11:42:19,713 INFO     ___FILE_ONLY___ :
2022-07-08 11:42:19,713 INFO     ___FILE_ONLY___  
2022-07-08 11:42:19,713 INFO     ___FILE_ONLY___ roles/container.serviceAgent
2022-07-08 11:42:19,713 INFO     ___FILE_ONLY___ 

2022-07-08 11:42:19,713 INFO     ___FILE_ONLY___ -
2022-07-08 11:42:19,713 INFO     ___FILE_ONLY___  
2022-07-08 11:42:19,713 INFO     ___FILE_ONLY___ members
2022-07-08 11:42:19,714 INFO     ___FILE_ONLY___ :
2022-07-08 11:42:19,714 INFO     ___FILE_ONLY___ 

2022-07-08 11:42:19,714 INFO     ___FILE_ONLY___   
2022-07-08 11:42:19,714 INFO     ___FILE_ONLY___ -
2022-07-08 11:42:19,714 INFO     ___FILE_ONLY___  
2022-07-08 11:42:19,714 INFO     ___FILE_ONLY___ serviceAccount:service-255305809508@container-analysis.iam.gserviceaccount.com
2022-07-08 11:42:19,714 INFO     ___FILE_ONLY___ 

2022-07-08 11:42:19,714 INFO     ___FILE_ONLY___   
2022-07-08 11:42:19,714 INFO     ___FILE_ONLY___ role
2022-07-08 11:42:19,714 INFO     ___FILE_ONLY___ :
2022-07-08 11:42:19,714 INFO     ___FILE_ONLY___  
2022-07-08 11:42:19,714 INFO     ___FILE_ONLY___ roles/containeranalysis.ServiceAgent
2022-07-08 11:42:19,714 INFO     ___FILE_ONLY___ 

2022-07-08 11:42:19,714 INFO     ___FILE_ONLY___ -
2022-07-08 11:42:19,714 INFO     ___FILE_ONLY___  
2022-07-08 11:42:19,714 INFO     ___FILE_ONLY___ members
2022-07-08 11:42:19,715 INFO     ___FILE_ONLY___ :
2022-07-08 11:42:19,715 INFO     ___FILE_ONLY___ 

2022-07-08 11:42:19,715 INFO     ___FILE_ONLY___   
2022-07-08 11:42:19,715 INFO     ___FILE_ONLY___ -
2022-07-08 11:42:19,715 INFO     ___FILE_ONLY___  
2022-07-08 11:42:19,715 INFO     ___FILE_ONLY___ serviceAccount:service-255305809508@dataflow-service-producer-prod.iam.gserviceaccount.com
2022-07-08 11:42:19,715 INFO     ___FILE_ONLY___ 

2022-07-08 11:42:19,715 INFO     ___FILE_ONLY___   
2022-07-08 11:42:19,715 INFO     ___FILE_ONLY___ role
2022-07-08 11:42:19,715 INFO     ___FILE_ONLY___ :
2022-07-08 11:42:19,715 INFO     ___FILE_ONLY___  
2022-07-08 11:42:19,715 INFO     ___FILE_ONLY___ roles/dataflow.serviceAgent
2022-07-08 11:42:19,715 INFO     ___FILE_ONLY___ 

2022-07-08 11:42:19,715 INFO     ___FILE_ONLY___ -
2022-07-08 11:42:19,715 INFO     ___FILE_ONLY___  
2022-07-08 11:42:19,716 INFO     ___FILE_ONLY___ members
2022-07-08 11:42:19,716 INFO     ___FILE_ONLY___ :
2022-07-08 11:42:19,716 INFO     ___FILE_ONLY___ 

2022-07-08 11:42:19,716 INFO     ___FILE_ONLY___   
2022-07-08 11:42:19,716 INFO     ___FILE_ONLY___ -
2022-07-08 11:42:19,716 INFO     ___FILE_ONLY___  
2022-07-08 11:42:19,716 INFO     ___FILE_ONLY___ serviceAccount:service-255305809508@gcp-sa-datafusion.iam.gserviceaccount.com
2022-07-08 11:42:19,716 INFO     ___FILE_ONLY___ 

2022-07-08 11:42:19,716 INFO     ___FILE_ONLY___   
2022-07-08 11:42:19,716 INFO     ___FILE_ONLY___ role
2022-07-08 11:42:19,716 INFO     ___FILE_ONLY___ :
2022-07-08 11:42:19,716 INFO     ___FILE_ONLY___  
2022-07-08 11:42:19,716 INFO     ___FILE_ONLY___ roles/datafusion.serviceAgent
2022-07-08 11:42:19,716 INFO     ___FILE_ONLY___ 

2022-07-08 11:42:19,716 INFO     ___FILE_ONLY___ -
2022-07-08 11:42:19,716 INFO     ___FILE_ONLY___  
2022-07-08 11:42:19,717 INFO     ___FILE_ONLY___ members
2022-07-08 11:42:19,717 INFO     ___FILE_ONLY___ :
2022-07-08 11:42:19,717 INFO     ___FILE_ONLY___ 

2022-07-08 11:42:19,717 INFO     ___FILE_ONLY___   
2022-07-08 11:42:19,717 INFO     ___FILE_ONLY___ -
2022-07-08 11:42:19,717 INFO     ___FILE_ONLY___  
2022-07-08 11:42:19,717 INFO     ___FILE_ONLY___ serviceAccount:service-255305809508@dataproc-accounts.iam.gserviceaccount.com
2022-07-08 11:42:19,717 INFO     ___FILE_ONLY___ 

2022-07-08 11:42:19,717 INFO     ___FILE_ONLY___   
2022-07-08 11:42:19,717 INFO     ___FILE_ONLY___ role
2022-07-08 11:42:19,717 INFO     ___FILE_ONLY___ :
2022-07-08 11:42:19,717 INFO     ___FILE_ONLY___  
2022-07-08 11:42:19,717 INFO     ___FILE_ONLY___ roles/dataproc.serviceAgent
2022-07-08 11:42:19,717 INFO     ___FILE_ONLY___ 

2022-07-08 11:42:19,717 INFO     ___FILE_ONLY___ -
2022-07-08 11:42:19,718 INFO     ___FILE_ONLY___  
2022-07-08 11:42:19,718 INFO     ___FILE_ONLY___ members
2022-07-08 11:42:19,718 INFO     ___FILE_ONLY___ :
2022-07-08 11:42:19,718 INFO     ___FILE_ONLY___ 

2022-07-08 11:42:19,718 INFO     ___FILE_ONLY___   
2022-07-08 11:42:19,718 INFO     ___FILE_ONLY___ -
2022-07-08 11:42:19,718 INFO     ___FILE_ONLY___  
2022-07-08 11:42:19,718 INFO     ___FILE_ONLY___ serviceAccount:gitlab-ci-deployment@tradera-development.iam.gserviceaccount.com
2022-07-08 11:42:19,718 INFO     ___FILE_ONLY___ 

2022-07-08 11:42:19,718 INFO     ___FILE_ONLY___   
2022-07-08 11:42:19,718 INFO     ___FILE_ONLY___ -
2022-07-08 11:42:19,719 INFO     ___FILE_ONLY___  
2022-07-08 11:42:19,719 INFO     ___FILE_ONLY___ serviceAccount:jenkins@tradera-lab.iam.gserviceaccount.com
2022-07-08 11:42:19,719 INFO     ___FILE_ONLY___ 

2022-07-08 11:42:19,719 INFO     ___FILE_ONLY___   
2022-07-08 11:42:19,719 INFO     ___FILE_ONLY___ role
2022-07-08 11:42:19,719 INFO     ___FILE_ONLY___ :
2022-07-08 11:42:19,719 INFO     ___FILE_ONLY___  
2022-07-08 11:42:19,719 INFO     ___FILE_ONLY___ roles/deploymentmanager.editor
2022-07-08 11:42:19,719 INFO     ___FILE_ONLY___ 

2022-07-08 11:42:19,719 INFO     ___FILE_ONLY___ -
2022-07-08 11:42:19,719 INFO     ___FILE_ONLY___  
2022-07-08 11:42:19,720 INFO     ___FILE_ONLY___ members
2022-07-08 11:42:19,720 INFO     ___FILE_ONLY___ :
2022-07-08 11:42:19,720 INFO     ___FILE_ONLY___ 

2022-07-08 11:42:19,720 INFO     ___FILE_ONLY___   
2022-07-08 11:42:19,720 INFO     ___FILE_ONLY___ -
2022-07-08 11:42:19,720 INFO     ___FILE_ONLY___  
2022-07-08 11:42:19,720 INFO     ___FILE_ONLY___ serviceAccount:external-dns-service@tradera-development.iam.gserviceaccount.com
2022-07-08 11:42:19,720 INFO     ___FILE_ONLY___ 

2022-07-08 11:42:19,720 INFO     ___FILE_ONLY___   
2022-07-08 11:42:19,720 INFO     ___FILE_ONLY___ -
2022-07-08 11:42:19,720 INFO     ___FILE_ONLY___  
2022-07-08 11:42:19,720 INFO     ___FILE_ONLY___ serviceAccount:gitlab-ci-deployment@tradera-development.iam.gserviceaccount.com
2022-07-08 11:42:19,720 INFO     ___FILE_ONLY___ 

2022-07-08 11:42:19,720 INFO     ___FILE_ONLY___   
2022-07-08 11:42:19,721 INFO     ___FILE_ONLY___ role
2022-07-08 11:42:19,721 INFO     ___FILE_ONLY___ :
2022-07-08 11:42:19,721 INFO     ___FILE_ONLY___  
2022-07-08 11:42:19,721 INFO     ___FILE_ONLY___ roles/dns.admin
2022-07-08 11:42:19,721 INFO     ___FILE_ONLY___ 

2022-07-08 11:42:19,721 INFO     ___FILE_ONLY___ -
2022-07-08 11:42:19,721 INFO     ___FILE_ONLY___  
2022-07-08 11:42:19,721 INFO     ___FILE_ONLY___ members
2022-07-08 11:42:19,721 INFO     ___FILE_ONLY___ :
2022-07-08 11:42:19,721 INFO     ___FILE_ONLY___ 

2022-07-08 11:42:19,721 INFO     ___FILE_ONLY___   
2022-07-08 11:42:19,721 INFO     ___FILE_ONLY___ -
2022-07-08 11:42:19,721 INFO     ___FILE_ONLY___  
2022-07-08 11:42:19,721 INFO     ___FILE_ONLY___ serviceAccount:jenkins@tradera-lab.iam.gserviceaccount.com
2022-07-08 11:42:19,721 INFO     ___FILE_ONLY___ 

2022-07-08 11:42:19,722 INFO     ___FILE_ONLY___   
2022-07-08 11:42:19,722 INFO     ___FILE_ONLY___ role
2022-07-08 11:42:19,722 INFO     ___FILE_ONLY___ :
2022-07-08 11:42:19,722 INFO     ___FILE_ONLY___  
2022-07-08 11:42:19,722 INFO     ___FILE_ONLY___ roles/dns.reader
2022-07-08 11:42:19,722 INFO     ___FILE_ONLY___ 

2022-07-08 11:42:19,722 INFO     ___FILE_ONLY___ -
2022-07-08 11:42:19,722 INFO     ___FILE_ONLY___  
2022-07-08 11:42:19,722 INFO     ___FILE_ONLY___ members
2022-07-08 11:42:19,722 INFO     ___FILE_ONLY___ :
2022-07-08 11:42:19,722 INFO     ___FILE_ONLY___ 

2022-07-08 11:42:19,722 INFO     ___FILE_ONLY___   
2022-07-08 11:42:19,722 INFO     ___FILE_ONLY___ -
2022-07-08 11:42:19,722 INFO     ___FILE_ONLY___  
2022-07-08 11:42:19,722 INFO     ___FILE_ONLY___ group:app-developers@tradera.com
2022-07-08 11:42:19,723 INFO     ___FILE_ONLY___ 

2022-07-08 11:42:19,723 INFO     ___FILE_ONLY___   
2022-07-08 11:42:19,723 INFO     ___FILE_ONLY___ -
2022-07-08 11:42:19,723 INFO     ___FILE_ONLY___  
2022-07-08 11:42:19,723 INFO     ___FILE_ONLY___ serviceAccount:255305809508-compute@developer.gserviceaccount.com
2022-07-08 11:42:19,723 INFO     ___FILE_ONLY___ 

2022-07-08 11:42:19,723 INFO     ___FILE_ONLY___   
2022-07-08 11:42:19,723 INFO     ___FILE_ONLY___ -
2022-07-08 11:42:19,723 INFO     ___FILE_ONLY___  
2022-07-08 11:42:19,723 INFO     ___FILE_ONLY___ serviceAccount:255305809508@cloudservices.gserviceaccount.com
2022-07-08 11:42:19,723 INFO     ___FILE_ONLY___ 

2022-07-08 11:42:19,723 INFO     ___FILE_ONLY___   
2022-07-08 11:42:19,723 INFO     ___FILE_ONLY___ -
2022-07-08 11:42:19,723 INFO     ___FILE_ONLY___  
2022-07-08 11:42:19,723 INFO     ___FILE_ONLY___ serviceAccount:service-255305809508@containerregistry.iam.gserviceaccount.com
2022-07-08 11:42:19,723 INFO     ___FILE_ONLY___ 

2022-07-08 11:42:19,724 INFO     ___FILE_ONLY___   
2022-07-08 11:42:19,724 INFO     ___FILE_ONLY___ -
2022-07-08 11:42:19,724 INFO     ___FILE_ONLY___  
2022-07-08 11:42:19,724 INFO     ___FILE_ONLY___ serviceAccount:tradera-development@appspot.gserviceaccount.com
2022-07-08 11:42:19,724 INFO     ___FILE_ONLY___ 

2022-07-08 11:42:19,724 INFO     ___FILE_ONLY___   
2022-07-08 11:42:19,724 INFO     ___FILE_ONLY___ role
2022-07-08 11:42:19,724 INFO     ___FILE_ONLY___ :
2022-07-08 11:42:19,724 INFO     ___FILE_ONLY___  
2022-07-08 11:42:19,724 INFO     ___FILE_ONLY___ roles/editor
2022-07-08 11:42:19,725 INFO     ___FILE_ONLY___ 

2022-07-08 11:42:19,725 INFO     ___FILE_ONLY___ -
2022-07-08 11:42:19,725 INFO     ___FILE_ONLY___  
2022-07-08 11:42:19,725 INFO     ___FILE_ONLY___ members
2022-07-08 11:42:19,725 INFO     ___FILE_ONLY___ :
2022-07-08 11:42:19,725 INFO     ___FILE_ONLY___ 

2022-07-08 11:42:19,725 INFO     ___FILE_ONLY___   
2022-07-08 11:42:19,725 INFO     ___FILE_ONLY___ -
2022-07-08 11:42:19,725 INFO     ___FILE_ONLY___  
2022-07-08 11:42:19,725 INFO     ___FILE_ONLY___ serviceAccount:service-255305809508@firebase-rules.iam.gserviceaccount.com
2022-07-08 11:42:19,725 INFO     ___FILE_ONLY___ 

2022-07-08 11:42:19,725 INFO     ___FILE_ONLY___   
2022-07-08 11:42:19,726 INFO     ___FILE_ONLY___ role
2022-07-08 11:42:19,726 INFO     ___FILE_ONLY___ :
2022-07-08 11:42:19,726 INFO     ___FILE_ONLY___  
2022-07-08 11:42:19,726 INFO     ___FILE_ONLY___ roles/firebaserules.system
2022-07-08 11:42:19,726 INFO     ___FILE_ONLY___ 

2022-07-08 11:42:19,726 INFO     ___FILE_ONLY___ -
2022-07-08 11:42:19,726 INFO     ___FILE_ONLY___  
2022-07-08 11:42:19,726 INFO     ___FILE_ONLY___ members
2022-07-08 11:42:19,726 INFO     ___FILE_ONLY___ :
2022-07-08 11:42:19,726 INFO     ___FILE_ONLY___ 

2022-07-08 11:42:19,726 INFO     ___FILE_ONLY___   
2022-07-08 11:42:19,726 INFO     ___FILE_ONLY___ -
2022-07-08 11:42:19,726 INFO     ___FILE_ONLY___  
2022-07-08 11:42:19,727 INFO     ___FILE_ONLY___ serviceAccount:gitlab-runner@tradera-development.iam.gserviceaccount.com
2022-07-08 11:42:19,727 INFO     ___FILE_ONLY___ 

2022-07-08 11:42:19,727 INFO     ___FILE_ONLY___   
2022-07-08 11:42:19,727 INFO     ___FILE_ONLY___ -
2022-07-08 11:42:19,727 INFO     ___FILE_ONLY___  
2022-07-08 11:42:19,727 INFO     ___FILE_ONLY___ serviceAccount:jenkins-gce@tradera-development.iam.gserviceaccount.com
2022-07-08 11:42:19,727 INFO     ___FILE_ONLY___ 

2022-07-08 11:42:19,727 INFO     ___FILE_ONLY___   
2022-07-08 11:42:19,727 INFO     ___FILE_ONLY___ -
2022-07-08 11:42:19,727 INFO     ___FILE_ONLY___  
2022-07-08 11:42:19,727 INFO     ___FILE_ONLY___ serviceAccount:jenkins@tradera-lab.iam.gserviceaccount.com
2022-07-08 11:42:19,727 INFO     ___FILE_ONLY___ 

2022-07-08 11:42:19,727 INFO     ___FILE_ONLY___   
2022-07-08 11:42:19,727 INFO     ___FILE_ONLY___ -
2022-07-08 11:42:19,728 INFO     ___FILE_ONLY___  
2022-07-08 11:42:19,728 INFO     ___FILE_ONLY___ serviceAccount:packer@tradera-development.iam.gserviceaccount.com
2022-07-08 11:42:19,728 INFO     ___FILE_ONLY___ 

2022-07-08 11:42:19,728 INFO     ___FILE_ONLY___   
2022-07-08 11:42:19,728 INFO     ___FILE_ONLY___ role
2022-07-08 11:42:19,728 INFO     ___FILE_ONLY___ :
2022-07-08 11:42:19,728 INFO     ___FILE_ONLY___  
2022-07-08 11:42:19,728 INFO     ___FILE_ONLY___ roles/iam.serviceAccountUser
2022-07-08 11:42:19,728 INFO     ___FILE_ONLY___ 

2022-07-08 11:42:19,728 INFO     ___FILE_ONLY___ -
2022-07-08 11:42:19,728 INFO     ___FILE_ONLY___  
2022-07-08 11:42:19,728 INFO     ___FILE_ONLY___ members
2022-07-08 11:42:19,728 INFO     ___FILE_ONLY___ :
2022-07-08 11:42:19,728 INFO     ___FILE_ONLY___ 

2022-07-08 11:42:19,728 INFO     ___FILE_ONLY___   
2022-07-08 11:42:19,728 INFO     ___FILE_ONLY___ -
2022-07-08 11:42:19,729 INFO     ___FILE_ONLY___  
2022-07-08 11:42:19,729 INFO     ___FILE_ONLY___ serviceAccount:jenkins-gce@tradera-development.iam.gserviceaccount.com
2022-07-08 11:42:19,729 INFO     ___FILE_ONLY___ 

2022-07-08 11:42:19,729 INFO     ___FILE_ONLY___   
2022-07-08 11:42:19,729 INFO     ___FILE_ONLY___ role
2022-07-08 11:42:19,729 INFO     ___FILE_ONLY___ :
2022-07-08 11:42:19,729 INFO     ___FILE_ONLY___  
2022-07-08 11:42:19,729 INFO     ___FILE_ONLY___ roles/iap.tunnelResourceAccessor
2022-07-08 11:42:19,729 INFO     ___FILE_ONLY___ 

2022-07-08 11:42:19,729 INFO     ___FILE_ONLY___ -
2022-07-08 11:42:19,729 INFO     ___FILE_ONLY___  
2022-07-08 11:42:19,729 INFO     ___FILE_ONLY___ members
2022-07-08 11:42:19,729 INFO     ___FILE_ONLY___ :
2022-07-08 11:42:19,729 INFO     ___FILE_ONLY___ 

2022-07-08 11:42:19,729 INFO     ___FILE_ONLY___   
2022-07-08 11:42:19,729 INFO     ___FILE_ONLY___ -
2022-07-08 11:42:19,730 INFO     ___FILE_ONLY___  
2022-07-08 11:42:19,730 INFO     ___FILE_ONLY___ serviceAccount:app-tracing-only@tradera-development.iam.gserviceaccount.com
2022-07-08 11:42:19,730 INFO     ___FILE_ONLY___ 

2022-07-08 11:42:19,730 INFO     ___FILE_ONLY___   
2022-07-08 11:42:19,730 INFO     ___FILE_ONLY___ -
2022-07-08 11:42:19,730 INFO     ___FILE_ONLY___  
2022-07-08 11:42:19,730 INFO     ___FILE_ONLY___ serviceAccount:app-tradera-web@tradera-development.iam.gserviceaccount.com
2022-07-08 11:42:19,730 INFO     ___FILE_ONLY___ 

2022-07-08 11:42:19,730 INFO     ___FILE_ONLY___   
2022-07-08 11:42:19,730 INFO     ___FILE_ONLY___ -
2022-07-08 11:42:19,730 INFO     ___FILE_ONLY___  
2022-07-08 11:42:19,730 INFO     ___FILE_ONLY___ serviceAccount:gitlab-object-storage@tradera-development.iam.gserviceaccount.com
2022-07-08 11:42:19,730 INFO     ___FILE_ONLY___ 

2022-07-08 11:42:19,730 INFO     ___FILE_ONLY___   
2022-07-08 11:42:19,730 INFO     ___FILE_ONLY___ -
2022-07-08 11:42:19,730 INFO     ___FILE_ONLY___  
2022-07-08 11:42:19,731 INFO     ___FILE_ONLY___ serviceAccount:jenkins@tradera-development.iam.gserviceaccount.com
2022-07-08 11:42:19,731 INFO     ___FILE_ONLY___ 

2022-07-08 11:42:19,731 INFO     ___FILE_ONLY___   
2022-07-08 11:42:19,731 INFO     ___FILE_ONLY___ -
2022-07-08 11:42:19,731 INFO     ___FILE_ONLY___  
2022-07-08 11:42:19,731 INFO     ___FILE_ONLY___ serviceAccount:nuget-01@tradera-development.iam.gserviceaccount.com
2022-07-08 11:42:19,731 INFO     ___FILE_ONLY___ 

2022-07-08 11:42:19,731 INFO     ___FILE_ONLY___   
2022-07-08 11:42:19,731 INFO     ___FILE_ONLY___ -
2022-07-08 11:42:19,731 INFO     ___FILE_ONLY___  
2022-07-08 11:42:19,731 INFO     ___FILE_ONLY___ serviceAccount:passcore@tradera-development.iam.gserviceaccount.com
2022-07-08 11:42:19,731 INFO     ___FILE_ONLY___ 

2022-07-08 11:42:19,731 INFO     ___FILE_ONLY___   
2022-07-08 11:42:19,731 INFO     ___FILE_ONLY___ -
2022-07-08 11:42:19,731 INFO     ___FILE_ONLY___  
2022-07-08 11:42:19,731 INFO     ___FILE_ONLY___ serviceAccount:service-accounts-dc@tradera-development.iam.gserviceaccount.com
2022-07-08 11:42:19,731 INFO     ___FILE_ONLY___ 

2022-07-08 11:42:19,732 INFO     ___FILE_ONLY___   
2022-07-08 11:42:19,732 INFO     ___FILE_ONLY___ -
2022-07-08 11:42:19,732 INFO     ___FILE_ONLY___  
2022-07-08 11:42:19,732 INFO     ___FILE_ONLY___ serviceAccount:service-accounts-dev-linux@tradera-development.iam.gserviceaccount.com
2022-07-08 11:42:19,732 INFO     ___FILE_ONLY___ 

2022-07-08 11:42:19,732 INFO     ___FILE_ONLY___   
2022-07-08 11:42:19,732 INFO     ___FILE_ONLY___ -
2022-07-08 11:42:19,732 INFO     ___FILE_ONLY___  
2022-07-08 11:42:19,732 INFO     ___FILE_ONLY___ serviceAccount:service-accounts-dev@tradera-development.iam.gserviceaccount.com
2022-07-08 11:42:19,732 INFO     ___FILE_ONLY___ 

2022-07-08 11:42:19,732 INFO     ___FILE_ONLY___   
2022-07-08 11:42:19,732 INFO     ___FILE_ONLY___ -
2022-07-08 11:42:19,732 INFO     ___FILE_ONLY___  
2022-07-08 11:42:19,732 INFO     ___FILE_ONLY___ serviceAccount:sourcegraph@tradera-development.iam.gserviceaccount.com
2022-07-08 11:42:19,732 INFO     ___FILE_ONLY___ 

2022-07-08 11:42:19,732 INFO     ___FILE_ONLY___   
2022-07-08 11:42:19,733 INFO     ___FILE_ONLY___ -
2022-07-08 11:42:19,733 INFO     ___FILE_ONLY___  
2022-07-08 11:42:19,733 INFO     ___FILE_ONLY___ serviceAccount:teamcity-01@tradera-development.iam.gserviceaccount.com
2022-07-08 11:42:19,733 INFO     ___FILE_ONLY___ 

2022-07-08 11:42:19,733 INFO     ___FILE_ONLY___   
2022-07-08 11:42:19,733 INFO     ___FILE_ONLY___ -
2022-07-08 11:42:19,733 INFO     ___FILE_ONLY___  
2022-07-08 11:42:19,733 INFO     ___FILE_ONLY___ serviceAccount:windows-kubernetes@tradera-development.iam.gserviceaccount.com
2022-07-08 11:42:19,733 INFO     ___FILE_ONLY___ 

2022-07-08 11:42:19,733 INFO     ___FILE_ONLY___   
2022-07-08 11:42:19,733 INFO     ___FILE_ONLY___ -
2022-07-08 11:42:19,733 INFO     ___FILE_ONLY___  
2022-07-08 11:42:19,733 INFO     ___FILE_ONLY___ serviceAccount:wireguard@tradera-development.iam.gserviceaccount.com
2022-07-08 11:42:19,733 INFO     ___FILE_ONLY___ 

2022-07-08 11:42:19,733 INFO     ___FILE_ONLY___   
2022-07-08 11:42:19,733 INFO     ___FILE_ONLY___ -
2022-07-08 11:42:19,734 INFO     ___FILE_ONLY___  
2022-07-08 11:42:19,734 INFO     ___FILE_ONLY___ serviceAccount:wsus-01@tradera-development.iam.gserviceaccount.com
2022-07-08 11:42:19,734 INFO     ___FILE_ONLY___ 

2022-07-08 11:42:19,734 INFO     ___FILE_ONLY___   
2022-07-08 11:42:19,734 INFO     ___FILE_ONLY___ role
2022-07-08 11:42:19,734 INFO     ___FILE_ONLY___ :
2022-07-08 11:42:19,734 INFO     ___FILE_ONLY___  
2022-07-08 11:42:19,734 INFO     ___FILE_ONLY___ roles/logging.logWriter
2022-07-08 11:42:19,734 INFO     ___FILE_ONLY___ 

2022-07-08 11:42:19,734 INFO     ___FILE_ONLY___ -
2022-07-08 11:42:19,734 INFO     ___FILE_ONLY___  
2022-07-08 11:42:19,734 INFO     ___FILE_ONLY___ members
2022-07-08 11:42:19,734 INFO     ___FILE_ONLY___ :
2022-07-08 11:42:19,734 INFO     ___FILE_ONLY___ 

2022-07-08 11:42:19,734 INFO     ___FILE_ONLY___   
2022-07-08 11:42:19,734 INFO     ___FILE_ONLY___ -
2022-07-08 11:42:19,734 INFO     ___FILE_ONLY___  
2022-07-08 11:42:19,735 INFO     ___FILE_ONLY___ group:prolister-developers@tradera.com
2022-07-08 11:42:19,735 INFO     ___FILE_ONLY___ 

2022-07-08 11:42:19,735 INFO     ___FILE_ONLY___   
2022-07-08 11:42:19,735 INFO     ___FILE_ONLY___ -
2022-07-08 11:42:19,735 INFO     ___FILE_ONLY___  
2022-07-08 11:42:19,735 INFO     ___FILE_ONLY___ serviceAccount:jenkins@tradera-lab.iam.gserviceaccount.com
2022-07-08 11:42:19,735 INFO     ___FILE_ONLY___ 

2022-07-08 11:42:19,735 INFO     ___FILE_ONLY___   
2022-07-08 11:42:19,736 INFO     ___FILE_ONLY___ -
2022-07-08 11:42:19,736 INFO     ___FILE_ONLY___  
2022-07-08 11:42:19,736 INFO     ___FILE_ONLY___ serviceAccount:tenableio@tradera-prod-compute.iam.gserviceaccount.com
2022-07-08 11:42:19,736 INFO     ___FILE_ONLY___ 

2022-07-08 11:42:19,736 INFO     ___FILE_ONLY___   
2022-07-08 11:42:19,736 INFO     ___FILE_ONLY___ role
2022-07-08 11:42:19,736 INFO     ___FILE_ONLY___ :
2022-07-08 11:42:19,736 INFO     ___FILE_ONLY___  
2022-07-08 11:42:19,736 INFO     ___FILE_ONLY___ roles/logging.viewer
2022-07-08 11:42:19,736 INFO     ___FILE_ONLY___ 

2022-07-08 11:42:19,736 INFO     ___FILE_ONLY___ -
2022-07-08 11:42:19,736 INFO     ___FILE_ONLY___  
2022-07-08 11:42:19,736 INFO     ___FILE_ONLY___ members
2022-07-08 11:42:19,737 INFO     ___FILE_ONLY___ :
2022-07-08 11:42:19,737 INFO     ___FILE_ONLY___ 

2022-07-08 11:42:19,737 INFO     ___FILE_ONLY___   
2022-07-08 11:42:19,737 INFO     ___FILE_ONLY___ -
2022-07-08 11:42:19,737 INFO     ___FILE_ONLY___  
2022-07-08 11:42:19,737 INFO     ___FILE_ONLY___ serviceAccount:app-tradera-web@tradera-development.iam.gserviceaccount.com
2022-07-08 11:42:19,737 INFO     ___FILE_ONLY___ 

2022-07-08 11:42:19,737 INFO     ___FILE_ONLY___   
2022-07-08 11:42:19,737 INFO     ___FILE_ONLY___ -
2022-07-08 11:42:19,737 INFO     ___FILE_ONLY___  
2022-07-08 11:42:19,737 INFO     ___FILE_ONLY___ serviceAccount:gitlab-object-storage@tradera-development.iam.gserviceaccount.com
2022-07-08 11:42:19,737 INFO     ___FILE_ONLY___ 

2022-07-08 11:42:19,737 INFO     ___FILE_ONLY___   
2022-07-08 11:42:19,737 INFO     ___FILE_ONLY___ -
2022-07-08 11:42:19,738 INFO     ___FILE_ONLY___  
2022-07-08 11:42:19,738 INFO     ___FILE_ONLY___ serviceAccount:jenkins@tradera-development.iam.gserviceaccount.com
2022-07-08 11:42:19,738 INFO     ___FILE_ONLY___ 

2022-07-08 11:42:19,738 INFO     ___FILE_ONLY___   
2022-07-08 11:42:19,738 INFO     ___FILE_ONLY___ -
2022-07-08 11:42:19,738 INFO     ___FILE_ONLY___  
2022-07-08 11:42:19,738 INFO     ___FILE_ONLY___ serviceAccount:nuget-01@tradera-development.iam.gserviceaccount.com
2022-07-08 11:42:19,738 INFO     ___FILE_ONLY___ 

2022-07-08 11:42:19,738 INFO     ___FILE_ONLY___   
2022-07-08 11:42:19,738 INFO     ___FILE_ONLY___ -
2022-07-08 11:42:19,738 INFO     ___FILE_ONLY___  
2022-07-08 11:42:19,738 INFO     ___FILE_ONLY___ serviceAccount:passcore@tradera-development.iam.gserviceaccount.com
2022-07-08 11:42:19,738 INFO     ___FILE_ONLY___ 

2022-07-08 11:42:19,738 INFO     ___FILE_ONLY___   
2022-07-08 11:42:19,738 INFO     ___FILE_ONLY___ -
2022-07-08 11:42:19,739 INFO     ___FILE_ONLY___  
2022-07-08 11:42:19,739 INFO     ___FILE_ONLY___ serviceAccount:prometheus-to-sd@tradera-development.iam.gserviceaccount.com
2022-07-08 11:42:19,739 INFO     ___FILE_ONLY___ 

2022-07-08 11:42:19,739 INFO     ___FILE_ONLY___   
2022-07-08 11:42:19,739 INFO     ___FILE_ONLY___ -
2022-07-08 11:42:19,739 INFO     ___FILE_ONLY___  
2022-07-08 11:42:19,739 INFO     ___FILE_ONLY___ serviceAccount:prometheus@tradera-development.iam.gserviceaccount.com
2022-07-08 11:42:19,739 INFO     ___FILE_ONLY___ 

2022-07-08 11:42:19,739 INFO     ___FILE_ONLY___   
2022-07-08 11:42:19,739 INFO     ___FILE_ONLY___ -
2022-07-08 11:42:19,739 INFO     ___FILE_ONLY___  
2022-07-08 11:42:19,739 INFO     ___FILE_ONLY___ serviceAccount:service-accounts-dc@tradera-development.iam.gserviceaccount.com
2022-07-08 11:42:19,739 INFO     ___FILE_ONLY___ 

2022-07-08 11:42:19,739 INFO     ___FILE_ONLY___   
2022-07-08 11:42:19,739 INFO     ___FILE_ONLY___ -
2022-07-08 11:42:19,739 INFO     ___FILE_ONLY___  
2022-07-08 11:42:19,739 INFO     ___FILE_ONLY___ serviceAccount:service-accounts-dev-linux@tradera-development.iam.gserviceaccount.com
2022-07-08 11:42:19,739 INFO     ___FILE_ONLY___ 

2022-07-08 11:42:19,740 INFO     ___FILE_ONLY___   
2022-07-08 11:42:19,740 INFO     ___FILE_ONLY___ -
2022-07-08 11:42:19,740 INFO     ___FILE_ONLY___  
2022-07-08 11:42:19,740 INFO     ___FILE_ONLY___ serviceAccount:service-accounts-dev@tradera-development.iam.gserviceaccount.com
2022-07-08 11:42:19,740 INFO     ___FILE_ONLY___ 

2022-07-08 11:42:19,740 INFO     ___FILE_ONLY___   
2022-07-08 11:42:19,740 INFO     ___FILE_ONLY___ -
2022-07-08 11:42:19,740 INFO     ___FILE_ONLY___  
2022-07-08 11:42:19,740 INFO     ___FILE_ONLY___ serviceAccount:sourcegraph@tradera-development.iam.gserviceaccount.com
2022-07-08 11:42:19,741 INFO     ___FILE_ONLY___ 

2022-07-08 11:42:19,741 INFO     ___FILE_ONLY___   
2022-07-08 11:42:19,741 INFO     ___FILE_ONLY___ -
2022-07-08 11:42:19,741 INFO     ___FILE_ONLY___  
2022-07-08 11:42:19,741 INFO     ___FILE_ONLY___ serviceAccount:teamcity-01@tradera-development.iam.gserviceaccount.com
2022-07-08 11:42:19,741 INFO     ___FILE_ONLY___ 

2022-07-08 11:42:19,741 INFO     ___FILE_ONLY___   
2022-07-08 11:42:19,741 INFO     ___FILE_ONLY___ -
2022-07-08 11:42:19,741 INFO     ___FILE_ONLY___  
2022-07-08 11:42:19,741 INFO     ___FILE_ONLY___ serviceAccount:windows-kubernetes@tradera-development.iam.gserviceaccount.com
2022-07-08 11:42:19,741 INFO     ___FILE_ONLY___ 

2022-07-08 11:42:19,741 INFO     ___FILE_ONLY___   
2022-07-08 11:42:19,741 INFO     ___FILE_ONLY___ -
2022-07-08 11:42:19,741 INFO     ___FILE_ONLY___  
2022-07-08 11:42:19,741 INFO     ___FILE_ONLY___ serviceAccount:wireguard@tradera-development.iam.gserviceaccount.com
2022-07-08 11:42:19,742 INFO     ___FILE_ONLY___ 

2022-07-08 11:42:19,742 INFO     ___FILE_ONLY___   
2022-07-08 11:42:19,742 INFO     ___FILE_ONLY___ -
2022-07-08 11:42:19,742 INFO     ___FILE_ONLY___  
2022-07-08 11:42:19,742 INFO     ___FILE_ONLY___ serviceAccount:wsus-01@tradera-development.iam.gserviceaccount.com
2022-07-08 11:42:19,742 INFO     ___FILE_ONLY___ 

2022-07-08 11:42:19,742 INFO     ___FILE_ONLY___   
2022-07-08 11:42:19,742 INFO     ___FILE_ONLY___ role
2022-07-08 11:42:19,742 INFO     ___FILE_ONLY___ :
2022-07-08 11:42:19,742 INFO     ___FILE_ONLY___  
2022-07-08 11:42:19,742 INFO     ___FILE_ONLY___ roles/monitoring.metricWriter
2022-07-08 11:42:19,742 INFO     ___FILE_ONLY___ 

2022-07-08 11:42:19,742 INFO     ___FILE_ONLY___ -
2022-07-08 11:42:19,742 INFO     ___FILE_ONLY___  
2022-07-08 11:42:19,743 INFO     ___FILE_ONLY___ members
2022-07-08 11:42:19,743 INFO     ___FILE_ONLY___ :
2022-07-08 11:42:19,743 INFO     ___FILE_ONLY___ 

2022-07-08 11:42:19,743 INFO     ___FILE_ONLY___   
2022-07-08 11:42:19,743 INFO     ___FILE_ONLY___ -
2022-07-08 11:42:19,743 INFO     ___FILE_ONLY___  
2022-07-08 11:42:19,743 INFO     ___FILE_ONLY___ serviceAccount:grafana@tradera-development.iam.gserviceaccount.com
2022-07-08 11:42:19,743 INFO     ___FILE_ONLY___ 

2022-07-08 11:42:19,743 INFO     ___FILE_ONLY___   
2022-07-08 11:42:19,743 INFO     ___FILE_ONLY___ -
2022-07-08 11:42:19,743 INFO     ___FILE_ONLY___  
2022-07-08 11:42:19,743 INFO     ___FILE_ONLY___ serviceAccount:grafana@tradera-prod-compute.iam.gserviceaccount.com
2022-07-08 11:42:19,743 INFO     ___FILE_ONLY___ 

2022-07-08 11:42:19,743 INFO     ___FILE_ONLY___   
2022-07-08 11:42:19,743 INFO     ___FILE_ONLY___ -
2022-07-08 11:42:19,743 INFO     ___FILE_ONLY___  
2022-07-08 11:42:19,744 INFO     ___FILE_ONLY___ serviceAccount:sitespeed-grafana@tradera-development.iam.gserviceaccount.com
2022-07-08 11:42:19,744 INFO     ___FILE_ONLY___ 

2022-07-08 11:42:19,744 INFO     ___FILE_ONLY___   
2022-07-08 11:42:19,744 INFO     ___FILE_ONLY___ role
2022-07-08 11:42:19,744 INFO     ___FILE_ONLY___ :
2022-07-08 11:42:19,744 INFO     ___FILE_ONLY___  
2022-07-08 11:42:19,744 INFO     ___FILE_ONLY___ roles/monitoring.viewer
2022-07-08 11:42:19,744 INFO     ___FILE_ONLY___ 

2022-07-08 11:42:19,744 INFO     ___FILE_ONLY___ -
2022-07-08 11:42:19,744 INFO     ___FILE_ONLY___  
2022-07-08 11:42:19,744 INFO     ___FILE_ONLY___ members
2022-07-08 11:42:19,744 INFO     ___FILE_ONLY___ :
2022-07-08 11:42:19,744 INFO     ___FILE_ONLY___ 

2022-07-08 11:42:19,744 INFO     ___FILE_ONLY___   
2022-07-08 11:42:19,744 INFO     ___FILE_ONLY___ -
2022-07-08 11:42:19,744 INFO     ___FILE_ONLY___  
2022-07-08 11:42:19,745 INFO     ___FILE_ONLY___ serviceAccount:service-255305809508@gcp-sa-osconfig.iam.gserviceaccount.com
2022-07-08 11:42:19,745 INFO     ___FILE_ONLY___ 

2022-07-08 11:42:19,745 INFO     ___FILE_ONLY___   
2022-07-08 11:42:19,745 INFO     ___FILE_ONLY___ role
2022-07-08 11:42:19,745 INFO     ___FILE_ONLY___ :
2022-07-08 11:42:19,745 INFO     ___FILE_ONLY___  
2022-07-08 11:42:19,745 INFO     ___FILE_ONLY___ roles/osconfig.serviceAgent
2022-07-08 11:42:19,745 INFO     ___FILE_ONLY___ 

2022-07-08 11:42:19,745 INFO     ___FILE_ONLY___ -
2022-07-08 11:42:19,745 INFO     ___FILE_ONLY___  
2022-07-08 11:42:19,745 INFO     ___FILE_ONLY___ members
2022-07-08 11:42:19,745 INFO     ___FILE_ONLY___ :
2022-07-08 11:42:19,745 INFO     ___FILE_ONLY___ 

2022-07-08 11:42:19,745 INFO     ___FILE_ONLY___   
2022-07-08 11:42:19,745 INFO     ___FILE_ONLY___ -
2022-07-08 11:42:19,746 INFO     ___FILE_ONLY___  
2022-07-08 11:42:19,746 INFO     ___FILE_ONLY___ group:developers@tradera.com
2022-07-08 11:42:19,746 INFO     ___FILE_ONLY___ 

2022-07-08 11:42:19,746 INFO     ___FILE_ONLY___   
2022-07-08 11:42:19,746 INFO     ___FILE_ONLY___ -
2022-07-08 11:42:19,746 INFO     ___FILE_ONLY___  
2022-07-08 11:42:19,746 INFO     ___FILE_ONLY___ serviceAccount:255305809508-compute@developer.gserviceaccount.com
2022-07-08 11:42:19,746 INFO     ___FILE_ONLY___ 

2022-07-08 11:42:19,746 INFO     ___FILE_ONLY___   
2022-07-08 11:42:19,746 INFO     ___FILE_ONLY___ -
2022-07-08 11:42:19,746 INFO     ___FILE_ONLY___  
2022-07-08 11:42:19,746 INFO     ___FILE_ONLY___ serviceAccount:255305809508@cloudservices.gserviceaccount.com
2022-07-08 11:42:19,746 INFO     ___FILE_ONLY___ 

2022-07-08 11:42:19,746 INFO     ___FILE_ONLY___   
2022-07-08 11:42:19,746 INFO     ___FILE_ONLY___ role
2022-07-08 11:42:19,746 INFO     ___FILE_ONLY___ :
2022-07-08 11:42:19,747 INFO     ___FILE_ONLY___  
2022-07-08 11:42:19,747 INFO     ___FILE_ONLY___ roles/owner
2022-07-08 11:42:19,747 INFO     ___FILE_ONLY___ 

2022-07-08 11:42:19,747 INFO     ___FILE_ONLY___ -
2022-07-08 11:42:19,747 INFO     ___FILE_ONLY___  
2022-07-08 11:42:19,747 INFO     ___FILE_ONLY___ members
2022-07-08 11:42:19,747 INFO     ___FILE_ONLY___ :
2022-07-08 11:42:19,747 INFO     ___FILE_ONLY___ 

2022-07-08 11:42:19,747 INFO     ___FILE_ONLY___   
2022-07-08 11:42:19,747 INFO     ___FILE_ONLY___ -
2022-07-08 11:42:19,747 INFO     ___FILE_ONLY___  
2022-07-08 11:42:19,747 INFO     ___FILE_ONLY___ serviceAccount:service-255305809508@cloud-redis.iam.gserviceaccount.com
2022-07-08 11:42:19,747 INFO     ___FILE_ONLY___ 

2022-07-08 11:42:19,747 INFO     ___FILE_ONLY___   
2022-07-08 11:42:19,747 INFO     ___FILE_ONLY___ role
2022-07-08 11:42:19,747 INFO     ___FILE_ONLY___ :
2022-07-08 11:42:19,748 INFO     ___FILE_ONLY___  
2022-07-08 11:42:19,748 INFO     ___FILE_ONLY___ roles/redis.serviceAgent
2022-07-08 11:42:19,748 INFO     ___FILE_ONLY___ 

2022-07-08 11:42:19,748 INFO     ___FILE_ONLY___ -
2022-07-08 11:42:19,748 INFO     ___FILE_ONLY___  
2022-07-08 11:42:19,748 INFO     ___FILE_ONLY___ members
2022-07-08 11:42:19,748 INFO     ___FILE_ONLY___ :
2022-07-08 11:42:19,748 INFO     ___FILE_ONLY___ 

2022-07-08 11:42:19,748 INFO     ___FILE_ONLY___   
2022-07-08 11:42:19,748 INFO     ___FILE_ONLY___ -
2022-07-08 11:42:19,748 INFO     ___FILE_ONLY___  
2022-07-08 11:42:19,748 INFO     ___FILE_ONLY___ serviceAccount:service-255305809508@serverless-robot-prod.iam.gserviceaccount.com
2022-07-08 11:42:19,748 INFO     ___FILE_ONLY___ 

2022-07-08 11:42:19,748 INFO     ___FILE_ONLY___   
2022-07-08 11:42:19,748 INFO     ___FILE_ONLY___ role
2022-07-08 11:42:19,748 INFO     ___FILE_ONLY___ :
2022-07-08 11:42:19,748 INFO     ___FILE_ONLY___  
2022-07-08 11:42:19,749 INFO     ___FILE_ONLY___ roles/run.serviceAgent
2022-07-08 11:42:19,749 INFO     ___FILE_ONLY___ 

2022-07-08 11:42:19,749 INFO     ___FILE_ONLY___ -
2022-07-08 11:42:19,749 INFO     ___FILE_ONLY___  
2022-07-08 11:42:19,749 INFO     ___FILE_ONLY___ members
2022-07-08 11:42:19,749 INFO     ___FILE_ONLY___ :
2022-07-08 11:42:19,749 INFO     ___FILE_ONLY___ 

2022-07-08 11:42:19,749 INFO     ___FILE_ONLY___   
2022-07-08 11:42:19,749 INFO     ___FILE_ONLY___ -
2022-07-08 11:42:19,749 INFO     ___FILE_ONLY___  
2022-07-08 11:42:19,749 INFO     ___FILE_ONLY___ serviceAccount:service-255305809508@service-networking.iam.gserviceaccount.com
2022-07-08 11:42:19,749 INFO     ___FILE_ONLY___ 

2022-07-08 11:42:19,749 INFO     ___FILE_ONLY___   
2022-07-08 11:42:19,749 INFO     ___FILE_ONLY___ role
2022-07-08 11:42:19,749 INFO     ___FILE_ONLY___ :
2022-07-08 11:42:19,749 INFO     ___FILE_ONLY___  
2022-07-08 11:42:19,749 INFO     ___FILE_ONLY___ roles/servicenetworking.serviceAgent
2022-07-08 11:42:19,750 INFO     ___FILE_ONLY___ 

2022-07-08 11:42:19,750 INFO     ___FILE_ONLY___ -
2022-07-08 11:42:19,750 INFO     ___FILE_ONLY___  
2022-07-08 11:42:19,750 INFO     ___FILE_ONLY___ members
2022-07-08 11:42:19,750 INFO     ___FILE_ONLY___ :
2022-07-08 11:42:19,750 INFO     ___FILE_ONLY___ 

2022-07-08 11:42:19,750 INFO     ___FILE_ONLY___   
2022-07-08 11:42:19,750 INFO     ___FILE_ONLY___ -
2022-07-08 11:42:19,750 INFO     ___FILE_ONLY___  
2022-07-08 11:42:19,750 INFO     ___FILE_ONLY___ serviceAccount:jenkins@tradera-lab.iam.gserviceaccount.com
2022-07-08 11:42:19,750 INFO     ___FILE_ONLY___ 

2022-07-08 11:42:19,750 INFO     ___FILE_ONLY___   
2022-07-08 11:42:19,750 INFO     ___FILE_ONLY___ role
2022-07-08 11:42:19,750 INFO     ___FILE_ONLY___ :
2022-07-08 11:42:19,750 INFO     ___FILE_ONLY___  
2022-07-08 11:42:19,750 INFO     ___FILE_ONLY___ roles/storage.objectViewer
2022-07-08 11:42:19,751 INFO     ___FILE_ONLY___ 

2022-07-08 11:42:19,751 INFO     ___FILE_ONLY___ etag
2022-07-08 11:42:19,751 INFO     ___FILE_ONLY___ :
2022-07-08 11:42:19,751 INFO     ___FILE_ONLY___  
2022-07-08 11:42:19,751 INFO     ___FILE_ONLY___ BwXdBtIUdN0=
2022-07-08 11:42:19,751 INFO     ___FILE_ONLY___ 

2022-07-08 11:42:19,751 INFO     ___FILE_ONLY___ version
2022-07-08 11:42:19,751 INFO     ___FILE_ONLY___ :
2022-07-08 11:42:19,751 INFO     ___FILE_ONLY___  
2022-07-08 11:42:19,751 INFO     ___FILE_ONLY___ 1
2022-07-08 11:42:19,751 INFO     ___FILE_ONLY___ 

2022-07-08 11:42:19,751 DEBUG    root            SDK update checks are disabled.
