2022-07-19 08:16:36,060 DEBUG    root            Loaded Command Group: ['gcloud', 'secrets']
2022-07-19 08:16:36,075 DEBUG    root            Loaded Command Group: ['gcloud', 'secrets', 'list']
2022-07-19 08:16:36,077 DEBUG    root            Running [gcloud.secrets.list] with arguments: []
2022-07-19 08:16:36,091 INFO     root            Display format: "
table(
  name.basename():label=NAME,
  createTime.date():label=CREATED,
  policy_transform():label=REPLICATION_POLICY,
  locations_transform():label=LOCATIONS
)
"
2022-07-19 08:16:36,093 DEBUG    urllib3.connectionpool Starting new HTTPS connection (1): secretmanager.googleapis.com:443
2022-07-19 08:16:36,452 DEBUG    urllib3.connectionpool https://secretmanager.googleapis.com:443 "GET /v1/projects/tradera-it-secrets/secrets?alt=json&pageSize=100 HTTP/1.1" 200 None
2022-07-19 08:16:36,477 INFO     ___FILE_ONLY___ NAME
2022-07-19 08:16:36,477 INFO     ___FILE_ONLY___           
2022-07-19 08:16:36,477 INFO     ___FILE_ONLY___ CREATED
2022-07-19 08:16:36,477 INFO     ___FILE_ONLY___               
2022-07-19 08:16:36,477 INFO     ___FILE_ONLY___ REPLICATION_POLICY
2022-07-19 08:16:36,477 INFO     ___FILE_ONLY___   
2022-07-19 08:16:36,477 INFO     ___FILE_ONLY___ LOCATIONS
2022-07-19 08:16:36,477 INFO     ___FILE_ONLY___ 

2022-07-19 08:16:36,477 INFO     ___FILE_ONLY___ 12TB8Y2
2022-07-19 08:16:36,477 INFO     ___FILE_ONLY___        
2022-07-19 08:16:36,477 INFO     ___FILE_ONLY___ 2022-07-13T09:18:37
2022-07-19 08:16:36,477 INFO     ___FILE_ONLY___   
2022-07-19 08:16:36,477 INFO     ___FILE_ONLY___ automatic
2022-07-19 08:16:36,477 INFO     ___FILE_ONLY___            
2022-07-19 08:16:36,477 INFO     ___FILE_ONLY___ -
2022-07-19 08:16:36,478 INFO     ___FILE_ONLY___ 

2022-07-19 08:16:36,478 INFO     ___FILE_ONLY___ 2HCZHW2
2022-07-19 08:16:36,478 INFO     ___FILE_ONLY___        
2022-07-19 08:16:36,478 INFO     ___FILE_ONLY___ 2022-07-04T08:23:27
2022-07-19 08:16:36,478 INFO     ___FILE_ONLY___   
2022-07-19 08:16:36,478 INFO     ___FILE_ONLY___ automatic
2022-07-19 08:16:36,478 INFO     ___FILE_ONLY___            
2022-07-19 08:16:36,478 INFO     ___FILE_ONLY___ -
2022-07-19 08:16:36,478 INFO     ___FILE_ONLY___ 

2022-07-19 08:16:36,478 INFO     ___FILE_ONLY___ 37ZPP73
2022-07-19 08:16:36,478 INFO     ___FILE_ONLY___        
2022-07-19 08:16:36,478 INFO     ___FILE_ONLY___ 2022-07-04T08:27:43
2022-07-19 08:16:36,478 INFO     ___FILE_ONLY___   
2022-07-19 08:16:36,479 INFO     ___FILE_ONLY___ automatic
2022-07-19 08:16:36,479 INFO     ___FILE_ONLY___            
2022-07-19 08:16:36,479 INFO     ___FILE_ONLY___ -
2022-07-19 08:16:36,479 INFO     ___FILE_ONLY___ 

2022-07-19 08:16:36,479 INFO     ___FILE_ONLY___ 3BRJX93
2022-07-19 08:16:36,479 INFO     ___FILE_ONLY___        
2022-07-19 08:16:36,479 INFO     ___FILE_ONLY___ 2022-07-13T09:11:56
2022-07-19 08:16:36,479 INFO     ___FILE_ONLY___   
2022-07-19 08:16:36,479 INFO     ___FILE_ONLY___ automatic
2022-07-19 08:16:36,479 INFO     ___FILE_ONLY___            
2022-07-19 08:16:36,479 INFO     ___FILE_ONLY___ -
2022-07-19 08:16:36,479 INFO     ___FILE_ONLY___ 

2022-07-19 08:16:36,479 INFO     ___FILE_ONLY___ 43T7Q93
2022-07-19 08:16:36,479 INFO     ___FILE_ONLY___        
2022-07-19 08:16:36,480 INFO     ___FILE_ONLY___ 2022-07-13T09:25:00
2022-07-19 08:16:36,480 INFO     ___FILE_ONLY___   
2022-07-19 08:16:36,480 INFO     ___FILE_ONLY___ automatic
2022-07-19 08:16:36,480 INFO     ___FILE_ONLY___            
2022-07-19 08:16:36,480 INFO     ___FILE_ONLY___ -
2022-07-19 08:16:36,480 INFO     ___FILE_ONLY___ 

2022-07-19 08:16:36,480 INFO     ___FILE_ONLY___ 4GZD3D3
2022-07-19 08:16:36,480 INFO     ___FILE_ONLY___        
2022-07-19 08:16:36,480 INFO     ___FILE_ONLY___ 2022-07-04T14:01:06
2022-07-19 08:16:36,480 INFO     ___FILE_ONLY___   
2022-07-19 08:16:36,480 INFO     ___FILE_ONLY___ automatic
2022-07-19 08:16:36,480 INFO     ___FILE_ONLY___            
2022-07-19 08:16:36,481 INFO     ___FILE_ONLY___ -
2022-07-19 08:16:36,481 INFO     ___FILE_ONLY___ 

2022-07-19 08:16:36,481 INFO     ___FILE_ONLY___ 4JM7P13
2022-07-19 08:16:36,481 INFO     ___FILE_ONLY___        
2022-07-19 08:16:36,481 INFO     ___FILE_ONLY___ 2022-07-04T08:19:45
2022-07-19 08:16:36,481 INFO     ___FILE_ONLY___   
2022-07-19 08:16:36,481 INFO     ___FILE_ONLY___ automatic
2022-07-19 08:16:36,481 INFO     ___FILE_ONLY___            
2022-07-19 08:16:36,481 INFO     ___FILE_ONLY___ -
2022-07-19 08:16:36,481 INFO     ___FILE_ONLY___ 

2022-07-19 08:16:36,481 INFO     ___FILE_ONLY___ 4Q3RXZ2
2022-07-19 08:16:36,481 INFO     ___FILE_ONLY___        
2022-07-19 08:16:36,481 INFO     ___FILE_ONLY___ 2022-07-13T09:10:44
2022-07-19 08:16:36,481 INFO     ___FILE_ONLY___   
2022-07-19 08:16:36,481 INFO     ___FILE_ONLY___ automatic
2022-07-19 08:16:36,481 INFO     ___FILE_ONLY___            
2022-07-19 08:16:36,482 INFO     ___FILE_ONLY___ -
2022-07-19 08:16:36,482 INFO     ___FILE_ONLY___ 

2022-07-19 08:16:36,482 INFO     ___FILE_ONLY___ 4TS7Q93
2022-07-19 08:16:36,482 INFO     ___FILE_ONLY___        
2022-07-19 08:16:36,482 INFO     ___FILE_ONLY___ 2022-07-13T09:16:08
2022-07-19 08:16:36,482 INFO     ___FILE_ONLY___   
2022-07-19 08:16:36,482 INFO     ___FILE_ONLY___ automatic
2022-07-19 08:16:36,482 INFO     ___FILE_ONLY___            
2022-07-19 08:16:36,482 INFO     ___FILE_ONLY___ -
2022-07-19 08:16:36,482 INFO     ___FILE_ONLY___ 

2022-07-19 08:16:36,482 INFO     ___FILE_ONLY___ 5J56XT2
2022-07-19 08:16:36,482 INFO     ___FILE_ONLY___        
2022-07-19 08:16:36,482 INFO     ___FILE_ONLY___ 2022-06-22T14:37:58
2022-07-19 08:16:36,482 INFO     ___FILE_ONLY___   
2022-07-19 08:16:36,483 INFO     ___FILE_ONLY___ automatic
2022-07-19 08:16:36,483 INFO     ___FILE_ONLY___            
2022-07-19 08:16:36,483 INFO     ___FILE_ONLY___ -
2022-07-19 08:16:36,483 INFO     ___FILE_ONLY___ 

2022-07-19 08:16:36,483 INFO     ___FILE_ONLY___ 6K9JNT2
2022-07-19 08:16:36,483 INFO     ___FILE_ONLY___        
2022-07-19 08:16:36,483 INFO     ___FILE_ONLY___ 2022-07-13T09:17:32
2022-07-19 08:16:36,483 INFO     ___FILE_ONLY___   
2022-07-19 08:16:36,483 INFO     ___FILE_ONLY___ automatic
2022-07-19 08:16:36,483 INFO     ___FILE_ONLY___            
2022-07-19 08:16:36,483 INFO     ___FILE_ONLY___ -
2022-07-19 08:16:36,483 INFO     ___FILE_ONLY___ 

2022-07-19 08:16:36,483 INFO     ___FILE_ONLY___ 6P34B63
2022-07-19 08:16:36,483 INFO     ___FILE_ONLY___        
2022-07-19 08:16:36,483 INFO     ___FILE_ONLY___ 2022-07-13T09:13:08
2022-07-19 08:16:36,483 INFO     ___FILE_ONLY___   
2022-07-19 08:16:36,484 INFO     ___FILE_ONLY___ automatic
2022-07-19 08:16:36,484 INFO     ___FILE_ONLY___            
2022-07-19 08:16:36,484 INFO     ___FILE_ONLY___ -
2022-07-19 08:16:36,484 INFO     ___FILE_ONLY___ 

2022-07-19 08:16:36,484 INFO     ___FILE_ONLY___ 7K42WT2
2022-07-19 08:16:36,484 INFO     ___FILE_ONLY___        
2022-07-19 08:16:36,484 INFO     ___FILE_ONLY___ 2022-06-27T09:08:44
2022-07-19 08:16:36,484 INFO     ___FILE_ONLY___   
2022-07-19 08:16:36,484 INFO     ___FILE_ONLY___ automatic
2022-07-19 08:16:36,484 INFO     ___FILE_ONLY___            
2022-07-19 08:16:36,484 INFO     ___FILE_ONLY___ -
2022-07-19 08:16:36,484 INFO     ___FILE_ONLY___ 

2022-07-19 08:16:36,484 INFO     ___FILE_ONLY___ 8BY5K13
2022-07-19 08:16:36,484 INFO     ___FILE_ONLY___        
2022-07-19 08:16:36,484 INFO     ___FILE_ONLY___ 2022-07-13T09:32:21
2022-07-19 08:16:36,484 INFO     ___FILE_ONLY___   
2022-07-19 08:16:36,484 INFO     ___FILE_ONLY___ automatic
2022-07-19 08:16:36,484 INFO     ___FILE_ONLY___            
2022-07-19 08:16:36,485 INFO     ___FILE_ONLY___ -
2022-07-19 08:16:36,485 INFO     ___FILE_ONLY___ 

2022-07-19 08:16:36,485 INFO     ___FILE_ONLY___ 8F99NT2
2022-07-19 08:16:36,485 INFO     ___FILE_ONLY___        
2022-07-19 08:16:36,485 INFO     ___FILE_ONLY___ 2022-07-05T08:24:23
2022-07-19 08:16:36,485 INFO     ___FILE_ONLY___   
2022-07-19 08:16:36,485 INFO     ___FILE_ONLY___ automatic
2022-07-19 08:16:36,485 INFO     ___FILE_ONLY___            
2022-07-19 08:16:36,485 INFO     ___FILE_ONLY___ -
2022-07-19 08:16:36,485 INFO     ___FILE_ONLY___ 

2022-07-19 08:16:36,485 INFO     ___FILE_ONLY___ 8HS9Q73
2022-07-19 08:16:36,485 INFO     ___FILE_ONLY___        
2022-07-19 08:16:36,485 INFO     ___FILE_ONLY___ 2022-07-04T09:27:43
2022-07-19 08:16:36,485 INFO     ___FILE_ONLY___   
2022-07-19 08:16:36,485 INFO     ___FILE_ONLY___ automatic
2022-07-19 08:16:36,485 INFO     ___FILE_ONLY___            
2022-07-19 08:16:36,485 INFO     ___FILE_ONLY___ -
2022-07-19 08:16:36,485 INFO     ___FILE_ONLY___ 

2022-07-19 08:16:36,485 INFO     ___FILE_ONLY___ 91KY9C3
2022-07-19 08:16:36,486 INFO     ___FILE_ONLY___        
2022-07-19 08:16:36,486 INFO     ___FILE_ONLY___ 2022-07-04T08:21:54
2022-07-19 08:16:36,486 INFO     ___FILE_ONLY___   
2022-07-19 08:16:36,486 INFO     ___FILE_ONLY___ automatic
2022-07-19 08:16:36,486 INFO     ___FILE_ONLY___            
2022-07-19 08:16:36,486 INFO     ___FILE_ONLY___ -
2022-07-19 08:16:36,486 INFO     ___FILE_ONLY___ 

2022-07-19 08:16:36,486 INFO     ___FILE_ONLY___ B289N53
2022-07-19 08:16:36,486 INFO     ___FILE_ONLY___        
2022-07-19 08:16:36,486 INFO     ___FILE_ONLY___ 2022-07-04T09:54:43
2022-07-19 08:16:36,486 INFO     ___FILE_ONLY___   
2022-07-19 08:16:36,486 INFO     ___FILE_ONLY___ automatic
2022-07-19 08:16:36,486 INFO     ___FILE_ONLY___            
2022-07-19 08:16:36,486 INFO     ___FILE_ONLY___ -
2022-07-19 08:16:36,486 INFO     ___FILE_ONLY___ 

2022-07-19 08:16:36,486 INFO     ___FILE_ONLY___ BQXD863
2022-07-19 08:16:36,486 INFO     ___FILE_ONLY___        
2022-07-19 08:16:36,486 INFO     ___FILE_ONLY___ 2022-07-13T09:19:44
2022-07-19 08:16:36,487 INFO     ___FILE_ONLY___   
2022-07-19 08:16:36,487 INFO     ___FILE_ONLY___ automatic
2022-07-19 08:16:36,487 INFO     ___FILE_ONLY___            
2022-07-19 08:16:36,487 INFO     ___FILE_ONLY___ -
2022-07-19 08:16:36,487 INFO     ___FILE_ONLY___ 

2022-07-19 08:16:36,487 INFO     ___FILE_ONLY___ C02CG2CQLVDL
2022-07-19 08:16:36,487 INFO     ___FILE_ONLY___   
2022-07-19 08:16:36,487 INFO     ___FILE_ONLY___ 2022-07-13T09:26:30
2022-07-19 08:16:36,487 INFO     ___FILE_ONLY___   
2022-07-19 08:16:36,487 INFO     ___FILE_ONLY___ automatic
2022-07-19 08:16:36,487 INFO     ___FILE_ONLY___            
2022-07-19 08:16:36,487 INFO     ___FILE_ONLY___ -
2022-07-19 08:16:36,487 INFO     ___FILE_ONLY___ 

2022-07-19 08:16:36,487 INFO     ___FILE_ONLY___ C02DW5BKMD6R
2022-07-19 08:16:36,487 INFO     ___FILE_ONLY___   
2022-07-19 08:16:36,487 INFO     ___FILE_ONLY___ 2022-07-13T09:28:43
2022-07-19 08:16:36,488 INFO     ___FILE_ONLY___   
2022-07-19 08:16:36,488 INFO     ___FILE_ONLY___ automatic
2022-07-19 08:16:36,488 INFO     ___FILE_ONLY___            
2022-07-19 08:16:36,488 INFO     ___FILE_ONLY___ -
2022-07-19 08:16:36,488 INFO     ___FILE_ONLY___ 

2022-07-19 08:16:36,488 INFO     ___FILE_ONLY___ C02F12WWML85
2022-07-19 08:16:36,488 INFO     ___FILE_ONLY___   
2022-07-19 08:16:36,488 INFO     ___FILE_ONLY___ 2022-07-04T09:48:31
2022-07-19 08:16:36,488 INFO     ___FILE_ONLY___   
2022-07-19 08:16:36,488 INFO     ___FILE_ONLY___ automatic
2022-07-19 08:16:36,488 INFO     ___FILE_ONLY___            
2022-07-19 08:16:36,488 INFO     ___FILE_ONLY___ -
2022-07-19 08:16:36,488 INFO     ___FILE_ONLY___ 

2022-07-19 08:16:36,488 INFO     ___FILE_ONLY___ C02F13H5MD6R
2022-07-19 08:16:36,488 INFO     ___FILE_ONLY___   
2022-07-19 08:16:36,489 INFO     ___FILE_ONLY___ 2022-07-05T08:12:57
2022-07-19 08:16:36,489 INFO     ___FILE_ONLY___   
2022-07-19 08:16:36,489 INFO     ___FILE_ONLY___ automatic
2022-07-19 08:16:36,489 INFO     ___FILE_ONLY___            
2022-07-19 08:16:36,489 INFO     ___FILE_ONLY___ -
2022-07-19 08:16:36,489 INFO     ___FILE_ONLY___ 

2022-07-19 08:16:36,489 INFO     ___FILE_ONLY___ C02F53QPML85
2022-07-19 08:16:36,489 INFO     ___FILE_ONLY___   
2022-07-19 08:16:36,489 INFO     ___FILE_ONLY___ 2022-07-13T09:27:17
2022-07-19 08:16:36,489 INFO     ___FILE_ONLY___   
2022-07-19 08:16:36,489 INFO     ___FILE_ONLY___ automatic
2022-07-19 08:16:36,489 INFO     ___FILE_ONLY___            
2022-07-19 08:16:36,489 INFO     ___FILE_ONLY___ -
2022-07-19 08:16:36,489 INFO     ___FILE_ONLY___ 

2022-07-19 08:16:36,489 INFO     ___FILE_ONLY___ C02F6224MD6R
2022-07-19 08:16:36,489 INFO     ___FILE_ONLY___   
2022-07-19 08:16:36,490 INFO     ___FILE_ONLY___ 2022-07-04T09:03:08
2022-07-19 08:16:36,490 INFO     ___FILE_ONLY___   
2022-07-19 08:16:36,490 INFO     ___FILE_ONLY___ automatic
2022-07-19 08:16:36,490 INFO     ___FILE_ONLY___            
2022-07-19 08:16:36,490 INFO     ___FILE_ONLY___ -
2022-07-19 08:16:36,490 INFO     ___FILE_ONLY___ 

2022-07-19 08:16:36,490 INFO     ___FILE_ONLY___ C02YV48GLVDL
2022-07-19 08:16:36,490 INFO     ___FILE_ONLY___   
2022-07-19 08:16:36,490 INFO     ___FILE_ONLY___ 2022-07-13T09:27:55
2022-07-19 08:16:36,490 INFO     ___FILE_ONLY___   
2022-07-19 08:16:36,490 INFO     ___FILE_ONLY___ automatic
2022-07-19 08:16:36,490 INFO     ___FILE_ONLY___            
2022-07-19 08:16:36,490 INFO     ___FILE_ONLY___ -
2022-07-19 08:16:36,490 INFO     ___FILE_ONLY___ 

2022-07-19 08:16:36,490 INFO     ___FILE_ONLY___ GB1LVT2
2022-07-19 08:16:36,490 INFO     ___FILE_ONLY___        
2022-07-19 08:16:36,490 INFO     ___FILE_ONLY___ 2022-07-13T09:23:53
2022-07-19 08:16:36,490 INFO     ___FILE_ONLY___   
2022-07-19 08:16:36,491 INFO     ___FILE_ONLY___ automatic
2022-07-19 08:16:36,491 INFO     ___FILE_ONLY___            
2022-07-19 08:16:36,491 INFO     ___FILE_ONLY___ -
2022-07-19 08:16:36,491 INFO     ___FILE_ONLY___ 

2022-07-19 08:16:36,491 INFO     ___FILE_ONLY___ HH5Q1Z2
2022-07-19 08:16:36,491 INFO     ___FILE_ONLY___        
2022-07-19 08:16:36,491 INFO     ___FILE_ONLY___ 2022-07-04T08:32:12
2022-07-19 08:16:36,491 INFO     ___FILE_ONLY___   
2022-07-19 08:16:36,491 INFO     ___FILE_ONLY___ automatic
2022-07-19 08:16:36,491 INFO     ___FILE_ONLY___            
2022-07-19 08:16:36,491 INFO     ___FILE_ONLY___ -
2022-07-19 08:16:36,491 INFO     ___FILE_ONLY___ 

2022-07-19 08:16:36,491 INFO     ___FILE_ONLY___ HV64XT2
2022-07-19 08:16:36,491 INFO     ___FILE_ONLY___        
2022-07-19 08:16:36,491 INFO     ___FILE_ONLY___ 2022-07-04T08:38:08
2022-07-19 08:16:36,491 INFO     ___FILE_ONLY___   
2022-07-19 08:16:36,491 INFO     ___FILE_ONLY___ automatic
2022-07-19 08:16:36,491 INFO     ___FILE_ONLY___            
2022-07-19 08:16:36,491 INFO     ___FILE_ONLY___ -
2022-07-19 08:16:36,492 INFO     ___FILE_ONLY___ 

2022-07-19 08:16:36,492 INFO     ___FILE_ONLY___ JH0T4D3
2022-07-19 08:16:36,492 INFO     ___FILE_ONLY___        
2022-07-19 08:16:36,492 INFO     ___FILE_ONLY___ 2022-07-04T08:15:20
2022-07-19 08:16:36,492 INFO     ___FILE_ONLY___   
2022-07-19 08:16:36,492 INFO     ___FILE_ONLY___ automatic
2022-07-19 08:16:36,492 INFO     ___FILE_ONLY___            
2022-07-19 08:16:36,492 INFO     ___FILE_ONLY___ -
2022-07-19 08:16:36,492 INFO     ___FILE_ONLY___ 

2022-07-19 08:16:36,492 INFO     ___FILE_ONLY___ PF320GN2
2022-07-19 08:16:36,492 INFO     ___FILE_ONLY___       
2022-07-19 08:16:36,492 INFO     ___FILE_ONLY___ 2022-06-07T13:19:08
2022-07-19 08:16:36,492 INFO     ___FILE_ONLY___   
2022-07-19 08:16:36,493 INFO     ___FILE_ONLY___ automatic
2022-07-19 08:16:36,493 INFO     ___FILE_ONLY___            
2022-07-19 08:16:36,493 INFO     ___FILE_ONLY___ -
2022-07-19 08:16:36,493 INFO     ___FILE_ONLY___ 

2022-07-19 08:16:36,493 INFO     ___FILE_ONLY___ PW00LM51
2022-07-19 08:16:36,493 INFO     ___FILE_ONLY___       
2022-07-19 08:16:36,493 INFO     ___FILE_ONLY___ 2022-07-04T08:34:46
2022-07-19 08:16:36,493 INFO     ___FILE_ONLY___   
2022-07-19 08:16:36,493 INFO     ___FILE_ONLY___ automatic
2022-07-19 08:16:36,493 INFO     ___FILE_ONLY___            
2022-07-19 08:16:36,493 INFO     ___FILE_ONLY___ -
2022-07-19 08:16:36,493 INFO     ___FILE_ONLY___ 

2022-07-19 08:16:36,493 INFO     ___FILE_ONLY___ R914MS5C
2022-07-19 08:16:36,493 INFO     ___FILE_ONLY___       
2022-07-19 08:16:36,494 INFO     ___FILE_ONLY___ 2022-07-04T08:33:26
2022-07-19 08:16:36,494 INFO     ___FILE_ONLY___   
2022-07-19 08:16:36,494 INFO     ___FILE_ONLY___ automatic
2022-07-19 08:16:36,494 INFO     ___FILE_ONLY___            
2022-07-19 08:16:36,494 INFO     ___FILE_ONLY___ -
2022-07-19 08:16:36,494 INFO     ___FILE_ONLY___ 

2022-07-19 08:16:36,494 INFO     ___FILE_ONLY___ R914MS6K
2022-07-19 08:16:36,494 INFO     ___FILE_ONLY___       
2022-07-19 08:16:36,494 INFO     ___FILE_ONLY___ 2022-07-04T08:29:01
2022-07-19 08:16:36,494 INFO     ___FILE_ONLY___   
2022-07-19 08:16:36,494 INFO     ___FILE_ONLY___ automatic
2022-07-19 08:16:36,494 INFO     ___FILE_ONLY___            
2022-07-19 08:16:36,494 INFO     ___FILE_ONLY___ -
2022-07-19 08:16:36,494 INFO     ___FILE_ONLY___ 

2022-07-19 08:16:36,495 INFO     ___FILE_ONLY___ R914MS9X
2022-07-19 08:16:36,495 INFO     ___FILE_ONLY___       
2022-07-19 08:16:36,495 INFO     ___FILE_ONLY___ 2022-07-04T08:24:59
2022-07-19 08:16:36,495 INFO     ___FILE_ONLY___   
2022-07-19 08:16:36,495 INFO     ___FILE_ONLY___ automatic
2022-07-19 08:16:36,495 INFO     ___FILE_ONLY___            
2022-07-19 08:16:36,495 INFO     ___FILE_ONLY___ -
2022-07-19 08:16:36,495 INFO     ___FILE_ONLY___ 

2022-07-19 08:16:36,495 INFO     ___FILE_ONLY___ R914MS9Z
2022-07-19 08:16:36,495 INFO     ___FILE_ONLY___       
2022-07-19 08:16:36,495 INFO     ___FILE_ONLY___ 2022-07-04T08:30:43
2022-07-19 08:16:36,495 INFO     ___FILE_ONLY___   
2022-07-19 08:16:36,495 INFO     ___FILE_ONLY___ automatic
2022-07-19 08:16:36,495 INFO     ___FILE_ONLY___            
2022-07-19 08:16:36,495 INFO     ___FILE_ONLY___ -
2022-07-19 08:16:36,495 INFO     ___FILE_ONLY___ 

2022-07-19 08:16:36,496 INFO     ___FILE_ONLY___ THC4XRPW6P
2022-07-19 08:16:36,496 INFO     ___FILE_ONLY___     
2022-07-19 08:16:36,496 INFO     ___FILE_ONLY___ 2022-07-04T10:56:49
2022-07-19 08:16:36,496 INFO     ___FILE_ONLY___   
2022-07-19 08:16:36,496 INFO     ___FILE_ONLY___ automatic
2022-07-19 08:16:36,496 INFO     ___FILE_ONLY___            
2022-07-19 08:16:36,496 INFO     ___FILE_ONLY___ -
2022-07-19 08:16:36,496 INFO     ___FILE_ONLY___ 

2022-07-19 08:16:36,497 DEBUG    root            SDK update checks are disabled.
