2022-07-19 08:13:48,976 DEBUG    root            Loaded Command Group: ['gcloud', 'auth']
2022-07-19 08:13:49,099 DEBUG    root            Loaded Command Group: ['gcloud', 'auth', 'login']
2022-07-19 08:13:49,100 DEBUG    root            Running [gcloud.auth.login] with arguments: []
2022-07-19 08:13:50,537 DEBUG    requests_oauthlib.oauth2_session Generated new state iVL4vy4u7dNFLp2EhAKBC64fc1PLMy.
2022-07-19 08:13:50,537 INFO     ___FILE_ONLY___ You are authorizing gcloud CLI without access to a web browser. Please run the following command on a machine with a web browser and copy its output back here. Make sure the installed gcloud version is 372.0.0 or newer.

gcloud auth login --remote-bootstrap="https://accounts.google.com/o/oauth2/auth?response_type=code&client_id=32555940559.apps.googleusercontent.com&scope=openid+https%3A%2F%2Fwww.googleapis.com%2Fauth%2Fuserinfo.email+https%3A%2F%2Fwww.googleapis.com%2Fauth%2Fcloud-platform+https%3A%2F%2Fwww.googleapis.com%2Fauth%2Fappengine.admin+https%3A%2F%2Fwww.googleapis.com%2Fauth%2Fsqlservice.login+https%3A%2F%2Fwww.googleapis.com%2Fauth%2Fcompute+https%3A%2F%2Fwww.googleapis.com%2Fauth%2Faccounts.reauth&state=iVL4vy4u7dNFLp2EhAKBC64fc1PLMy&access_type=offline&code_challenge=EYrpj53XirGD7SXanagJ4RriR20RSuPYdOu2ZqHdu4Y&code_challenge_method=S256&token_usage=remote"

2022-07-19 08:13:50,538 INFO     ___FILE_ONLY___ 


2022-07-19 08:15:00,541 DEBUG    requests_oauthlib.oauth2_session Requesting url https://oauth2.googleapis.com/token using method POST.
2022-07-19 08:15:00,541 DEBUG    requests_oauthlib.oauth2_session Supplying headers {b'Accept': b'application/json', b'Content-Type': b'application/x-www-form-urlencoded;charset=UTF-8', b'user-agent': b'google-cloud-sdk gcloud/393.0.0 command/gcloud.auth.login invocation-id/be7071b7dbda4ad49621119de88ad203 environment/None environment-version/None interactive/True from-script/False python/3.10.5 term/xterm-256color (Linux 5.10.102.1-microsoft-standard-WSL2)'} and data {'grant_type': 'authorization_code', 'client_id': '32555940559.apps.googleusercontent.com', 'client_secret': 'ZmssLNjJy2998hD4CTg2ejr2', 'code': '4/0AdQt8qjq9hYne5bvQBeV92dMmCqIShNtjxUcjal7oLv9AIdmUkMAV4qarW6KqxomHz07Bg', 'redirect_uri': 'http://localhost:8085/', 'code_verifier': 'eMn2dgdd7iqiC3xDaawcJjUShVh89QZpyFH~L~-YREjIT8qmK8-MhWZjP2w5d90GZW3iPv43Bh4m8Ct_dR3JXB_ezsXogHuIbyAtuc.fMoZrvqf0zZEs8Fuc6vN4ywId'}
2022-07-19 08:15:00,541 DEBUG    requests_oauthlib.oauth2_session Passing through key word arguments {'json': None, 'timeout': None, 'auth': None, 'verify': None, 'proxies': None}.
2022-07-19 08:15:00,542 DEBUG    urllib3.connectionpool Starting new HTTPS connection (1): oauth2.googleapis.com:443
2022-07-19 08:15:00,732 DEBUG    urllib3.connectionpool https://oauth2.googleapis.com:443 "POST /token HTTP/1.1" 200 None
2022-07-19 08:15:00,734 DEBUG    requests_oauthlib.oauth2_session Prepared fetch token request body grant_type=authorization_code&client_id=32555940559.apps.googleusercontent.com&client_secret=ZmssLNjJy2998hD4CTg2ejr2&code=4%2F0AdQt8qjq9hYne5bvQBeV92dMmCqIShNtjxUcjal7oLv9AIdmUkMAV4qarW6KqxomHz07Bg&redirect_uri=http%3A%2F%2Flocalhost%3A8085%2F&code_verifier=eMn2dgdd7iqiC3xDaawcJjUShVh89QZpyFH~L~-YREjIT8qmK8-MhWZjP2w5d90GZW3iPv43Bh4m8Ct_dR3JXB_ezsXogHuIbyAtuc.fMoZrvqf0zZEs8Fuc6vN4ywId
2022-07-19 08:15:00,734 DEBUG    requests_oauthlib.oauth2_session Request to fetch token completed with status 200.
2022-07-19 08:15:00,735 DEBUG    requests_oauthlib.oauth2_session Request headers were {'user-agent': b'google-cloud-sdk gcloud/393.0.0 command/gcloud.auth.login invocation-id/be7071b7dbda4ad49621119de88ad203 environment/None environment-version/None interactive/True from-script/False python/3.10.5 term/xterm-256color (Linux 5.10.102.1-microsoft-standard-WSL2)', 'Accept-Encoding': 'gzip, deflate', 'Accept': b'application/json', 'Connection': 'keep-alive', 'Content-Type': b'application/x-www-form-urlencoded;charset=UTF-8', 'Content-Length': '387'}
2022-07-19 08:15:00,735 DEBUG    requests_oauthlib.oauth2_session Request body was grant_type=authorization_code&client_id=32555940559.apps.googleusercontent.com&client_secret=ZmssLNjJy2998hD4CTg2ejr2&code=4%2F0AdQt8qjq9hYne5bvQBeV92dMmCqIShNtjxUcjal7oLv9AIdmUkMAV4qarW6KqxomHz07Bg&redirect_uri=http%3A%2F%2Flocalhost%3A8085%2F&code_verifier=eMn2dgdd7iqiC3xDaawcJjUShVh89QZpyFH~L~-YREjIT8qmK8-MhWZjP2w5d90GZW3iPv43Bh4m8Ct_dR3JXB_ezsXogHuIbyAtuc.fMoZrvqf0zZEs8Fuc6vN4ywId
2022-07-19 08:15:00,736 DEBUG    requests_oauthlib.oauth2_session Response headers were {'Date': 'Tue, 19 Jul 2022 06:14:59 GMT', 'Pragma': 'no-cache', 'Expires': 'Mon, 01 Jan 1990 00:00:00 GMT', 'Cache-Control': 'no-cache, no-store, max-age=0, must-revalidate', 'Content-Type': 'application/json; charset=utf-8', 'Vary': 'Origin, X-Origin, Referer', 'Content-Encoding': 'gzip', 'Server': 'scaffolding on HTTPServer2', 'X-XSS-Protection': '0', 'X-Frame-Options': 'SAMEORIGIN', 'X-Content-Type-Options': 'nosniff', 'Alt-Svc': 'h3=":443"; ma=2592000,h3-29=":443"; ma=2592000,h3-Q050=":443"; ma=2592000,h3-Q046=":443"; ma=2592000,h3-Q043=":443"; ma=2592000,quic=":443"; ma=2592000; v="46,43"', 'Transfer-Encoding': 'chunked'} and content {
  "access_token": "ya29.A0AVA9y1va_mwrdSvuLUEm1ijpIsflzbRUbwYE38v0vidvKSed9AhuP6xr0kTg-vNdqKL1_heKF86rSTz7qouRur-xoaxeT_m_9NPEje8Qgcb31S-wjUUmdMfo_7NsKUwG2j2jmEyFHmlvBoduQ5fvX5t3KtPQY4NMtUX5YUNnWUtBVEFTQVRBU0ZRRTY1ZHI4WVRERmJ2d05tOU5FUkdwUmcxZzdPQQ0171",
  "expires_in": 3599,
  "refresh_token": "1//03b9E6ti0-IaMCgYIARAAGAMSNwF-L9IrGX_sfAyCedLpclBg-Lsg7cBnDnkiTD3bidLV4EZpEY4hQd5EIRCyIfQQzrEttU2_WvA",
  "scope": "https://www.googleapis.com/auth/accounts.reauth openid https://www.googleapis.com/auth/cloud-platform https://www.googleapis.com/auth/userinfo.email https://www.googleapis.com/auth/compute https://www.googleapis.com/auth/appengine.admin https://www.googleapis.com/auth/sqlservice.login",
  "token_type": "Bearer",
  "id_token": "eyJhbGciOiJSUzI1NiIsImtpZCI6IjYzMWZhZTliNTk0MGEyZDFmYmZmYjAwNDAzZDRjZjgwYTIxYmUwNGUiLCJ0eXAiOiJKV1QifQ.eyJpc3MiOiJodHRwczovL2FjY291bnRzLmdvb2dsZS5jb20iLCJhenAiOiIzMjU1NTk0MDU1OS5hcHBzLmdvb2dsZXVzZXJjb250ZW50LmNvbSIsImF1ZCI6IjMyNTU1OTQwNTU5LmFwcHMuZ29vZ2xldXNlcmNvbnRlbnQuY29tIiwic3ViIjoiMTAzMzUxOTc2OTc1NDU4MzU0MDE4IiwiaGQiOiJ0cmFkZXJhLmNvbSIsImVtYWlsIjoiYWRtaW4uZnJlZHJpay5sYXJzc29uQHRyYWRlcmEuY29tIiwiZW1haWxfdmVyaWZpZWQiOnRydWUsImF0X2hhc2giOiJVVHlEX2hjbWhRc041Z25hRTV0ZEJnIiwiaWF0IjoxNjU4MjExMjk5LCJleHAiOjE2NTgyMTQ4OTl9.J3qYPbrDMK4GLhJLH2m2shVHjVTQPyh2cZrrHjWX4aI5Vs5JCUgbTW9VL6aEZyqtTZ4JCqvB2L9-HtTslZctyR2E0sAYJf6ow-_FdS4-Hp455diJ5S8kJivHnbzg46UT2Ztxa_RD35MHchSuX1VxE0EPfQ7JbOCM_IsfXAB-eIQudaM8z8Qm1tIxFNr1XwmXtTQ06dKY6RCBPOH8JFs3BJn52qLGMqHQAnRP2mTf1bFK357pxaqCmeYRPc6N6OTy1SmXFiQK4OjphHhvjiYQVo0wV1FEXqRkKkfqNmlRCMlMo4EMPVax-xsUTJDNSSoypjd0tFNMe1lTD44g0xeNvA"
}.
2022-07-19 08:15:00,736 DEBUG    requests_oauthlib.oauth2_session Invoking 0 token response hooks.
2022-07-19 08:15:00,736 DEBUG    requests_oauthlib.oauth2_session Obtained token {'access_token': 'ya29.A0AVA9y1va_mwrdSvuLUEm1ijpIsflzbRUbwYE38v0vidvKSed9AhuP6xr0kTg-vNdqKL1_heKF86rSTz7qouRur-xoaxeT_m_9NPEje8Qgcb31S-wjUUmdMfo_7NsKUwG2j2jmEyFHmlvBoduQ5fvX5t3KtPQY4NMtUX5YUNnWUtBVEFTQVRBU0ZRRTY1ZHI4WVRERmJ2d05tOU5FUkdwUmcxZzdPQQ0171', 'expires_in': 3599, 'refresh_token': '1//03b9E6ti0-IaMCgYIARAAGAMSNwF-L9IrGX_sfAyCedLpclBg-Lsg7cBnDnkiTD3bidLV4EZpEY4hQd5EIRCyIfQQzrEttU2_WvA', 'scope': ['https://www.googleapis.com/auth/accounts.reauth', 'openid', 'https://www.googleapis.com/auth/cloud-platform', 'https://www.googleapis.com/auth/userinfo.email', 'https://www.googleapis.com/auth/compute', 'https://www.googleapis.com/auth/appengine.admin', 'https://www.googleapis.com/auth/sqlservice.login'], 'token_type': 'Bearer', 'id_token': 'eyJhbGciOiJSUzI1NiIsImtpZCI6IjYzMWZhZTliNTk0MGEyZDFmYmZmYjAwNDAzZDRjZjgwYTIxYmUwNGUiLCJ0eXAiOiJKV1QifQ.eyJpc3MiOiJodHRwczovL2FjY291bnRzLmdvb2dsZS5jb20iLCJhenAiOiIzMjU1NTk0MDU1OS5hcHBzLmdvb2dsZXVzZXJjb250ZW50LmNvbSIsImF1ZCI6IjMyNTU1OTQwNTU5LmFwcHMuZ29vZ2xldXNlcmNvbnRlbnQuY29tIiwic3ViIjoiMTAzMzUxOTc2OTc1NDU4MzU0MDE4IiwiaGQiOiJ0cmFkZXJhLmNvbSIsImVtYWlsIjoiYWRtaW4uZnJlZHJpay5sYXJzc29uQHRyYWRlcmEuY29tIiwiZW1haWxfdmVyaWZpZWQiOnRydWUsImF0X2hhc2giOiJVVHlEX2hjbWhRc041Z25hRTV0ZEJnIiwiaWF0IjoxNjU4MjExMjk5LCJleHAiOjE2NTgyMTQ4OTl9.J3qYPbrDMK4GLhJLH2m2shVHjVTQPyh2cZrrHjWX4aI5Vs5JCUgbTW9VL6aEZyqtTZ4JCqvB2L9-HtTslZctyR2E0sAYJf6ow-_FdS4-Hp455diJ5S8kJivHnbzg46UT2Ztxa_RD35MHchSuX1VxE0EPfQ7JbOCM_IsfXAB-eIQudaM8z8Qm1tIxFNr1XwmXtTQ06dKY6RCBPOH8JFs3BJn52qLGMqHQAnRP2mTf1bFK357pxaqCmeYRPc6N6OTy1SmXFiQK4OjphHhvjiYQVo0wV1FEXqRkKkfqNmlRCMlMo4EMPVax-xsUTJDNSSoypjd0tFNMe1lTD44g0xeNvA', 'expires_at': 1658214899.7368233}.
2022-07-19 08:15:00,761 INFO     ___FILE_ONLY___ 
You are now logged in as [admin.fredrik.larsson@tradera.com].
Your current project is [tradera-development].  You can change this setting by running:
  $ gcloud config set project PROJECT_ID

2022-07-19 08:15:00,762 INFO     root            Display format: "none"
2022-07-19 08:15:00,762 DEBUG    root            SDK update checks are disabled.
