2022-07-19 08:16:01,381 ERROR    root            (gcloud) Command name argument expected.
2022-07-19 08:16:01,472 DEBUG    root            Loaded Command Group: ['gcloud', 'api_gateway']
2022-07-19 08:16:01,475 DEBUG    root            Loaded Command Group: ['gcloud', 'composer']
2022-07-19 08:16:01,478 DEBUG    root            Loaded Command Group: ['gcloud', 'eventarc']
2022-07-19 08:16:01,489 DEBUG    root            Loaded Command Group: ['gcloud', 'survey']
2022-07-19 08:16:01,490 DEBUG    root            Loaded Command Group: ['gcloud', 'edge_cloud']
2022-07-19 08:16:01,492 DEBUG    root            Loaded Command Group: ['gcloud', 'access_approval']
2022-07-19 08:16:01,494 DEBUG    root            Loaded Command Group: ['gcloud', 'billing']
2022-07-19 08:16:01,496 DEBUG    root            Loaded Command Group: ['gcloud', 'healthcare']
2022-07-19 08:16:01,500 DEBUG    root            Loaded Command Group: ['gcloud', 'datastream']
2022-07-19 08:16:01,503 DEBUG    root            Loaded Command Group: ['gcloud', 'ml_engine']
2022-07-19 08:16:01,506 DEBUG    root            Loaded Command Group: ['gcloud', 'certificate_manager']
2022-07-19 08:16:01,509 DEBUG    root            No implementation for release track [GA] for element: [/opt/google-cloud-sdk/lib/surface/commerce_procurement]
2022-07-19 08:16:01,510 DEBUG    root            No implementation for release track [GA] for element: [/opt/google-cloud-sdk/lib/surface/web_security_scanner]
2022-07-19 08:16:01,510 DEBUG    root            Loaded Command Group: ['gcloud', 'notebooks']
2022-07-19 08:16:01,512 DEBUG    root            Loaded Command Group: ['gcloud', 'pubsub']
2022-07-19 08:16:01,516 DEBUG    root            Loaded Command Group: ['gcloud', 'network_security']
2022-07-19 08:16:01,518 DEBUG    root            No implementation for release track [GA] for element: [/opt/google-cloud-sdk/lib/surface/alloydb]
2022-07-19 08:16:01,519 DEBUG    root            Loaded Command Group: ['gcloud', 'filestore']
2022-07-19 08:16:01,523 DEBUG    root            Loaded Command Group: ['gcloud', 'cheat_sheet']
2022-07-19 08:16:01,524 DEBUG    root            No implementation for release track [GA] for element: [/opt/google-cloud-sdk/lib/surface/beyondcorp]
2022-07-19 08:16:01,525 DEBUG    root            Loaded Command Group: ['gcloud', 'version']
2022-07-19 08:16:01,526 DEBUG    root            No implementation for release track [GA] for element: [/opt/google-cloud-sdk/lib/surface/publicca]
2022-07-19 08:16:01,526 DEBUG    root            No implementation for release track [GA] for element: [/opt/google-cloud-sdk/lib/surface/batch]
2022-07-19 08:16:01,527 DEBUG    root            Loaded Command Group: ['gcloud', 'dns']
2022-07-19 08:16:01,531 DEBUG    root            Loaded Command Group: ['gcloud', 'config']
2022-07-19 08:16:01,532 DEBUG    root            Loaded Command Group: ['gcloud', 'endpoints']
2022-07-19 08:16:01,535 DEBUG    root            No implementation for release track [GA] for element: [/opt/google-cloud-sdk/lib/surface/error_reporting]
2022-07-19 08:16:01,536 DEBUG    root            Loaded Command Group: ['gcloud', 'organizations']
2022-07-19 08:16:01,547 DEBUG    root            Loaded Command Group: ['gcloud', 'help']
2022-07-19 08:16:01,549 DEBUG    root            Loaded Command Group: ['gcloud', 'service_directory']
2022-07-19 08:16:01,599 DEBUG    root            Loaded Command Group: ['gcloud', 'compute']
2022-07-19 08:16:01,646 DEBUG    root            Loaded Command Group: ['gcloud', 'org_policies']
2022-07-19 08:16:01,648 DEBUG    root            Loaded Command Group: ['gcloud', 'data_catalog']
2022-07-19 08:16:01,653 DEBUG    root            Loaded Command Group: ['gcloud', 'sql']
2022-07-19 08:16:01,659 DEBUG    root            Loaded Command Group: ['gcloud', 'scheduler']
2022-07-19 08:16:01,660 DEBUG    root            Loaded Command Group: ['gcloud', 'auth']
2022-07-19 08:16:01,662 DEBUG    root            No implementation for release track [GA] for element: [/opt/google-cloud-sdk/lib/surface/dialogflow]
2022-07-19 08:16:01,662 DEBUG    root            No implementation for release track [GA] for element: [/opt/google-cloud-sdk/lib/surface/workstations]
2022-07-19 08:16:01,663 DEBUG    root            No implementation for release track [GA] for element: [/opt/google-cloud-sdk/lib/surface/blueprints]
2022-07-19 08:16:01,664 DEBUG    root            Loaded Command Group: ['gcloud', 'workspace_add_ons']
2022-07-19 08:16:01,665 DEBUG    root            Loaded Command Group: ['gcloud', 'kms']
2022-07-19 08:16:01,668 DEBUG    root            Loaded Command Group: ['gcloud', 'services']
2022-07-19 08:16:01,673 DEBUG    root            Loaded Command Group: ['gcloud', 'database_migration']
2022-07-19 08:16:01,733 DEBUG    root            No implementation for release track [GA] for element: [/opt/google-cloud-sdk/lib/surface/events]
2022-07-19 08:16:01,734 DEBUG    root            Loaded Command Group: ['gcloud', 'bms']
2022-07-19 08:16:01,738 DEBUG    root            Loaded Command Group: ['gcloud', 'assured']
2022-07-19 08:16:01,743 DEBUG    root            Loaded Command Group: ['gcloud', 'functions']
2022-07-19 08:16:01,745 DEBUG    root            Loaded Command Group: ['gcloud', 'metastore']
2022-07-19 08:16:01,748 DEBUG    root            Loaded Command Group: ['gcloud', 'bigtable']
2022-07-19 08:16:01,751 DEBUG    root            Loaded Command Group: ['gcloud', 'essential_contacts']
2022-07-19 08:16:01,752 DEBUG    root            No implementation for release track [GA] for element: [/opt/google-cloud-sdk/lib/surface/kuberun]
2022-07-19 08:16:01,753 DEBUG    root            Loaded Command Group: ['gcloud', 'redis']
2022-07-19 08:16:01,755 DEBUG    root            Loaded Command Group: ['gcloud', 'ai_platform']
2022-07-19 08:16:01,756 DEBUG    root            Loaded Command Group: ['gcloud', 'identity']
2022-07-19 08:16:01,758 DEBUG    root            Loaded Command Group: ['gcloud', 'tasks']
2022-07-19 08:16:01,759 DEBUG    root            Loaded Command Group: ['gcloud', 'emulators']
2022-07-19 08:16:01,762 DEBUG    root            Loaded Command Group: ['gcloud', 'resource_settings']
2022-07-19 08:16:01,763 DEBUG    root            Loaded Command Group: ['gcloud', 'active_directory']
2022-07-19 08:16:01,765 DEBUG    root            Loaded Command Group: ['gcloud', 'firestore']
2022-07-19 08:16:01,768 DEBUG    root            Loaded Command Group: ['gcloud', 'memcache']
2022-07-19 08:16:01,770 DEBUG    root            Loaded Command Group: ['gcloud', 'iot']
2022-07-19 08:16:01,772 DEBUG    root            Loaded Command Group: ['gcloud', 'run']
2022-07-19 08:16:01,776 DEBUG    root            No implementation for release track [GA] for element: [/opt/google-cloud-sdk/lib/surface/terraform]
2022-07-19 08:16:01,776 DEBUG    root            No implementation for release track [GA] for element: [/opt/google-cloud-sdk/lib/surface/genomics]
2022-07-19 08:16:01,777 DEBUG    root            Loaded Command Group: ['gcloud', 'asset']
2022-07-19 08:16:01,778 DEBUG    root            Loaded Command Group: ['gcloud', 'domains']
2022-07-19 08:16:01,780 DEBUG    root            Loaded Command Group: ['gcloud', 'recommender']
2022-07-19 08:16:01,981 DEBUG    root            No implementation for release track [GA] for element: [/opt/google-cloud-sdk/lib/surface/interactive]
2022-07-19 08:16:01,982 DEBUG    root            No implementation for release track [GA] for element: [/opt/google-cloud-sdk/lib/surface/dlp]
2022-07-19 08:16:01,982 DEBUG    root            Loaded Command Group: ['gcloud', 'ai']
2022-07-19 08:16:01,988 DEBUG    root            Loaded Command Group: ['gcloud', 'meta']
2022-07-19 08:16:01,990 DEBUG    root            Loaded Command Group: ['gcloud', 'workflows']
2022-07-19 08:16:01,992 DEBUG    root            Loaded Command Group: ['gcloud', 'artifacts']
2022-07-19 08:16:01,996 DEBUG    root            No implementation for release track [GA] for element: [/opt/google-cloud-sdk/lib/surface/trace]
2022-07-19 08:16:01,999 DEBUG    root            No implementation for release track [GA] for element: [/opt/google-cloud-sdk/lib/surface/code]
2022-07-19 08:16:01,999 DEBUG    root            Loaded Command Group: ['gcloud', 'scc']
2022-07-19 08:16:02,003 DEBUG    root            Loaded Command Group: ['gcloud', 'app']
2022-07-19 08:16:02,007 DEBUG    root            No implementation for release track [GA] for element: [/opt/google-cloud-sdk/lib/surface/lifesciences]
2022-07-19 08:16:02,007 DEBUG    root            No implementation for release track [GA] for element: [/opt/google-cloud-sdk/lib/surface/data_fusion]
2022-07-19 08:16:02,008 DEBUG    root            Loaded Command Group: ['gcloud', 'transcoder']
2022-07-19 08:16:02,009 DEBUG    root            Loaded Command Group: ['gcloud', 'deploy']
2022-07-19 08:16:02,011 DEBUG    root            No implementation for release track [GA] for element: [/opt/google-cloud-sdk/lib/surface/datapipelines]
2022-07-19 08:16:02,019 DEBUG    root            Loaded Command Group: ['gcloud', 'info']
2022-07-19 08:16:02,021 DEBUG    root            No implementation for release track [GA] for element: [/opt/google-cloud-sdk/lib/surface/media]
2022-07-19 08:16:02,023 DEBUG    root            Loaded Command Group: ['gcloud', 'debug']
2022-07-19 08:16:02,025 DEBUG    root            Loaded Command Group: ['gcloud', 'resource_manager']
2022-07-19 08:16:02,028 DEBUG    root            Loaded Command Group: ['gcloud', 'deployment_manager']
2022-07-19 08:16:02,031 DEBUG    root            Loaded Command Group: ['gcloud', 'anthos']
2022-07-19 08:16:02,033 DEBUG    root            Loaded Command Group: ['gcloud', 'network_services']
2022-07-19 08:16:02,036 DEBUG    root            Loaded Command Group: ['gcloud', 'transfer']
2022-07-19 08:16:02,039 DEBUG    root            Loaded Command Group: ['gcloud', 'monitoring']
2022-07-19 08:16:02,041 DEBUG    root            Loaded Command Group: ['gcloud', 'source']
2022-07-19 08:16:02,043 DEBUG    root            No implementation for release track [GA] for element: [/opt/google-cloud-sdk/lib/surface/bq]
2022-07-19 08:16:02,043 DEBUG    root            Loaded Command Group: ['gcloud', 'components']
2022-07-19 08:16:02,045 DEBUG    root            No implementation for release track [GA] for element: [/opt/google-cloud-sdk/lib/surface/remote_build_execution]
2022-07-19 08:16:02,045 DEBUG    root            Loaded Command Group: ['gcloud', 'logging']
2022-07-19 08:16:02,050 DEBUG    root            Loaded Command Group: ['gcloud', 'builds']
2022-07-19 08:16:02,054 DEBUG    root            Loaded Command Group: ['gcloud', 'ml']
2022-07-19 08:16:02,056 DEBUG    root            Loaded Command Group: ['gcloud', 'ids']
2022-07-19 08:16:02,057 DEBUG    root            Loaded Command Group: ['gcloud', 'secrets']
2022-07-19 08:16:02,060 DEBUG    root            Loaded Command Group: ['gcloud', 'topic']
2022-07-19 08:16:02,061 DEBUG    root            No implementation for release track [GA] for element: [/opt/google-cloud-sdk/lib/surface/immersive_stream]
2022-07-19 08:16:02,062 DEBUG    root            No implementation for release track [GA] for element: [/opt/google-cloud-sdk/lib/surface/runtime_config]
2022-07-19 08:16:02,062 DEBUG    root            Loaded Command Group: ['gcloud', 'projects']
2022-07-19 08:16:02,063 DEBUG    root            Loaded Command Group: ['gcloud', 'apigee']
2022-07-19 08:16:02,069 DEBUG    root            Loaded Command Group: ['gcloud', 'docker']
2022-07-19 08:16:02,071 DEBUG    root            Loaded Command Group: ['gcloud', 'iam']
2022-07-19 08:16:02,074 DEBUG    root            No implementation for release track [GA] for element: [/opt/google-cloud-sdk/lib/surface/storage]
2022-07-19 08:16:02,074 DEBUG    root            Loaded Command Group: ['gcloud', 'access_context_manager']
2022-07-19 08:16:02,077 DEBUG    root            Loaded Command Group: ['gcloud', 'firebase']
2022-07-19 08:16:02,078 DEBUG    root            Loaded Command Group: ['gcloud', 'dataplex']
2022-07-19 08:16:02,081 DEBUG    root            Loaded Command Group: ['gcloud', 'iap']
2022-07-19 08:16:02,084 DEBUG    root            Loaded Command Group: ['gcloud', 'policy_troubleshoot']
2022-07-19 08:16:02,085 DEBUG    root            Loaded Command Group: ['gcloud', 'network_connectivity']
2022-07-19 08:16:02,088 DEBUG    root            No implementation for release track [GA] for element: [/opt/google-cloud-sdk/lib/surface/resource_config]
2022-07-19 08:16:02,089 DEBUG    root            Loaded Command Group: ['gcloud', 'vmware']
2022-07-19 08:16:02,093 DEBUG    root            Loaded Command Group: ['gcloud', 'datastore']
2022-07-19 08:16:02,095 DEBUG    root            Loaded Command Group: ['gcloud', 'game']
2022-07-19 08:16:02,097 DEBUG    root            Loaded Command Group: ['gcloud', 'dataproc']
2022-07-19 08:16:02,100 DEBUG    root            Loaded Command Group: ['gcloud', 'policy_intelligence']
2022-07-19 08:16:02,101 DEBUG    root            Loaded Command Group: ['gcloud', 'privateca']
2022-07-19 08:16:02,104 DEBUG    root            Loaded Command Group: ['gcloud', 'dataflow']
2022-07-19 08:16:02,106 DEBUG    root            Loaded Command Group: ['gcloud', 'cloud_shell']
2022-07-19 08:16:02,107 DEBUG    root            Loaded Command Group: ['gcloud', 'spanner']
2022-07-19 08:16:02,110 DEBUG    root            Loaded Command Group: ['gcloud', 'recaptcha']
2022-07-19 08:16:02,111 DEBUG    root            Loaded Command Group: ['gcloud', 'network_management']
2022-07-19 08:16:02,117 DEBUG    root            Loaded Command Group: ['gcloud', 'init']
2022-07-19 08:16:02,118 DEBUG    root            Loaded Command Group: ['gcloud', 'edge_cache']
2022-07-19 08:16:02,123 DEBUG    root            Loaded Command Group: ['gcloud', 'feedback']
