2022-07-19 13:51:07,190 DEBUG    root            Loaded Command Group: ['gcloud', 'auth']
2022-07-19 13:51:07,296 DEBUG    root            Loaded Command Group: ['gcloud', 'auth', 'login']
2022-07-19 13:51:07,297 DEBUG    root            Running [gcloud.auth.login] with arguments: []
2022-07-19 13:51:08,570 DEBUG    requests_oauthlib.oauth2_session Generated new state sP2mIjyAUAZyCt7Qlgt2bU2M8kHJmW.
2022-07-19 13:51:08,570 INFO     ___FILE_ONLY___ You are authorizing gcloud CLI without access to a web browser. Please run the following command on a machine with a web browser and copy its output back here. Make sure the installed gcloud version is 372.0.0 or newer.

gcloud auth login --remote-bootstrap="https://accounts.google.com/o/oauth2/auth?response_type=code&client_id=32555940559.apps.googleusercontent.com&scope=openid+https%3A%2F%2Fwww.googleapis.com%2Fauth%2Fuserinfo.email+https%3A%2F%2Fwww.googleapis.com%2Fauth%2Fcloud-platform+https%3A%2F%2Fwww.googleapis.com%2Fauth%2Fappengine.admin+https%3A%2F%2Fwww.googleapis.com%2Fauth%2Fsqlservice.login+https%3A%2F%2Fwww.googleapis.com%2Fauth%2Fcompute+https%3A%2F%2Fwww.googleapis.com%2Fauth%2Faccounts.reauth&state=sP2mIjyAUAZyCt7Qlgt2bU2M8kHJmW&access_type=offline&code_challenge=KFM4bZ0NX77aFyBU4G2vQ1qeZ2v9Dk_8BVceOlwZlnY&code_challenge_method=S256&token_usage=remote"

2022-07-19 13:51:08,570 INFO     ___FILE_ONLY___ 


2022-07-19 13:51:42,267 DEBUG    requests_oauthlib.oauth2_session Requesting url https://oauth2.googleapis.com/token using method POST.
2022-07-19 13:51:42,268 DEBUG    requests_oauthlib.oauth2_session Supplying headers {b'Accept': b'application/json', b'Content-Type': b'application/x-www-form-urlencoded;charset=UTF-8', b'user-agent': b'google-cloud-sdk gcloud/393.0.0 command/gcloud.auth.login invocation-id/386e4e8f7f324aa4ac35a8d323e6951f environment/None environment-version/None interactive/True from-script/False python/3.10.5 term/xterm-256color (Linux 5.10.102.1-microsoft-standard-WSL2)'} and data {'grant_type': 'authorization_code', 'client_id': '32555940559.apps.googleusercontent.com', 'client_secret': 'ZmssLNjJy2998hD4CTg2ejr2', 'code': '4/0AdQt8qjqzK7t8Renh1rWM41vYcb2jasE_PxW2oDIUYcGEugceA3clYs8bprTjgbwJOQ8lQ', 'redirect_uri': 'http://localhost:8085/', 'code_verifier': 'NnrqRs_YJZWbh.5wO7f0EbXZAvgrJUF7BEC~hdhs3SRvqSUD_zwZT9VAKLLqi.M_H2uMKlRHgCP78I4INabhGOu4tlk2ry5iSWr2ouJV5Qdhbr-no0r3AE9oBUXN.D7Z'}
2022-07-19 13:51:42,268 DEBUG    requests_oauthlib.oauth2_session Passing through key word arguments {'json': None, 'timeout': None, 'auth': None, 'verify': None, 'proxies': None}.
2022-07-19 13:51:42,268 DEBUG    urllib3.connectionpool Starting new HTTPS connection (1): oauth2.googleapis.com:443
2022-07-19 13:51:42,497 DEBUG    urllib3.connectionpool https://oauth2.googleapis.com:443 "POST /token HTTP/1.1" 200 None
2022-07-19 13:51:42,498 DEBUG    requests_oauthlib.oauth2_session Prepared fetch token request body grant_type=authorization_code&client_id=32555940559.apps.googleusercontent.com&client_secret=ZmssLNjJy2998hD4CTg2ejr2&code=4%2F0AdQt8qjqzK7t8Renh1rWM41vYcb2jasE_PxW2oDIUYcGEugceA3clYs8bprTjgbwJOQ8lQ&redirect_uri=http%3A%2F%2Flocalhost%3A8085%2F&code_verifier=NnrqRs_YJZWbh.5wO7f0EbXZAvgrJUF7BEC~hdhs3SRvqSUD_zwZT9VAKLLqi.M_H2uMKlRHgCP78I4INabhGOu4tlk2ry5iSWr2ouJV5Qdhbr-no0r3AE9oBUXN.D7Z
2022-07-19 13:51:42,498 DEBUG    requests_oauthlib.oauth2_session Request to fetch token completed with status 200.
2022-07-19 13:51:42,498 DEBUG    requests_oauthlib.oauth2_session Request headers were {'user-agent': b'google-cloud-sdk gcloud/393.0.0 command/gcloud.auth.login invocation-id/386e4e8f7f324aa4ac35a8d323e6951f environment/None environment-version/None interactive/True from-script/False python/3.10.5 term/xterm-256color (Linux 5.10.102.1-microsoft-standard-WSL2)', 'Accept-Encoding': 'gzip, deflate', 'Accept': b'application/json', 'Connection': 'keep-alive', 'Content-Type': b'application/x-www-form-urlencoded;charset=UTF-8', 'Content-Length': '387'}
2022-07-19 13:51:42,499 DEBUG    requests_oauthlib.oauth2_session Request body was grant_type=authorization_code&client_id=32555940559.apps.googleusercontent.com&client_secret=ZmssLNjJy2998hD4CTg2ejr2&code=4%2F0AdQt8qjqzK7t8Renh1rWM41vYcb2jasE_PxW2oDIUYcGEugceA3clYs8bprTjgbwJOQ8lQ&redirect_uri=http%3A%2F%2Flocalhost%3A8085%2F&code_verifier=NnrqRs_YJZWbh.5wO7f0EbXZAvgrJUF7BEC~hdhs3SRvqSUD_zwZT9VAKLLqi.M_H2uMKlRHgCP78I4INabhGOu4tlk2ry5iSWr2ouJV5Qdhbr-no0r3AE9oBUXN.D7Z
2022-07-19 13:51:42,499 DEBUG    requests_oauthlib.oauth2_session Response headers were {'Pragma': 'no-cache', 'Cache-Control': 'no-cache, no-store, max-age=0, must-revalidate', 'Date': 'Tue, 19 Jul 2022 11:51:41 GMT', 'Expires': 'Mon, 01 Jan 1990 00:00:00 GMT', 'Content-Type': 'application/json; charset=utf-8', 'Vary': 'Origin, X-Origin, Referer', 'Content-Encoding': 'gzip', 'Server': 'scaffolding on HTTPServer2', 'X-XSS-Protection': '0', 'X-Frame-Options': 'SAMEORIGIN', 'X-Content-Type-Options': 'nosniff', 'Alt-Svc': 'h3=":443"; ma=2592000,h3-29=":443"; ma=2592000,h3-Q050=":443"; ma=2592000,h3-Q046=":443"; ma=2592000,h3-Q043=":443"; ma=2592000,quic=":443"; ma=2592000; v="46,43"', 'Transfer-Encoding': 'chunked'} and content {
  "access_token": "ya29.A0AVA9y1vAsck4Y_5Et5--OtrOAIg2a3HzjwCESn5j_mdCuhRrog2tQ2obw7o0xhae0Jfse_MJ7hxSBNpKr3nSA5xnnOMMXe3z45tj-Et6k0B1xKE1hFGkq4Er0cp--GFtYA0tO56uR2bsXurhC10h4UF7hgiiNJhiiIQ6YUNnWUtBVEFTQVRBU0ZRRTY1ZHI4WGxiQkVIM01JcENMM3h1eHg5eDh3dw0171",
  "expires_in": 3599,
  "refresh_token": "1//03EUL5NQ2oEEXCgYIARAAGAMSNwF-L9Ir8-XSPrcQ5Gf4r7u_ZkHN2EoSQlQkWHc3ZLGApUoQUz1DfYA0mQghVKh9QvLujjcipq4",
  "scope": "https://www.googleapis.com/auth/cloud-platform openid https://www.googleapis.com/auth/userinfo.email https://www.googleapis.com/auth/appengine.admin https://www.googleapis.com/auth/sqlservice.login https://www.googleapis.com/auth/compute https://www.googleapis.com/auth/accounts.reauth",
  "token_type": "Bearer",
  "id_token": "eyJhbGciOiJSUzI1NiIsImtpZCI6IjYzMWZhZTliNTk0MGEyZDFmYmZmYjAwNDAzZDRjZjgwYTIxYmUwNGUiLCJ0eXAiOiJKV1QifQ.eyJpc3MiOiJodHRwczovL2FjY291bnRzLmdvb2dsZS5jb20iLCJhenAiOiIzMjU1NTk0MDU1OS5hcHBzLmdvb2dsZXVzZXJjb250ZW50LmNvbSIsImF1ZCI6IjMyNTU1OTQwNTU5LmFwcHMuZ29vZ2xldXNlcmNvbnRlbnQuY29tIiwic3ViIjoiMTA5NjgxNjk0MjU0NDkyNTA0ODk1IiwiaGQiOiJ0cmFkZXJhLmNvbSIsImVtYWlsIjoiZnJlZHJpay5sYXJzc29uQHRyYWRlcmEuY29tIiwiZW1haWxfdmVyaWZpZWQiOnRydWUsImF0X2hhc2giOiIwdjd2UFR2NkhSeHo2ZWNiR1AtbENBIiwiaWF0IjoxNjU4MjMxNTAxLCJleHAiOjE2NTgyMzUxMDF9.JI5wjH1ayTeJvwCmju00E4hUdMP6GC8kuwlKXod6UQkaptVr7EEU7VBaqFM-cdzo3Jj-N3u4thPfOt5L7LJgEHCddn9C59IiGUg7YWLx5VJQviKyPAmI9keyHZ8ZWBgJ8Bxk5d8sIc6QR28IVpI4MzOCs4B4SnuaxgfG69Hp-y2dkFcO6_9QAV9kogSxddNsNo7rks54g__svXCJGabdoSkh54EkECuPaWkhnoFJdRo89TfiKUUymr8S4r64ald2HFBQQ2u6YpqQWJ4D-1m2YQ_nO1_OhG-8pwxzRpD6Uc81TG-81myXGW-LPOGyuiIPAvL2Wk98hT-lOnAWq0W64w"
}.
2022-07-19 13:51:42,499 DEBUG    requests_oauthlib.oauth2_session Invoking 0 token response hooks.
2022-07-19 13:51:42,499 DEBUG    requests_oauthlib.oauth2_session Obtained token {'access_token': 'ya29.A0AVA9y1vAsck4Y_5Et5--OtrOAIg2a3HzjwCESn5j_mdCuhRrog2tQ2obw7o0xhae0Jfse_MJ7hxSBNpKr3nSA5xnnOMMXe3z45tj-Et6k0B1xKE1hFGkq4Er0cp--GFtYA0tO56uR2bsXurhC10h4UF7hgiiNJhiiIQ6YUNnWUtBVEFTQVRBU0ZRRTY1ZHI4WGxiQkVIM01JcENMM3h1eHg5eDh3dw0171', 'expires_in': 3599, 'refresh_token': '1//03EUL5NQ2oEEXCgYIARAAGAMSNwF-L9Ir8-XSPrcQ5Gf4r7u_ZkHN2EoSQlQkWHc3ZLGApUoQUz1DfYA0mQghVKh9QvLujjcipq4', 'scope': ['https://www.googleapis.com/auth/cloud-platform', 'openid', 'https://www.googleapis.com/auth/userinfo.email', 'https://www.googleapis.com/auth/appengine.admin', 'https://www.googleapis.com/auth/sqlservice.login', 'https://www.googleapis.com/auth/compute', 'https://www.googleapis.com/auth/accounts.reauth'], 'token_type': 'Bearer', 'id_token': 'eyJhbGciOiJSUzI1NiIsImtpZCI6IjYzMWZhZTliNTk0MGEyZDFmYmZmYjAwNDAzZDRjZjgwYTIxYmUwNGUiLCJ0eXAiOiJKV1QifQ.eyJpc3MiOiJodHRwczovL2FjY291bnRzLmdvb2dsZS5jb20iLCJhenAiOiIzMjU1NTk0MDU1OS5hcHBzLmdvb2dsZXVzZXJjb250ZW50LmNvbSIsImF1ZCI6IjMyNTU1OTQwNTU5LmFwcHMuZ29vZ2xldXNlcmNvbnRlbnQuY29tIiwic3ViIjoiMTA5NjgxNjk0MjU0NDkyNTA0ODk1IiwiaGQiOiJ0cmFkZXJhLmNvbSIsImVtYWlsIjoiZnJlZHJpay5sYXJzc29uQHRyYWRlcmEuY29tIiwiZW1haWxfdmVyaWZpZWQiOnRydWUsImF0X2hhc2giOiIwdjd2UFR2NkhSeHo2ZWNiR1AtbENBIiwiaWF0IjoxNjU4MjMxNTAxLCJleHAiOjE2NTgyMzUxMDF9.JI5wjH1ayTeJvwCmju00E4hUdMP6GC8kuwlKXod6UQkaptVr7EEU7VBaqFM-cdzo3Jj-N3u4thPfOt5L7LJgEHCddn9C59IiGUg7YWLx5VJQviKyPAmI9keyHZ8ZWBgJ8Bxk5d8sIc6QR28IVpI4MzOCs4B4SnuaxgfG69Hp-y2dkFcO6_9QAV9kogSxddNsNo7rks54g__svXCJGabdoSkh54EkECuPaWkhnoFJdRo89TfiKUUymr8S4r64ald2HFBQQ2u6YpqQWJ4D-1m2YQ_nO1_OhG-8pwxzRpD6Uc81TG-81myXGW-LPOGyuiIPAvL2Wk98hT-lOnAWq0W64w', 'expires_at': 1658235101.4991944}.
2022-07-19 13:51:42,519 INFO     ___FILE_ONLY___ 
You are now logged in as [fredrik.larsson@tradera.com].
Your current project is [tradera-it-secrets].  You can change this setting by running:
  $ gcloud config set project PROJECT_ID

2022-07-19 13:51:42,519 INFO     root            Display format: "none"
2022-07-19 13:51:42,520 DEBUG    root            SDK update checks are disabled.
