2022-07-19 13:52:24,323 ERROR    root            (gcloud) Command name argument expected.
2022-07-19 13:52:24,325 DEBUG    root            Loaded Command Group: ['gcloud', 'dataplex']
2022-07-19 13:52:24,329 DEBUG    root            Loaded Command Group: ['gcloud', 'kms']
2022-07-19 13:52:24,332 DEBUG    root            Loaded Command Group: ['gcloud', 'ids']
2022-07-19 13:52:24,334 DEBUG    root            Loaded Command Group: ['gcloud', 'version']
2022-07-19 13:52:24,335 DEBUG    root            Loaded Command Group: ['gcloud', 'privateca']
2022-07-19 13:52:24,339 DEBUG    root            Loaded Command Group: ['gcloud', 'topic']
2022-07-19 13:52:24,340 DEBUG    root            Loaded Command Group: ['gcloud', 'anthos']
2022-07-19 13:52:24,342 DEBUG    root            Loaded Command Group: ['gcloud', 'ml']
2022-07-19 13:52:24,345 DEBUG    root            No implementation for release track [GA] for element: [/opt/google-cloud-sdk/lib/surface/commerce_procurement]
2022-07-19 13:52:24,345 DEBUG    root            Loaded Command Group: ['gcloud', 'transcoder']
2022-07-19 13:52:24,347 DEBUG    root            Loaded Command Group: ['gcloud', 'firestore']
2022-07-19 13:52:24,351 DEBUG    root            Loaded Command Group: ['gcloud', 'functions']
2022-07-19 13:52:24,353 DEBUG    root            Loaded Command Group: ['gcloud', 'eventarc']
2022-07-19 13:52:24,357 DEBUG    root            Loaded Command Group: ['gcloud', 'asset']
2022-07-19 13:52:24,358 DEBUG    root            Loaded Command Group: ['gcloud', 'network_services']
2022-07-19 13:52:24,361 DEBUG    root            Loaded Command Group: ['gcloud', 'spanner']
2022-07-19 13:52:24,414 DEBUG    root            No implementation for release track [GA] for element: [/opt/google-cloud-sdk/lib/surface/events]
2022-07-19 13:52:24,415 DEBUG    root            Loaded Command Group: ['gcloud', 'run']
2022-07-19 13:52:24,419 DEBUG    root            Loaded Command Group: ['gcloud', 'game']
2022-07-19 13:52:24,587 DEBUG    root            No implementation for release track [GA] for element: [/opt/google-cloud-sdk/lib/surface/interactive]
2022-07-19 13:52:24,588 DEBUG    root            Loaded Command Group: ['gcloud', 'logging']
2022-07-19 13:52:24,599 DEBUG    root            Loaded Command Group: ['gcloud', 'help']
2022-07-19 13:52:24,600 DEBUG    root            Loaded Command Group: ['gcloud', 'deployment_manager']
2022-07-19 13:52:24,603 DEBUG    root            Loaded Command Group: ['gcloud', 'sql']
2022-07-19 13:52:24,609 DEBUG    root            Loaded Command Group: ['gcloud', 'filestore']
2022-07-19 13:52:24,612 DEBUG    root            Loaded Command Group: ['gcloud', 'certificate_manager']
2022-07-19 13:52:24,614 DEBUG    root            Loaded Command Group: ['gcloud', 'scc']
2022-07-19 13:52:24,618 DEBUG    root            Loaded Command Group: ['gcloud', 'datastore']
2022-07-19 13:52:24,621 DEBUG    root            No implementation for release track [GA] for element: [/opt/google-cloud-sdk/lib/surface/error_reporting]
2022-07-19 13:52:24,622 DEBUG    root            No implementation for release track [GA] for element: [/opt/google-cloud-sdk/lib/surface/trace]
2022-07-19 13:52:24,622 DEBUG    root            Loaded Command Group: ['gcloud', 'network_security']
2022-07-19 13:52:24,625 DEBUG    root            Loaded Command Group: ['gcloud', 'dataflow']
2022-07-19 13:52:24,628 DEBUG    root            No implementation for release track [GA] for element: [/opt/google-cloud-sdk/lib/surface/remote_build_execution]
2022-07-19 13:52:24,638 DEBUG    root            Loaded Command Group: ['gcloud', 'info']
2022-07-19 13:52:24,639 DEBUG    root            Loaded Command Group: ['gcloud', 'components']
2022-07-19 13:52:24,643 DEBUG    root            Loaded Command Group: ['gcloud', 'feedback']
2022-07-19 13:52:24,644 DEBUG    root            Loaded Command Group: ['gcloud', 'essential_contacts']
2022-07-19 13:52:24,645 DEBUG    root            Loaded Command Group: ['gcloud', 'workflows']
2022-07-19 13:52:24,647 DEBUG    root            Loaded Command Group: ['gcloud', 'edge_cloud']
2022-07-19 13:52:24,649 DEBUG    root            Loaded Command Group: ['gcloud', 'auth']
2022-07-19 13:52:24,650 DEBUG    root            Loaded Command Group: ['gcloud', 'cloud_shell']
2022-07-19 13:52:24,651 DEBUG    root            Loaded Command Group: ['gcloud', 'resource_manager']
2022-07-19 13:52:24,655 DEBUG    root            Loaded Command Group: ['gcloud', 'emulators']
2022-07-19 13:52:24,658 DEBUG    root            Loaded Command Group: ['gcloud', 'secrets']
2022-07-19 13:52:24,661 DEBUG    root            Loaded Command Group: ['gcloud', 'organizations']
2022-07-19 13:52:24,662 DEBUG    root            Loaded Command Group: ['gcloud', 'config']
2022-07-19 13:52:24,663 DEBUG    root            No implementation for release track [GA] for element: [/opt/google-cloud-sdk/lib/surface/resource_config]
2022-07-19 13:52:24,664 DEBUG    root            No implementation for release track [GA] for element: [/opt/google-cloud-sdk/lib/surface/runtime_config]
2022-07-19 13:52:24,665 DEBUG    root            No implementation for release track [GA] for element: [/opt/google-cloud-sdk/lib/surface/bq]
2022-07-19 13:52:24,666 DEBUG    root            Loaded Command Group: ['gcloud', 'iot']
2022-07-19 13:52:24,668 DEBUG    root            Loaded Command Group: ['gcloud', 'datastream']
2022-07-19 13:52:24,672 DEBUG    root            Loaded Command Group: ['gcloud', 'identity']
2022-07-19 13:52:24,706 DEBUG    root            Loaded Command Group: ['gcloud', 'ml_engine']
2022-07-19 13:52:24,711 DEBUG    root            Loaded Command Group: ['gcloud', 'debug']
2022-07-19 13:52:24,714 DEBUG    root            Loaded Command Group: ['gcloud', 'projects']
2022-07-19 13:52:24,716 DEBUG    root            Loaded Command Group: ['gcloud', 'transfer']
2022-07-19 13:52:24,718 DEBUG    root            No implementation for release track [GA] for element: [/opt/google-cloud-sdk/lib/surface/web_security_scanner]
2022-07-19 13:52:24,719 DEBUG    root            Loaded Command Group: ['gcloud', 'dns']
2022-07-19 13:52:24,723 DEBUG    root            Loaded Command Group: ['gcloud', 'meta']
2022-07-19 13:52:24,726 DEBUG    root            Loaded Command Group: ['gcloud', 'org_policies']
2022-07-19 13:52:24,747 DEBUG    root            Loaded Command Group: ['gcloud', 'healthcare']
2022-07-19 13:52:24,751 DEBUG    root            No implementation for release track [GA] for element: [/opt/google-cloud-sdk/lib/surface/datapipelines]
2022-07-19 13:52:24,751 DEBUG    root            No implementation for release track [GA] for element: [/opt/google-cloud-sdk/lib/surface/data_fusion]
2022-07-19 13:52:24,752 DEBUG    root            Loaded Command Group: ['gcloud', 'iam']
2022-07-19 13:52:24,755 DEBUG    root            Loaded Command Group: ['gcloud', 'service_directory']
2022-07-19 13:52:24,757 DEBUG    root            Loaded Command Group: ['gcloud', 'metastore']
2022-07-19 13:52:24,759 DEBUG    root            No implementation for release track [GA] for element: [/opt/google-cloud-sdk/lib/surface/batch]
2022-07-19 13:52:24,760 DEBUG    root            Loaded Command Group: ['gcloud', 'iap']
2022-07-19 13:52:24,762 DEBUG    root            Loaded Command Group: ['gcloud', 'source']
2022-07-19 13:52:24,763 DEBUG    root            Loaded Command Group: ['gcloud', 'network_management']
2022-07-19 13:52:24,765 DEBUG    root            Loaded Command Group: ['gcloud', 'access_approval']
2022-07-19 13:52:24,766 DEBUG    root            Loaded Command Group: ['gcloud', 'cheat_sheet']
2022-07-19 13:52:24,767 DEBUG    root            Loaded Command Group: ['gcloud', 'redis']
2022-07-19 13:52:24,769 DEBUG    root            Loaded Command Group: ['gcloud', 'active_directory']
2022-07-19 13:52:24,771 DEBUG    root            No implementation for release track [GA] for element: [/opt/google-cloud-sdk/lib/surface/publicca]
2022-07-19 13:52:24,772 DEBUG    root            Loaded Command Group: ['gcloud', 'edge_cache']
2022-07-19 13:52:24,774 DEBUG    root            Loaded Command Group: ['gcloud', 'composer']
2022-07-19 13:52:24,775 DEBUG    root            Loaded Command Group: ['gcloud', 'domains']
2022-07-19 13:52:24,776 DEBUG    root            No implementation for release track [GA] for element: [/opt/google-cloud-sdk/lib/surface/dialogflow]
2022-07-19 13:52:24,777 DEBUG    root            Loaded Command Group: ['gcloud', 'access_context_manager']
2022-07-19 13:52:24,780 DEBUG    root            Loaded Command Group: ['gcloud', 'builds']
2022-07-19 13:52:24,783 DEBUG    root            Loaded Command Group: ['gcloud', 'billing']
2022-07-19 13:52:24,784 DEBUG    root            Loaded Command Group: ['gcloud', 'api_gateway']
2022-07-19 13:52:24,786 DEBUG    root            No implementation for release track [GA] for element: [/opt/google-cloud-sdk/lib/surface/genomics]
2022-07-19 13:52:24,787 DEBUG    root            Loaded Command Group: ['gcloud', 'ai']
2022-07-19 13:52:24,790 DEBUG    root            Loaded Command Group: ['gcloud', 'bigtable']
2022-07-19 13:52:24,792 DEBUG    root            Loaded Command Group: ['gcloud', 'app']
2022-07-19 13:52:24,795 DEBUG    root            No implementation for release track [GA] for element: [/opt/google-cloud-sdk/lib/surface/media]
2022-07-19 13:52:24,798 DEBUG    root            Loaded Command Group: ['gcloud', 'docker']
2022-07-19 13:52:24,799 DEBUG    root            No implementation for release track [GA] for element: [/opt/google-cloud-sdk/lib/surface/beyondcorp]
2022-07-19 13:52:24,800 DEBUG    root            No implementation for release track [GA] for element: [/opt/google-cloud-sdk/lib/surface/kuberun]
2022-07-19 13:52:24,800 DEBUG    root            No implementation for release track [GA] for element: [/opt/google-cloud-sdk/lib/surface/alloydb]
2022-07-19 13:52:24,803 DEBUG    root            No implementation for release track [GA] for element: [/opt/google-cloud-sdk/lib/surface/code]
2022-07-19 13:52:24,804 DEBUG    root            Loaded Command Group: ['gcloud', 'database_migration']
2022-07-19 13:52:24,806 DEBUG    root            Loaded Command Group: ['gcloud', 'firebase']
2022-07-19 13:52:24,808 DEBUG    root            No implementation for release track [GA] for element: [/opt/google-cloud-sdk/lib/surface/storage]
2022-07-19 13:52:24,809 DEBUG    root            Loaded Command Group: ['gcloud', 'notebooks']
2022-07-19 13:52:24,811 DEBUG    root            Loaded Command Group: ['gcloud', 'policy_troubleshoot']
2022-07-19 13:52:24,812 DEBUG    root            Loaded Command Group: ['gcloud', 'scheduler']
2022-07-19 13:52:24,814 DEBUG    root            Loaded Command Group: ['gcloud', 'artifacts']
2022-07-19 13:52:24,819 DEBUG    root            Loaded Command Group: ['gcloud', 'pubsub']
2022-07-19 13:52:24,822 DEBUG    root            No implementation for release track [GA] for element: [/opt/google-cloud-sdk/lib/surface/dlp]
2022-07-19 13:52:24,826 DEBUG    root            Loaded Command Group: ['gcloud', 'init']
2022-07-19 13:52:24,828 DEBUG    root            Loaded Command Group: ['gcloud', 'deploy']
2022-07-19 13:52:24,830 DEBUG    root            Loaded Command Group: ['gcloud', 'resource_settings']
2022-07-19 13:52:24,831 DEBUG    root            No implementation for release track [GA] for element: [/opt/google-cloud-sdk/lib/surface/blueprints]
2022-07-19 13:52:24,832 DEBUG    root            Loaded Command Group: ['gcloud', 'data_catalog']
2022-07-19 13:52:24,835 DEBUG    root            Loaded Command Group: ['gcloud', 'memcache']
2022-07-19 13:52:24,838 DEBUG    root            No implementation for release track [GA] for element: [/opt/google-cloud-sdk/lib/surface/workstations]
2022-07-19 13:52:24,838 DEBUG    root            Loaded Command Group: ['gcloud', 'recommender']
2022-07-19 13:52:24,840 DEBUG    root            No implementation for release track [GA] for element: [/opt/google-cloud-sdk/lib/surface/lifesciences]
2022-07-19 13:52:24,841 DEBUG    root            Loaded Command Group: ['gcloud', 'ai_platform']
2022-07-19 13:52:24,918 DEBUG    root            Loaded Command Group: ['gcloud', 'compute']
2022-07-19 13:52:24,934 DEBUG    root            Loaded Command Group: ['gcloud', 'recaptcha']
2022-07-19 13:52:24,936 DEBUG    root            Loaded Command Group: ['gcloud', 'tasks']
2022-07-19 13:52:24,937 DEBUG    root            Loaded Command Group: ['gcloud', 'bms']
2022-07-19 13:52:24,940 DEBUG    root            Loaded Command Group: ['gcloud', 'workspace_add_ons']
2022-07-19 13:52:24,941 DEBUG    root            No implementation for release track [GA] for element: [/opt/google-cloud-sdk/lib/surface/immersive_stream]
2022-07-19 13:52:24,942 DEBUG    root            Loaded Command Group: ['gcloud', 'dataproc']
2022-07-19 13:52:24,944 DEBUG    root            Loaded Command Group: ['gcloud', 'assured']
2022-07-19 13:52:24,950 DEBUG    root            Loaded Command Group: ['gcloud', 'survey']
2022-07-19 13:52:24,951 DEBUG    root            Loaded Command Group: ['gcloud', 'vmware']
2022-07-19 13:52:24,955 DEBUG    root            No implementation for release track [GA] for element: [/opt/google-cloud-sdk/lib/surface/terraform]
2022-07-19 13:52:24,956 DEBUG    root            Loaded Command Group: ['gcloud', 'policy_intelligence']
2022-07-19 13:52:24,957 DEBUG    root            Loaded Command Group: ['gcloud', 'monitoring']
2022-07-19 13:52:24,959 DEBUG    root            Loaded Command Group: ['gcloud', 'endpoints']
2022-07-19 13:52:24,961 DEBUG    root            Loaded Command Group: ['gcloud', 'network_connectivity']
2022-07-19 13:52:24,963 DEBUG    root            Loaded Command Group: ['gcloud', 'services']
2022-07-19 13:52:24,965 DEBUG    root            Loaded Command Group: ['gcloud', 'apigee']
