2022-07-19 13:52:40,537 DEBUG    root            Loaded Command Group: ['gcloud', 'components']
2022-07-19 13:52:40,542 DEBUG    root            Loaded Command Group: ['gcloud', 'components', 'update']
2022-07-19 13:52:40,543 DEBUG    root            Running [gcloud.components.update] with arguments: []
2022-07-19 13:52:45,948 INFO     ___FILE_ONLY___ Beginning update. This process may take several minutes.

2022-07-19 13:52:45,951 DEBUG    root            (gcloud.components.update) You cannot perform this action because this Google Cloud CLI installation is managed by an external package manager.
Please consider using a separate installation of the Google Cloud CLI created through the default mechanism described at: https://cloud.google.com/sdk/
Traceback (most recent call last):
  File "/opt/google-cloud-sdk/lib/googlecloudsdk/calliope/cli.py", line 987, in Execute
    resources = calliope_command.Run(cli=self, args=args)
  File "/opt/google-cloud-sdk/lib/googlecloudsdk/calliope/backend.py", line 809, in Run
    resources = command_instance.Run(args)
  File "/opt/google-cloud-sdk/lib/surface/components/update.py", line 124, in Run
    update_manager.Update(
  File "/opt/google-cloud-sdk/lib/googlecloudsdk/core/updater/update_manager.py", line 986, in Update
    self._CheckIfDisabledAndThrowError(command='update-all')
  File "/opt/google-cloud-sdk/lib/googlecloudsdk/core/updater/update_manager.py", line 604, in _CheckIfDisabledAndThrowError
    raise UpdaterDisabledError(default_message)
googlecloudsdk.core.updater.update_manager.UpdaterDisabledError: You cannot perform this action because this Google Cloud CLI installation is managed by an external package manager.
Please consider using a separate installation of the Google Cloud CLI created through the default mechanism described at: https://cloud.google.com/sdk/

2022-07-19 13:52:45,952 ERROR    root            (gcloud.components.update) You cannot perform this action because this Google Cloud CLI installation is managed by an external package manager.
Please consider using a separate installation of the Google Cloud CLI created through the default mechanism described at: https://cloud.google.com/sdk/

