2022-07-11 11:07:57,572 DEBUG    root            Loaded Command Group: ['gcloud', 'config']
2022-07-11 11:07:57,573 DEBUG    root            Loaded Command Group: ['gcloud', 'config', 'config_helper']
2022-07-11 11:07:57,575 DEBUG    root            Running [gcloud.config.config-helper] with arguments: [--format: "json"]
2022-07-11 11:07:57,581 INFO     root            Display format: "default json"
2022-07-11 11:07:57,582 INFO     ___FILE_ONLY___ {
  "configuration": {
    "active_configuration": "default",
    "properties": {
      "core": {
        "account": "fredrik.larsson@tradera.com",
        "disable_usage_reporting": "True",
        "project": "tradera-development"
      }
    }
  },
  "credential": {
    "access_token": "ya29.A0AVA9y1tFUVvZ94gL-dSsLsifqThu7K46XITZnDeH97MH83FsV0EkVQd6jr-QHtsejJxNz4LJmhBa-CXa8tvyDPGsVTpicuI6nRNHJiQv_OU_BH6gz-UEVecNxH05AByXAscabNXmsw3ZwAmuApICORDho6gRh-Tbpl64VgYUNnWUtBVEFTQVRBU0ZRRTY1ZHI4SlBYWUU2dkhNVzQxUWQ5blBIZUgtdw0173",
    "id_token": "eyJhbGciOiJSUzI1NiIsImtpZCI6IjFiZDY4NWY1ZThmYzYyZDc1ODcwNWMxZWIwZThhNzUyNGM0NzU5NzUiLCJ0eXAiOiJKV1QifQ.eyJpc3MiOiJodHRwczovL2FjY291bnRzLmdvb2dsZS5jb20iLCJhenAiOiIzMjU1NTk0MDU1OS5hcHBzLmdvb2dsZXVzZXJjb250ZW50LmNvbSIsImF1ZCI6IjMyNTU1OTQwNTU5LmFwcHMuZ29vZ2xldXNlcmNvbnRlbnQuY29tIiwic3ViIjoiMTA5NjgxNjk0MjU0NDkyNTA0ODk1IiwiaGQiOiJ0cmFkZXJhLmNvbSIsImVtYWlsIjoiZnJlZHJpay5sYXJzc29uQHRyYWRlcmEuY29tIiwiZW1haWxfdmVyaWZpZWQiOnRydWUsImF0X2hhc2giOiJpbVR0ODZCNmxOZV96ZTJOQWVmQzhRIiwiaWF0IjoxNjU3NTMwMTY1LCJleHAiOjE2NTc1MzM3NjV9.Z0ea71m3XMMTkANusTlX3TzjNbKH0BFRvvbmVhPSUVP-NbhkNZ5EIxyM7zgd88eVVIrxgUmgx71I79ys5RxCu62f_LmQzzyJnu6GjvGY5KMZ9e3AGEL7iyh2xv0fqS1ygk66qsbFotxfDtSsyu4WcBu3Lzusmxppr267j9Jx-vGcUFZOh9H2Hrz5iZV68vzeFovnrxQ6Xmy6PXKAU1Dox1U0bK0zEU7A1jv95qZS7xrSbD4TDLMbAGOTVL-ecO3ODDKnYQK-5xBkRBMobpalxgxONefw_LA37iJlo6_hbu-wHSydUEGhYGTRPWcPMjhxNBAZeDOCEV4MYAMtQlLb3Q",
    "token_expiry": "2022-07-11T10:02:49Z"
  },
  "sentinels": {
    "config_sentinel": "/home/dev/.config/gcloud/config_sentinel"
  }
}
2022-07-11 11:07:57,582 INFO     ___FILE_ONLY___ 

2022-07-11 11:07:57,582 DEBUG    root            SDK update checks are disabled.
