2022-07-11 12:56:29,499 DEBUG    root            Loaded Command Group: ['gcloud', 'config']
2022-07-11 12:56:29,501 DEBUG    root            Loaded Command Group: ['gcloud', 'config', 'config_helper']
2022-07-11 12:56:29,504 DEBUG    root            Running [gcloud.config.config-helper] with arguments: [--format: "json"]
2022-07-11 12:56:41,725 DEBUG    google.auth.transport.requests Making request: POST https://oauth2.googleapis.com/token
2022-07-11 12:56:41,726 DEBUG    urllib3.connectionpool Starting new HTTPS connection (1): oauth2.googleapis.com:443
2022-07-11 12:56:41,968 DEBUG    urllib3.connectionpool https://oauth2.googleapis.com:443 "POST /token HTTP/1.1" 200 None
2022-07-11 12:56:42,003 INFO     root            Display format: "default json"
2022-07-11 12:56:42,004 INFO     ___FILE_ONLY___ {
  "configuration": {
    "active_configuration": "default",
    "properties": {
      "core": {
        "account": "fredrik.larsson@tradera.com",
        "disable_usage_reporting": "True",
        "project": "tradera-development"
      }
    }
  },
  "credential": {
    "access_token": "ya29.a0AVA9y1uIHeTOsaprs5gdG0Wi7fQU2PrCA-cOJPAQcpwxS8qHxZGrl1r9nuZygu2wkhGiunjJ8wlKSVyrKcxxFmTbHQvE1Vwacw-BbQ5-fUGO84OG8uNq9_dFF7mr7xG4e_z2eutAL4p7j_sk7846YESuIiPFHr2In9JL1g",
    "id_token": "eyJhbGciOiJSUzI1NiIsImtpZCI6IjFiZDY4NWY1ZThmYzYyZDc1ODcwNWMxZWIwZThhNzUyNGM0NzU5NzUiLCJ0eXAiOiJKV1QifQ.eyJpc3MiOiJodHRwczovL2FjY291bnRzLmdvb2dsZS5jb20iLCJhenAiOiIzMjU1NTk0MDU1OS5hcHBzLmdvb2dsZXVzZXJjb250ZW50LmNvbSIsImF1ZCI6IjMyNTU1OTQwNTU5LmFwcHMuZ29vZ2xldXNlcmNvbnRlbnQuY29tIiwic3ViIjoiMTA5NjgxNjk0MjU0NDkyNTA0ODk1IiwiaGQiOiJ0cmFkZXJhLmNvbSIsImVtYWlsIjoiZnJlZHJpay5sYXJzc29uQHRyYWRlcmEuY29tIiwiZW1haWxfdmVyaWZpZWQiOnRydWUsImF0X2hhc2giOiJzTG50TTgyak0xN0piRVlNNVY5MG53IiwiaWF0IjoxNjU3NTM2OTk3LCJleHAiOjE2NTc1NDA1OTd9.UdxUgosFwTsSIv5CS9glKNUhkxUL4MV2lDvvoXAcUj2XiSXfHNHWtz1OZFKBT-45aalP3z41deMKgR-uUCeNAQkA0vPKgAtt1xyasnAWH9RHurT6NbKcUrRuapX55RS_58AkEKUJ1CeP8YItk2c-NQ0UeR-DcsaQC7Ss216F4dXMGZ31wl03bb_a5qsA2q9WQgoiQqZkrP-n30qiwQsgkzdhsIPHOEATJLw4onkYnRpgbadQVesGFL8C8aLn1dclHmSaZhsc7p6jnu5GrS1cOOP3PtWUzpJSysSZIKeq_YqvcMA96oEcQCrc_WAyt5sUoVH57kGYsKp2zH0D0Sq4vw",
    "token_expiry": "2022-07-11T11:56:40Z"
  },
  "sentinels": {
    "config_sentinel": "/home/dev/.config/gcloud/config_sentinel"
  }
}
2022-07-11 12:56:42,004 INFO     ___FILE_ONLY___ 

2022-07-11 12:56:42,005 DEBUG    root            SDK update checks are disabled.
