2022-07-11 14:20:36,095 DEBUG    root            Loaded Command Group: ['gcloud', 'config']
2022-07-11 14:20:36,096 DEBUG    root            Loaded Command Group: ['gcloud', 'config', 'config_helper']
2022-07-11 14:20:36,098 DEBUG    root            Running [gcloud.config.config-helper] with arguments: [--format: "json"]
2022-07-11 14:20:36,104 INFO     root            Display format: "default json"
2022-07-11 14:20:36,105 INFO     ___FILE_ONLY___ {
  "configuration": {
    "active_configuration": "default",
    "properties": {
      "core": {
        "account": "fredrik.larsson@tradera.com",
        "disable_usage_reporting": "True",
        "project": "tradera-development"
      }
    }
  },
  "credential": {
    "access_token": "ya29.a0AVA9y1sdr5piFhT-ghmDiLXJX6TI4mXQI4GVtXFs4EASfCuF12FyD6jlnFbosPePmMzlLXsbrzM4B1MFlFmqbnnCJiI75L16KBo3IaUxxYQISHRJGpsubVojb2TtUyDQZ6NselZDHEYwaNKF0eEyZRgEGZSvjrl8tpVN3g",
    "id_token": "eyJhbGciOiJSUzI1NiIsImtpZCI6IjFiZDY4NWY1ZThmYzYyZDc1ODcwNWMxZWIwZThhNzUyNGM0NzU5NzUiLCJ0eXAiOiJKV1QifQ.eyJpc3MiOiJodHRwczovL2FjY291bnRzLmdvb2dsZS5jb20iLCJhenAiOiIzMjU1NTk0MDU1OS5hcHBzLmdvb2dsZXVzZXJjb250ZW50LmNvbSIsImF1ZCI6IjMyNTU1OTQwNTU5LmFwcHMuZ29vZ2xldXNlcmNvbnRlbnQuY29tIiwic3ViIjoiMTA5NjgxNjk0MjU0NDkyNTA0ODk1IiwiaGQiOiJ0cmFkZXJhLmNvbSIsImVtYWlsIjoiZnJlZHJpay5sYXJzc29uQHRyYWRlcmEuY29tIiwiZW1haWxfdmVyaWZpZWQiOnRydWUsImF0X2hhc2giOiJFVzg1VzF3RGhqVVB4alUwN1laTDhRIiwiaWF0IjoxNjU3NTQwNzQ4LCJleHAiOjE2NTc1NDQzNDh9.YavP-dq9PtFxJHQBkpTJQD0ajhPYbLFaw5NRPqmzemTA3Zlo81-2gBdFyFlClboP_41sExNo_jdJNbaMQzmNqWu1snW9WIBJF2JDMVqzETF0HnxNu6QsOxPcYE_BZQSr58DCtt0kOWInbY-IHGopMbRutkKlY9fS8YA0K6or7q15z-u24xhnwFuafCKUKu8dbNf2-jdKVRwTj74g8zBL85qcDe7SiKf6vBCDP-hc0ZyM7UA4jJIorMZQpUaLjq7HGOJ45mynciPr0BsWX08GhbOcysBa5jAcDSNsR7Rmzv7gzn9Rh7OytGZWEEn_gBsyCjiiXD7vsh8OCR52-LndPw",
    "token_expiry": "2022-07-11T12:59:11Z"
  },
  "sentinels": {
    "config_sentinel": "/home/dev/.config/gcloud/config_sentinel"
  }
}
2022-07-11 14:20:36,105 INFO     ___FILE_ONLY___ 

2022-07-11 14:20:36,105 DEBUG    root            SDK update checks are disabled.
