2022-07-26 13:35:44,825 DEBUG    root            Loaded Command Group: ['gcloud', 'auth']
2022-07-26 13:35:44,938 DEBUG    root            Loaded Command Group: ['gcloud', 'auth', 'login']
2022-07-26 13:35:44,939 DEBUG    root            Running [gcloud.auth.login] with arguments: []
2022-07-26 13:35:46,178 DEBUG    requests_oauthlib.oauth2_session Generated new state CSsZGtx8f8OfPclsUhICijoI6WiDYK.
2022-07-26 13:35:46,178 INFO     ___FILE_ONLY___ Go to the following link in your browser:

    https://accounts.google.com/o/oauth2/auth?response_type=code&client_id=32555940559.apps.googleusercontent.com&redirect_uri=https%3A%2F%2Fsdk.cloud.google.com%2Fauthcode.html&scope=openid+https%3A%2F%2Fwww.googleapis.com%2Fauth%2Fuserinfo.email+https%3A%2F%2Fwww.googleapis.com%2Fauth%2Fcloud-platform+https%3A%2F%2Fwww.googleapis.com%2Fauth%2Fappengine.admin+https%3A%2F%2Fwww.googleapis.com%2Fauth%2Fsqlservice.login+https%3A%2F%2Fwww.googleapis.com%2Fauth%2Fcompute+https%3A%2F%2Fwww.googleapis.com%2Fauth%2Faccounts.reauth&state=CSsZGtx8f8OfPclsUhICijoI6WiDYK&prompt=consent&access_type=offline&code_challenge=bpZgcjFT5NOLwN0mPJYP1voJHDPBVmc8WFdJKHLRNVg&code_challenge_method=S256


2022-07-26 13:36:12,824 DEBUG    requests_oauthlib.oauth2_session Requesting url https://oauth2.googleapis.com/token using method POST.
2022-07-26 13:36:12,825 DEBUG    requests_oauthlib.oauth2_session Supplying headers {b'Accept': b'application/json', b'Content-Type': b'application/x-www-form-urlencoded;charset=UTF-8', b'user-agent': b'google-cloud-sdk gcloud/394.0.0 command/gcloud.auth.login invocation-id/c040808a128c476393d16800dd18ced3 environment/None environment-version/None interactive/True from-script/False python/3.10.5 term/xterm-256color (Linux 5.10.102.1-microsoft-standard-WSL2)'} and data {'grant_type': 'authorization_code', 'client_id': '32555940559.apps.googleusercontent.com', 'client_secret': 'ZmssLNjJy2998hD4CTg2ejr2', 'code': '4/0AdQt8qjLHfHVpUjuXDWi0pILmde0y4AIKAIcCp1tr3A-2BeCqdkDTExij-YUkWfyRw1qWA', 'redirect_uri': 'https://sdk.cloud.google.com/authcode.html', 'code_verifier': 'rTo_wN562vf6x8-cBtrySQOxmeFy0qc3uloDOMNMIOht4imflVwnDfqxeXc7ICVeOw-MSfkopx16S7HY_6wyrU9V4ubkENMLNGAb8DL1AK_Vh9mk24e8NhxLHisXY5pq'}
2022-07-26 13:36:12,825 DEBUG    requests_oauthlib.oauth2_session Passing through key word arguments {'json': None, 'timeout': None, 'auth': None, 'verify': None, 'proxies': None}.
2022-07-26 13:36:12,825 DEBUG    urllib3.connectionpool Starting new HTTPS connection (1): oauth2.googleapis.com:443
2022-07-26 13:36:13,218 DEBUG    urllib3.connectionpool https://oauth2.googleapis.com:443 "POST /token HTTP/1.1" 200 None
2022-07-26 13:36:13,219 DEBUG    requests_oauthlib.oauth2_session Prepared fetch token request body grant_type=authorization_code&client_id=32555940559.apps.googleusercontent.com&client_secret=ZmssLNjJy2998hD4CTg2ejr2&code=4%2F0AdQt8qjLHfHVpUjuXDWi0pILmde0y4AIKAIcCp1tr3A-2BeCqdkDTExij-YUkWfyRw1qWA&redirect_uri=https%3A%2F%2Fsdk.cloud.google.com%2Fauthcode.html&code_verifier=rTo_wN562vf6x8-cBtrySQOxmeFy0qc3uloDOMNMIOht4imflVwnDfqxeXc7ICVeOw-MSfkopx16S7HY_6wyrU9V4ubkENMLNGAb8DL1AK_Vh9mk24e8NhxLHisXY5pq
2022-07-26 13:36:13,219 DEBUG    requests_oauthlib.oauth2_session Request to fetch token completed with status 200.
2022-07-26 13:36:13,219 DEBUG    requests_oauthlib.oauth2_session Request headers were {'user-agent': b'google-cloud-sdk gcloud/394.0.0 command/gcloud.auth.login invocation-id/c040808a128c476393d16800dd18ced3 environment/None environment-version/None interactive/True from-script/False python/3.10.5 term/xterm-256color (Linux 5.10.102.1-microsoft-standard-WSL2)', 'Accept-Encoding': 'gzip, deflate', 'Accept': b'application/json', 'Connection': 'keep-alive', 'Content-Type': b'application/x-www-form-urlencoded;charset=UTF-8', 'Content-Length': '405'}
2022-07-26 13:36:13,219 DEBUG    requests_oauthlib.oauth2_session Request body was grant_type=authorization_code&client_id=32555940559.apps.googleusercontent.com&client_secret=ZmssLNjJy2998hD4CTg2ejr2&code=4%2F0AdQt8qjLHfHVpUjuXDWi0pILmde0y4AIKAIcCp1tr3A-2BeCqdkDTExij-YUkWfyRw1qWA&redirect_uri=https%3A%2F%2Fsdk.cloud.google.com%2Fauthcode.html&code_verifier=rTo_wN562vf6x8-cBtrySQOxmeFy0qc3uloDOMNMIOht4imflVwnDfqxeXc7ICVeOw-MSfkopx16S7HY_6wyrU9V4ubkENMLNGAb8DL1AK_Vh9mk24e8NhxLHisXY5pq
2022-07-26 13:36:13,220 DEBUG    requests_oauthlib.oauth2_session Response headers were {'Expires': 'Mon, 01 Jan 1990 00:00:00 GMT', 'Cache-Control': 'no-cache, no-store, max-age=0, must-revalidate', 'Pragma': 'no-cache', 'Date': 'Tue, 26 Jul 2022 11:36:10 GMT', 'Content-Type': 'application/json; charset=utf-8', 'Vary': 'Origin, X-Origin, Referer', 'Content-Encoding': 'gzip', 'Server': 'scaffolding on HTTPServer2', 'X-XSS-Protection': '0', 'X-Frame-Options': 'SAMEORIGIN', 'X-Content-Type-Options': 'nosniff', 'Alt-Svc': 'h3=":443"; ma=2592000,h3-29=":443"; ma=2592000,h3-Q050=":443"; ma=2592000,h3-Q046=":443"; ma=2592000,h3-Q043=":443"; ma=2592000,quic=":443"; ma=2592000; v="46,43"', 'Transfer-Encoding': 'chunked'} and content {
  "access_token": "ya29.A0AVA9y1v5J7-C2SBcHGiqXJ-0QQI0kZYRT-KLimVbh3tduXacU2FyaY9-hgW_av3qbkyfifQfU1Y-3E57CU4gbSAskHTJvaQZGA_zigt8xUo-2PCfB5hBu8o3JI8Mu54zaiOYjAA5B_aUdwmoiPqjCupUj5B_HxK7c_eCYUNnWUtBVEFTQVRBU0ZRRTY1ZHI4bmFCdS1ReThKZTVGal9GbjREUlUzZw0171",
  "expires_in": 3599,
  "refresh_token": "1//03UemN5bZPzKiCgYIARAAGAMSNwF-L9IrnAIx4EBjcuD-O9BZiVjkA4650Q2-ENeDnNhUjjwm5dXchqgxRFugb9n2Qv6Y0E1Y9fI",
  "scope": "https://www.googleapis.com/auth/userinfo.email https://www.googleapis.com/auth/appengine.admin https://www.googleapis.com/auth/compute https://www.googleapis.com/auth/accounts.reauth https://www.googleapis.com/auth/sqlservice.login https://www.googleapis.com/auth/cloud-platform openid",
  "token_type": "Bearer",
  "id_token": "eyJhbGciOiJSUzI1NiIsImtpZCI6IjA3NGI5MjhlZGY2NWE2ZjQ3MGM3MWIwYTI0N2JkMGY3YTRjOWNjYmMiLCJ0eXAiOiJKV1QifQ.eyJpc3MiOiJodHRwczovL2FjY291bnRzLmdvb2dsZS5jb20iLCJhenAiOiIzMjU1NTk0MDU1OS5hcHBzLmdvb2dsZXVzZXJjb250ZW50LmNvbSIsImF1ZCI6IjMyNTU1OTQwNTU5LmFwcHMuZ29vZ2xldXNlcmNvbnRlbnQuY29tIiwic3ViIjoiMTA5NjgxNjk0MjU0NDkyNTA0ODk1IiwiaGQiOiJ0cmFkZXJhLmNvbSIsImVtYWlsIjoiZnJlZHJpay5sYXJzc29uQHRyYWRlcmEuY29tIiwiZW1haWxfdmVyaWZpZWQiOnRydWUsImF0X2hhc2giOiJFVVVha05JTm1PTXdKZkZTNWxCTGRnIiwiaWF0IjoxNjU4ODM1MzcwLCJleHAiOjE2NTg4Mzg5NzB9.UhkXatOB95UeVgTBLz3S_sl2DPhli3YQmGJwRi6vnzF5l_LS-HVUW5UcLRMTBVi1GA-Ln1XqnYJwugKs6FzGeNx4Udv_dDHrXZwG0MXX33h-f-mJ0hfL3Zq1lLB_fmp9EyLyNErdlOu6ZgkkMYk5f6XWHG11eidC4P0OOJFU060aXPC72v2Ej8CMIwqwKWn10WUym4z2iP9yfwTThKFYWI2jRi-c0Z2x59_8Xc8YgaW_HD9cKvQoqad4p_Z8Cn0m4TAC4O5DVz5lv4r2lWm5j0PxhgYDIZks27kJDso6q0gHOzbHOdvaAJpcEyGVUiQwXu2eFpBMPuhpyEMM8Pv6rA"
}.
2022-07-26 13:36:13,220 DEBUG    requests_oauthlib.oauth2_session Invoking 0 token response hooks.
2022-07-26 13:36:13,220 DEBUG    requests_oauthlib.oauth2_session Obtained token {'access_token': 'ya29.A0AVA9y1v5J7-C2SBcHGiqXJ-0QQI0kZYRT-KLimVbh3tduXacU2FyaY9-hgW_av3qbkyfifQfU1Y-3E57CU4gbSAskHTJvaQZGA_zigt8xUo-2PCfB5hBu8o3JI8Mu54zaiOYjAA5B_aUdwmoiPqjCupUj5B_HxK7c_eCYUNnWUtBVEFTQVRBU0ZRRTY1ZHI4bmFCdS1ReThKZTVGal9GbjREUlUzZw0171', 'expires_in': 3599, 'refresh_token': '1//03UemN5bZPzKiCgYIARAAGAMSNwF-L9IrnAIx4EBjcuD-O9BZiVjkA4650Q2-ENeDnNhUjjwm5dXchqgxRFugb9n2Qv6Y0E1Y9fI', 'scope': ['https://www.googleapis.com/auth/userinfo.email', 'https://www.googleapis.com/auth/appengine.admin', 'https://www.googleapis.com/auth/compute', 'https://www.googleapis.com/auth/accounts.reauth', 'https://www.googleapis.com/auth/sqlservice.login', 'https://www.googleapis.com/auth/cloud-platform', 'openid'], 'token_type': 'Bearer', 'id_token': 'eyJhbGciOiJSUzI1NiIsImtpZCI6IjA3NGI5MjhlZGY2NWE2ZjQ3MGM3MWIwYTI0N2JkMGY3YTRjOWNjYmMiLCJ0eXAiOiJKV1QifQ.eyJpc3MiOiJodHRwczovL2FjY291bnRzLmdvb2dsZS5jb20iLCJhenAiOiIzMjU1NTk0MDU1OS5hcHBzLmdvb2dsZXVzZXJjb250ZW50LmNvbSIsImF1ZCI6IjMyNTU1OTQwNTU5LmFwcHMuZ29vZ2xldXNlcmNvbnRlbnQuY29tIiwic3ViIjoiMTA5NjgxNjk0MjU0NDkyNTA0ODk1IiwiaGQiOiJ0cmFkZXJhLmNvbSIsImVtYWlsIjoiZnJlZHJpay5sYXJzc29uQHRyYWRlcmEuY29tIiwiZW1haWxfdmVyaWZpZWQiOnRydWUsImF0X2hhc2giOiJFVVVha05JTm1PTXdKZkZTNWxCTGRnIiwiaWF0IjoxNjU4ODM1MzcwLCJleHAiOjE2NTg4Mzg5NzB9.UhkXatOB95UeVgTBLz3S_sl2DPhli3YQmGJwRi6vnzF5l_LS-HVUW5UcLRMTBVi1GA-Ln1XqnYJwugKs6FzGeNx4Udv_dDHrXZwG0MXX33h-f-mJ0hfL3Zq1lLB_fmp9EyLyNErdlOu6ZgkkMYk5f6XWHG11eidC4P0OOJFU060aXPC72v2Ej8CMIwqwKWn10WUym4z2iP9yfwTThKFYWI2jRi-c0Z2x59_8Xc8YgaW_HD9cKvQoqad4p_Z8Cn0m4TAC4O5DVz5lv4r2lWm5j0PxhgYDIZks27kJDso6q0gHOzbHOdvaAJpcEyGVUiQwXu2eFpBMPuhpyEMM8Pv6rA', 'expires_at': 1658838972.2203362}.
2022-07-26 13:36:13,243 INFO     ___FILE_ONLY___ 
You are now logged in as [fredrik.larsson@tradera.com].
Your current project is [tradera-it-secrets].  You can change this setting by running:
  $ gcloud config set project PROJECT_ID

2022-07-26 13:36:13,244 INFO     root            Display format: "none"
2022-07-26 13:36:13,244 DEBUG    root            SDK update checks are disabled.
