2022-07-05 08:34:38,178 DEBUG    root            Loaded Command Group: ['gcloud', 'config']
2022-07-05 08:34:38,180 DEBUG    root            Loaded Command Group: ['gcloud', 'config', 'config_helper']
2022-07-05 08:34:38,181 DEBUG    root            Running [gcloud.config.config-helper] with arguments: [--format: "json"]
2022-07-05 08:34:50,440 DEBUG    google.auth.transport.requests Making request: POST https://oauth2.googleapis.com/token
2022-07-05 08:34:50,441 DEBUG    urllib3.connectionpool Starting new HTTPS connection (1): oauth2.googleapis.com:443
2022-07-05 08:34:50,688 DEBUG    urllib3.connectionpool https://oauth2.googleapis.com:443 "POST /token HTTP/1.1" 200 None
2022-07-05 08:34:50,700 INFO     root            Display format: "default json"
2022-07-05 08:34:50,700 INFO     ___FILE_ONLY___ {
  "configuration": {
    "active_configuration": "default",
    "properties": {
      "core": {
        "account": "fredrik.larsson@tradera.com",
        "disable_usage_reporting": "True"
      }
    }
  },
  "credential": {
    "access_token": "ya29.A0ARrdaM-xCbrkdVHdSZ9KXUgGJJDvht0GGVtR2C2wQcJKHpkW4kMfPUtPUgbmRgGoO_GZATsDIdAhRDtVeC_xlEvfd0dCUUdMHlH-9t5ngHEukmXJ9vkGbISunCUbKRh8_dHEMkR8uiy3JGV12XBHAUjle4OKBVh4HQwMOgYUNnWUtBVEFTQVRBU0ZRRl91NjFWWV9CUXRYdVRQMFpDNU80UkFhdzBoQQ0173",
    "id_token": "eyJhbGciOiJSUzI1NiIsImtpZCI6IjI2NTBhMmNlNDdiMWFiM2JhNDA5OTc5N2Y4YzA2ZWJjM2RlOTI4YWMiLCJ0eXAiOiJKV1QifQ.eyJpc3MiOiJodHRwczovL2FjY291bnRzLmdvb2dsZS5jb20iLCJhenAiOiIzMjU1NTk0MDU1OS5hcHBzLmdvb2dsZXVzZXJjb250ZW50LmNvbSIsImF1ZCI6IjMyNTU1OTQwNTU5LmFwcHMuZ29vZ2xldXNlcmNvbnRlbnQuY29tIiwic3ViIjoiMTA5NjgxNjk0MjU0NDkyNTA0ODk1IiwiaGQiOiJ0cmFkZXJhLmNvbSIsImVtYWlsIjoiZnJlZHJpay5sYXJzc29uQHRyYWRlcmEuY29tIiwiZW1haWxfdmVyaWZpZWQiOnRydWUsImF0X2hhc2giOiJXeDJuVXJnRDI4Q2R6d3VBUktpYXB3IiwiaWF0IjoxNjU3MDAyODg5LCJleHAiOjE2NTcwMDY0ODl9.fV7HF3jbOhnH88GGTWEyQk81iGdEitEWyewGtR-newaoZDWHxrPcTz3yvuAfXzF_PBbSji2buZJH84S9RPaTpI9_fq0c5RFgZHQNRIjhK_bCAHTEpcUNmsWnYH-jn0Rg4mo8n5r5e9v44qSQPNQIjNkICKGPE9mvQBnRuhkDN86dmi9A6_fBMKE75hfY6cAvYZe48miPj-roMUcrmgF0d_tI-0iM4VNyds5SGVMEWNC5_ANLSslbu2sSEspLRRPPYbzRvFbOCcBSwvZw1EA6fXhDWemj8tA5vf8eQkyMgFmArIzlbT0hyiMtSWAao83PVPPV0wa3TnIdOHGDRrVT9g",
    "token_expiry": "2022-07-05T07:34:49Z"
  },
  "sentinels": {
    "config_sentinel": "/home/dev/.config/gcloud/config_sentinel"
  }
}
2022-07-05 08:34:50,700 INFO     ___FILE_ONLY___ 

2022-07-05 08:34:50,700 DEBUG    root            SDK update checks are disabled.
