2022-07-05 10:34:55,086 DEBUG    root            Loaded Command Group: ['gcloud', 'config']
2022-07-05 10:34:55,087 DEBUG    root            Loaded Command Group: ['gcloud', 'config', 'config_helper']
2022-07-05 10:34:55,089 DEBUG    root            Running [gcloud.config.config-helper] with arguments: [--format: "json"]
2022-07-05 10:35:07,321 DEBUG    google.auth.transport.requests Making request: POST https://oauth2.googleapis.com/token
2022-07-05 10:35:07,322 DEBUG    urllib3.connectionpool Starting new HTTPS connection (1): oauth2.googleapis.com:443
2022-07-05 10:35:07,572 DEBUG    urllib3.connectionpool https://oauth2.googleapis.com:443 "POST /token HTTP/1.1" 200 None
2022-07-05 10:35:07,601 INFO     root            Display format: "default json"
2022-07-05 10:35:07,603 INFO     ___FILE_ONLY___ {
  "configuration": {
    "active_configuration": "default",
    "properties": {
      "core": {
        "account": "fredrik.larsson@tradera.com",
        "disable_usage_reporting": "True"
      }
    }
  },
  "credential": {
    "access_token": "ya29.a0ARrdaM9EkR1yKk7DI5qBs8WzbRsdCGQym1lO6B7Gx_dKk37u7DTmBo_EnOTiQuwoaFaEAKUszXnFTQhGu7pE9Fg7SwUtwFBjCkW-9Pnj8iLLP1U_WAyXoM0NbADI9fD7mT5QCXFBVsau3EK6ENz4OpHhbhkQYKR3Vo4ITQ",
    "id_token": "eyJhbGciOiJSUzI1NiIsImtpZCI6IjI2NTBhMmNlNDdiMWFiM2JhNDA5OTc5N2Y4YzA2ZWJjM2RlOTI4YWMiLCJ0eXAiOiJKV1QifQ.eyJpc3MiOiJodHRwczovL2FjY291bnRzLmdvb2dsZS5jb20iLCJhenAiOiIzMjU1NTk0MDU1OS5hcHBzLmdvb2dsZXVzZXJjb250ZW50LmNvbSIsImF1ZCI6IjMyNTU1OTQwNTU5LmFwcHMuZ29vZ2xldXNlcmNvbnRlbnQuY29tIiwic3ViIjoiMTA5NjgxNjk0MjU0NDkyNTA0ODk1IiwiaGQiOiJ0cmFkZXJhLmNvbSIsImVtYWlsIjoiZnJlZHJpay5sYXJzc29uQHRyYWRlcmEuY29tIiwiZW1haWxfdmVyaWZpZWQiOnRydWUsImF0X2hhc2giOiJsaktGdHNBczc0MU5Bd1NpY3JoSmpBIiwiaWF0IjoxNjU3MDEwMTA2LCJleHAiOjE2NTcwMTM3MDZ9.uVOSA4nOYeEIyjBmcBBJBVaFzJqtRbRu333HCj37NGholWtYuqFwOTYHRJRKh8ljk9hK-o6uYf_dx-FOM1c7K4dEDZ8wOyNw6TTam4kktX5JOkc_gDfNpvpilPdzzASpjfRrbS-P7pyvbSnAjRb7xQ49MtE52W3kRmgDQVacT7JKCGOQCrXc3ZksaDo_vkfiUPPwQ_Y8q_biJ5jkXbf8HhJu0KhtqJPn59JQc-POElW__kaHK6_8MpdVpNxIxStv4HqjlIqvApbJWKHjZb5aBCnUIr_bVDjOB_x4B2XaBfSD7Ojf9Cfhp-WAeWRUiP1ReTdTmqsrqaV51FAWl6FX9g",
    "token_expiry": "2022-07-05T09:35:06Z"
  },
  "sentinels": {
    "config_sentinel": "/home/dev/.config/gcloud/config_sentinel"
  }
}
2022-07-05 10:35:07,603 INFO     ___FILE_ONLY___ 

2022-07-05 10:35:07,604 DEBUG    root            SDK update checks are disabled.
