2022-07-05 12:58:03,530 DEBUG    root            Loaded Command Group: ['gcloud', 'config']
2022-07-05 12:58:03,533 DEBUG    root            Loaded Command Group: ['gcloud', 'config', 'config_helper']
2022-07-05 12:58:03,537 DEBUG    root            Running [gcloud.config.config-helper] with arguments: [--format: "json"]
2022-07-05 12:58:19,250 DEBUG    google.auth.transport.requests Making request: POST https://oauth2.googleapis.com/token
2022-07-05 12:58:19,251 DEBUG    urllib3.connectionpool Starting new HTTPS connection (1): oauth2.googleapis.com:443
2022-07-05 12:58:19,490 DEBUG    urllib3.connectionpool https://oauth2.googleapis.com:443 "POST /token HTTP/1.1" 200 None
2022-07-05 12:58:19,505 INFO     root            Display format: "default json"
2022-07-05 12:58:19,505 INFO     ___FILE_ONLY___ {
  "configuration": {
    "active_configuration": "default",
    "properties": {
      "core": {
        "account": "fredrik.larsson@tradera.com",
        "disable_usage_reporting": "True"
      }
    }
  },
  "credential": {
    "access_token": "ya29.a0ARrdaM8G8-mJ3YCHIuOapEpUF8aDLayR004-Eh1nsjEwB2hfnXs81U_y1zdDOGlRVDW8MvPAUyQSCeNjZ8AOPCki8hbIiY-Ho3WIOlP8Hy9u220-qV2bhfU99Zx3435jWLrj5H-mH5M4YotE8bFVhpWdZ-JJJCY2_iOj8w",
    "id_token": "eyJhbGciOiJSUzI1NiIsImtpZCI6IjI2NTBhMmNlNDdiMWFiM2JhNDA5OTc5N2Y4YzA2ZWJjM2RlOTI4YWMiLCJ0eXAiOiJKV1QifQ.eyJpc3MiOiJodHRwczovL2FjY291bnRzLmdvb2dsZS5jb20iLCJhenAiOiIzMjU1NTk0MDU1OS5hcHBzLmdvb2dsZXVzZXJjb250ZW50LmNvbSIsImF1ZCI6IjMyNTU1OTQwNTU5LmFwcHMuZ29vZ2xldXNlcmNvbnRlbnQuY29tIiwic3ViIjoiMTA5NjgxNjk0MjU0NDkyNTA0ODk1IiwiaGQiOiJ0cmFkZXJhLmNvbSIsImVtYWlsIjoiZnJlZHJpay5sYXJzc29uQHRyYWRlcmEuY29tIiwiZW1haWxfdmVyaWZpZWQiOnRydWUsImF0X2hhc2giOiJBdmE5ajFnYXNLeUhfSW42WVgteDBnIiwiaWF0IjoxNjU3MDE4Njk4LCJleHAiOjE2NTcwMjIyOTh9.jkXnNPGu5AJo-6Vi3-kWJkYFd_uQz2V0iYiPMKAVayoFXBDJvLDdPtwipad-LGx_usUGWwvWEu-6kPeW7iHmD2y2jALW3t9kz3R3gXb2WAQ_TCGHfI6crPYBwfYzWAB0iR9p3UOqD_AVO9C4dBzxYhLX6LRF-VqWtpcBYUTTLtUfqHYCuDmY8XYwyi7GLsKbiKdS8tmdMVw0hC8as9nJFGB04nB8h1mU4Rtw6N9TL3vk1IVFp0KrEMlg91X_sBOGz5DOM-o8Ft5R9RWpTc1NmreC7J4oZ6snwVYU3QBTv1jKm6qCovhBsQyUmOSWbxKS66scxiCNwk_hwmjlOXw7ZA",
    "token_expiry": "2022-07-05T11:58:18Z"
  },
  "sentinels": {
    "config_sentinel": "/home/dev/.config/gcloud/config_sentinel"
  }
}
2022-07-05 12:58:19,506 INFO     ___FILE_ONLY___ 

2022-07-05 12:58:19,506 DEBUG    root            SDK update checks are disabled.
