2022-07-05 13:58:12,712 DEBUG    root            Loaded Command Group: ['gcloud', 'config']
2022-07-05 13:58:12,714 DEBUG    root            Loaded Command Group: ['gcloud', 'config', 'config_helper']
2022-07-05 13:58:12,716 DEBUG    root            Running [gcloud.config.config-helper] with arguments: [--format: "json"]
2022-07-05 13:58:24,948 DEBUG    google.auth.transport.requests Making request: POST https://oauth2.googleapis.com/token
2022-07-05 13:58:24,949 DEBUG    urllib3.connectionpool Starting new HTTPS connection (1): oauth2.googleapis.com:443
2022-07-05 13:58:25,211 DEBUG    urllib3.connectionpool https://oauth2.googleapis.com:443 "POST /token HTTP/1.1" 200 None
2022-07-05 13:58:25,244 INFO     root            Display format: "default json"
2022-07-05 13:58:25,245 INFO     ___FILE_ONLY___ {
  "configuration": {
    "active_configuration": "default",
    "properties": {
      "core": {
        "account": "fredrik.larsson@tradera.com",
        "disable_usage_reporting": "True"
      }
    }
  },
  "credential": {
    "access_token": "ya29.a0ARrdaM9Rg65KIj2ucYNII00EHKizFuNxIjAocq500gKkYfVko0xH0PdhTPumnCxUXd9Fn11cMFbq26t0Rvs4zAfsqtb9Swv6W6ZYepCEB5vcMszQWxt_WwFMLjtYhLEfFvle9mFxDtlztU0Uoa3kcaUEMP5JEaSZvJzeAA",
    "id_token": "eyJhbGciOiJSUzI1NiIsImtpZCI6IjI2NTBhMmNlNDdiMWFiM2JhNDA5OTc5N2Y4YzA2ZWJjM2RlOTI4YWMiLCJ0eXAiOiJKV1QifQ.eyJpc3MiOiJodHRwczovL2FjY291bnRzLmdvb2dsZS5jb20iLCJhenAiOiIzMjU1NTk0MDU1OS5hcHBzLmdvb2dsZXVzZXJjb250ZW50LmNvbSIsImF1ZCI6IjMyNTU1OTQwNTU5LmFwcHMuZ29vZ2xldXNlcmNvbnRlbnQuY29tIiwic3ViIjoiMTA5NjgxNjk0MjU0NDkyNTA0ODk1IiwiaGQiOiJ0cmFkZXJhLmNvbSIsImVtYWlsIjoiZnJlZHJpay5sYXJzc29uQHRyYWRlcmEuY29tIiwiZW1haWxfdmVyaWZpZWQiOnRydWUsImF0X2hhc2giOiJPTFZ1WEZTNWF2ZFNNTXRyZjlvYUlRIiwiaWF0IjoxNjU3MDIyMzA0LCJleHAiOjE2NTcwMjU5MDR9.EvNNmmnCKkGADYaCp9r69BJ_wGPiCosUmWXP1O-Hj1y9og55D71xSFXGv4Uc8BUUQOnWYJ5JFDQY7czBXtpxiq0xNhdeyEzznH4pMfPaFiflEEVxd8K9-NHvz1vJqdXYjRsAzU09X1wYS4WTOsBWQBhNcdyXu1Ic_ZOiqjiTGv5sCRVVNXdYam8E0mi4X8iQ-D2-vK4LG1AjyHFLUnh6Ffe1Qy0fmqozxLs-2DzP6iNtbek964Pboa2qcoZRc-E9YHp6MHWbJ24ljNt58JVFknSET7LpS-oxBKEYJpawF_EhKsWhnUX7nebSbsYVcPVugGVPQSZlQ32F_TbQmfjQlg",
    "token_expiry": "2022-07-05T12:58:24Z"
  },
  "sentinels": {
    "config_sentinel": "/home/dev/.config/gcloud/config_sentinel"
  }
}
2022-07-05 13:58:25,245 INFO     ___FILE_ONLY___ 

2022-07-05 13:58:25,246 DEBUG    root            SDK update checks are disabled.
