2022-07-05 15:52:02,946 DEBUG    root            Loaded Command Group: ['gcloud', 'config']
2022-07-05 15:52:02,948 DEBUG    root            Loaded Command Group: ['gcloud', 'config', 'config_helper']
2022-07-05 15:52:02,950 DEBUG    root            Running [gcloud.config.config-helper] with arguments: [--format: "json"]
2022-07-05 15:52:02,956 INFO     root            Display format: "default json"
2022-07-05 15:52:02,957 INFO     ___FILE_ONLY___ {
  "configuration": {
    "active_configuration": "default",
    "properties": {
      "core": {
        "account": "fredrik.larsson@tradera.com",
        "disable_usage_reporting": "True"
      }
    }
  },
  "credential": {
    "access_token": "ya29.a0ARrdaM-NYTsbdw865PEobD-_bDxeOMOv3DP5Jf6V_xZuD87_AIK2NrCKQKVrSeAIL9UJsTeltPIEv4qIKAi2F7rFqfkEzJ_D3MPsxgRDVqyPTOQdeMRQu2Jdw2bXAHvE7g5eHZC2ITJPReU55GrqyDMhbJ1QeEYSPix7OA",
    "id_token": "eyJhbGciOiJSUzI1NiIsImtpZCI6IjI2NTBhMmNlNDdiMWFiM2JhNDA5OTc5N2Y4YzA2ZWJjM2RlOTI4YWMiLCJ0eXAiOiJKV1QifQ.eyJpc3MiOiJodHRwczovL2FjY291bnRzLmdvb2dsZS5jb20iLCJhenAiOiIzMjU1NTk0MDU1OS5hcHBzLmdvb2dsZXVzZXJjb250ZW50LmNvbSIsImF1ZCI6IjMyNTU1OTQwNTU5LmFwcHMuZ29vZ2xldXNlcmNvbnRlbnQuY29tIiwic3ViIjoiMTA5NjgxNjk0MjU0NDkyNTA0ODk1IiwiaGQiOiJ0cmFkZXJhLmNvbSIsImVtYWlsIjoiZnJlZHJpay5sYXJzc29uQHRyYWRlcmEuY29tIiwiZW1haWxfdmVyaWZpZWQiOnRydWUsImF0X2hhc2giOiI5Y1dhalQzamxqMDQ1Y0xaYmk3bFdRIiwiaWF0IjoxNjU3MDI1OTEwLCJleHAiOjE2NTcwMjk1MTB9.MADtiomNauDbGVKBuM-FOmFM45DbZOmrFSNP5LNQ223MB4IvStQHvd5L-K9V7NAuQZ0h1O5QQ_Lx-YR33XoxCFhgmR5XyrCYPfUb6UjeLPvIUrlP3JA0sED9WRSyKAT0GUJ7exO0M3LEnSJMD3hs0ck8RqZ681fdZKLvBYwEPmFbYUGmwvjkdX3IDAtVaKsytrbeVcVHCHaz07N5-LBmNHnk_6NGQilTA4vHlX5lSP3BSc0Lq80vOuH9wcEY4ttnJ6qbc-fXOvC4KjCrHetdMb09mVsEAWC247R2knim38nIXlvtogCW_-hJqvZONe--eatdYtRAHbm6QBtOBSOwSg",
    "token_expiry": "2022-07-05T13:58:30Z"
  },
  "sentinels": {
    "config_sentinel": "/home/dev/.config/gcloud/config_sentinel"
  }
}
2022-07-05 15:52:02,957 INFO     ___FILE_ONLY___ 

2022-07-05 15:52:02,957 DEBUG    root            SDK update checks are disabled.
