2022-07-05 15:58:23,241 DEBUG    root            Loaded Command Group: ['gcloud', 'config']
2022-07-05 15:58:23,242 DEBUG    root            Loaded Command Group: ['gcloud', 'config', 'config_helper']
2022-07-05 15:58:23,244 DEBUG    root            Running [gcloud.config.config-helper] with arguments: [--format: "json"]
2022-07-05 15:58:23,249 DEBUG    google.auth.transport.requests Making request: POST https://oauth2.googleapis.com/token
2022-07-05 15:58:23,250 DEBUG    urllib3.connectionpool Starting new HTTPS connection (1): oauth2.googleapis.com:443
2022-07-05 15:58:23,486 DEBUG    urllib3.connectionpool https://oauth2.googleapis.com:443 "POST /token HTTP/1.1" 200 None
2022-07-05 15:58:23,521 INFO     root            Display format: "default json"
2022-07-05 15:58:23,523 INFO     ___FILE_ONLY___ {
  "configuration": {
    "active_configuration": "default",
    "properties": {
      "core": {
        "account": "fredrik.larsson@tradera.com",
        "disable_usage_reporting": "True"
      }
    }
  },
  "credential": {
    "access_token": "ya29.a0ARrdaM8kN80cbjjH_OrR-VjxZpKkWRA5ObUhNYJQABuoTbuZjEqT5SVuI5B-5Vd4yaFhm9ZBHdNXSvI3MJAz65Cj8ZKz7hGRZUNONK_02ts0wNxub_QkasclFLNuBh31rXy1G2Ov-PeyFPRFgUUkOQFi91qhCIQxoeEYmg",
    "id_token": "eyJhbGciOiJSUzI1NiIsImtpZCI6IjI2NTBhMmNlNDdiMWFiM2JhNDA5OTc5N2Y4YzA2ZWJjM2RlOTI4YWMiLCJ0eXAiOiJKV1QifQ.eyJpc3MiOiJodHRwczovL2FjY291bnRzLmdvb2dsZS5jb20iLCJhenAiOiIzMjU1NTk0MDU1OS5hcHBzLmdvb2dsZXVzZXJjb250ZW50LmNvbSIsImF1ZCI6IjMyNTU1OTQwNTU5LmFwcHMuZ29vZ2xldXNlcmNvbnRlbnQuY29tIiwic3ViIjoiMTA5NjgxNjk0MjU0NDkyNTA0ODk1IiwiaGQiOiJ0cmFkZXJhLmNvbSIsImVtYWlsIjoiZnJlZHJpay5sYXJzc29uQHRyYWRlcmEuY29tIiwiZW1haWxfdmVyaWZpZWQiOnRydWUsImF0X2hhc2giOiJiUThQWmZGNkRaamxzbGhDNHgwTG1nIiwiaWF0IjoxNjU3MDI5NTAyLCJleHAiOjE2NTcwMzMxMDJ9.CaURC1kCFLrTKgg5qiPQhMAoCY9Po4K7lO9tCAszwgpP9Viteom_mMJWbY91cXvWZlgrYbCHpGpnCmfJou7FNPOlbitNoFgj4SBfCrlSi1pv-rbF_N8kkBCBzL0lkd0H4MmiLtW01C-jmvvv_-VoQJxQomQxKKp6PMXo2BaOA275XBcmseTql9NG0XVzzTlL_i527iFr6I5mn5x5jWhD96P9FhXvA1zowMVTzramgBAwkAc2F_F_Kvd5d1j015fzEjCuav8_xAbcrN8wezXtlbEdx30FwEMdYToClhJF0unkPyvIeur1ioFxjxPtBhnbRVcXKEXN4h6NJ3kkJhWd8w",
    "token_expiry": "2022-07-05T14:58:22Z"
  },
  "sentinels": {
    "config_sentinel": "/home/dev/.config/gcloud/config_sentinel"
  }
}
2022-07-05 15:58:23,523 INFO     ___FILE_ONLY___ 

2022-07-05 15:58:23,523 DEBUG    root            SDK update checks are disabled.
