2022-07-29 12:36:19,970 DEBUG    root            Loaded Command Group: ['gcloud', 'config']
2022-07-29 12:36:19,971 DEBUG    root            Loaded Command Group: ['gcloud', 'config', 'config_helper']
2022-07-29 12:36:19,973 DEBUG    root            Running [gcloud.config.config-helper] with arguments: [--format: "json"]
2022-07-29 12:36:19,980 INFO     root            Display format: "default json"
2022-07-29 12:36:19,981 INFO     ___FILE_ONLY___ {
  "configuration": {
    "active_configuration": "default",
    "properties": {
      "core": {
        "account": "fredrik.larsson@tradera.com",
        "disable_usage_reporting": "True",
        "project": "tradera-deploy"
      }
    }
  },
  "credential": {
    "access_token": "ya29.A0AVA9y1tBEZKanyvIYYyT-oOkcb7IkcIQRhhyPzH9KvCoOGB46-akX5QLgM5zvO6zziRW26qy5rXXcL07PEexxWKWRFA77swL1rsji12ZRd17yR6Do-KbQ7OjHj-z8Gi5d0ofnh7smJc7lgZ2skHZVFNoURpUP_43wyD-YAYUNnWUtBVEFTQVRBU0ZRRTY1ZHI4NjJZVkdFN3F1QnFwdU91MkRZOFpKUQ0173",
    "id_token": "eyJhbGciOiJSUzI1NiIsImtpZCI6IjA3NGI5MjhlZGY2NWE2ZjQ3MGM3MWIwYTI0N2JkMGY3YTRjOWNjYmMiLCJ0eXAiOiJKV1QifQ.eyJpc3MiOiJodHRwczovL2FjY291bnRzLmdvb2dsZS5jb20iLCJhenAiOiIzMjU1NTk0MDU1OS5hcHBzLmdvb2dsZXVzZXJjb250ZW50LmNvbSIsImF1ZCI6IjMyNTU1OTQwNTU5LmFwcHMuZ29vZ2xldXNlcmNvbnRlbnQuY29tIiwic3ViIjoiMTA5NjgxNjk0MjU0NDkyNTA0ODk1IiwiaGQiOiJ0cmFkZXJhLmNvbSIsImVtYWlsIjoiZnJlZHJpay5sYXJzc29uQHRyYWRlcmEuY29tIiwiZW1haWxfdmVyaWZpZWQiOnRydWUsImF0X2hhc2giOiJuSXJ5VFVTREFjeURvQklMSml6M2ZRIiwiaWF0IjoxNjU5MDkwODkwLCJleHAiOjE2NTkwOTQ0OTB9.W7bHAcBvj21Dnl6E_LedhhEYWFu0liMKX7jkHvNsciaWnqb3nW6xD00_qDSx9NCHP2DUkaVaIO7nWmJAizLSzVzljW4NJFkQClaBB1xBOwHiMQU09wSWOePTJipNtXyceoD-mqM3-AI1ikQVQpYsoB5UUgtwf-KLCmMjYy4pj8a8SCy9ARfKh2MLXeBPzvLULKCeGAyMI4n1z7PwqnPHoG7eWk4bviyIKKnDBCEHVhitJecwvK2JmvZhHcsZ2DZT5Yt9NCXV1maM_KfVtslmCSfWxiyJHTMZjwwaorwxcp3w15FaKM_AyqESS9aiTps_VKGKJiubPuTU2xR8OtLIQA",
    "token_expiry": "2022-07-29T11:34:50Z"
  },
  "sentinels": {
    "config_sentinel": "/home/dev/.config/gcloud/config_sentinel"
  }
}
2022-07-29 12:36:19,981 INFO     ___FILE_ONLY___ 

2022-07-29 12:36:19,981 DEBUG    root            SDK update checks are disabled.
