2022-07-14 13:55:51,257 DEBUG    root            Loaded Command Group: ['gcloud', 'config']
2022-07-14 13:55:51,259 DEBUG    root            Loaded Command Group: ['gcloud', 'config', 'config_helper']
2022-07-14 13:55:51,260 DEBUG    root            Running [gcloud.config.config-helper] with arguments: [--format: "json"]
2022-07-14 13:56:03,471 INFO     root            Display format: "default json"
2022-07-14 13:56:03,472 INFO     ___FILE_ONLY___ {
  "configuration": {
    "active_configuration": "default",
    "properties": {
      "core": {
        "account": "fredrik.larsson@tradera.com",
        "disable_usage_reporting": "True",
        "project": "tradera-development"
      }
    }
  },
  "credential": {
    "access_token": "ya29.A0AVA9y1vCx6t9s8JTTO0s9sAYkqVXcARb2QZ5bHSuXVPLoqYuL3MwSXWQ-F5atDRmVVi_sG63twvxFFIyEubHNK4bgqWbu9x-Rxf6lZjlY5JugXG2mBXAV6h82rMn25lYK-2qZKmqwJLr01Oq190ACH-IOs_ldz5yFOZRKAYUNnWUtBVEFTQVRBU0ZRRTY1ZHI4cDAwdDZUNGtDODlueWh3WVVMQTlXQQ0173",
    "id_token": "eyJhbGciOiJSUzI1NiIsImtpZCI6IjFiZDY4NWY1ZThmYzYyZDc1ODcwNWMxZWIwZThhNzUyNGM0NzU5NzUiLCJ0eXAiOiJKV1QifQ.eyJpc3MiOiJodHRwczovL2FjY291bnRzLmdvb2dsZS5jb20iLCJhenAiOiIzMjU1NTk0MDU1OS5hcHBzLmdvb2dsZXVzZXJjb250ZW50LmNvbSIsImF1ZCI6IjMyNTU1OTQwNTU5LmFwcHMuZ29vZ2xldXNlcmNvbnRlbnQuY29tIiwic3ViIjoiMTA5NjgxNjk0MjU0NDkyNTA0ODk1IiwiaGQiOiJ0cmFkZXJhLmNvbSIsImVtYWlsIjoiZnJlZHJpay5sYXJzc29uQHRyYWRlcmEuY29tIiwiZW1haWxfdmVyaWZpZWQiOnRydWUsImF0X2hhc2giOiJSWmxBNWpOVWk2aWczOE8tUjN4bjlnIiwiaWF0IjoxNjU3Nzk5MTQ0LCJleHAiOjE2NTc4MDI3NDR9.PvxOaEW4yhcWqH5p7Liw5kr9FfLE-2g0nBXmXFpigOtAcpY6QiPXfesA4vfZIgZVk0CoFiQhmwge2FbpLM8r8uY922Nf119X22byrM8MXMBTGHfeeiHw_hJmo5ONH-HJ--ypl1riRtIdKxI6-7n2-jgYGYhB3yWDb2vH6Y9sJ96d_zy-npbrlqKbfOEQDPgyn-3XePGbEOZi_Zpul4lrZewj6OoFGKuW6KRBgyHB6OGATb8FHHgLIv8HZomiotNEL1-Dcf-nKN8NfQj4g3NQqX-vnNYWkHifTalecIoCgS31Ud3DgmodmibBOCZew_gtlrdLfYGL_vdh633NYyWZXA",
    "token_expiry": "2022-07-14T12:45:43Z"
  },
  "sentinels": {
    "config_sentinel": "/home/dev/.config/gcloud/config_sentinel"
  }
}
2022-07-14 13:56:03,473 INFO     ___FILE_ONLY___ 

2022-07-14 13:56:03,473 DEBUG    root            SDK update checks are disabled.
