2022-07-21 12:56:13,681 DEBUG    root            Loaded Command Group: ['gcloud', 'config']
2022-07-21 12:56:13,683 DEBUG    root            Loaded Command Group: ['gcloud', 'config', 'config_helper']
2022-07-21 12:56:13,684 DEBUG    root            Running [gcloud.config.config-helper] with arguments: [--format: "json"]
2022-07-21 12:56:13,691 INFO     root            Display format: "default json"
2022-07-21 12:56:13,692 INFO     ___FILE_ONLY___ {
  "configuration": {
    "active_configuration": "default",
    "properties": {
      "core": {
        "account": "fredrik.larsson@tradera.com",
        "disable_usage_reporting": "True",
        "project": "tradera-it-secrets"
      }
    }
  },
  "credential": {
    "access_token": "ya29.A0AVA9y1voVWf1BLvfKP-1up1XgfX9cq_-wOrO70l0IK7iJjszDCm0ebVjFKYAZKIITB5CRj2rcB0jNsPTAoiBWS6ZBfdO9y1goBPRD1vQ2j4VC6tVDOy4z5JXv8-k84rQlDLqClYxX2ilGwbPTxeCzHJV8K--GBY0KB_ISgYUNnWUtBVEFTQVRBU0ZRRTY1ZHI4ODZMclBWa3dlSVltUjdhSWZ3dlloZw0173",
    "id_token": "eyJhbGciOiJSUzI1NiIsImtpZCI6IjYzMWZhZTliNTk0MGEyZDFmYmZmYjAwNDAzZDRjZjgwYTIxYmUwNGUiLCJ0eXAiOiJKV1QifQ.eyJpc3MiOiJodHRwczovL2FjY291bnRzLmdvb2dsZS5jb20iLCJhenAiOiIzMjU1NTk0MDU1OS5hcHBzLmdvb2dsZXVzZXJjb250ZW50LmNvbSIsImF1ZCI6IjMyNTU1OTQwNTU5LmFwcHMuZ29vZ2xldXNlcmNvbnRlbnQuY29tIiwic3ViIjoiMTA5NjgxNjk0MjU0NDkyNTA0ODk1IiwiaGQiOiJ0cmFkZXJhLmNvbSIsImVtYWlsIjoiZnJlZHJpay5sYXJzc29uQHRyYWRlcmEuY29tIiwiZW1haWxfdmVyaWZpZWQiOnRydWUsImF0X2hhc2giOiJUSjRBaXB2MnR2N0hJaHJDZE5CZUpnIiwiaWF0IjoxNjU4NDAwNjA2LCJleHAiOjE2NTg0MDQyMDZ9.RG23yerZf0JgJh4hTHKW6xqdAGFQ0Z_W9WQBXLDHlriqeSRlUUOZ4Bo0jYkHMt9PruWYUPCMlCU34hwClPLQlWWuLCOiqA7eHO__mJlhm4Aivg9l7DXHxM8JHnIWT2fZm34mwVRc3aF5CPiLTjOu_HjggwYM8qZVRKJUTEfYfo5utES_l2gUU-Gsvnvpyb344r7hJVxBPnexLsw6_UuW2jkcxIuKbWhu4XdKTIdyrLn-O2z1DXUfKNVlqg6dl3rPhoi_SdwanwR-0scvFTlVRWrHKOFfcW9MiBr3qb8OVrdy89AZbThsqD0_RttflS2CZK94tu2Zr9aljWLoJbv4JA",
    "token_expiry": "2022-07-21T11:50:07Z"
  },
  "sentinels": {
    "config_sentinel": "/home/dev/.config/gcloud/config_sentinel"
  }
}
2022-07-21 12:56:13,692 INFO     ___FILE_ONLY___ 

2022-07-21 12:56:13,692 DEBUG    root            SDK update checks are disabled.
