2022-07-25 09:49:22,240 DEBUG    root            Loaded Command Group: ['gcloud', 'config']
2022-07-25 09:49:22,244 DEBUG    root            Loaded Command Group: ['gcloud', 'config', 'config_helper']
2022-07-25 09:49:22,246 DEBUG    root            Running [gcloud.config.config-helper] with arguments: [--format: "json"]
2022-07-25 09:49:34,482 DEBUG    google.auth.transport.requests Making request: POST https://oauth2.googleapis.com/token
2022-07-25 09:49:34,484 DEBUG    urllib3.connectionpool Starting new HTTPS connection (1): oauth2.googleapis.com:443
2022-07-25 09:49:34,710 DEBUG    urllib3.connectionpool https://oauth2.googleapis.com:443 "POST /token HTTP/1.1" 200 None
2022-07-25 09:49:34,728 INFO     root            Display format: "default json"
2022-07-25 09:49:34,729 INFO     ___FILE_ONLY___ {
  "configuration": {
    "active_configuration": "default",
    "properties": {
      "core": {
        "account": "fredrik.larsson@tradera.com",
        "disable_usage_reporting": "True",
        "project": "tradera-it-secrets"
      }
    }
  },
  "credential": {
    "access_token": "ya29.A0AVA9y1uMz-eaxFoVP8mQLG5wVB2PFmlrwomRBS62NPEZNhjo1KsSUQwkJXt1zkAWS88nEJW8RAvi1KulyOGE21DM8m_Lda31ESUmJG08hktM6zOQn_xIZZ0o4hplpVTdLcFUZ07odsf-7mtoSUfrVyhdW_RWWy--bFCaKQYUNnWUtBVEFTQVRBU0ZRRTY1ZHI4STA5eEtXRnA1QTdwNGFqOGc1dUlGdw0173",
    "id_token": "eyJhbGciOiJSUzI1NiIsImtpZCI6IjA3NGI5MjhlZGY2NWE2ZjQ3MGM3MWIwYTI0N2JkMGY3YTRjOWNjYmMiLCJ0eXAiOiJKV1QifQ.eyJpc3MiOiJodHRwczovL2FjY291bnRzLmdvb2dsZS5jb20iLCJhenAiOiIzMjU1NTk0MDU1OS5hcHBzLmdvb2dsZXVzZXJjb250ZW50LmNvbSIsImF1ZCI6IjMyNTU1OTQwNTU5LmFwcHMuZ29vZ2xldXNlcmNvbnRlbnQuY29tIiwic3ViIjoiMTA5NjgxNjk0MjU0NDkyNTA0ODk1IiwiaGQiOiJ0cmFkZXJhLmNvbSIsImVtYWlsIjoiZnJlZHJpay5sYXJzc29uQHRyYWRlcmEuY29tIiwiZW1haWxfdmVyaWZpZWQiOnRydWUsImF0X2hhc2giOiJhb3BGRC1ETUV5T1BudDhWN0x3V1dBIiwiaWF0IjoxNjU4NzM1MzcyLCJleHAiOjE2NTg3Mzg5NzJ9.GMCcpLY0wTXPx-BbGVzSaaScHA_TtkKaaEygfJwMr_B1l5yOeIhZeeh-5aKxxk6M9glCWZ8T6mbDFCEBmoNNOkhcfda0FJ7G86U1gxhcNfPzSgpkLgrUZqL08t-ug555U7YAmKqUZC_V3zU8D7vlIaKlgcLupvUkpzV2SjGnYa3jWX5YnMOQXHjNlSaI2dD5vUTkEEb9CHZF7-8mXY8d-6Z6FuWLnXrsrRJQJlAE75USyq7mNH-bqrVDapW13NiBxAcMU8i1k525CFsxvBhKh4YjocPAHra_k-lD7dd69YV9gWOcFN_Qa1lzkmj5WV1h_uXUJ6q4PvglsCRdP1VdBg",
    "token_expiry": "2022-07-25T08:49:33Z"
  },
  "sentinels": {
    "config_sentinel": "/home/dev/.config/gcloud/config_sentinel"
  }
}
2022-07-25 09:49:34,729 INFO     ___FILE_ONLY___ 

2022-07-25 09:49:34,729 DEBUG    root            SDK update checks are disabled.
