2022-07-20 09:08:34,649 DEBUG    root            Loaded Command Group: ['gcloud', 'config']
2022-07-20 09:08:34,651 DEBUG    root            Loaded Command Group: ['gcloud', 'config', 'config_helper']
2022-07-20 09:08:34,653 DEBUG    root            Running [gcloud.config.config-helper] with arguments: [--format: "json"]
2022-07-20 09:08:46,891 DEBUG    google.auth.transport.requests Making request: POST https://oauth2.googleapis.com/token
2022-07-20 09:08:46,893 DEBUG    urllib3.connectionpool Starting new HTTPS connection (1): oauth2.googleapis.com:443
2022-07-20 09:08:47,115 DEBUG    urllib3.connectionpool https://oauth2.googleapis.com:443 "POST /token HTTP/1.1" 200 None
2022-07-20 09:08:47,131 INFO     root            Display format: "default json"
2022-07-20 09:08:47,132 INFO     ___FILE_ONLY___ {
  "configuration": {
    "active_configuration": "default",
    "properties": {
      "core": {
        "account": "fredrik.larsson@tradera.com",
        "disable_usage_reporting": "True",
        "project": "tradera-it-secrets"
      }
    }
  },
  "credential": {
    "access_token": "ya29.A0AVA9y1u9CgqKwDrtkbdZYqEYJVscqF4XXKB1vul0PUIAnW4yDQ4skuGcoEXZb-i71Li-WfK_MimDPU3CqrOwsl9a2vuhEmx0do-m1z0Hj4RudXG7vVnLDiDJBj63IfkvtnzNQYAG9ZlttxopkK4fMgdv4TY8q9NBpKCd3gYUNnWUtBVEFTQVRBU0ZRRTY1ZHI4WUVYOV9TVUtkVkVQdGszNERaUUxHQQ0173",
    "id_token": "eyJhbGciOiJSUzI1NiIsImtpZCI6IjYzMWZhZTliNTk0MGEyZDFmYmZmYjAwNDAzZDRjZjgwYTIxYmUwNGUiLCJ0eXAiOiJKV1QifQ.eyJpc3MiOiJodHRwczovL2FjY291bnRzLmdvb2dsZS5jb20iLCJhenAiOiIzMjU1NTk0MDU1OS5hcHBzLmdvb2dsZXVzZXJjb250ZW50LmNvbSIsImF1ZCI6IjMyNTU1OTQwNTU5LmFwcHMuZ29vZ2xldXNlcmNvbnRlbnQuY29tIiwic3ViIjoiMTA5NjgxNjk0MjU0NDkyNTA0ODk1IiwiaGQiOiJ0cmFkZXJhLmNvbSIsImVtYWlsIjoiZnJlZHJpay5sYXJzc29uQHRyYWRlcmEuY29tIiwiZW1haWxfdmVyaWZpZWQiOnRydWUsImF0X2hhc2giOiJCMzhSRHNGRVhsYkItVkcxbHJkenBRIiwiaWF0IjoxNjU4MzAwOTI2LCJleHAiOjE2NTgzMDQ1MjZ9.jiPmn5dnd3zPR6arj_7T3o3uc-53JBivs9lYaAn1oz8I2tDmur_qnlLFqLg35Wet4AeTkRFrTaru3dxw2_G5vrAqj5ixII1SCZ36kRsWTjmrg7EYcnnyqhT_JDCMblgbDmyIbD5CQXzWTmn2RAGwdw9S9eEqkUuTtNx7EYJLqPdZlSO0WjgMZcNc_FPcEi7wuIG_bxzUeseAqmhwkSgkiqd-WtW0Om2zsoI5hbCZNhFm1a1gCfn28Ep628wSEn_2KYfoBXNWynptVwMYqORpqEsUXxzPLfeyEPGMCHbcN5KuShi8FHLgun32tgtjiVexmNg-NajjTt8FUTul4TCZxA",
    "token_expiry": "2022-07-20T08:08:45Z"
  },
  "sentinels": {
    "config_sentinel": "/home/dev/.config/gcloud/config_sentinel"
  }
}
2022-07-20 09:08:47,132 INFO     ___FILE_ONLY___ 

2022-07-20 09:08:47,132 DEBUG    root            SDK update checks are disabled.
