2022-07-20 10:04:43,506 DEBUG    root            Loaded Command Group: ['gcloud', 'compute']
2022-07-20 10:04:43,508 DEBUG    root            Loaded Command Group: ['gcloud', 'compute', 'ssl_certificates']
2022-07-20 10:04:43,526 DEBUG    root            Loaded Command Group: ['gcloud', 'compute', 'ssl-certificates', 'list']
2022-07-20 10:04:43,528 DEBUG    root            Running [gcloud.compute.ssl-certificates.list] with arguments: [--global: "True", --project: "tradera-prod-compute"]
2022-07-20 10:04:43,778 INFO     root            Display format: "    table(
      name,
      type,
      creationTimestamp,
      expireTime,
      managed.status:label=MANAGED_STATUS,
      managed.domainStatus:format="yaml"
    )"
2022-07-20 10:04:43,781 DEBUG    urllib3.connectionpool Starting new HTTPS connection (1): compute.googleapis.com:443
2022-07-20 10:04:44,886 DEBUG    urllib3.connectionpool https://compute.googleapis.com:443 "POST /batch/compute/v1 HTTP/1.1" 200 None
2022-07-20 10:04:45,994 INFO     root            cache collection=compute.sslCertificates api_version=v1 params=['project', 'sslCertificate']
2022-07-20 10:04:45,994 INFO     root            cache collection=compute.regionSslCertificates api_version=v1 params=['project', 'region', 'sslCertificate']
2022-07-20 10:04:46,023 INFO     ___FILE_ONLY___ NAME
2022-07-20 10:04:46,023 INFO     ___FILE_ONLY___                                        
2022-07-20 10:04:46,023 INFO     ___FILE_ONLY___ TYPE
2022-07-20 10:04:46,023 INFO     ___FILE_ONLY___           
2022-07-20 10:04:46,023 INFO     ___FILE_ONLY___ CREATION_TIMESTAMP
2022-07-20 10:04:46,024 INFO     ___FILE_ONLY___              
2022-07-20 10:04:46,024 INFO     ___FILE_ONLY___ EXPIRE_TIME
2022-07-20 10:04:46,024 INFO     ___FILE_ONLY___                     
2022-07-20 10:04:46,024 INFO     ___FILE_ONLY___ MANAGED_STATUS
2022-07-20 10:04:46,024 INFO     ___FILE_ONLY___ 

2022-07-20 10:04:46,024 INFO     ___FILE_ONLY___ mcrt-043809ee-cada-4b46-85fe-fef9b9235667
2022-07-20 10:04:46,024 INFO     ___FILE_ONLY___   
2022-07-20 10:04:46,024 INFO     ___FILE_ONLY___ MANAGED
2022-07-20 10:04:46,024 INFO     ___FILE_ONLY___        
2022-07-20 10:04:46,024 INFO     ___FILE_ONLY___ 2020-06-01T23:49:38.899-07:00
2022-07-20 10:04:46,024 INFO     ___FILE_ONLY___   
2022-07-20 10:04:46,024 INFO     ___FILE_ONLY___ 2022-09-04T23:00:28.000-07:00
2022-07-20 10:04:46,024 INFO     ___FILE_ONLY___   
2022-07-20 10:04:46,024 INFO     ___FILE_ONLY___ ACTIVE
2022-07-20 10:04:46,024 INFO     ___FILE_ONLY___ 

2022-07-20 10:04:46,025 INFO     ___FILE_ONLY___     shipping-show-production.tradera.cloud: ACTIVE

2022-07-20 10:04:46,025 INFO     ___FILE_ONLY___ mcrt-04a7fe35-e9f8-44fa-aa70-dceb8d61dbdf
2022-07-20 10:04:46,025 INFO     ___FILE_ONLY___   
2022-07-20 10:04:46,025 INFO     ___FILE_ONLY___ MANAGED
2022-07-20 10:04:46,025 INFO     ___FILE_ONLY___        
2022-07-20 10:04:46,025 INFO     ___FILE_ONLY___ 2019-10-22T03:50:20.340-07:00
2022-07-20 10:04:46,025 INFO     ___FILE_ONLY___   
2022-07-20 10:04:46,025 INFO     ___FILE_ONLY___ 2022-08-30T15:55:21.000-07:00
2022-07-20 10:04:46,025 INFO     ___FILE_ONLY___   
2022-07-20 10:04:46,025 INFO     ___FILE_ONLY___ ACTIVE
2022-07-20 10:04:46,025 INFO     ___FILE_ONLY___ 

2022-07-20 10:04:46,026 INFO     ___FILE_ONLY___     argocd.tradera.cloud: ACTIVE

2022-07-20 10:04:46,026 INFO     ___FILE_ONLY___ mcrt-4f090683-06bb-4b22-91fd-93667180a790
2022-07-20 10:04:46,026 INFO     ___FILE_ONLY___   
2022-07-20 10:04:46,026 INFO     ___FILE_ONLY___ MANAGED
2022-07-20 10:04:46,026 INFO     ___FILE_ONLY___        
2022-07-20 10:04:46,026 INFO     ___FILE_ONLY___ 2021-07-12T09:14:20.553-07:00
2022-07-20 10:04:46,026 INFO     ___FILE_ONLY___   
2022-07-20 10:04:46,026 INFO     ___FILE_ONLY___ 2022-09-21T06:06:17.000-07:00
2022-07-20 10:04:46,026 INFO     ___FILE_ONLY___   
2022-07-20 10:04:46,026 INFO     ___FILE_ONLY___ ACTIVE
2022-07-20 10:04:46,026 INFO     ___FILE_ONLY___ 

2022-07-20 10:04:46,026 INFO     ___FILE_ONLY___     contentful-webhooks.tradera.cloud: ACTIVE

2022-07-20 10:04:46,026 INFO     ___FILE_ONLY___ mcrt-cf4d9d35-2c7d-4e8c-bf12-47da207abfa6
2022-07-20 10:04:46,027 INFO     ___FILE_ONLY___   
2022-07-20 10:04:46,027 INFO     ___FILE_ONLY___ MANAGED
2022-07-20 10:04:46,027 INFO     ___FILE_ONLY___        
2022-07-20 10:04:46,027 INFO     ___FILE_ONLY___ 2021-08-12T02:04:05.442-07:00
2022-07-20 10:04:46,027 INFO     ___FILE_ONLY___   
2022-07-20 10:04:46,027 INFO     ___FILE_ONLY___ 2022-10-16T20:46:06.000-07:00
2022-07-20 10:04:46,027 INFO     ___FILE_ONLY___   
2022-07-20 10:04:46,027 INFO     ___FILE_ONLY___ ACTIVE
2022-07-20 10:04:46,027 INFO     ___FILE_ONLY___ 

2022-07-20 10:04:46,028 INFO     ___FILE_ONLY___     promo.tradera.com: ACTIVE

2022-07-20 10:04:46,028 INFO     ___FILE_ONLY___     redirect.tradera.com: ACTIVE

2022-07-20 10:04:46,028 INFO     ___FILE_ONLY___     tradera.com: ACTIVE

2022-07-20 10:04:46,028 INFO     ___FILE_ONLY___     tradera.de: ACTIVE

2022-07-20 10:04:46,028 INFO     ___FILE_ONLY___     tradera.dk: ACTIVE

2022-07-20 10:04:46,028 INFO     ___FILE_ONLY___     tradera.net: ACTIVE

2022-07-20 10:04:46,028 INFO     ___FILE_ONLY___     tradera.se: ACTIVE

2022-07-20 10:04:46,028 INFO     ___FILE_ONLY___     www.tradera.de: ACTIVE

2022-07-20 10:04:46,029 INFO     ___FILE_ONLY___     www.tradera.dk: ACTIVE

2022-07-20 10:04:46,029 INFO     ___FILE_ONLY___     www.tradera.net: ACTIVE

2022-07-20 10:04:46,029 INFO     ___FILE_ONLY___     www.tradera.se: ACTIVE

2022-07-20 10:04:46,029 INFO     ___FILE_ONLY___ wildcard-tradera-cloud-2023-05-23
2022-07-20 10:04:46,029 INFO     ___FILE_ONLY___           
2022-07-20 10:04:46,029 INFO     ___FILE_ONLY___ SELF_MANAGED
2022-07-20 10:04:46,029 INFO     ___FILE_ONLY___   
2022-07-20 10:04:46,029 INFO     ___FILE_ONLY___ 2022-05-09T00:15:09.520-07:00
2022-07-20 10:04:46,029 INFO     ___FILE_ONLY___   
2022-07-20 10:04:46,029 INFO     ___FILE_ONLY___ 2023-05-23T08:10:40.000-07:00
2022-07-20 10:04:46,029 INFO     ___FILE_ONLY___ 

2022-07-20 10:04:46,030 INFO     ___FILE_ONLY___ wildcard-tradera-com-2023-03-07
2022-07-20 10:04:46,030 INFO     ___FILE_ONLY___             
2022-07-20 10:04:46,030 INFO     ___FILE_ONLY___ SELF_MANAGED
2022-07-20 10:04:46,030 INFO     ___FILE_ONLY___   
2022-07-20 10:04:46,030 INFO     ___FILE_ONLY___ 2022-03-21T02:16:14.722-07:00
2022-07-20 10:04:46,030 INFO     ___FILE_ONLY___   
2022-07-20 10:04:46,030 INFO     ___FILE_ONLY___ 2023-03-07T02:58:36.000-08:00
2022-07-20 10:04:46,030 INFO     ___FILE_ONLY___ 

2022-07-20 10:04:46,030 INFO     ___FILE_ONLY___ wildcard-tradera-net-2022-09-20
2022-07-20 10:04:46,030 INFO     ___FILE_ONLY___             
2022-07-20 10:04:46,030 INFO     ___FILE_ONLY___ SELF_MANAGED
2022-07-20 10:04:46,030 INFO     ___FILE_ONLY___   
2022-07-20 10:04:46,030 INFO     ___FILE_ONLY___ 2021-09-13T06:34:10.573-07:00
2022-07-20 10:04:46,030 INFO     ___FILE_ONLY___   
2022-07-20 10:04:46,030 INFO     ___FILE_ONLY___ 2022-09-20T09:02:43.000-07:00
2022-07-20 10:04:46,030 INFO     ___FILE_ONLY___ 

2022-07-20 10:04:46,030 INFO     ___FILE_ONLY___ wildcard-tradera-se-2023-01-10
2022-07-20 10:04:46,030 INFO     ___FILE_ONLY___              
2022-07-20 10:04:46,030 INFO     ___FILE_ONLY___ SELF_MANAGED
2022-07-20 10:04:46,030 INFO     ___FILE_ONLY___   
2022-07-20 10:04:46,030 INFO     ___FILE_ONLY___ 2022-01-17T06:07:41.533-08:00
2022-07-20 10:04:46,031 INFO     ___FILE_ONLY___   
2022-07-20 10:04:46,031 INFO     ___FILE_ONLY___ 2023-01-10T03:52:58.000-08:00
2022-07-20 10:04:46,031 INFO     ___FILE_ONLY___ 

2022-07-20 10:04:46,031 INFO     ___FILE_ONLY___ www-tradera-com-ev-2022-10-12
2022-07-20 10:04:46,031 INFO     ___FILE_ONLY___               
2022-07-20 10:04:46,031 INFO     ___FILE_ONLY___ SELF_MANAGED
2022-07-20 10:04:46,031 INFO     ___FILE_ONLY___   
2022-07-20 10:04:46,031 INFO     ___FILE_ONLY___ 2021-09-13T06:37:23.767-07:00
2022-07-20 10:04:46,031 INFO     ___FILE_ONLY___   
2022-07-20 10:04:46,031 INFO     ___FILE_ONLY___ 2022-10-12T08:11:14.000-07:00
2022-07-20 10:04:46,031 INFO     ___FILE_ONLY___ 

2022-07-20 10:04:46,031 DEBUG    root            SDK update checks are disabled.
