2022-07-20 10:04:13,821 DEBUG    root            Loaded Command Group: ['gcloud', 'resource_settings']
2022-07-20 10:04:13,822 DEBUG    root            Loaded Command Group: ['gcloud', 'edge_cache']
2022-07-20 10:04:13,823 DEBUG    root            Loaded Command Group: ['gcloud', 'datastore']
2022-07-20 10:04:13,826 DEBUG    root            Loaded Command Group: ['gcloud', 'functions']
2022-07-20 10:04:13,827 DEBUG    root            No implementation for release track [GA] for element: [/opt/google-cloud-sdk/lib/surface/resource_config]
2022-07-20 10:04:13,828 DEBUG    root            No implementation for release track [GA] for element: [/opt/google-cloud-sdk/lib/surface/dialogflow]
2022-07-20 10:04:13,828 DEBUG    root            No implementation for release track [GA] for element: [/opt/google-cloud-sdk/lib/surface/beyondcorp]
2022-07-20 10:04:13,828 DEBUG    root            No implementation for release track [GA] for element: [/opt/google-cloud-sdk/lib/surface/bq]
2022-07-20 10:04:13,829 DEBUG    root            Loaded Command Group: ['gcloud', 'memcache']
2022-07-20 10:04:13,830 DEBUG    root            Loaded Command Group: ['gcloud', 'network_management']
2022-07-20 10:04:13,831 DEBUG    root            No implementation for release track [GA] for element: [/opt/google-cloud-sdk/lib/surface/datapipelines]
2022-07-20 10:04:13,831 DEBUG    root            No implementation for release track [GA] for element: [/opt/google-cloud-sdk/lib/surface/storage]
2022-07-20 10:04:13,832 DEBUG    root            Loaded Command Group: ['gcloud', 'dataproc']
2022-07-20 10:04:13,833 DEBUG    root            Loaded Command Group: ['gcloud', 'policy_troubleshoot']
2022-07-20 10:04:13,834 DEBUG    root            Loaded Command Group: ['gcloud', 'certificate_manager']
2022-07-20 10:04:13,834 DEBUG    root            Loaded Command Group: ['gcloud', 'vmware']
2022-07-20 10:04:13,835 DEBUG    root            Loaded Command Group: ['gcloud', 'bms']
2022-07-20 10:04:13,836 DEBUG    root            Loaded Command Group: ['gcloud', 'redis']
2022-07-20 10:04:13,956 DEBUG    root            No implementation for release track [GA] for element: [/opt/google-cloud-sdk/lib/surface/interactive]
2022-07-20 10:04:13,962 DEBUG    root            Loaded Command Group: ['gcloud', 'init']
2022-07-20 10:04:13,964 DEBUG    root            No implementation for release track [GA] for element: [/opt/google-cloud-sdk/lib/surface/runtime_config]
2022-07-20 10:04:13,999 DEBUG    root            No implementation for release track [GA] for element: [/opt/google-cloud-sdk/lib/surface/events]
2022-07-20 10:04:14,000 DEBUG    root            Loaded Command Group: ['gcloud', 'meta']
2022-07-20 10:04:14,001 DEBUG    root            No implementation for release track [GA] for element: [/opt/google-cloud-sdk/lib/surface/web_security_scanner]
2022-07-20 10:04:14,001 DEBUG    root            No implementation for release track [GA] for element: [/opt/google-cloud-sdk/lib/surface/genomics]
2022-07-20 10:04:14,002 DEBUG    root            No implementation for release track [GA] for element: [/opt/google-cloud-sdk/lib/surface/publicca]
2022-07-20 10:04:14,002 DEBUG    root            Loaded Command Group: ['gcloud', 'sql']
2022-07-20 10:04:14,003 DEBUG    root            Loaded Command Group: ['gcloud', 'version']
2022-07-20 10:04:14,004 DEBUG    root            Loaded Command Group: ['gcloud', 'workflows']
2022-07-20 10:04:14,005 DEBUG    root            No implementation for release track [GA] for element: [/opt/google-cloud-sdk/lib/surface/media]
2022-07-20 10:04:14,006 DEBUG    root            Loaded Command Group: ['gcloud', 'datastream']
2022-07-20 10:04:14,006 DEBUG    root            Loaded Command Group: ['gcloud', 'access_context_manager']
2022-07-20 10:04:14,007 DEBUG    root            Loaded Command Group: ['gcloud', 'assured']
2022-07-20 10:04:14,008 DEBUG    root            Loaded Command Group: ['gcloud', 'game']
2022-07-20 10:04:14,009 DEBUG    root            Loaded Command Group: ['gcloud', 'components']
2022-07-20 10:04:14,010 DEBUG    root            Loaded Command Group: ['gcloud', 'anthos']
2022-07-20 10:04:14,011 DEBUG    root            Loaded Command Group: ['gcloud', 'service_directory']
2022-07-20 10:04:14,012 DEBUG    root            No implementation for release track [GA] for element: [/opt/google-cloud-sdk/lib/surface/workstations]
2022-07-20 10:04:14,012 DEBUG    root            Loaded Command Group: ['gcloud', 'secrets']
2022-07-20 10:04:14,014 DEBUG    root            Loaded Command Group: ['gcloud', 'projects']
2022-07-20 10:04:14,015 DEBUG    root            No implementation for release track [GA] for element: [/opt/google-cloud-sdk/lib/surface/kuberun]
2022-07-20 10:04:14,015 DEBUG    root            Loaded Command Group: ['gcloud', 'asset']
2022-07-20 10:04:14,016 DEBUG    root            Loaded Command Group: ['gcloud', 'iap']
2022-07-20 10:04:14,018 DEBUG    root            Loaded Command Group: ['gcloud', 'artifacts']
2022-07-20 10:04:14,019 DEBUG    root            Loaded Command Group: ['gcloud', 'edge_cloud']
2022-07-20 10:04:14,020 DEBUG    root            Loaded Command Group: ['gcloud', 'transfer']
2022-07-20 10:04:14,021 DEBUG    root            Loaded Command Group: ['gcloud', 'identity']
2022-07-20 10:04:14,022 DEBUG    root            Loaded Command Group: ['gcloud', 'transcoder']
2022-07-20 10:04:14,023 DEBUG    root            Loaded Command Group: ['gcloud', 'bigtable']
2022-07-20 10:04:14,023 DEBUG    root            Loaded Command Group: ['gcloud', 'recommender']
2022-07-20 10:04:14,024 DEBUG    root            Loaded Command Group: ['gcloud', 'composer']
2022-07-20 10:04:14,025 DEBUG    root            Loaded Command Group: ['gcloud', 'dataplex']
2022-07-20 10:04:14,026 DEBUG    root            Loaded Command Group: ['gcloud', 'policy_intelligence']
2022-07-20 10:04:14,027 DEBUG    root            Loaded Command Group: ['gcloud', 'eventarc']
2022-07-20 10:04:14,028 DEBUG    root            Loaded Command Group: ['gcloud', 'resource_manager']
2022-07-20 10:04:14,029 DEBUG    root            Loaded Command Group: ['gcloud', 'emulators']
2022-07-20 10:04:14,030 DEBUG    root            Loaded Command Group: ['gcloud', 'essential_contacts']
2022-07-20 10:04:14,033 DEBUG    root            Loaded Command Group: ['gcloud', 'docker']
2022-07-20 10:04:14,034 DEBUG    root            Loaded Command Group: ['gcloud', 'active_directory']
2022-07-20 10:04:14,036 DEBUG    root            No implementation for release track [GA] for element: [/opt/google-cloud-sdk/lib/surface/code]
2022-07-20 10:04:14,037 DEBUG    root            Loaded Command Group: ['gcloud', 'database_migration']
2022-07-20 10:04:14,038 DEBUG    root            Loaded Command Group: ['gcloud', 'debug']
2022-07-20 10:04:14,039 DEBUG    root            Loaded Command Group: ['gcloud', 'pubsub']
2022-07-20 10:04:14,040 DEBUG    root            No implementation for release track [GA] for element: [/opt/google-cloud-sdk/lib/surface/alloydb]
2022-07-20 10:04:14,040 DEBUG    root            Loaded Command Group: ['gcloud', 'scc']
2022-07-20 10:04:14,045 DEBUG    root            Loaded Command Group: ['gcloud', 'feedback']
2022-07-20 10:04:14,047 DEBUG    root            Loaded Command Group: ['gcloud', 'network_security']
2022-07-20 10:04:14,048 DEBUG    root            Loaded Command Group: ['gcloud', 'builds']
2022-07-20 10:04:14,097 DEBUG    root            Loaded Command Group: ['gcloud', 'ml_engine']
2022-07-20 10:04:14,098 DEBUG    root            Loaded Command Group: ['gcloud', 'endpoints']
2022-07-20 10:04:14,099 DEBUG    root            Loaded Command Group: ['gcloud', 'spanner']
2022-07-20 10:04:14,100 DEBUG    root            No implementation for release track [GA] for element: [/opt/google-cloud-sdk/lib/surface/data_fusion]
2022-07-20 10:04:14,100 DEBUG    root            No implementation for release track [GA] for element: [/opt/google-cloud-sdk/lib/surface/trace]
2022-07-20 10:04:14,101 DEBUG    root            Loaded Command Group: ['gcloud', 'apigee']
2022-07-20 10:04:14,102 DEBUG    root            No implementation for release track [GA] for element: [/opt/google-cloud-sdk/lib/surface/error_reporting]
2022-07-20 10:04:14,102 DEBUG    root            Loaded Command Group: ['gcloud', 'deploy']
2022-07-20 10:04:14,103 DEBUG    root            Loaded Command Group: ['gcloud', 'cloud_shell']
2022-07-20 10:04:14,104 DEBUG    root            Loaded Command Group: ['gcloud', 'firebase']
2022-07-20 10:04:14,105 DEBUG    root            No implementation for release track [GA] for element: [/opt/google-cloud-sdk/lib/surface/remote_build_execution]
2022-07-20 10:04:14,105 DEBUG    root            No implementation for release track [GA] for element: [/opt/google-cloud-sdk/lib/surface/terraform]
2022-07-20 10:04:14,105 DEBUG    root            Loaded Command Group: ['gcloud', 'kms']
2022-07-20 10:04:14,106 DEBUG    root            Loaded Command Group: ['gcloud', 'recaptcha']
2022-07-20 10:04:14,107 DEBUG    root            Loaded Command Group: ['gcloud', 'app']
2022-07-20 10:04:14,108 DEBUG    root            Loaded Command Group: ['gcloud', 'auth']
2022-07-20 10:04:14,110 DEBUG    root            Loaded Command Group: ['gcloud', 'org_policies']
2022-07-20 10:04:14,111 DEBUG    root            Loaded Command Group: ['gcloud', 'info']
2022-07-20 10:04:14,112 DEBUG    root            Loaded Command Group: ['gcloud', 'dataflow']
2022-07-20 10:04:14,114 DEBUG    root            No implementation for release track [GA] for element: [/opt/google-cloud-sdk/lib/surface/blueprints]
2022-07-20 10:04:14,114 DEBUG    root            Loaded Command Group: ['gcloud', 'organizations']
2022-07-20 10:04:14,115 DEBUG    root            Loaded Command Group: ['gcloud', 'iot']
2022-07-20 10:04:14,120 DEBUG    root            Loaded Command Group: ['gcloud', 'help']
2022-07-20 10:04:14,121 DEBUG    root            Loaded Command Group: ['gcloud', 'source']
2022-07-20 10:04:14,122 DEBUG    root            Loaded Command Group: ['gcloud', 'monitoring']
2022-07-20 10:04:14,123 DEBUG    root            Loaded Command Group: ['gcloud', 'iam']
2022-07-20 10:04:14,124 DEBUG    root            Loaded Command Group: ['gcloud', 'services']
2022-07-20 10:04:14,124 DEBUG    root            No implementation for release track [GA] for element: [/opt/google-cloud-sdk/lib/surface/batch]
2022-07-20 10:04:14,125 DEBUG    root            Loaded Command Group: ['gcloud', 'data_catalog']
2022-07-20 10:04:14,126 DEBUG    root            Loaded Command Group: ['gcloud', 'ml']
2022-07-20 10:04:14,126 DEBUG    root            Loaded Command Group: ['gcloud', 'healthcare']
2022-07-20 10:04:14,131 DEBUG    root            Loaded Command Group: ['gcloud', 'survey']
2022-07-20 10:04:14,132 DEBUG    root            No implementation for release track [GA] for element: [/opt/google-cloud-sdk/lib/surface/lifesciences]
2022-07-20 10:04:14,133 DEBUG    root            Loaded Command Group: ['gcloud', 'config']
2022-07-20 10:04:14,134 DEBUG    root            Loaded Command Group: ['gcloud', 'firestore']
2022-07-20 10:04:14,135 DEBUG    root            Loaded Command Group: ['gcloud', 'cheat_sheet']
2022-07-20 10:04:14,136 DEBUG    root            No implementation for release track [GA] for element: [/opt/google-cloud-sdk/lib/surface/immersive_stream]
2022-07-20 10:04:14,136 DEBUG    root            Loaded Command Group: ['gcloud', 'network_connectivity']
2022-07-20 10:04:14,137 DEBUG    root            Loaded Command Group: ['gcloud', 'api_gateway']
2022-07-20 10:04:14,138 DEBUG    root            Loaded Command Group: ['gcloud', 'scheduler']
2022-07-20 10:04:14,139 DEBUG    root            Loaded Command Group: ['gcloud', 'logging']
2022-07-20 10:04:14,140 DEBUG    root            Loaded Command Group: ['gcloud', 'workspace_add_ons']
2022-07-20 10:04:14,141 DEBUG    root            Loaded Command Group: ['gcloud', 'ai_platform']
2022-07-20 10:04:14,141 DEBUG    root            Loaded Command Group: ['gcloud', 'filestore']
2022-07-20 10:04:14,142 DEBUG    root            Loaded Command Group: ['gcloud', 'topic']
2022-07-20 10:04:14,143 DEBUG    root            No implementation for release track [GA] for element: [/opt/google-cloud-sdk/lib/surface/commerce_procurement]
2022-07-20 10:04:14,191 DEBUG    root            Loaded Command Group: ['gcloud', 'compute']
2022-07-20 10:04:14,192 DEBUG    root            Loaded Command Group: ['gcloud', 'tasks']
2022-07-20 10:04:14,193 DEBUG    root            Loaded Command Group: ['gcloud', 'ids']
2022-07-20 10:04:14,194 DEBUG    root            Loaded Command Group: ['gcloud', 'access_approval']
2022-07-20 10:04:14,195 DEBUG    root            Loaded Command Group: ['gcloud', 'ai']
2022-07-20 10:04:14,196 DEBUG    root            Loaded Command Group: ['gcloud', 'deployment_manager']
2022-07-20 10:04:14,197 DEBUG    root            Loaded Command Group: ['gcloud', 'metastore']
2022-07-20 10:04:14,198 DEBUG    root            Loaded Command Group: ['gcloud', 'run']
2022-07-20 10:04:14,199 DEBUG    root            Loaded Command Group: ['gcloud', 'privateca']
2022-07-20 10:04:14,200 DEBUG    root            Loaded Command Group: ['gcloud', 'domains']
2022-07-20 10:04:14,201 DEBUG    root            Loaded Command Group: ['gcloud', 'notebooks']
2022-07-20 10:04:14,202 DEBUG    root            Loaded Command Group: ['gcloud', 'dns']
2022-07-20 10:04:14,203 DEBUG    root            Loaded Command Group: ['gcloud', 'network_services']
2022-07-20 10:04:14,204 DEBUG    root            Loaded Command Group: ['gcloud', 'billing']
2022-07-20 10:04:14,205 DEBUG    root            No implementation for release track [GA] for element: [/opt/google-cloud-sdk/lib/surface/dlp]
2022-07-20 10:04:14,205 ERROR    root            (gcloud) Invalid choice: 'project'.
